

Microchip Technology PIC18 LITE Macro Assembler V1.35 build -356382666 
                                                                                               Thu Nov 03 14:45:35 2022

Microchip Technology Omniscient Code Generator v1.35 (Free mode) build 201507080246
     1                           	processor	18F4550
     2                           	fnconf	rparam,??,?,0
     3                           	opt	pw 120
     4                           	opt	lm
     5                           	psect	cinit,global,reloc=2,class=CODE,delta=1
     6                           	psect	cstackCOMRAM,global,class=COMRAM,space=1,delta=1
     7                           	psect	text0,global,reloc=2,class=CODE,delta=1
     8                           	psect	intsave_regs,global,class=BIGRAM,space=1,delta=1
     9                           	psect	rparam,global,class=COMRAM,space=1,delta=1
    10  0000                     _ADCON1	set	4033
    11  0000                     _BAUDCONbits	set	4024
    12  0000                     _PORTBbits	set	3969
    13  0000                     _RCREG	set	4014
    14  0000                     _RCSTAbits	set	4011
    15  0000                     _TRISB	set	3987
    16  0000                     _TRISCbits	set	3988
    17  0000                     _RCIF	set	31989
    18                           
    19                           ; #config settings
    20  0000                     
    21                           	psect	cinit
    22  007FBE                     __pcinit:
    23                           	opt stack 0
    24  007FBE                     start_initialization:
    25                           	opt stack 0
    26  007FBE                     __initialization:
    27                           	opt stack 0
    28  007FBE                     end_of_initialization:
    29                           	opt stack 0
    30  007FBE                     __end_of__initialization:
    31                           	opt stack 0
    32  007FBE  0100               	movlb	0
    33  007FC0  EFE2  F03F         	goto	_main	;jump to C main() function
    34                           
    35                           	psect	cstackCOMRAM
    36  000001                     __pcstackCOMRAM:
    37                           	opt stack 0
    38  000001                     main@LED2:
    39                           	opt stack 0
    40                           
    41                           ; 1 bytes @ 0x0
    42  000001                     	ds	1
    43  000002                     main@LED3:
    44                           	opt stack 0
    45                           
    46                           ; 1 bytes @ 0x1
    47  000002                     	ds	1
    48  000003                     main@voltaje:
    49                           	opt stack 0
    50                           
    51                           ; 1 bytes @ 0x2
    52  000003                     	ds	1
    53  000004                     main@LED1:
    54                           	opt stack 0
    55                           
    56                           ; 1 bytes @ 0x3
    57  000004                     	ds	1
    58                           
    59 ;;
    60 ;;Main: autosize = 0, tempsize = 0, incstack = 0, save=0
    61 ;;
    62 ;; *************** function _main *****************
    63 ;; Defined at:
    64 ;;		line 12 in file "main_receptor.c"
    65 ;; Parameters:    Size  Location     Type
    66 ;;		None
    67 ;; Auto vars:     Size  Location     Type
    68 ;;  LED1            1    3[COMRAM] unsigned char 
    69 ;;  voltaje         1    2[COMRAM] unsigned char 
    70 ;;  LED3            1    1[COMRAM] unsigned char 
    71 ;;  LED2            1    0[COMRAM] unsigned char 
    72 ;; Return value:  Size  Location     Type
    73 ;;		None               void
    74 ;; Registers used:
    75 ;;		wreg, status,2, status,0
    76 ;; Tracked objects:
    77 ;;		On entry : 0/0
    78 ;;		On exit  : 0/0
    79 ;;		Unchanged: 0/0
    80 ;; Data sizes:     COMRAM   BANK0   BANK1   BANK2   BANK3   BANK4   BANK5   BANK6   BANK7
    81 ;;      Params:         0       0       0       0       0       0       0       0       0
    82 ;;      Locals:         4       0       0       0       0       0       0       0       0
    83 ;;      Temps:          0       0       0       0       0       0       0       0       0
    84 ;;      Totals:         4       0       0       0       0       0       0       0       0
    85 ;;Total ram usage:        4 bytes
    86 ;; This function calls:
    87 ;;		Nothing
    88 ;; This function is called by:
    89 ;;		Startup code after reset
    90 ;; This function uses a non-reentrant model
    91 ;;
    92                           
    93                           	psect	text0
    94  007FC4                     __ptext0:
    95                           	opt stack 0
    96  007FC4                     _main:
    97                           	opt stack 31
    98                           
    99                           ;main_receptor.c: 13: ADCON1 = 0b1111111;
   100                           
   101                           ;incstack = 0
   102  007FC4  0E7F               	movlw	127
   103  007FC6  6EC1               	movwf	4033,c	;volatile
   104                           
   105                           ;main_receptor.c: 15: char voltaje;
   106                           ;main_receptor.c: 16: char LED1 = 'A';
   107  007FC8  0E41               	movlw	65
   108  007FCA  6E04               	movwf	main@LED1,c
   109                           
   110                           ;main_receptor.c: 17: char LED2 = 'A';
   111  007FCC  0E41               	movlw	65
   112  007FCE  6E01               	movwf	main@LED2,c
   113                           
   114                           ;main_receptor.c: 18: char LED3 = 'A';
   115  007FD0  0E41               	movlw	65
   116  007FD2  6E02               	movwf	main@LED3,c
   117                           
   118                           ;main_receptor.c: 20: TRISCbits.RC7 = 1;
   119  007FD4  8E94               	bsf	3988,7,c	;volatile
   120                           
   121                           ;main_receptor.c: 21: RCSTAbits.RC9 = 0;
   122  007FD6  9CAB               	bcf	4011,6,c	;volatile
   123                           
   124                           ;main_receptor.c: 22: RCSTAbits.SREN = 1;
   125  007FD8  8AAB               	bsf	4011,5,c	;volatile
   126                           
   127                           ;main_receptor.c: 23: RCSTAbits.CREN = 0;
   128  007FDA  98AB               	bcf	4011,4,c	;volatile
   129                           
   130                           ;main_receptor.c: 24: BAUDCONbits.BRG16 = 0;
   131  007FDC  96B8               	bcf	4024,3,c	;volatile
   132                           
   133                           ;main_receptor.c: 25: RCSTAbits.SPEN = 1;
   134  007FDE  8EAB               	bsf	4011,7,c	;volatile
   135                           
   136                           ;main_receptor.c: 26: TRISB=0 ;
   137  007FE0  0E00               	movlw	0
   138  007FE2  6E93               	movwf	3987,c	;volatile
   139  007FE4                     l19:
   140  007FE4  AA9E               	btfss	3998,5,c	;volatile
   141  007FE6  D7FE               	goto	l19
   142                           
   143                           ;main_receptor.c: 30: voltaje = RCREG;
   144  007FE8  CFAE F003          	movff	4014,main@voltaje	;volatile
   145                           
   146                           ;main_receptor.c: 32: if (voltaje == LED1){
   147  007FEC  5004               	movf	main@LED1,w,c
   148  007FEE  1803               	xorwf	main@voltaje,w,c
   149  007FF0  A4D8               	btfss	status,2,c
   150  007FF2  D003               	goto	l22
   151                           
   152                           ;main_receptor.c: 33: PORTBbits.RB0 =1;
   153  007FF4  8081               	bsf	3969,0,c	;volatile
   154                           
   155                           ;main_receptor.c: 35: }
   156  007FF6  EF00  F000         	goto	start
   157  007FFA                     l22:
   158                           
   159                           ;main_receptor.c: 36: else{
   160                           ;main_receptor.c: 37: PORTBbits.RB0=0;
   161  007FFA  9081               	bcf	3969,0,c	;volatile
   162  007FFC  EF00  F000         	goto	start
   163  008000                     __end_of_main:
   164                           	opt stack 0
   165  0000                     status	equ	0xFD8
   166                           status	equ	0xFD8
   167                           
   168                           	psect	rparam
   169  0000                     status	equ	0xFD8


Data Sizes:
    Strings     0
    Constant    0
    Data        0
    BSS         0
    Persistent  0
    Stack       0

Auto Spaces:
    Space          Size  Autos    Used
    COMRAM           95      4       4
    BANK0           160      0       0
    BANK1           256      0       0
    BANK2           256      0       0
    BANK3           256      0       0
    BANK4           256      0       0
    BANK5           256      0       0
    BANK6           256      0       0
    BANK7           256      0       0

Pointer List with Targets:

    None.

Critical Paths under _main in COMRAM

    None.

Critical Paths under _main in BANK0

    None.

Critical Paths under _main in BANK1

    None.

Critical Paths under _main in BANK2

    None.

Critical Paths under _main in BANK3

    None.

Critical Paths under _main in BANK4

    None.

Critical Paths under _main in BANK5

    None.

Critical Paths under _main in BANK6

    None.

Critical Paths under _main in BANK7

    None.

Call Graph Tables:

 ---------------------------------------------------------------------------------
 (Depth) Function   	        Calls       Base Space   Used Autos Params    Refs
 ---------------------------------------------------------------------------------
 (0) _main                                                 4     4      0      30
                                              0 COMRAM     4     4      0
 ---------------------------------------------------------------------------------
 Estimated maximum stack depth 0
 ---------------------------------------------------------------------------------

 Call Graph Graphs:

 _main (ROOT)

 Address spaces:
Name               Size   Autos  Total    Cost      Usage
BITCOMRAM           5F      0       0       0        0.0%
EEDATA             100      0       0       0        0.0%
NULL                 0      0       0       0        0.0%
CODE                 0      0       0       0        0.0%
COMRAM              5F      4       4       1        4.2%
STACK                0      0       0       2        0.0%
DATA                 0      0       0       3        0.0%
BITBANK0            A0      0       0       4        0.0%
BANK0               A0      0       0       5        0.0%
BITBANK1           100      0       0       6        0.0%
BANK1              100      0       0       7        0.0%
BITBANK2           100      0       0       8        0.0%
BANK2              100      0       0       9        0.0%
BITBANK3           100      0       0      10        0.0%
BANK3              100      0       0      11        0.0%
BITBANK4           100      0       0      12        0.0%
BANK4              100      0       0      13        0.0%
BITBANK5           100      0       0      14        0.0%
BANK5              100      0       0      15        0.0%
BITBANK6           100      0       0      16        0.0%
BANK6              100      0       0      17        0.0%
BITBANK7           100      0       0      18        0.0%
BANK7              100      0       0      19        0.0%
ABS                  0      0       0      20        0.0%
BIGRAM             7FF      0       0      21        0.0%
BITSFR               0      0       0      40        0.0%
SFR                  0      0       0      40        0.0%


Microchip Technology PIC18 Macro Assembler V1.35 build -356382666 
Symbol Table                                                                                   Thu Nov 03 14:45:35 2022

                     l22 7FFA                       l19 7FE4             __CFG_BOR$OFF 000000  
           __CFG_LVP$OFF 000000             __CFG_WDT$OFF 000000                     _RCIF 007CF5  
                   _main 7FC4                     start 0000            __CFG_IESO$OFF 000000  
            main@voltaje 0003            __CFG_MCLRE$ON 000000             ___param_bank 000010  
          __CFG_PLLDIV$5 000000                    ?_main 0001                    _RCREG 000FAE  
          __CFG_USBDIV$2 000000                    _TRISB 000F93            __CFG_PWRT$OFF 000000  
         __CFG_FCMEN$OFF 000000                    status 000FD8           __CFG_ICPRT$OFF 000000  
        __initialization 7FBE             __end_of_main 8000                   ??_main 0001  
          __activetblptr 000000                   _ADCON1 000FC1           __CFG_XINST$OFF 000000  
         __CFG_STVREN$ON 000000               __accesstop 0060  __end_of__initialization 7FBE  
        __CFG_PBADEN$OFF 000000            ___rparam_used 000001           __pcstackCOMRAM 0001  
        __CFG_VREGEN$OFF 000000                  __Hparam 0000                  __Lparam 0000  
                __pcinit 7FBE                  __ramtop 0800                  __ptext0 7FC4  
   end_of_initialization 7FBE                _RCSTAbits 000FAB                _PORTBbits 000F81  
              _TRISCbits 000F94              _BAUDCONbits 000FB8      start_initialization 7FBE  
       __CFG_LPT1OSC$OFF 000000         __CFG_WDTPS$32768 000000                 __Hrparam 0000  
               __Lrparam 0000            __size_of_main 003C                 main@LED1 0004  
               main@LED2 0001                 main@LED3 0002    __CFG_CPUDIV$OSC1_PLL2 000000  
     __CFG_FOSC$HSPLL_HS 000000  
