

Microchip Technology PIC18 LITE Macro Assembler V1.35 build -356382666 
                                                                                               Tue Oct 08 11:58:48 2024

Microchip Technology Omniscient Code Generator v1.35 (Free mode) build 201507080246
     1                           	processor	18F4550
     2                           	fnconf	rparam,??,?,0
     3                           	opt	pw 120
     4                           	opt	lm
     5                           	psect	cinit,global,reloc=2,class=CODE,delta=1
     6                           	psect	cstackCOMRAM,global,class=COMRAM,space=1,delta=1
     7                           	psect	text0,global,reloc=2,class=CODE,delta=1
     8                           	psect	text1,global,reloc=2,class=CODE,delta=1
     9                           	psect	intcode,global,reloc=2,class=CODE,delta=1
    10                           	psect	intcode_body,global,reloc=2,class=CODE,delta=1
    11                           	psect	text3,global,reloc=2,class=CODE,delta=1
    12                           	psect	intsave_regs,global,class=BIGRAM,space=1,delta=1
    13                           	psect	rparam,global,class=COMRAM,space=1,delta=1
    14                           	psect	temp,global,ovrld,common,class=COMRAM,space=1,delta=1
    15  0000                     _INTCON2bits	set	4081
    16  0000                     _INTCONbits	set	4082
    17  0000                     _LATD	set	3980
    18  0000                     _RCONbits	set	4048
    19  0000                     _TRISBbits	set	3987
    20  0000                     _TRISD	set	3989
    21                           
    22                           ; #config settings
    23  0000                     
    24                           	psect	cinit
    25  00013A                     __pcinit:
    26                           	opt stack 0
    27  00013A                     start_initialization:
    28                           	opt stack 0
    29  00013A                     __initialization:
    30                           	opt stack 0
    31  00013A                     end_of_initialization:
    32                           	opt stack 0
    33  00013A                     __end_of__initialization:
    34                           	opt stack 0
    35  00013A  9019               	bcf	int$flags,0,c	;clear compiler interrupt flag (level 1)
    36  00013C  9219               	bcf	int$flags,1,c	;clear compiler interrupt flag (level 2)
    37  00013E  0100               	movlb	0
    38  000140  EF57  F000         	goto	_main	;jump to C main() function
    39                           
    40                           	psect	cstackCOMRAM
    41  000001                     __pcstackCOMRAM:
    42                           	opt stack 0
    43  000001                     i2retardo@a:
    44                           	opt stack 0
    45                           
    46                           ; 2 bytes @ 0x0
    47  000001                     	ds	2
    48  000003                     ??i2_retardo:
    49                           
    50                           ; 0 bytes @ 0x2
    51  000003                     	ds	1
    52  000004                     i2retardo@i:
    53                           	opt stack 0
    54                           
    55                           ; 2 bytes @ 0x3
    56  000004                     	ds	2
    57  000006                     ??_INT_EXT_0:
    58                           
    59                           ; 0 bytes @ 0x5
    60  000006                     	ds	14
    61  000014                     retardo@a:
    62                           	opt stack 0
    63                           
    64                           ; 2 bytes @ 0x13
    65  000014                     	ds	2
    66  000016                     ??_retardo:
    67                           
    68                           ; 0 bytes @ 0x15
    69  000016                     	ds	1
    70  000017                     retardo@i:
    71                           	opt stack 0
    72                           
    73                           ; 2 bytes @ 0x16
    74  000017                     	ds	2
    75  000019                     
    76                           ; 0 bytes @ 0x18
    77 ;;
    78 ;;Main: autosize = 0, tempsize = 0, incstack = 0, save=0
    79 ;;
    80 ;; *************** function _main *****************
    81 ;; Defined at:
    82 ;;		line 26 in file "interrupcion_example.c"
    83 ;; Parameters:    Size  Location     Type
    84 ;;		None
    85 ;; Auto vars:     Size  Location     Type
    86 ;;		None
    87 ;; Return value:  Size  Location     Type
    88 ;;		None               void
    89 ;; Registers used:
    90 ;;		wreg, status,2, status,0, cstack
    91 ;; Tracked objects:
    92 ;;		On entry : 0/0
    93 ;;		On exit  : 0/0
    94 ;;		Unchanged: 0/0
    95 ;; Data sizes:     COMRAM   BANK0   BANK1   BANK2   BANK3   BANK4   BANK5   BANK6   BANK7
    96 ;;      Params:         0       0       0       0       0       0       0       0       0
    97 ;;      Locals:         0       0       0       0       0       0       0       0       0
    98 ;;      Temps:          0       0       0       0       0       0       0       0       0
    99 ;;      Totals:         0       0       0       0       0       0       0       0       0
   100 ;;Total ram usage:        0 bytes
   101 ;; Hardware stack levels required when called:    3
   102 ;; This function calls:
   103 ;;		_retardo
   104 ;; This function is called by:
   105 ;;		Startup code after reset
   106 ;; This function uses a non-reentrant model
   107 ;;
   108                           
   109                           	psect	text0
   110  0000AE                     __ptext0:
   111                           	opt stack 0
   112  0000AE                     _main:
   113                           	opt stack 28
   114                           
   115                           ;interrupcion_example.c: 28: TRISD = 0x00;
   116                           
   117                           ;incstack = 0
   118  0000AE  0E00               	movlw	0
   119  0000B0  6E95               	movwf	3989,c	;volatile
   120                           
   121                           ;interrupcion_example.c: 29: TRISBbits.TRISB0 = 1;
   122  0000B2  8093               	bsf	3987,0,c	;volatile
   123                           
   124                           ;interrupcion_example.c: 30: INTCONbits.INT0IE = 1;
   125  0000B4  88F2               	bsf	intcon,4,c	;volatile
   126                           
   127                           ;interrupcion_example.c: 31: INTCON2bits.INTEDG0 = 0;
   128  0000B6  9CF1               	bcf	intcon2,6,c	;volatile
   129                           
   130                           ;interrupcion_example.c: 32: INTCONbits.INT0IF = 0;
   131  0000B8  92F2               	bcf	intcon,1,c	;volatile
   132                           
   133                           ;interrupcion_example.c: 33: RCONbits.IPEN = 0;
   134  0000BA  9ED0               	bcf	4048,7,c	;volatile
   135                           
   136                           ;interrupcion_example.c: 34: INTCONbits.PEIE = 1;
   137  0000BC  8CF2               	bsf	intcon,6,c	;volatile
   138                           
   139                           ;interrupcion_example.c: 35: INTCONbits.GIE = 1;
   140  0000BE  8EF2               	bsf	intcon,7,c	;volatile
   141  0000C0                     l23:
   142                           
   143                           ;interrupcion_example.c: 38: LATD = 1;
   144  0000C0  0E01               	movlw	1
   145  0000C2  6E8C               	movwf	3980,c	;volatile
   146                           
   147                           ;interrupcion_example.c: 39: retardo(500);
   148  0000C4  0E01               	movlw	1
   149  0000C6  6E15               	movwf	retardo@a+1,c
   150  0000C8  0EF4               	movlw	244
   151  0000CA  6E14               	movwf	retardo@a,c
   152  0000CC  EC71  F000         	call	_retardo	;wreg free
   153                           
   154                           ;interrupcion_example.c: 40: LATD = 0;
   155  0000D0  0E00               	movlw	0
   156  0000D2  6E8C               	movwf	3980,c	;volatile
   157                           
   158                           ;interrupcion_example.c: 41: retardo(500);
   159  0000D4  0E01               	movlw	1
   160  0000D6  6E15               	movwf	retardo@a+1,c
   161  0000D8  0EF4               	movlw	244
   162  0000DA  6E14               	movwf	retardo@a,c
   163  0000DC  EC71  F000         	call	_retardo	;wreg free
   164  0000E0  D7EF               	goto	l23
   165  0000E2                     __end_of_main:
   166                           	opt stack 0
   167                           intcon	equ	0xFF2
   168                           intcon2	equ	0xFF1
   169                           
   170 ;; *************** function _retardo *****************
   171 ;; Defined at:
   172 ;;		line 16 in file "interrupcion_example.c"
   173 ;; Parameters:    Size  Location     Type
   174 ;;  a               2   19[COMRAM] int 
   175 ;; Auto vars:     Size  Location     Type
   176 ;;  i               2   22[COMRAM] int 
   177 ;; Return value:  Size  Location     Type
   178 ;;		None               void
   179 ;; Registers used:
   180 ;;		wreg, status,2, status,0
   181 ;; Tracked objects:
   182 ;;		On entry : 0/0
   183 ;;		On exit  : 0/0
   184 ;;		Unchanged: 0/0
   185 ;; Data sizes:     COMRAM   BANK0   BANK1   BANK2   BANK3   BANK4   BANK5   BANK6   BANK7
   186 ;;      Params:         2       0       0       0       0       0       0       0       0
   187 ;;      Locals:         2       0       0       0       0       0       0       0       0
   188 ;;      Temps:          1       0       0       0       0       0       0       0       0
   189 ;;      Totals:         5       0       0       0       0       0       0       0       0
   190 ;;Total ram usage:        5 bytes
   191 ;; Hardware stack levels used:    1
   192 ;; Hardware stack levels required when called:    2
   193 ;; This function calls:
   194 ;;		Nothing
   195 ;; This function is called by:
   196 ;;		_main
   197 ;; This function uses a non-reentrant model
   198 ;;
   199                           
   200                           	psect	text1
   201  0000E2                     __ptext1:
   202                           	opt stack 0
   203  0000E2                     _retardo:
   204                           	opt stack 28
   205                           
   206                           ;interrupcion_example.c: 18: int i;
   207                           ;interrupcion_example.c: 20: for(i=0; i<a; i++)
   208                           
   209                           ;incstack = 0
   210  0000E2  0E00               	movlw	0
   211  0000E4  6E18               	movwf	retardo@i+1,c
   212  0000E6  0E00               	movlw	0
   213  0000E8  6E17               	movwf	retardo@i,c
   214  0000EA  D006               	goto	l17
   215  0000EC                     l672:
   216                           
   217                           ;interrupcion_example.c: 21: {
   218                           ;interrupcion_example.c: 22: _delay((unsigned long)((1)*(4000000/4000.0)));
   219  0000EC  0EFA               	movlw	250
   220  0000EE                     u77:
   221  0000EE  F000               	nop	
   222  0000F0  2EE8               	decfsz	wreg,f,c
   223  0000F2  D7FD               	goto	u77
   224  0000F4  4A17               	infsnz	retardo@i,f,c
   225  0000F6  2A18               	incf	retardo@i+1,f,c
   226  0000F8                     l17:
   227  0000F8  5014               	movf	retardo@a,w,c
   228  0000FA  5C17               	subwf	retardo@i,w,c
   229  0000FC  5018               	movf	retardo@i+1,w,c
   230  0000FE  0A80               	xorlw	128
   231  000100  6E16               	movwf	??_retardo& (0+255),c
   232  000102  5015               	movf	retardo@a+1,w,c
   233  000104  0A80               	xorlw	128
   234  000106  5816               	subwfb	??_retardo& (0+255),w,c
   235  000108  B0D8               	btfsc	status,0,c
   236  00010A  0012               	return	
   237  00010C  D7EF               	goto	l672
   238  00010E                     __end_of_retardo:
   239                           	opt stack 0
   240                           intcon	equ	0xFF2
   241                           intcon2	equ	0xFF1
   242                           wreg	equ	0xFE8
   243                           status	equ	0xFD8
   244                           
   245 ;; *************** function _INT_EXT_0 *****************
   246 ;; Defined at:
   247 ;;		line 48 in file "interrupcion_example.c"
   248 ;; Parameters:    Size  Location     Type
   249 ;;		None
   250 ;; Auto vars:     Size  Location     Type
   251 ;;		None
   252 ;; Return value:  Size  Location     Type
   253 ;;		None               void
   254 ;; Registers used:
   255 ;;		wreg, status,2, status,0, cstack
   256 ;; Tracked objects:
   257 ;;		On entry : 0/0
   258 ;;		On exit  : 0/0
   259 ;;		Unchanged: 0/0
   260 ;; Data sizes:     COMRAM   BANK0   BANK1   BANK2   BANK3   BANK4   BANK5   BANK6   BANK7
   261 ;;      Params:         0       0       0       0       0       0       0       0       0
   262 ;;      Locals:         0       0       0       0       0       0       0       0       0
   263 ;;      Temps:         14       0       0       0       0       0       0       0       0
   264 ;;      Totals:        14       0       0       0       0       0       0       0       0
   265 ;;Total ram usage:       14 bytes
   266 ;; Hardware stack levels used:    1
   267 ;; Hardware stack levels required when called:    1
   268 ;; This function calls:
   269 ;;		i2_retardo
   270 ;; This function is called by:
   271 ;;		Interrupt level 2
   272 ;; This function uses a non-reentrant model
   273 ;;
   274                           
   275                           	psect	intcode
   276  000008                     __pintcode:
   277                           	opt stack 0
   278  000008                     _INT_EXT_0:
   279                           	opt stack 28
   280                           
   281                           ;incstack = 0
   282  000008  8219               	bsf	btemp,1,c	;set compiler interrupt flag (level 2)
   283  00000A  CFFA F006          	movff	pclath,??_INT_EXT_0
   284  00000E  CFFB F007          	movff	pclatu,??_INT_EXT_0+1
   285  000012  ED0D  F000         	call	int_func,f	;refresh shadow registers
   286                           pclatu	equ	0xFFB
   287                           pclath	equ	0xFFA
   288                           intcon	equ	0xFF2
   289                           intcon2	equ	0xFF1
   290                           wreg	equ	0xFE8
   291                           status	equ	0xFD8
   292                           
   293                           	psect	intcode_body
   294  00001A                     __pintcode_body:
   295                           	opt stack 28
   296  00001A                     int_func:
   297                           	opt stack 28
   298  00001A  0006               	pop		; remove dummy address from shadow register refresh
   299  00001C  CFE9 F008          	movff	fsr0l,??_INT_EXT_0+2
   300  000020  CFEA F009          	movff	fsr0h,??_INT_EXT_0+3
   301  000024  CFE1 F00A          	movff	fsr1l,??_INT_EXT_0+4
   302  000028  CFE2 F00B          	movff	fsr1h,??_INT_EXT_0+5
   303  00002C  CFD9 F00C          	movff	fsr2l,??_INT_EXT_0+6
   304  000030  CFDA F00D          	movff	fsr2h,??_INT_EXT_0+7
   305  000034  CFF3 F00E          	movff	prodl,??_INT_EXT_0+8
   306  000038  CFF4 F00F          	movff	prodh,??_INT_EXT_0+9
   307  00003C  CFF6 F010          	movff	tblptrl,??_INT_EXT_0+10
   308  000040  CFF7 F011          	movff	tblptrh,??_INT_EXT_0+11
   309  000044  CFF8 F012          	movff	tblptru,??_INT_EXT_0+12
   310  000048  CFF5 F013          	movff	tablat,??_INT_EXT_0+13
   311                           
   312                           ;interrupcion_example.c: 49: if (INTCONbits.INT0IF) {
   313  00004C  A2F2               	btfss	intcon,1,c	;volatile
   314  00004E  D011               	goto	i2l30
   315                           
   316                           ;interrupcion_example.c: 50: INTCONbits.INT0IF = 0;
   317  000050  92F2               	bcf	intcon,1,c	;volatile
   318                           
   319                           ;interrupcion_example.c: 52: LATD = 2;
   320  000052  0E02               	movlw	2
   321  000054  6E8C               	movwf	3980,c	;volatile
   322                           
   323                           ;interrupcion_example.c: 53: retardo(500);
   324  000056  0E01               	movlw	1
   325  000058  6E02               	movwf	i2retardo@a+1,c
   326  00005A  0EF4               	movlw	244
   327  00005C  6E01               	movwf	i2retardo@a,c
   328  00005E  EC87  F000         	call	i2_retardo	;wreg free
   329                           
   330                           ;interrupcion_example.c: 54: LATD = 0;
   331  000062  0E00               	movlw	0
   332  000064  6E8C               	movwf	3980,c	;volatile
   333                           
   334                           ;interrupcion_example.c: 55: retardo(500);
   335  000066  0E01               	movlw	1
   336  000068  6E02               	movwf	i2retardo@a+1,c
   337  00006A  0EF4               	movlw	244
   338  00006C  6E01               	movwf	i2retardo@a,c
   339  00006E  EC87  F000         	call	i2_retardo	;wreg free
   340  000072                     i2l30:
   341  000072  C013  FFF5         	movff	??_INT_EXT_0+13,tablat
   342  000076  C012  FFF8         	movff	??_INT_EXT_0+12,tblptru
   343  00007A  C011  FFF7         	movff	??_INT_EXT_0+11,tblptrh
   344  00007E  C010  FFF6         	movff	??_INT_EXT_0+10,tblptrl
   345  000082  C00F  FFF4         	movff	??_INT_EXT_0+9,prodh
   346  000086  C00E  FFF3         	movff	??_INT_EXT_0+8,prodl
   347  00008A  C00D  FFDA         	movff	??_INT_EXT_0+7,fsr2h
   348  00008E  C00C  FFD9         	movff	??_INT_EXT_0+6,fsr2l
   349  000092  C00B  FFE2         	movff	??_INT_EXT_0+5,fsr1h
   350  000096  C00A  FFE1         	movff	??_INT_EXT_0+4,fsr1l
   351  00009A  C009  FFEA         	movff	??_INT_EXT_0+3,fsr0h
   352  00009E  C008  FFE9         	movff	??_INT_EXT_0+2,fsr0l
   353  0000A2  C007  FFFB         	movff	??_INT_EXT_0+1,pclatu
   354  0000A6  C006  FFFA         	movff	??_INT_EXT_0,pclath
   355  0000AA  9219               	bcf	btemp,1,c	;clear compiler interrupt flag (level 2)
   356  0000AC  0011               	retfie		f
   357  0000AE                     __end_of_INT_EXT_0:
   358                           	opt stack 0
   359                           pclatu	equ	0xFFB
   360                           pclath	equ	0xFFA
   361                           tblptru	equ	0xFF8
   362                           tblptrh	equ	0xFF7
   363                           tblptrl	equ	0xFF6
   364                           tablat	equ	0xFF5
   365                           prodh	equ	0xFF4
   366                           prodl	equ	0xFF3
   367                           intcon	equ	0xFF2
   368                           intcon2	equ	0xFF1
   369                           fsr0h	equ	0xFEA
   370                           fsr0l	equ	0xFE9
   371                           wreg	equ	0xFE8
   372                           fsr1h	equ	0xFE2
   373                           fsr1l	equ	0xFE1
   374                           fsr2h	equ	0xFDA
   375                           fsr2l	equ	0xFD9
   376                           status	equ	0xFD8
   377                           
   378 ;; *************** function i2_retardo *****************
   379 ;; Defined at:
   380 ;;		line 16 in file "interrupcion_example.c"
   381 ;; Parameters:    Size  Location     Type
   382 ;;  a               2    0[COMRAM] int 
   383 ;; Auto vars:     Size  Location     Type
   384 ;;  retardo         2    3[COMRAM] int 
   385 ;; Return value:  Size  Location     Type
   386 ;;		None               void
   387 ;; Registers used:
   388 ;;		wreg, status,2, status,0
   389 ;; Tracked objects:
   390 ;;		On entry : 0/0
   391 ;;		On exit  : 0/0
   392 ;;		Unchanged: 0/0
   393 ;; Data sizes:     COMRAM   BANK0   BANK1   BANK2   BANK3   BANK4   BANK5   BANK6   BANK7
   394 ;;      Params:         2       0       0       0       0       0       0       0       0
   395 ;;      Locals:         2       0       0       0       0       0       0       0       0
   396 ;;      Temps:          1       0       0       0       0       0       0       0       0
   397 ;;      Totals:         5       0       0       0       0       0       0       0       0
   398 ;;Total ram usage:        5 bytes
   399 ;; Hardware stack levels used:    1
   400 ;; This function calls:
   401 ;;		Nothing
   402 ;; This function is called by:
   403 ;;		_INT_EXT_0
   404 ;; This function uses a non-reentrant model
   405 ;;
   406                           
   407                           	psect	text3
   408  00010E                     __ptext3:
   409                           	opt stack 0
   410  00010E                     i2_retardo:
   411                           	opt stack 28
   412                           
   413                           ;interrupcion_example.c: 18: int i;
   414                           ;interrupcion_example.c: 20: for(i=0; i<a; i++)
   415                           
   416                           ;incstack = 0
   417  00010E  0E00               	movlw	0
   418  000110  6E05               	movwf	i2retardo@i+1,c
   419  000112  0E00               	movlw	0
   420  000114  6E04               	movwf	i2retardo@i,c
   421  000116  D006               	goto	i2l17
   422  000118                     i2l678:
   423                           
   424                           ;interrupcion_example.c: 21: {
   425                           ;interrupcion_example.c: 22: _delay((unsigned long)((1)*(4000000/4000.0)));
   426  000118  0EFA               	movlw	250
   427  00011A                     i2u8_47:
   428  00011A  F000               	nop	
   429  00011C  2EE8               	decfsz	wreg,f,c
   430  00011E  D7FD               	goto	i2u8_47
   431  000120  4A04               	infsnz	i2retardo@i,f,c
   432  000122  2A05               	incf	i2retardo@i+1,f,c
   433  000124                     i2l17:
   434  000124  5001               	movf	i2retardo@a,w,c
   435  000126  5C04               	subwf	i2retardo@i,w,c
   436  000128  5005               	movf	i2retardo@i+1,w,c
   437  00012A  0A80               	xorlw	128
   438  00012C  6E03               	movwf	??i2_retardo& (0+255),c
   439  00012E  5002               	movf	i2retardo@a+1,w,c
   440  000130  0A80               	xorlw	128
   441  000132  5803               	subwfb	??i2_retardo& (0+255),w,c
   442  000134  B0D8               	btfsc	status,0,c
   443  000136  0012               	return	
   444  000138  D7EF               	goto	i2l678
   445  00013A                     __end_ofi2_retardo:
   446                           	opt stack 0
   447  0000                     pclatu	equ	0xFFB
   448                           pclath	equ	0xFFA
   449                           tblptru	equ	0xFF8
   450                           tblptrh	equ	0xFF7
   451                           tblptrl	equ	0xFF6
   452                           tablat	equ	0xFF5
   453                           prodh	equ	0xFF4
   454                           prodl	equ	0xFF3
   455                           intcon	equ	0xFF2
   456                           intcon2	equ	0xFF1
   457                           fsr0h	equ	0xFEA
   458                           fsr0l	equ	0xFE9
   459                           wreg	equ	0xFE8
   460                           fsr1h	equ	0xFE2
   461                           fsr1l	equ	0xFE1
   462                           fsr2h	equ	0xFDA
   463                           fsr2l	equ	0xFD9
   464                           status	equ	0xFD8
   465                           pclatu	equ	0xFFB
   466                           pclath	equ	0xFFA
   467                           tblptru	equ	0xFF8
   468                           tblptrh	equ	0xFF7
   469                           tblptrl	equ	0xFF6
   470                           tablat	equ	0xFF5
   471                           prodh	equ	0xFF4
   472                           prodl	equ	0xFF3
   473                           intcon	equ	0xFF2
   474                           intcon2	equ	0xFF1
   475                           fsr0h	equ	0xFEA
   476                           fsr0l	equ	0xFE9
   477                           wreg	equ	0xFE8
   478                           fsr1h	equ	0xFE2
   479                           fsr1l	equ	0xFE1
   480                           fsr2h	equ	0xFDA
   481                           fsr2l	equ	0xFD9
   482                           status	equ	0xFD8
   483                           
   484                           	psect	rparam
   485  0000                     pclatu	equ	0xFFB
   486                           pclath	equ	0xFFA
   487                           tblptru	equ	0xFF8
   488                           tblptrh	equ	0xFF7
   489                           tblptrl	equ	0xFF6
   490                           tablat	equ	0xFF5
   491                           prodh	equ	0xFF4
   492                           prodl	equ	0xFF3
   493                           intcon	equ	0xFF2
   494                           intcon2	equ	0xFF1
   495                           fsr0h	equ	0xFEA
   496                           fsr0l	equ	0xFE9
   497                           wreg	equ	0xFE8
   498                           fsr1h	equ	0xFE2
   499                           fsr1l	equ	0xFE1
   500                           fsr2h	equ	0xFDA
   501                           fsr2l	equ	0xFD9
   502                           status	equ	0xFD8
   503                           
   504                           	psect	temp
   505  000019                     btemp:
   506                           	opt stack 0
   507  000019                     	ds	1
   508  0000                     int$flags	set	btemp
   509                           pclatu	equ	0xFFB
   510                           pclath	equ	0xFFA
   511                           tblptru	equ	0xFF8
   512                           tblptrh	equ	0xFF7
   513                           tblptrl	equ	0xFF6
   514                           tablat	equ	0xFF5
   515                           prodh	equ	0xFF4
   516                           prodl	equ	0xFF3
   517                           intcon	equ	0xFF2
   518                           intcon2	equ	0xFF1
   519                           fsr0h	equ	0xFEA
   520                           fsr0l	equ	0xFE9
   521                           wreg	equ	0xFE8
   522                           fsr1h	equ	0xFE2
   523                           fsr1l	equ	0xFE1
   524                           fsr2h	equ	0xFDA
   525                           fsr2l	equ	0xFD9
   526                           status	equ	0xFD8


Data Sizes:
    Strings     0
    Constant    0
    Data        0
    BSS         0
    Persistent  0
    Stack       0

Auto Spaces:
    Space          Size  Autos    Used
    COMRAM           94     24      24
    BANK0           160      0       0
    BANK1           256      0       0
    BANK2           256      0       0
    BANK3           256      0       0
    BANK4           256      0       0
    BANK5           256      0       0
    BANK6           256      0       0
    BANK7           256      0       0

Pointer List with Targets:

    None.

Critical Paths under _main in COMRAM

    _main->_retardo

Critical Paths under _INT_EXT_0 in COMRAM

    _INT_EXT_0->i2_retardo

Critical Paths under _main in BANK0

    None.

Critical Paths under _INT_EXT_0 in BANK0

    None.

Critical Paths under _main in BANK1

    None.

Critical Paths under _INT_EXT_0 in BANK1

    None.

Critical Paths under _main in BANK2

    None.

Critical Paths under _INT_EXT_0 in BANK2

    None.

Critical Paths under _main in BANK3

    None.

Critical Paths under _INT_EXT_0 in BANK3

    None.

Critical Paths under _main in BANK4

    None.

Critical Paths under _INT_EXT_0 in BANK4

    None.

Critical Paths under _main in BANK5

    None.

Critical Paths under _INT_EXT_0 in BANK5

    None.

Critical Paths under _main in BANK6

    None.

Critical Paths under _INT_EXT_0 in BANK6

    None.

Critical Paths under _main in BANK7

    None.

Critical Paths under _INT_EXT_0 in BANK7

    None.

Call Graph Tables:

 ---------------------------------------------------------------------------------
 (Depth) Function   	        Calls       Base Space   Used Autos Params    Refs
 ---------------------------------------------------------------------------------
 (0) _main                                                 0     0      0     166
                            _retardo
 ---------------------------------------------------------------------------------
 (1) _retardo                                              5     3      2     166
                                             19 COMRAM     5     3      2
 ---------------------------------------------------------------------------------
 Estimated maximum stack depth 1
 ---------------------------------------------------------------------------------
 (Depth) Function   	        Calls       Base Space   Used Autos Params    Refs
 ---------------------------------------------------------------------------------
 (2) _INT_EXT_0                                           14    14      0      98
                                              5 COMRAM    14    14      0
                          i2_retardo
 ---------------------------------------------------------------------------------
 (3) i2_retardo                                            5     3      2      98
                                              0 COMRAM     5     3      2
 ---------------------------------------------------------------------------------
 Estimated maximum stack depth 3
 ---------------------------------------------------------------------------------

 Call Graph Graphs:

 _main (ROOT)
   _retardo

 _INT_EXT_0 (ROOT)
   i2_retardo

 Address spaces:
Name               Size   Autos  Total    Cost      Usage
BITCOMRAM           5E      0       0       0        0.0%
EEDATA             100      0       0       0        0.0%
NULL                 0      0       0       0        0.0%
CODE                 0      0       0       0        0.0%
COMRAM              5E     18      18       1       25.5%
STACK                0      0       0       2        0.0%
DATA                 0      0       0       3        0.0%
BITBANK0            A0      0       0       4        0.0%
BANK0               A0      0       0       5        0.0%
BITBANK1           100      0       0       6        0.0%
BANK1              100      0       0       7        0.0%
BITBANK2           100      0       0       8        0.0%
BANK2              100      0       0       9        0.0%
BITBANK3           100      0       0      10        0.0%
BANK3              100      0       0      11        0.0%
BITBANK4           100      0       0      12        0.0%
BANK4              100      0       0      13        0.0%
BITBANK5           100      0       0      14        0.0%
BANK5              100      0       0      15        0.0%
BITBANK6           100      0       0      16        0.0%
BANK6              100      0       0      17        0.0%
BITBANK7           100      0       0      18        0.0%
BANK7              100      0       0      19        0.0%
ABS                  0      0       0      20        0.0%
BIGRAM             7FF      0       0      21        0.0%
BITSFR               0      0       0      40        0.0%
SFR                  0      0       0      40        0.0%


Microchip Technology PIC18 Macro Assembler V1.35 build -356382666 
Symbol Table                                                                                   Tue Oct 08 11:58:48 2024

                     l23 00C0                       l17 00F8                       u77 00EE  
            __CFG_BORV$3 000000             __CFG_CP0$OFF 000000             __CFG_CP1$OFF 000000  
           __CFG_CP2$OFF 000000             __CFG_CP3$OFF 000000              __CFG_LVP$ON 000000  
                    l672 00EC             __CFG_CPB$OFF 000000             __CFG_CPD$OFF 000000  
           __CFG_BOR$OFF 000000                      wreg 000FE8             __CFG_FOSC$HS 000000  
           __CFG_WDT$OFF 000000                     _LATD 000F8C                     i2l30 0072  
                   i2l17 0124             __CFG_PWRT$ON 000000                     _main 00AE  
                   fsr0h 000FEA                     fsr1h 000FE2                     fsr0l 000FE9  
                   fsr2h 000FDA                     fsr1l 000FE1                     fsr2l 000FD9  
                   btemp 0019                     pclat 000FFA                     prodh 000FF4  
                   prodl 000FF3                     start 0016            __CFG_IESO$OFF 000000  
          __CFG_MCLRE$ON 000000             ___param_bank 000010       __size_of_INT_EXT_0 00A6  
          __CFG_PLLDIV$1 000000           __CFG_CCP2MX$ON 000000                    ?_main 0001  
                  i2l678 0118            __CFG_USBDIV$1 000000                    _TRISD 000F95  
          __CFG_WRT0$OFF 000000            __CFG_WRT1$OFF 000000            __CFG_WRT2$OFF 000000  
          __CFG_WRT3$OFF 000000           __CFG_EBTR0$OFF 000000           __CFG_FCMEN$OFF 000000  
         __CFG_EBTR1$OFF 000000           __CFG_EBTR2$OFF 000000           __CFG_EBTR3$OFF 000000  
          __CFG_WRTB$OFF 000000            __CFG_WRTC$OFF 000000            __CFG_WRTD$OFF 000000  
         __CFG_EBTRB$OFF 000000          __end_of_retardo 010E                    tablat 000FF5  
                  status 000FD8           __CFG_ICPRT$OFF 000000               i2retardo@a 0001  
             i2retardo@i 0004          __initialization 013A             __end_of_main 00E2  
     __size_ofi2_retardo 002C                   ??_main 0019            __activetblptr 000000  
      __end_of_INT_EXT_0 00AE                   i2u8_47 011A           __CFG_XINST$OFF 000000  
         __CFG_STVREN$ON 000000                ??_retardo 0016                   tblptrh 000FF7  
                 tblptrl 000FF6                   tblptru 000FF8               __accesstop 0060  
__end_of__initialization 013A          __CFG_PBADEN$OFF 000000        __end_ofi2_retardo 013A  
          ___rparam_used 000001           __pcstackCOMRAM 0001          __CFG_VREGEN$OFF 000000  
                __Hparam 0000                  __Lparam 0000                  __pcinit 013A  
                __ramtop 0800                  __ptext0 00AE                  __ptext1 00E2  
                __ptext3 010E                  _retardo 00E2           __pintcode_body 001A  
   end_of_initialization 013A                  int_func 001A                _INT_EXT_0 0008  
              _TRISBbits 000F93               ?_INT_EXT_0 0001                i2_retardo 010E  
    start_initialization 013A               ?i2_retardo 0001         __CFG_LPT1OSC$OFF 000000  
            ??_INT_EXT_0 0006                __pintcode 0008                 ?_retardo 0014  
            ??i2_retardo 0003                 _RCONbits 000FD0         __CFG_WDTPS$32768 000000  
            _INTCON2bits 000FF1                 __Hrparam 0000                 __Lrparam 0000  
       __size_of_retardo 002C            __size_of_main 0034                 int$flags 0019  
  __CFG_CPUDIV$OSC1_PLL2 000000               _INTCONbits 000FF2                 intlevel2 0000  
               retardo@a 0014                 retardo@i 0017  
