

Microchip Technology PIC18 LITE Macro Assembler V1.35 build -356382666 
                                                                                               Sat Sep 18 09:03:01 2021

Microchip Technology Omniscient Code Generator v1.35 (Free mode) build 201507080246
     1                           	processor	18F4550
     2                           	fnconf	rparam,??,?,0
     3                           	opt	pw 120
     4                           	opt	lm
     5                           	psect	smallconst,global,reloc=2,class=SMALLCONST,delta=1
     6                           	psect	cinit,global,reloc=2,class=CODE,delta=1
     7                           	psect	cstackCOMRAM,global,class=COMRAM,space=1,delta=1
     8                           	psect	text0,global,reloc=2,class=CODE,delta=1
     9                           	psect	text1,global,reloc=2,class=CODE,delta=1
    10                           	psect	text2,global,reloc=2,class=CODE,delta=1
    11                           	psect	text3,global,reloc=2,class=CODE,delta=1
    12                           	psect	text4,global,reloc=2,class=CODE,delta=1
    13                           	psect	text5,global,reloc=2,class=CODE,delta=1
    14                           	psect	text6,global,reloc=2,class=CODE,delta=1
    15                           	psect	text7,global,reloc=2,class=CODE,delta=1
    16                           	psect	text8,global,reloc=2,class=CODE,delta=1
    17                           	psect	text9,global,reloc=2,class=CODE,delta=1
    18                           	psect	text10,global,reloc=2,class=CODE,delta=1
    19                           	psect	text11,global,reloc=2,class=CODE,delta=1
    20                           	psect	text12,global,reloc=2,class=CODE,delta=1
    21                           	psect	text13,global,reloc=2,class=CODE,delta=1
    22                           	psect	intsave_regs,global,class=BIGRAM,space=1,delta=1
    23                           	psect	rparam,global,class=COMRAM,space=1,delta=1
    24  0000                     _EEADR	set	4009
    25  0000                     _EECON1bits	set	4006
    26  0000                     _EECON2	set	4007
    27  0000                     _EEDATA	set	4008
    28  0000                     _INTCONbits	set	4082
    29  0000                     _LATBbits	set	3978
    30  0000                     _PORTB	set	3969
    31  0000                     _TRISB	set	3987
    32  0000                     _TRISBbits	set	3987
    33                           
    34                           	psect	smallconst
    35  000800                     __psmallconst:
    36                           	opt stack 0
    37  000800  00                 	db	0
    38  000801                     STR_1:
    39  000801  56                 	db	86	;'V'
    40  000802  6F                 	db	111	;'o'
    41  000803  6C                 	db	108	;'l'
    42  000804  74                 	db	116	;'t'
    43  000805  61                 	db	97	;'a'
    44  000806  6A                 	db	106	;'j'
    45  000807  65                 	db	101	;'e'
    46  000808  3A                 	db	58	;':'
    47  000809  20                 	db	32
    48  00080A  00                 	db	0
    49                           
    50                           ; #config settings
    51  00080B  00                 	db	0	; dummy byte at the end
    52  0000                     
    53                           	psect	cinit
    54  000A9C                     __pcinit:
    55                           	opt stack 0
    56  000A9C                     start_initialization:
    57                           	opt stack 0
    58  000A9C                     __initialization:
    59                           	opt stack 0
    60  000A9C                     end_of_initialization:
    61                           	opt stack 0
    62  000A9C                     __end_of__initialization:
    63                           	opt stack 0
    64  000A9C  0E00               	movlw	low (__Lsmallconst shr (0+16))
    65  000A9E  6EF8               	movwf	tblptru,c
    66  000AA0  0E08               	movlw	high __Lsmallconst
    67  000AA2  6EF7               	movwf	tblptrh,c
    68  000AA4  0100               	movlb	0
    69  000AA6  EF58  F004         	goto	_main	;jump to C main() function
    70                           tblptru	equ	0xFF8
    71                           tblptrh	equ	0xFF7
    72                           
    73                           	psect	cstackCOMRAM
    74  000001                     __pcstackCOMRAM:
    75                           	opt stack 0
    76  000001                     ??_Delay10KTCYx:
    77  000001                     escribir_eeprom@dato:
    78                           	opt stack 0
    79  000001                     leer_eeprom@direccion:
    80                           	opt stack 0
    81  000001                     Delay10TCYx@unit:
    82                           	opt stack 0
    83  000001                     Delay1KTCYx@unit:
    84                           	opt stack 0
    85                           
    86                           ; 1 bytes @ 0x0
    87  000001                     	ds	1
    88  000002                     ??_SetDDRamAddr:
    89  000002                     escribir_eeprom@direccion:
    90                           	opt stack 0
    91  000002                     WriteCmdXLCD@cmd:
    92                           	opt stack 0
    93  000002                     WriteDataXLCD@data:
    94                           	opt stack 0
    95  000002                     Delay10KTCYx@unit:
    96                           	opt stack 0
    97                           
    98                           ; 1 bytes @ 0x1
    99  000002                     	ds	1
   100  000003                     putrsXLCD@buffer:
   101                           	opt stack 0
   102                           
   103                           ; 2 bytes @ 0x2
   104  000003                     	ds	2
   105  000005                     SetDDRamAddr@DDaddr:
   106                           	opt stack 0
   107                           
   108                           ; 1 bytes @ 0x4
   109  000005                     	ds	1
   110  000006                     OpenXLCD@lcdtype:
   111                           	opt stack 0
   112                           
   113                           ; 1 bytes @ 0x5
   114  000006                     	ds	1
   115  000007                     main@simbolo:
   116                           	opt stack 0
   117                           
   118                           ; 1 bytes @ 0x6
   119  000007                     	ds	1
   120  000008                     main@letra:
   121                           	opt stack 0
   122                           
   123                           ; 1 bytes @ 0x7
   124  000008                     	ds	1
   125                           tblptru	equ	0xFF8
   126                           tblptrh	equ	0xFF7
   127                           
   128 ;;
   129 ;;Main: autosize = 0, tempsize = 0, incstack = 0, save=0
   130 ;;
   131 ;; *************** function _main *****************
   132 ;; Defined at:
   133 ;;		line 55 in file "EEPROM2_main.c"
   134 ;; Parameters:    Size  Location     Type
   135 ;;		None
   136 ;; Auto vars:     Size  Location     Type
   137 ;;  simbolo         1    6[COMRAM] unsigned char 
   138 ;;  letra           1    7[COMRAM] unsigned char 
   139 ;; Return value:  Size  Location     Type
   140 ;;                  2   40[None  ] int 
   141 ;; Registers used:
   142 ;;		wreg, status,2, status,0, tblptrl, tblptrh, tblptru, cstack
   143 ;; Tracked objects:
   144 ;;		On entry : 0/0
   145 ;;		On exit  : 0/0
   146 ;;		Unchanged: 0/0
   147 ;; Data sizes:     COMRAM   BANK0   BANK1   BANK2   BANK3   BANK4   BANK5   BANK6   BANK7
   148 ;;      Params:         0       0       0       0       0       0       0       0       0
   149 ;;      Locals:         2       0       0       0       0       0       0       0       0
   150 ;;      Temps:          0       0       0       0       0       0       0       0       0
   151 ;;      Totals:         2       0       0       0       0       0       0       0       0
   152 ;;Total ram usage:        2 bytes
   153 ;; Hardware stack levels required when called:    4
   154 ;; This function calls:
   155 ;;		_BusyXLCD
   156 ;;		_OpenXLCD
   157 ;;		_SetDDRamAddr
   158 ;;		_WriteCmdXLCD
   159 ;;		_WriteDataXLCD
   160 ;;		_escribir_eeprom
   161 ;;		_leer_eeprom
   162 ;;		_putrsXLCD
   163 ;; This function is called by:
   164 ;;		Startup code after reset
   165 ;; This function uses a non-reentrant model
   166 ;;
   167                           
   168                           	psect	text0
   169  0008B0                     __ptext0:
   170                           	opt stack 0
   171  0008B0                     _main:
   172                           	opt stack 27
   173                           
   174                           ;EEPROM2_main.c: 57: OpenXLCD(0b00101100 & 0b00111000);
   175                           
   176                           ;incstack = 0
   177  0008B0  0E28               	movlw	40
   178  0008B2  EC06  F004         	call	_OpenXLCD
   179  0008B6                     l1070:
   180  0008B6  ECE8  F004         	call	_BusyXLCD	;wreg free
   181  0008BA  0900               	iorlw	0
   182  0008BC  A4D8               	btfss	status,2,c
   183  0008BE  D7FB               	goto	l1070
   184                           
   185                           ;EEPROM2_main.c: 61: WriteCmdXLCD(0x06);
   186  0008C0  0E06               	movlw	6
   187  0008C2  ECC9  F004         	call	_WriteCmdXLCD
   188                           
   189                           ;EEPROM2_main.c: 63: WriteCmdXLCD(0x0C);
   190  0008C6  0E0C               	movlw	12
   191  0008C8  ECC9  F004         	call	_WriteCmdXLCD
   192                           
   193                           ;EEPROM2_main.c: 65: escribir_eeprom(0, 'W');
   194  0008CC  0E57               	movlw	87
   195  0008CE  6E01               	movwf	escribir_eeprom@dato,c
   196  0008D0  0E00               	movlw	0
   197  0008D2  EC1F  F005         	call	_escribir_eeprom
   198                           
   199                           ;EEPROM2_main.c: 66: char letra;
   200                           ;EEPROM2_main.c: 67: letra = leer_eeprom(0);
   201  0008D6  0E00               	movlw	0
   202  0008D8  EC55  F005         	call	_leer_eeprom
   203  0008DC  6E08               	movwf	main@letra,c
   204  0008DE                     l1078:
   205                           
   206                           ;EEPROM2_main.c: 70: {
   207                           ;EEPROM2_main.c: 71: char simbolo = 8;
   208  0008DE  0E08               	movlw	8
   209  0008E0  6E07               	movwf	main@simbolo,c
   210                           
   211                           ;EEPROM2_main.c: 73: SetDDRamAddr(0x00);
   212  0008E2  0E00               	movlw	0
   213  0008E4  EC81  F004         	call	_SetDDRamAddr
   214                           
   215                           ;EEPROM2_main.c: 74: putrsXLCD("Voltaje: ");
   216  0008E8  0E01               	movlw	low STR_1
   217  0008EA  6E03               	movwf	putrsXLCD@buffer,c
   218  0008EC  0E08               	movlw	high STR_1
   219  0008EE  6E04               	movwf	putrsXLCD@buffer+1,c
   220  0008F0  EC05  F005         	call	_putrsXLCD	;wreg free
   221                           
   222                           ;EEPROM2_main.c: 76: SetDDRamAddr(0x40);
   223  0008F4  0E40               	movlw	64
   224  0008F6  EC81  F004         	call	_SetDDRamAddr
   225                           
   226                           ;EEPROM2_main.c: 77: WriteDataXLCD(letra);
   227  0008FA  5008               	movf	main@letra,w,c
   228  0008FC  ECAA  F004         	call	_WriteDataXLCD
   229  000900  D7EE               	goto	l1078
   230  000902                     __end_of_main:
   231                           	opt stack 0
   232                           tblptru	equ	0xFF8
   233                           tblptrh	equ	0xFF7
   234                           status	equ	0xFD8
   235                           
   236 ;; *************** function _putrsXLCD *****************
   237 ;; Defined at:
   238 ;;		line 16 in file "C:\Program Files (x86)\Microchip\xc8\v1.35\sources\pic18\plib\XLCD\putrxlcd.c"
   239 ;; Parameters:    Size  Location     Type
   240 ;;  buffer          2    2[COMRAM] PTR const unsigned char 
   241 ;;		 -> STR_1(10), 
   242 ;; Auto vars:     Size  Location     Type
   243 ;;		None
   244 ;; Return value:  Size  Location     Type
   245 ;;		None               void
   246 ;; Registers used:
   247 ;;		wreg, status,2, status,0, tblptrl, tblptrh, tblptru, cstack
   248 ;; Tracked objects:
   249 ;;		On entry : 0/0
   250 ;;		On exit  : 0/0
   251 ;;		Unchanged: 0/0
   252 ;; Data sizes:     COMRAM   BANK0   BANK1   BANK2   BANK3   BANK4   BANK5   BANK6   BANK7
   253 ;;      Params:         2       0       0       0       0       0       0       0       0
   254 ;;      Locals:         0       0       0       0       0       0       0       0       0
   255 ;;      Temps:          0       0       0       0       0       0       0       0       0
   256 ;;      Totals:         2       0       0       0       0       0       0       0       0
   257 ;;Total ram usage:        2 bytes
   258 ;; Hardware stack levels used:    1
   259 ;; Hardware stack levels required when called:    3
   260 ;; This function calls:
   261 ;;		_BusyXLCD
   262 ;;		_WriteDataXLCD
   263 ;; This function is called by:
   264 ;;		_main
   265 ;; This function uses a non-reentrant model
   266 ;;
   267                           
   268                           	psect	text1
   269  000A0A                     __ptext1:
   270                           	opt stack 0
   271  000A0A                     _putrsXLCD:
   272                           	opt stack 27
   273                           
   274                           ;incstack = 0
   275  000A0A  D00F               	goto	l1066
   276  000A0C                     l1060:
   277  000A0C  ECE8  F004         	call	_BusyXLCD	;wreg free
   278  000A10  0900               	iorlw	0
   279  000A12  A4D8               	btfss	status,2,c
   280  000A14  D7FB               	goto	l1060
   281  000A16  C003  FFF6         	movff	putrsXLCD@buffer,tblptrl
   282  000A1A  C004  FFF7         	movff	putrsXLCD@buffer+1,tblptrh
   283  000A1E                     	if	0	;tblptru may be non-zero
   284  000A1E                     	endif
   285  000A1E                     	if	0	;tblptru may be non-zero
   286  000A1E                     	endif
   287  000A1E  0008               	tblrd		*
   288  000A20  50F5               	movf	tablat,w,c
   289  000A22  ECAA  F004         	call	_WriteDataXLCD
   290  000A26  4A03               	infsnz	putrsXLCD@buffer,f,c
   291  000A28  2A04               	incf	putrsXLCD@buffer+1,f,c
   292  000A2A                     l1066:
   293  000A2A  C003  FFF6         	movff	putrsXLCD@buffer,tblptrl
   294  000A2E  C004  FFF7         	movff	putrsXLCD@buffer+1,tblptrh
   295  000A32                     	if	0	;tblptru may be non-zero
   296  000A32                     	endif
   297  000A32                     	if	0	;tblptru may be non-zero
   298  000A32                     	endif
   299  000A32  0008               	tblrd		*
   300  000A34  50F5               	movf	tablat,w,c
   301  000A36  0900               	iorlw	0
   302  000A38  B4D8               	btfsc	status,2,c
   303  000A3A  0012               	return	
   304  000A3C  D7E7               	goto	l1060
   305  000A3E                     __end_of_putrsXLCD:
   306                           	opt stack 0
   307                           tblptru	equ	0xFF8
   308                           tblptrh	equ	0xFF7
   309                           tblptrl	equ	0xFF6
   310                           tablat	equ	0xFF5
   311                           status	equ	0xFD8
   312                           
   313 ;; *************** function _WriteDataXLCD *****************
   314 ;; Defined at:
   315 ;;		line 16 in file "C:\Program Files (x86)\Microchip\xc8\v1.35\sources\pic18\plib\XLCD\writdata.c"
   316 ;; Parameters:    Size  Location     Type
   317 ;;  data            1    wreg     unsigned char 
   318 ;; Auto vars:     Size  Location     Type
   319 ;;  data            1    1[COMRAM] unsigned char 
   320 ;; Return value:  Size  Location     Type
   321 ;;		None               void
   322 ;; Registers used:
   323 ;;		wreg, status,2, status,0, cstack
   324 ;; Tracked objects:
   325 ;;		On entry : 0/0
   326 ;;		On exit  : 0/0
   327 ;;		Unchanged: 0/0
   328 ;; Data sizes:     COMRAM   BANK0   BANK1   BANK2   BANK3   BANK4   BANK5   BANK6   BANK7
   329 ;;      Params:         0       0       0       0       0       0       0       0       0
   330 ;;      Locals:         1       0       0       0       0       0       0       0       0
   331 ;;      Temps:          0       0       0       0       0       0       0       0       0
   332 ;;      Totals:         1       0       0       0       0       0       0       0       0
   333 ;;Total ram usage:        1 bytes
   334 ;; Hardware stack levels used:    1
   335 ;; Hardware stack levels required when called:    2
   336 ;; This function calls:
   337 ;;		_DelayFor18TCY
   338 ;; This function is called by:
   339 ;;		_main
   340 ;;		_putrsXLCD
   341 ;; This function uses a non-reentrant model
   342 ;;
   343                           
   344                           	psect	text2
   345  000954                     __ptext2:
   346                           	opt stack 0
   347  000954                     _WriteDataXLCD:
   348                           	opt stack 27
   349                           
   350                           ;incstack = 0
   351                           ;WriteDataXLCD@data stored from wreg
   352  000954  6E02               	movwf	WriteDataXLCD@data,c
   353  000956  0EF0               	movlw	240
   354  000958  1693               	andwf	3987,f,c	;volatile
   355  00095A  0EF0               	movlw	240
   356  00095C  1681               	andwf	3969,f,c	;volatile
   357  00095E  3802               	swapf	WriteDataXLCD@data,w,c
   358  000960  0B0F               	andlw	15
   359  000962  0B0F               	andlw	15
   360  000964  1281               	iorwf	3969,f,c	;volatile
   361  000966  8A8A               	bsf	3978,5,c	;volatile
   362  000968  9C8A               	bcf	3978,6,c	;volatile
   363  00096A  EC60  F005         	call	_DelayFor18TCY	;wreg free
   364  00096E  888A               	bsf	3978,4,c	;volatile
   365  000970  EC60  F005         	call	_DelayFor18TCY	;wreg free
   366  000974  988A               	bcf	3978,4,c	;volatile
   367  000976  0EF0               	movlw	240
   368  000978  1681               	andwf	3969,f,c	;volatile
   369  00097A  5002               	movf	WriteDataXLCD@data,w,c
   370  00097C  0B0F               	andlw	15
   371  00097E  1281               	iorwf	3969,f,c	;volatile
   372  000980  EC60  F005         	call	_DelayFor18TCY	;wreg free
   373  000984  888A               	bsf	3978,4,c	;volatile
   374  000986  EC60  F005         	call	_DelayFor18TCY	;wreg free
   375  00098A  988A               	bcf	3978,4,c	;volatile
   376  00098C  0E0F               	movlw	15
   377  00098E  1293               	iorwf	3987,f,c	;volatile
   378  000990  0012               	return	
   379  000992                     __end_of_WriteDataXLCD:
   380                           	opt stack 0
   381                           tblptru	equ	0xFF8
   382                           tblptrh	equ	0xFF7
   383                           tblptrl	equ	0xFF6
   384                           tablat	equ	0xFF5
   385                           status	equ	0xFD8
   386                           
   387 ;; *************** function _leer_eeprom *****************
   388 ;; Defined at:
   389 ;;		line 47 in file "EEPROM2_main.c"
   390 ;; Parameters:    Size  Location     Type
   391 ;;  direccion       1    wreg     unsigned char 
   392 ;; Auto vars:     Size  Location     Type
   393 ;;  direccion       1    0[COMRAM] unsigned char 
   394 ;; Return value:  Size  Location     Type
   395 ;;                  1    wreg      unsigned char 
   396 ;; Registers used:
   397 ;;		wreg, status,2
   398 ;; Tracked objects:
   399 ;;		On entry : 0/0
   400 ;;		On exit  : 0/0
   401 ;;		Unchanged: 0/0
   402 ;; Data sizes:     COMRAM   BANK0   BANK1   BANK2   BANK3   BANK4   BANK5   BANK6   BANK7
   403 ;;      Params:         0       0       0       0       0       0       0       0       0
   404 ;;      Locals:         1       0       0       0       0       0       0       0       0
   405 ;;      Temps:          0       0       0       0       0       0       0       0       0
   406 ;;      Totals:         1       0       0       0       0       0       0       0       0
   407 ;;Total ram usage:        1 bytes
   408 ;; Hardware stack levels used:    1
   409 ;; This function calls:
   410 ;;		Nothing
   411 ;; This function is called by:
   412 ;;		_main
   413 ;; This function uses a non-reentrant model
   414 ;;
   415                           
   416                           	psect	text3
   417  000AAA                     __ptext3:
   418                           	opt stack 0
   419  000AAA                     _leer_eeprom:
   420                           	opt stack 30
   421                           
   422                           ;incstack = 0
   423                           ;leer_eeprom@direccion stored from wreg
   424  000AAA  6E01               	movwf	leer_eeprom@direccion,c
   425                           
   426                           ;EEPROM2_main.c: 48: EEADR=direccion;
   427  000AAC  C001  FFA9         	movff	leer_eeprom@direccion,4009	;volatile
   428                           
   429                           ;EEPROM2_main.c: 49: EECON1bits.EEPGD=0;
   430  000AB0  9EA6               	bcf	4006,7,c	;volatile
   431                           
   432                           ;EEPROM2_main.c: 50: EECON1bits.RD=1;
   433  000AB2  80A6               	bsf	4006,0,c	;volatile
   434                           
   435                           ;EEPROM2_main.c: 51: return EEDATA;
   436  000AB4  50A8               	movf	4008,w,c	;volatile
   437  000AB6  0012               	return	
   438  000AB8                     __end_of_leer_eeprom:
   439                           	opt stack 0
   440                           tblptru	equ	0xFF8
   441                           tblptrh	equ	0xFF7
   442                           tblptrl	equ	0xFF6
   443                           tablat	equ	0xFF5
   444                           status	equ	0xFD8
   445                           
   446 ;; *************** function _escribir_eeprom *****************
   447 ;; Defined at:
   448 ;;		line 32 in file "EEPROM2_main.c"
   449 ;; Parameters:    Size  Location     Type
   450 ;;  direccion       1    wreg     unsigned char 
   451 ;;  dato            1    0[COMRAM] unsigned char 
   452 ;; Auto vars:     Size  Location     Type
   453 ;;  direccion       1    1[COMRAM] unsigned char 
   454 ;; Return value:  Size  Location     Type
   455 ;;		None               void
   456 ;; Registers used:
   457 ;;		wreg, status,2
   458 ;; Tracked objects:
   459 ;;		On entry : 0/0
   460 ;;		On exit  : 0/0
   461 ;;		Unchanged: 0/0
   462 ;; Data sizes:     COMRAM   BANK0   BANK1   BANK2   BANK3   BANK4   BANK5   BANK6   BANK7
   463 ;;      Params:         1       0       0       0       0       0       0       0       0
   464 ;;      Locals:         1       0       0       0       0       0       0       0       0
   465 ;;      Temps:          0       0       0       0       0       0       0       0       0
   466 ;;      Totals:         2       0       0       0       0       0       0       0       0
   467 ;;Total ram usage:        2 bytes
   468 ;; Hardware stack levels used:    1
   469 ;; This function calls:
   470 ;;		Nothing
   471 ;; This function is called by:
   472 ;;		_main
   473 ;; This function uses a non-reentrant model
   474 ;;
   475                           
   476                           	psect	text4
   477  000A3E                     __ptext4:
   478                           	opt stack 0
   479  000A3E                     _escribir_eeprom:
   480                           	opt stack 30
   481                           
   482                           ;incstack = 0
   483                           ;escribir_eeprom@direccion stored from wreg
   484  000A3E  6E02               	movwf	escribir_eeprom@direccion,c
   485  000A40                     l29:
   486  000A40  B2A6               	btfsc	4006,1,c	;volatile
   487  000A42  D7FE               	goto	l29
   488                           
   489                           ;EEPROM2_main.c: 35: EEADR=direccion;
   490  000A44  C002  FFA9         	movff	escribir_eeprom@direccion,4009	;volatile
   491                           
   492                           ;EEPROM2_main.c: 36: EEDATA=dato;
   493  000A48  C001  FFA8         	movff	escribir_eeprom@dato,4008	;volatile
   494                           
   495                           ;EEPROM2_main.c: 37: EECON1bits.EEPGD=0;
   496  000A4C  9EA6               	bcf	4006,7,c	;volatile
   497                           
   498                           ;EEPROM2_main.c: 38: EECON1bits.WREN=1;
   499  000A4E  84A6               	bsf	4006,2,c	;volatile
   500                           
   501                           ;EEPROM2_main.c: 39: INTCONbits.GIE=0;
   502  000A50  9EF2               	bcf	intcon,7,c	;volatile
   503                           
   504                           ;EEPROM2_main.c: 40: EECON2=0x55;
   505  000A52  0E55               	movlw	85
   506  000A54  6EA7               	movwf	4007,c	;volatile
   507                           
   508                           ;EEPROM2_main.c: 41: EECON2=0xaa;
   509  000A56  0EAA               	movlw	170
   510  000A58  6EA7               	movwf	4007,c	;volatile
   511                           
   512                           ;EEPROM2_main.c: 42: EECON1bits.WR=1;
   513  000A5A  82A6               	bsf	4006,1,c	;volatile
   514                           
   515                           ;EEPROM2_main.c: 43: INTCONbits.GIE=1;
   516  000A5C  8EF2               	bsf	intcon,7,c	;volatile
   517                           
   518                           ;EEPROM2_main.c: 44: EECON1bits.WREN=0;
   519  000A5E  94A6               	bcf	4006,2,c	;volatile
   520  000A60                     l32:
   521  000A60  A2A6               	btfss	4006,1,c	;volatile
   522  000A62  0012               	return	
   523  000A64  D7FD               	goto	l32
   524  000A66                     __end_of_escribir_eeprom:
   525                           	opt stack 0
   526                           tblptru	equ	0xFF8
   527                           tblptrh	equ	0xFF7
   528                           tblptrl	equ	0xFF6
   529                           tablat	equ	0xFF5
   530                           intcon	equ	0xFF2
   531                           status	equ	0xFD8
   532                           
   533 ;; *************** function _OpenXLCD *****************
   534 ;; Defined at:
   535 ;;		line 19 in file "C:\Program Files (x86)\Microchip\xc8\v1.35\sources\pic18\plib\XLCD\openxlcd.c"
   536 ;; Parameters:    Size  Location     Type
   537 ;;  lcdtype         1    wreg     unsigned char 
   538 ;; Auto vars:     Size  Location     Type
   539 ;;  lcdtype         1    5[COMRAM] unsigned char 
   540 ;; Return value:  Size  Location     Type
   541 ;;		None               void
   542 ;; Registers used:
   543 ;;		wreg, status,2, status,0, cstack
   544 ;; Tracked objects:
   545 ;;		On entry : 0/0
   546 ;;		On exit  : 0/0
   547 ;;		Unchanged: 0/0
   548 ;; Data sizes:     COMRAM   BANK0   BANK1   BANK2   BANK3   BANK4   BANK5   BANK6   BANK7
   549 ;;      Params:         0       0       0       0       0       0       0       0       0
   550 ;;      Locals:         1       0       0       0       0       0       0       0       0
   551 ;;      Temps:          0       0       0       0       0       0       0       0       0
   552 ;;      Totals:         1       0       0       0       0       0       0       0       0
   553 ;;Total ram usage:        1 bytes
   554 ;; Hardware stack levels used:    1
   555 ;; Hardware stack levels required when called:    3
   556 ;; This function calls:
   557 ;;		_BusyXLCD
   558 ;;		_Delay10KTCYx
   559 ;;		_DelayPORXLCD
   560 ;;		_SetDDRamAddr
   561 ;;		_WriteCmdXLCD
   562 ;; This function is called by:
   563 ;;		_main
   564 ;; This function uses a non-reentrant model
   565 ;;
   566                           
   567                           	psect	text5
   568  00080C                     __ptext5:
   569                           	opt stack 0
   570  00080C                     _OpenXLCD:
   571                           	opt stack 27
   572                           
   573                           ;incstack = 0
   574                           ;OpenXLCD@lcdtype stored from wreg
   575  00080C  6E06               	movwf	OpenXLCD@lcdtype,c
   576  00080E  0EF0               	movlw	240
   577  000810  1681               	andwf	3969,f,c	;volatile
   578  000812  0EF0               	movlw	240
   579  000814  1693               	andwf	3987,f,c	;volatile
   580  000816  9C93               	bcf	3987,6,c	;volatile
   581  000818  9A93               	bcf	3987,5,c	;volatile
   582  00081A  9893               	bcf	3987,4,c	;volatile
   583  00081C  9C8A               	bcf	3978,6,c	;volatile
   584  00081E  9A8A               	bcf	3978,5,c	;volatile
   585  000820  988A               	bcf	3978,4,c	;volatile
   586  000822  EC5C  F005         	call	_DelayPORXLCD	;wreg free
   587  000826  0E30               	movlw	48
   588  000828  ECC9  F004         	call	_WriteCmdXLCD
   589  00082C  0E05               	movlw	5
   590  00082E  EC33  F005         	call	_Delay10KTCYx
   591  000832  0E30               	movlw	48
   592  000834  ECC9  F004         	call	_WriteCmdXLCD
   593  000838  0E01               	movlw	1
   594  00083A  EC33  F005         	call	_Delay10KTCYx
   595  00083E  0E32               	movlw	50
   596  000840  ECC9  F004         	call	_WriteCmdXLCD
   597  000844                     l974:
   598  000844  ECE8  F004         	call	_BusyXLCD	;wreg free
   599  000848  0900               	iorlw	0
   600  00084A  A4D8               	btfss	status,2,c
   601  00084C  D7FB               	goto	l974
   602  00084E                     l976:
   603  00084E  ECE8  F004         	call	_BusyXLCD	;wreg free
   604  000852  0900               	iorlw	0
   605  000854  A4D8               	btfss	status,2,c
   606  000856  D7FB               	goto	l976
   607  000858  5006               	movf	OpenXLCD@lcdtype,w,c
   608  00085A  ECC9  F004         	call	_WriteCmdXLCD
   609  00085E                     l980:
   610  00085E  ECE8  F004         	call	_BusyXLCD	;wreg free
   611  000862  0900               	iorlw	0
   612  000864  A4D8               	btfss	status,2,c
   613  000866  D7FB               	goto	l980
   614  000868  0E08               	movlw	8
   615  00086A  ECC9  F004         	call	_WriteCmdXLCD
   616  00086E                     l984:
   617  00086E  ECE8  F004         	call	_BusyXLCD	;wreg free
   618  000872  0900               	iorlw	0
   619  000874  A4D8               	btfss	status,2,c
   620  000876  D7FB               	goto	l984
   621  000878  0E0F               	movlw	15
   622  00087A  ECC9  F004         	call	_WriteCmdXLCD
   623  00087E                     l988:
   624  00087E  ECE8  F004         	call	_BusyXLCD	;wreg free
   625  000882  0900               	iorlw	0
   626  000884  A4D8               	btfss	status,2,c
   627  000886  D7FB               	goto	l988
   628  000888  0E01               	movlw	1
   629  00088A  ECC9  F004         	call	_WriteCmdXLCD
   630  00088E                     l992:
   631  00088E  ECE8  F004         	call	_BusyXLCD	;wreg free
   632  000892  0900               	iorlw	0
   633  000894  A4D8               	btfss	status,2,c
   634  000896  D7FB               	goto	l992
   635  000898  0E04               	movlw	4
   636  00089A  ECC9  F004         	call	_WriteCmdXLCD
   637  00089E                     l996:
   638  00089E  ECE8  F004         	call	_BusyXLCD	;wreg free
   639  0008A2  0900               	iorlw	0
   640  0008A4  A4D8               	btfss	status,2,c
   641  0008A6  D7FB               	goto	l996
   642  0008A8  0E80               	movlw	128
   643  0008AA  EC81  F004         	call	_SetDDRamAddr
   644  0008AE  0012               	return	
   645  0008B0                     __end_of_OpenXLCD:
   646                           	opt stack 0
   647                           tblptru	equ	0xFF8
   648                           tblptrh	equ	0xFF7
   649                           tblptrl	equ	0xFF6
   650                           tablat	equ	0xFF5
   651                           intcon	equ	0xFF2
   652                           status	equ	0xFD8
   653                           
   654 ;; *************** function _WriteCmdXLCD *****************
   655 ;; Defined at:
   656 ;;		line 13 in file "C:\Program Files (x86)\Microchip\xc8\v1.35\sources\pic18\plib\XLCD\wcmdxlcd.c"
   657 ;; Parameters:    Size  Location     Type
   658 ;;  cmd             1    wreg     unsigned char 
   659 ;; Auto vars:     Size  Location     Type
   660 ;;  cmd             1    1[COMRAM] unsigned char 
   661 ;; Return value:  Size  Location     Type
   662 ;;		None               void
   663 ;; Registers used:
   664 ;;		wreg, status,2, status,0, cstack
   665 ;; Tracked objects:
   666 ;;		On entry : 0/0
   667 ;;		On exit  : 0/0
   668 ;;		Unchanged: 0/0
   669 ;; Data sizes:     COMRAM   BANK0   BANK1   BANK2   BANK3   BANK4   BANK5   BANK6   BANK7
   670 ;;      Params:         0       0       0       0       0       0       0       0       0
   671 ;;      Locals:         1       0       0       0       0       0       0       0       0
   672 ;;      Temps:          0       0       0       0       0       0       0       0       0
   673 ;;      Totals:         1       0       0       0       0       0       0       0       0
   674 ;;Total ram usage:        1 bytes
   675 ;; Hardware stack levels used:    1
   676 ;; Hardware stack levels required when called:    2
   677 ;; This function calls:
   678 ;;		_DelayFor18TCY
   679 ;; This function is called by:
   680 ;;		_main
   681 ;;		_OpenXLCD
   682 ;; This function uses a non-reentrant model
   683 ;;
   684                           
   685                           	psect	text6
   686  000992                     __ptext6:
   687                           	opt stack 0
   688  000992                     _WriteCmdXLCD:
   689                           	opt stack 28
   690                           
   691                           ;incstack = 0
   692                           ;WriteCmdXLCD@cmd stored from wreg
   693  000992  6E02               	movwf	WriteCmdXLCD@cmd,c
   694  000994  0EF0               	movlw	240
   695  000996  1693               	andwf	3987,f,c	;volatile
   696  000998  0EF0               	movlw	240
   697  00099A  1681               	andwf	3969,f,c	;volatile
   698  00099C  3802               	swapf	WriteCmdXLCD@cmd,w,c
   699  00099E  0B0F               	andlw	15
   700  0009A0  0B0F               	andlw	15
   701  0009A2  1281               	iorwf	3969,f,c	;volatile
   702  0009A4  9C8A               	bcf	3978,6,c	;volatile
   703  0009A6  9A8A               	bcf	3978,5,c	;volatile
   704  0009A8  EC60  F005         	call	_DelayFor18TCY	;wreg free
   705  0009AC  888A               	bsf	3978,4,c	;volatile
   706  0009AE  EC60  F005         	call	_DelayFor18TCY	;wreg free
   707  0009B2  988A               	bcf	3978,4,c	;volatile
   708  0009B4  0EF0               	movlw	240
   709  0009B6  1681               	andwf	3969,f,c	;volatile
   710  0009B8  5002               	movf	WriteCmdXLCD@cmd,w,c
   711  0009BA  0B0F               	andlw	15
   712  0009BC  1281               	iorwf	3969,f,c	;volatile
   713  0009BE  EC60  F005         	call	_DelayFor18TCY	;wreg free
   714  0009C2  888A               	bsf	3978,4,c	;volatile
   715  0009C4  EC60  F005         	call	_DelayFor18TCY	;wreg free
   716  0009C8  988A               	bcf	3978,4,c	;volatile
   717  0009CA  0E0F               	movlw	15
   718  0009CC  1293               	iorwf	3987,f,c	;volatile
   719  0009CE  0012               	return	
   720  0009D0                     __end_of_WriteCmdXLCD:
   721                           	opt stack 0
   722                           tblptru	equ	0xFF8
   723                           tblptrh	equ	0xFF7
   724                           tblptrl	equ	0xFF6
   725                           tablat	equ	0xFF5
   726                           intcon	equ	0xFF2
   727                           status	equ	0xFD8
   728                           
   729 ;; *************** function _SetDDRamAddr *****************
   730 ;; Defined at:
   731 ;;		line 13 in file "C:\Program Files (x86)\Microchip\xc8\v1.35\sources\pic18\plib\XLCD\setddram.c"
   732 ;; Parameters:    Size  Location     Type
   733 ;;  DDaddr          1    wreg     unsigned char 
   734 ;; Auto vars:     Size  Location     Type
   735 ;;  DDaddr          1    4[COMRAM] unsigned char 
   736 ;; Return value:  Size  Location     Type
   737 ;;		None               void
   738 ;; Registers used:
   739 ;;		wreg, status,2, status,0, cstack
   740 ;; Tracked objects:
   741 ;;		On entry : 0/0
   742 ;;		On exit  : 0/0
   743 ;;		Unchanged: 0/0
   744 ;; Data sizes:     COMRAM   BANK0   BANK1   BANK2   BANK3   BANK4   BANK5   BANK6   BANK7
   745 ;;      Params:         0       0       0       0       0       0       0       0       0
   746 ;;      Locals:         1       0       0       0       0       0       0       0       0
   747 ;;      Temps:          3       0       0       0       0       0       0       0       0
   748 ;;      Totals:         4       0       0       0       0       0       0       0       0
   749 ;;Total ram usage:        4 bytes
   750 ;; Hardware stack levels used:    1
   751 ;; Hardware stack levels required when called:    2
   752 ;; This function calls:
   753 ;;		_DelayFor18TCY
   754 ;; This function is called by:
   755 ;;		_main
   756 ;;		_OpenXLCD
   757 ;; This function uses a non-reentrant model
   758 ;;
   759                           
   760                           	psect	text7
   761  000902                     __ptext7:
   762                           	opt stack 0
   763  000902                     _SetDDRamAddr:
   764                           	opt stack 28
   765                           
   766                           ;incstack = 0
   767                           ;SetDDRamAddr@DDaddr stored from wreg
   768  000902  6E05               	movwf	SetDDRamAddr@DDaddr,c
   769  000904  0EF0               	movlw	240
   770  000906  1693               	andwf	3987,f,c	;volatile
   771  000908  0EF0               	movlw	240
   772  00090A  1681               	andwf	3969,f,c	;volatile
   773  00090C  5005               	movf	SetDDRamAddr@DDaddr,w,c
   774  00090E  6E02               	movwf	??_SetDDRamAddr& (0+255),c
   775  000910  6A03               	clrf	(??_SetDDRamAddr+1)& (0+255),c
   776  000912  8E02               	bsf	??_SetDDRamAddr,7,c
   777  000914  0E04               	movlw	4
   778  000916  6E04               	movwf	(??_SetDDRamAddr+2)& (0+255),c
   779  000918                     u25:
   780  000918  3403               	rlcf	??_SetDDRamAddr+1,w,c
   781  00091A  3203               	rrcf	??_SetDDRamAddr+1,f,c
   782  00091C  3202               	rrcf	??_SetDDRamAddr,f,c
   783  00091E  2E04               	decfsz	(??_SetDDRamAddr+2)& (0+255),f,c
   784  000920  D7FB               	goto	u25
   785  000922  5002               	movf	??_SetDDRamAddr,w,c
   786  000924  0B0F               	andlw	15
   787  000926  1281               	iorwf	3969,f,c	;volatile
   788  000928  9C8A               	bcf	3978,6,c	;volatile
   789  00092A  9A8A               	bcf	3978,5,c	;volatile
   790  00092C  EC60  F005         	call	_DelayFor18TCY	;wreg free
   791  000930  888A               	bsf	3978,4,c	;volatile
   792  000932  EC60  F005         	call	_DelayFor18TCY	;wreg free
   793  000936  988A               	bcf	3978,4,c	;volatile
   794  000938  0EF0               	movlw	240
   795  00093A  1681               	andwf	3969,f,c	;volatile
   796  00093C  5005               	movf	SetDDRamAddr@DDaddr,w,c
   797  00093E  0B0F               	andlw	15
   798  000940  1281               	iorwf	3969,f,c	;volatile
   799  000942  EC60  F005         	call	_DelayFor18TCY	;wreg free
   800  000946  888A               	bsf	3978,4,c	;volatile
   801  000948  EC60  F005         	call	_DelayFor18TCY	;wreg free
   802  00094C  988A               	bcf	3978,4,c	;volatile
   803  00094E  0E0F               	movlw	15
   804  000950  1293               	iorwf	3987,f,c	;volatile
   805  000952  0012               	return	
   806  000954                     __end_of_SetDDRamAddr:
   807                           	opt stack 0
   808                           tblptru	equ	0xFF8
   809                           tblptrh	equ	0xFF7
   810                           tblptrl	equ	0xFF6
   811                           tablat	equ	0xFF5
   812                           intcon	equ	0xFF2
   813                           status	equ	0xFD8
   814                           
   815 ;; *************** function _DelayPORXLCD *****************
   816 ;; Defined at:
   817 ;;		line 86 in file "EEPROM2_main.c"
   818 ;; Parameters:    Size  Location     Type
   819 ;;		None
   820 ;; Auto vars:     Size  Location     Type
   821 ;;		None
   822 ;; Return value:  Size  Location     Type
   823 ;;		None               void
   824 ;; Registers used:
   825 ;;		wreg, cstack
   826 ;; Tracked objects:
   827 ;;		On entry : 0/0
   828 ;;		On exit  : 0/0
   829 ;;		Unchanged: 0/0
   830 ;; Data sizes:     COMRAM   BANK0   BANK1   BANK2   BANK3   BANK4   BANK5   BANK6   BANK7
   831 ;;      Params:         0       0       0       0       0       0       0       0       0
   832 ;;      Locals:         0       0       0       0       0       0       0       0       0
   833 ;;      Temps:          0       0       0       0       0       0       0       0       0
   834 ;;      Totals:         0       0       0       0       0       0       0       0       0
   835 ;;Total ram usage:        0 bytes
   836 ;; Hardware stack levels used:    1
   837 ;; Hardware stack levels required when called:    1
   838 ;; This function calls:
   839 ;;		_Delay1KTCYx
   840 ;; This function is called by:
   841 ;;		_OpenXLCD
   842 ;; This function uses a non-reentrant model
   843 ;;
   844                           
   845                           	psect	text8
   846  000AB8                     __ptext8:
   847                           	opt stack 0
   848  000AB8                     _DelayPORXLCD:
   849                           	opt stack 28
   850                           
   851                           ;EEPROM2_main.c: 88: Delay1KTCYx(180);
   852                           
   853                           ;incstack = 0
   854  000AB8  0EB4               	movlw	180
   855  000ABA  EC3E  F005         	call	_Delay1KTCYx
   856  000ABE  0012               	return	
   857  000AC0                     __end_of_DelayPORXLCD:
   858                           	opt stack 0
   859                           tblptru	equ	0xFF8
   860                           tblptrh	equ	0xFF7
   861                           tblptrl	equ	0xFF6
   862                           tablat	equ	0xFF5
   863                           intcon	equ	0xFF2
   864                           status	equ	0xFD8
   865                           
   866 ;; *************** function _Delay1KTCYx *****************
   867 ;; Defined at:
   868 ;;		line 8 in file "C:\Program Files (x86)\Microchip\xc8\v1.35\sources\pic18\d1ktcyx.c"
   869 ;; Parameters:    Size  Location     Type
   870 ;;  unit            1    wreg     unsigned char 
   871 ;; Auto vars:     Size  Location     Type
   872 ;;  unit            1    0[COMRAM] unsigned char 
   873 ;; Return value:  Size  Location     Type
   874 ;;		None               void
   875 ;; Registers used:
   876 ;;		wreg
   877 ;; Tracked objects:
   878 ;;		On entry : 0/0
   879 ;;		On exit  : 0/0
   880 ;;		Unchanged: 0/0
   881 ;; Data sizes:     COMRAM   BANK0   BANK1   BANK2   BANK3   BANK4   BANK5   BANK6   BANK7
   882 ;;      Params:         0       0       0       0       0       0       0       0       0
   883 ;;      Locals:         1       0       0       0       0       0       0       0       0
   884 ;;      Temps:          0       0       0       0       0       0       0       0       0
   885 ;;      Totals:         1       0       0       0       0       0       0       0       0
   886 ;;Total ram usage:        1 bytes
   887 ;; Hardware stack levels used:    1
   888 ;; This function calls:
   889 ;;		Nothing
   890 ;; This function is called by:
   891 ;;		_DelayPORXLCD
   892 ;;		_DelayXLCD
   893 ;; This function uses a non-reentrant model
   894 ;;
   895                           
   896                           	psect	text9
   897  000A7C                     __ptext9:
   898                           	opt stack 0
   899  000A7C                     _Delay1KTCYx:
   900                           	opt stack 28
   901                           
   902                           ;incstack = 0
   903                           ;Delay1KTCYx@unit stored from wreg
   904  000A7C  6E01               	movwf	Delay1KTCYx@unit,c
   905  000A7E  0EFA               	movlw	250
   906  000A80                     u207:
   907  000A80  F000               	nop	
   908  000A82  2EE8               	decfsz	wreg,f,c
   909  000A84  D7FD               	goto	u207
   910  000A86  2E01               	decfsz	Delay1KTCYx@unit,f,c
   911  000A88  D7FA               	goto	l796
   912  000A8A  0012               	return	
   913  000A8C                     __end_of_Delay1KTCYx:
   914                           	opt stack 0
   915                           tblptru	equ	0xFF8
   916                           tblptrh	equ	0xFF7
   917                           tblptrl	equ	0xFF6
   918                           tablat	equ	0xFF5
   919                           intcon	equ	0xFF2
   920                           wreg	equ	0xFE8
   921                           status	equ	0xFD8
   922                           
   923 ;; *************** function _Delay10KTCYx *****************
   924 ;; Defined at:
   925 ;;		line 8 in file "C:\Program Files (x86)\Microchip\xc8\v1.35\sources\pic18\d10ktcyx.c"
   926 ;; Parameters:    Size  Location     Type
   927 ;;  unit            1    wreg     unsigned char 
   928 ;; Auto vars:     Size  Location     Type
   929 ;;  unit            1    1[COMRAM] unsigned char 
   930 ;; Return value:  Size  Location     Type
   931 ;;		None               void
   932 ;; Registers used:
   933 ;;		wreg
   934 ;; Tracked objects:
   935 ;;		On entry : 0/0
   936 ;;		On exit  : 0/0
   937 ;;		Unchanged: 0/0
   938 ;; Data sizes:     COMRAM   BANK0   BANK1   BANK2   BANK3   BANK4   BANK5   BANK6   BANK7
   939 ;;      Params:         0       0       0       0       0       0       0       0       0
   940 ;;      Locals:         1       0       0       0       0       0       0       0       0
   941 ;;      Temps:          1       0       0       0       0       0       0       0       0
   942 ;;      Totals:         2       0       0       0       0       0       0       0       0
   943 ;;Total ram usage:        2 bytes
   944 ;; Hardware stack levels used:    1
   945 ;; This function calls:
   946 ;;		Nothing
   947 ;; This function is called by:
   948 ;;		_OpenXLCD
   949 ;; This function uses a non-reentrant model
   950 ;;
   951                           
   952                           	psect	text10
   953  000A66                     __ptext10:
   954                           	opt stack 0
   955  000A66                     _Delay10KTCYx:
   956                           	opt stack 29
   957                           
   958                           ;incstack = 0
   959                           ;Delay10KTCYx@unit stored from wreg
   960  000A66  6E02               	movwf	Delay10KTCYx@unit,c
   961  000A68  0E0D               	movlw	13
   962  000A6A  6E01               	movwf	??_Delay10KTCYx& (0+255),c
   963  000A6C  0EFC               	movlw	252
   964  000A6E                     u217:
   965  000A6E  2EE8               	decfsz	wreg,f,c
   966  000A70  D7FE               	goto	u217
   967  000A72  2E01               	decfsz	??_Delay10KTCYx& (0+255),f,c
   968  000A74  D7FC               	goto	u217
   969  000A76  2E02               	decfsz	Delay10KTCYx@unit,f,c
   970  000A78  D7F7               	goto	l912
   971  000A7A  0012               	return	
   972  000A7C                     __end_of_Delay10KTCYx:
   973                           	opt stack 0
   974                           tblptru	equ	0xFF8
   975                           tblptrh	equ	0xFF7
   976                           tblptrl	equ	0xFF6
   977                           tablat	equ	0xFF5
   978                           intcon	equ	0xFF2
   979                           wreg	equ	0xFE8
   980                           status	equ	0xFD8
   981                           
   982 ;; *************** function _BusyXLCD *****************
   983 ;; Defined at:
   984 ;;		line 11 in file "C:\Program Files (x86)\Microchip\xc8\v1.35\sources\pic18\plib\XLCD\busyxlcd.c"
   985 ;; Parameters:    Size  Location     Type
   986 ;;		None
   987 ;; Auto vars:     Size  Location     Type
   988 ;;		None
   989 ;; Return value:  Size  Location     Type
   990 ;;                  1    wreg      unsigned char 
   991 ;; Registers used:
   992 ;;		wreg, cstack
   993 ;; Tracked objects:
   994 ;;		On entry : 0/0
   995 ;;		On exit  : 0/0
   996 ;;		Unchanged: 0/0
   997 ;; Data sizes:     COMRAM   BANK0   BANK1   BANK2   BANK3   BANK4   BANK5   BANK6   BANK7
   998 ;;      Params:         0       0       0       0       0       0       0       0       0
   999 ;;      Locals:         0       0       0       0       0       0       0       0       0
  1000 ;;      Temps:          0       0       0       0       0       0       0       0       0
  1001 ;;      Totals:         0       0       0       0       0       0       0       0       0
  1002 ;;Total ram usage:        0 bytes
  1003 ;; Hardware stack levels used:    1
  1004 ;; Hardware stack levels required when called:    2
  1005 ;; This function calls:
  1006 ;;		_DelayFor18TCY
  1007 ;; This function is called by:
  1008 ;;		_main
  1009 ;;		_OpenXLCD
  1010 ;;		_putrsXLCD
  1011 ;; This function uses a non-reentrant model
  1012 ;;
  1013                           
  1014                           	psect	text11
  1015  0009D0                     __ptext11:
  1016                           	opt stack 0
  1017  0009D0                     _BusyXLCD:
  1018                           	opt stack 27
  1019                           
  1020                           ;incstack = 0
  1021  0009D0  8C8A               	bsf	3978,6,c	;volatile
  1022  0009D2  9A8A               	bcf	3978,5,c	;volatile
  1023  0009D4  EC60  F005         	call	_DelayFor18TCY	;wreg free
  1024  0009D8  888A               	bsf	3978,4,c	;volatile
  1025  0009DA  EC60  F005         	call	_DelayFor18TCY	;wreg free
  1026  0009DE  A681               	btfss	3969,3,c	;volatile
  1027  0009E0  D00A               	goto	l65
  1028  0009E2  988A               	bcf	3978,4,c	;volatile
  1029  0009E4  EC60  F005         	call	_DelayFor18TCY	;wreg free
  1030  0009E8  888A               	bsf	3978,4,c	;volatile
  1031  0009EA  EC60  F005         	call	_DelayFor18TCY	;wreg free
  1032  0009EE  988A               	bcf	3978,4,c	;volatile
  1033  0009F0  9C8A               	bcf	3978,6,c	;volatile
  1034  0009F2  0E01               	movlw	1
  1035  0009F4  0012               	return	
  1036  0009F6                     l65:
  1037  0009F6  988A               	bcf	3978,4,c	;volatile
  1038  0009F8  EC60  F005         	call	_DelayFor18TCY	;wreg free
  1039  0009FC  888A               	bsf	3978,4,c	;volatile
  1040  0009FE  EC60  F005         	call	_DelayFor18TCY	;wreg free
  1041  000A02  988A               	bcf	3978,4,c	;volatile
  1042  000A04  9C8A               	bcf	3978,6,c	;volatile
  1043  000A06  0E00               	movlw	0
  1044  000A08  0012               	return	
  1045  000A0A                     __end_of_BusyXLCD:
  1046                           	opt stack 0
  1047                           tblptru	equ	0xFF8
  1048                           tblptrh	equ	0xFF7
  1049                           tblptrl	equ	0xFF6
  1050                           tablat	equ	0xFF5
  1051                           intcon	equ	0xFF2
  1052                           wreg	equ	0xFE8
  1053                           status	equ	0xFD8
  1054                           
  1055 ;; *************** function _DelayFor18TCY *****************
  1056 ;; Defined at:
  1057 ;;		line 81 in file "EEPROM2_main.c"
  1058 ;; Parameters:    Size  Location     Type
  1059 ;;		None
  1060 ;; Auto vars:     Size  Location     Type
  1061 ;;		None
  1062 ;; Return value:  Size  Location     Type
  1063 ;;		None               void
  1064 ;; Registers used:
  1065 ;;		wreg, cstack
  1066 ;; Tracked objects:
  1067 ;;		On entry : 0/0
  1068 ;;		On exit  : 0/0
  1069 ;;		Unchanged: 0/0
  1070 ;; Data sizes:     COMRAM   BANK0   BANK1   BANK2   BANK3   BANK4   BANK5   BANK6   BANK7
  1071 ;;      Params:         0       0       0       0       0       0       0       0       0
  1072 ;;      Locals:         0       0       0       0       0       0       0       0       0
  1073 ;;      Temps:          0       0       0       0       0       0       0       0       0
  1074 ;;      Totals:         0       0       0       0       0       0       0       0       0
  1075 ;;Total ram usage:        0 bytes
  1076 ;; Hardware stack levels used:    1
  1077 ;; Hardware stack levels required when called:    1
  1078 ;; This function calls:
  1079 ;;		_Delay10TCYx
  1080 ;; This function is called by:
  1081 ;;		_BusyXLCD
  1082 ;;		_SetDDRamAddr
  1083 ;;		_WriteCmdXLCD
  1084 ;;		_WriteDataXLCD
  1085 ;; This function uses a non-reentrant model
  1086 ;;
  1087                           
  1088                           	psect	text12
  1089  000AC0                     __ptext12:
  1090                           	opt stack 0
  1091  000AC0                     _DelayFor18TCY:
  1092                           	opt stack 27
  1093                           
  1094                           ;EEPROM2_main.c: 83: Delay10TCYx(120);
  1095                           
  1096                           ;incstack = 0
  1097  000AC0  0E78               	movlw	120
  1098  000AC2  EC46  F005         	call	_Delay10TCYx
  1099  000AC6  0012               	return		;funcret
  1100  000AC8                     __end_of_DelayFor18TCY:
  1101                           	opt stack 0
  1102                           tblptru	equ	0xFF8
  1103                           tblptrh	equ	0xFF7
  1104                           tblptrl	equ	0xFF6
  1105                           tablat	equ	0xFF5
  1106                           intcon	equ	0xFF2
  1107                           wreg	equ	0xFE8
  1108                           status	equ	0xFD8
  1109                           
  1110 ;; *************** function _Delay10TCYx *****************
  1111 ;; Defined at:
  1112 ;;		line 8 in file "C:\Program Files (x86)\Microchip\xc8\v1.35\sources\pic18\d10tcyx.c"
  1113 ;; Parameters:    Size  Location     Type
  1114 ;;  unit            1    wreg     unsigned char 
  1115 ;; Auto vars:     Size  Location     Type
  1116 ;;  unit            1    0[COMRAM] unsigned char 
  1117 ;; Return value:  Size  Location     Type
  1118 ;;		None               void
  1119 ;; Registers used:
  1120 ;;		wreg
  1121 ;; Tracked objects:
  1122 ;;		On entry : 0/0
  1123 ;;		On exit  : 0/0
  1124 ;;		Unchanged: 0/0
  1125 ;; Data sizes:     COMRAM   BANK0   BANK1   BANK2   BANK3   BANK4   BANK5   BANK6   BANK7
  1126 ;;      Params:         0       0       0       0       0       0       0       0       0
  1127 ;;      Locals:         1       0       0       0       0       0       0       0       0
  1128 ;;      Temps:          0       0       0       0       0       0       0       0       0
  1129 ;;      Totals:         1       0       0       0       0       0       0       0       0
  1130 ;;Total ram usage:        1 bytes
  1131 ;; Hardware stack levels used:    1
  1132 ;; This function calls:
  1133 ;;		Nothing
  1134 ;; This function is called by:
  1135 ;;		_DelayFor18TCY
  1136 ;; This function uses a non-reentrant model
  1137 ;;
  1138                           
  1139                           	psect	text13
  1140  000A8C                     __ptext13:
  1141                           	opt stack 0
  1142  000A8C                     _Delay10TCYx:
  1143                           	opt stack 27
  1144                           
  1145                           ;incstack = 0
  1146                           ;Delay10TCYx@unit stored from wreg
  1147  000A8C  6E01               	movwf	Delay10TCYx@unit,c
  1148  000A8E  0E03               	movlw	3
  1149  000A90                     u227:
  1150  000A90  2EE8               	decfsz	wreg,f,c
  1151  000A92  D7FE               	goto	u227
  1152  000A94  F000               	nop	
  1153  000A96  2E01               	decfsz	Delay10TCYx@unit,f,c
  1154  000A98  D7FA               	goto	l790
  1155  000A9A  0012               	return	
  1156  000A9C                     __end_of_Delay10TCYx:
  1157                           	opt stack 0
  1158                           tblptru	equ	0xFF8
  1159                           tblptrh	equ	0xFF7
  1160                           tblptrl	equ	0xFF6
  1161                           tablat	equ	0xFF5
  1162                           intcon	equ	0xFF2
  1163                           wreg	equ	0xFE8
  1164                           status	equ	0xFD8
  1165                           tblptru	equ	0xFF8
  1166                           tblptrh	equ	0xFF7
  1167                           tblptrl	equ	0xFF6
  1168                           tablat	equ	0xFF5
  1169                           intcon	equ	0xFF2
  1170                           wreg	equ	0xFE8
  1171                           status	equ	0xFD8
  1172                           
  1173                           	psect	rparam
  1174  0000                     tblptru	equ	0xFF8
  1175                           tblptrh	equ	0xFF7
  1176                           tblptrl	equ	0xFF6
  1177                           tablat	equ	0xFF5
  1178                           intcon	equ	0xFF2
  1179                           wreg	equ	0xFE8
  1180                           status	equ	0xFD8


Data Sizes:
    Strings     10
    Constant    0
    Data        0
    BSS         0
    Persistent  0
    Stack       0

Auto Spaces:
    Space          Size  Autos    Used
    COMRAM           95      8       8
    BANK0           160      0       0
    BANK1           256      0       0
    BANK2           256      0       0
    BANK3           256      0       0
    BANK4           256      0       0
    BANK5           256      0       0
    BANK6           256      0       0
    BANK7           256      0       0

Pointer List with Targets:

    putrsXLCD@buffer	PTR const unsigned char  size(2) Largest target is 10
		 -> STR_1(CODE[10]), 


Critical Paths under _main in COMRAM

    _main->_OpenXLCD
    _putrsXLCD->_WriteDataXLCD
    _OpenXLCD->_SetDDRamAddr
    _DelayPORXLCD->_Delay1KTCYx
    _DelayFor18TCY->_Delay10TCYx

Critical Paths under _main in BANK0

    None.

Critical Paths under _main in BANK1

    None.

Critical Paths under _main in BANK2

    None.

Critical Paths under _main in BANK3

    None.

Critical Paths under _main in BANK4

    None.

Critical Paths under _main in BANK5

    None.

Critical Paths under _main in BANK6

    None.

Critical Paths under _main in BANK7

    None.

Call Graph Tables:

 ---------------------------------------------------------------------------------
 (Depth) Function   	        Calls       Base Space   Used Autos Params    Refs
 ---------------------------------------------------------------------------------
 (0) _main                                                 2     2      0     616
                                              6 COMRAM     2     2      0
                           _BusyXLCD
                           _OpenXLCD
                       _SetDDRamAddr
                       _WriteCmdXLCD
                      _WriteDataXLCD
                    _escribir_eeprom
                        _leer_eeprom
                          _putrsXLCD
 ---------------------------------------------------------------------------------
 (1) _putrsXLCD                                            2     0      2     169
                                              2 COMRAM     2     0      2
                           _BusyXLCD
                      _WriteDataXLCD
 ---------------------------------------------------------------------------------
 (2) _WriteDataXLCD                                        1     1      0      45
                                              1 COMRAM     1     1      0
                      _DelayFor18TCY
 ---------------------------------------------------------------------------------
 (1) _leer_eeprom                                          1     1      0      15
                                              0 COMRAM     1     1      0
 ---------------------------------------------------------------------------------
 (1) _escribir_eeprom                                      2     1      1     108
                                              0 COMRAM     2     1      1
 ---------------------------------------------------------------------------------
 (1) _OpenXLCD                                             1     1      0     150
                                              5 COMRAM     1     1      0
                           _BusyXLCD
                       _Delay10KTCYx
                       _DelayPORXLCD
                       _SetDDRamAddr
                       _WriteCmdXLCD
 ---------------------------------------------------------------------------------
 (1) _WriteCmdXLCD                                         1     1      0      45
                                              1 COMRAM     1     1      0
                      _DelayFor18TCY
 ---------------------------------------------------------------------------------
 (1) _SetDDRamAddr                                         4     4      0      45
                                              1 COMRAM     4     4      0
                      _DelayFor18TCY
 ---------------------------------------------------------------------------------
 (2) _DelayPORXLCD                                         0     0      0      15
                        _Delay1KTCYx
 ---------------------------------------------------------------------------------
 (3) _Delay1KTCYx                                          1     1      0      15
                                              0 COMRAM     1     1      0
 ---------------------------------------------------------------------------------
 (2) _Delay10KTCYx                                         2     2      0      15
                                              0 COMRAM     2     2      0
 ---------------------------------------------------------------------------------
 (2) _BusyXLCD                                             0     0      0      15
                      _DelayFor18TCY
 ---------------------------------------------------------------------------------
 (3) _DelayFor18TCY                                        0     0      0      15
                        _Delay10TCYx
 ---------------------------------------------------------------------------------
 (4) _Delay10TCYx                                          1     1      0      15
                                              0 COMRAM     1     1      0
 ---------------------------------------------------------------------------------
 Estimated maximum stack depth 4
 ---------------------------------------------------------------------------------

 Call Graph Graphs:

 _main (ROOT)
   _BusyXLCD
     _DelayFor18TCY
       _Delay10TCYx
   _OpenXLCD
     _BusyXLCD
       _DelayFor18TCY
         _Delay10TCYx
     _Delay10KTCYx
     _DelayPORXLCD
       _Delay1KTCYx
     _SetDDRamAddr
       _DelayFor18TCY
         _Delay10TCYx
     _WriteCmdXLCD
       _DelayFor18TCY
         _Delay10TCYx
   _SetDDRamAddr
     _DelayFor18TCY
       _Delay10TCYx
   _WriteCmdXLCD
     _DelayFor18TCY
       _Delay10TCYx
   _WriteDataXLCD
     _DelayFor18TCY
       _Delay10TCYx
   _escribir_eeprom
   _leer_eeprom
   _putrsXLCD
     _BusyXLCD
       _DelayFor18TCY
         _Delay10TCYx
     _WriteDataXLCD
       _DelayFor18TCY
         _Delay10TCYx

 Address spaces:
Name               Size   Autos  Total    Cost      Usage
BITCOMRAM           5F      0       0       0        0.0%
EEDATA             100      0       0       0        0.0%
NULL                 0      0       0       0        0.0%
CODE                 0      0       0       0        0.0%
COMRAM              5F      8       8       1        8.4%
STACK                0      0       0       2        0.0%
DATA                 0      0       0       3        0.0%
BITBANK0            A0      0       0       4        0.0%
BANK0               A0      0       0       5        0.0%
BITBANK1           100      0       0       6        0.0%
BANK1              100      0       0       7        0.0%
BITBANK2           100      0       0       8        0.0%
BANK2              100      0       0       9        0.0%
BITBANK3           100      0       0      10        0.0%
BANK3              100      0       0      11        0.0%
BITBANK4           100      0       0      12        0.0%
BANK4              100      0       0      13        0.0%
BITBANK5           100      0       0      14        0.0%
BANK5              100      0       0      15        0.0%
BITBANK6           100      0       0      16        0.0%
BANK6              100      0       0      17        0.0%
BITBANK7           100      0       0      18        0.0%
BANK7              100      0       0      19        0.0%
ABS                  0      0       0      20        0.0%
BIGRAM             7FF      0       0      21        0.0%
BITSFR               0      0       0      40        0.0%
SFR                  0      0       0      40        0.0%


Microchip Technology PIC18 Macro Assembler V1.35 build -356382666 
Symbol Table                                                                                   Sat Sep 18 09:03:01 2021

                      l32 0A60                        l29 0A40                        l65 09F6  
                      u25 0918                       l912 0A68                       l790 0A8E  
                     l796 0A7E                       l980 085E                       l974 0844  
                     l992 088E                       l984 086E                       l976 084E  
                     l996 089E                       l988 087E                       u207 0A80  
                     u217 0A6E                       u227 0A90              __CFG_BOR$OFF 000000  
   __size_of_WriteCmdXLCD 003E                       wreg 000FE8              __CFG_LVP$OFF 000000  
            __CFG_WDT$OFF 000000                      l1060 0A0C                      l1070 08B6  
                    l1066 0A2A                      l1078 08DE              ?_leer_eeprom 0001  
                    STR_1 0801                      _main 08B0               main@simbolo 0007  
  __size_of_WriteDataXLCD 003E  __size_of_escribir_eeprom 0028                      start 0000  
           __CFG_IESO$OFF 000000             __CFG_MCLRE$ON 000000              ___param_bank 000010  
             _Delay10TCYx 0A8C              _WriteCmdXLCD 0992               _Delay1KTCYx 0A7C  
           __CFG_PLLDIV$5 000000             ?_SetDDRamAddr 0001                     ?_main 0001  
                   _EEADR 000FA9                     _PORTB 000F81             __CFG_USBDIV$2 000000  
                   _TRISB 000F93     __size_of_Delay10KTCYx 0016             __CFG_PWRT$OFF 000000  
          __CFG_FCMEN$OFF 000000                     tablat 000FF5                     status 000FD8  
          __CFG_ICPRT$OFF 000000           __initialization 0A9C              __end_of_main 0902  
        __end_of_BusyXLCD 0A0A              _Delay10KTCYx 0A66     __size_of_DelayPORXLCD 0008  
          ??_SetDDRamAddr 0002          __end_of_OpenXLCD 08B0                    ??_main 0007  
           __activetblptr 000001             _WriteDataXLCD 0954                    _EEDATA 000FA8  
                  _EECON2 000FA7              _DelayPORXLCD 0AB8            __CFG_XINST$OFF 000000  
          __CFG_STVREN$ON 000000         ??_escribir_eeprom 0002            ?_WriteDataXLCD 0001  
            __mediumconst 0000                    tblptrh 000FF7                    tblptrl 000FF6  
                  tblptru 000FF8                __accesstop 0060   __end_of__initialization 0A9C  
         __CFG_PBADEN$OFF 000000      __size_of_leer_eeprom 000E  escribir_eeprom@direccion 0002  
           ___rparam_used 000001            __pcstackCOMRAM 0001    __size_of_DelayFor18TCY 0008  
               ?_BusyXLCD 0001           WriteCmdXLCD@cmd 0002      __end_of_SetDDRamAddr 0954  
               ?_OpenXLCD 0001         WriteDataXLCD@data 0002              ?_Delay10TCYx 0001  
         ??_WriteDataXLCD 0002              ?_Delay1KTCYx 0001        __size_of_putrsXLCD 0034  
              ??_BusyXLCD 0002           __CFG_VREGEN$OFF 000000                ??_OpenXLCD 0006  
                 __Hparam 0000                   __Lparam 0000             _DelayFor18TCY 0AC0  
            __psmallconst 0800                   __pcinit 0A9C           putrsXLCD@buffer 0003  
         Delay10TCYx@unit 0001                   __ramtop 0800                   __ptext0 08B0  
                 __ptext1 0A0A                   __ptext2 0954                   __ptext3 0AAA  
                 __ptext4 0A3E                   __ptext5 080C                   __ptext6 0992  
                 __ptext7 0902                   __ptext8 0AB8                   __ptext9 0A7C  
    end_of_initialization 0A9C           _escribir_eeprom 0A3E            ?_DelayFor18TCY 0001  
       __end_of_putrsXLCD 0A3E                 _TRISBbits 000F93     __size_of_SetDDRamAddr 0052  
    __size_of_Delay10TCYx 0010              _SetDDRamAddr 0902      __size_of_Delay1KTCYx 0010  
      SetDDRamAddr@DDaddr 0005       start_initialization 0A9C   __end_of_escribir_eeprom 0A66  
           ??_leer_eeprom 0001         __size_of_BusyXLCD 003A           ??_DelayFor18TCY 0002  
       __size_of_OpenXLCD 00A4             ?_WriteCmdXLCD 0001          __CFG_LPT1OSC$OFF 000000  
         Delay1KTCYx@unit 0001       __end_of_leer_eeprom 0AB8            ??_WriteCmdXLCD 0002  
           ?_Delay10KTCYx 0001     __end_of_WriteDataXLCD 0992               __smallconst 0800  
        ?_escribir_eeprom 0001                  _LATBbits 000F8A             ?_DelayPORXLCD 0001  
         OpenXLCD@lcdtype 0006          __CFG_WDTPS$32768 000000            ??_Delay10KTCYx 0001  
               _putrsXLCD 0A0A                 main@letra 0008          Delay10KTCYx@unit 0002  
             _leer_eeprom 0AAA                  _BusyXLCD 09D0       escribir_eeprom@dato 0001  
          ??_DelayPORXLCD 0002                _EECON1bits 000FA6                  _OpenXLCD 080C  
                __Hrparam 0000                  __Lrparam 0000              __Lsmallconst 0800  
              ?_putrsXLCD 0003                  __ptext10 0A66                  __ptext11 09D0  
                __ptext12 0AC0                  __ptext13 0A8C      __end_of_WriteCmdXLCD 09D0  
           __size_of_main 0052             ??_Delay10TCYx 0001             ??_Delay1KTCYx 0001  
   __CFG_CPUDIV$OSC1_PLL2 000000                _INTCONbits 000FF2      __end_of_Delay10KTCYx 0A7C  
   __end_of_DelayFor18TCY 0AC8       __end_of_Delay10TCYx 0A9C      __end_of_DelayPORXLCD 0AC0  
             ??_putrsXLCD 0005       __end_of_Delay1KTCYx 0A8C        __CFG_FOSC$HSPLL_HS 000000  
    leer_eeprom@direccion 0001  
