

Microchip Technology PIC18 LITE Macro Assembler V1.35 build -356382666 
                                                                                               Tue May 17 11:05:57 2022

Microchip Technology Omniscient Code Generator v1.35 (Free mode) build 201507080246
     1                           	processor	18F4550
     2                           	fnconf	rparam,??,?,0
     3                           	opt	pw 120
     4                           	opt	lm
     5                           	psect	nvCOMRAM,global,class=COMRAM,space=1,delta=1
     6                           	psect	cinit,global,reloc=2,class=CODE,delta=1
     7                           	psect	cstackCOMRAM,global,class=COMRAM,space=1,delta=1
     8                           	psect	text0,global,reloc=2,class=CODE,delta=1
     9                           	psect	text1,global,reloc=2,class=CODE,delta=1
    10                           	psect	text2,global,reloc=2,class=CODE,delta=1
    11                           	psect	intcode,global,reloc=2,class=CODE,delta=1
    12                           	psect	intcode_body,global,reloc=2,class=CODE,delta=1
    13                           	psect	text4,global,reloc=2,class=CODE,delta=1
    14                           	psect	intsave_regs,global,class=BIGRAM,space=1,delta=1
    15                           	psect	rparam,global,class=COMRAM,space=1,delta=1
    16                           	psect	temp,global,ovrld,common,class=COMRAM,space=1,delta=1
    17  0000                     
    18                           	psect	nvCOMRAM
    19  000017                     __pnvCOMRAM:
    20                           	opt stack 0
    21  000017                     _timerconfig:
    22                           	opt stack 0
    23  000017                     	ds	1
    24  0000                     _INTCONbits	set	4082
    25  0000                     _T0CON	set	4053
    26  0000                     _T0CONbits	set	4053
    27  0000                     _TMR0H	set	4055
    28  0000                     _TMR0L	set	4054
    29  0000                     _TRISB	set	3987
    30  0000                     _LATB0	set	31824
    31                           
    32                           ; #config settings
    33  0000                     
    34                           	psect	cinit
    35  00010E                     __pcinit:
    36                           	opt stack 0
    37  00010E                     start_initialization:
    38                           	opt stack 0
    39  00010E                     __initialization:
    40                           	opt stack 0
    41  00010E                     end_of_initialization:
    42                           	opt stack 0
    43  00010E                     __end_of__initialization:
    44                           	opt stack 0
    45  00010E  9018               	bcf	int$flags,0,c	;clear compiler interrupt flag (level 1)
    46  000110  9218               	bcf	int$flags,1,c	;clear compiler interrupt flag (level 2)
    47  000112  0100               	movlb	0
    48  000114  EF54  F000         	goto	_main	;jump to C main() function
    49                           
    50                           	psect	cstackCOMRAM
    51  000001                     __pcstackCOMRAM:
    52                           	opt stack 0
    53  000001                     i2WriteTimer0@timer0:
    54                           	opt stack 0
    55                           
    56                           ; 2 bytes @ 0x0
    57  000001                     	ds	2
    58  000003                     i2WriteTimer0@timer:
    59                           	opt stack 0
    60                           
    61                           ; 2 bytes @ 0x2
    62  000003                     	ds	2
    63  000005                     ??_TimerOverflow:
    64                           
    65                           ; 0 bytes @ 0x4
    66  000005                     	ds	14
    67  000013                     OpenTimer0@config:
    68                           	opt stack 0
    69  000013                     WriteTimer0@timer0:
    70                           	opt stack 0
    71                           
    72                           ; 2 bytes @ 0x12
    73  000013                     	ds	2
    74  000015                     WriteTimer0@timer:
    75                           	opt stack 0
    76                           
    77                           ; 2 bytes @ 0x14
    78  000015                     	ds	2
    79  000017                     
    80                           ; 0 bytes @ 0x16
    81 ;;
    82 ;;Main: autosize = 0, tempsize = 0, incstack = 0, save=0
    83 ;;
    84 ;; *************** function _main *****************
    85 ;; Defined at:
    86 ;;		line 7 in file "main_contador.c"
    87 ;; Parameters:    Size  Location     Type
    88 ;;		None
    89 ;; Auto vars:     Size  Location     Type
    90 ;;		None
    91 ;; Return value:  Size  Location     Type
    92 ;;		None               void
    93 ;; Registers used:
    94 ;;		wreg, status,2, status,0, cstack
    95 ;; Tracked objects:
    96 ;;		On entry : 0/0
    97 ;;		On exit  : 0/0
    98 ;;		Unchanged: 0/0
    99 ;; Data sizes:     COMRAM   BANK0   BANK1   BANK2   BANK3   BANK4   BANK5   BANK6   BANK7
   100 ;;      Params:         0       0       0       0       0       0       0       0       0
   101 ;;      Locals:         0       0       0       0       0       0       0       0       0
   102 ;;      Temps:          0       0       0       0       0       0       0       0       0
   103 ;;      Totals:         0       0       0       0       0       0       0       0       0
   104 ;;Total ram usage:        0 bytes
   105 ;; Hardware stack levels required when called:    3
   106 ;; This function calls:
   107 ;;		_OpenTimer0
   108 ;;		_WriteTimer0
   109 ;; This function is called by:
   110 ;;		Startup code after reset
   111 ;; This function uses a non-reentrant model
   112 ;;
   113                           
   114                           	psect	text0
   115  0000A8                     __ptext0:
   116                           	opt stack 0
   117  0000A8                     _main:
   118                           	opt stack 28
   119                           
   120                           ;main_contador.c: 9: TRISB=0x00;
   121                           
   122                           ;incstack = 0
   123  0000A8  0E00               	movlw	0
   124  0000AA  6E93               	movwf	3987,c	;volatile
   125                           
   126                           ;main_contador.c: 10: LATB0=1;
   127  0000AC  808A               	bsf	3978,0,c	;volatile
   128                           
   129                           ;main_contador.c: 16: timerconfig= 0b11111111 & 0b10111111 & 0b11011111 & 0b11110111 ;
   130  0000AE  0E97               	movlw	151
   131  0000B0  6E17               	movwf	_timerconfig,c
   132                           
   133                           ;main_contador.c: 18: OpenTimer0(timerconfig);
   134  0000B2  5017               	movf	_timerconfig,w,c
   135  0000B4  EC65  F000         	call	_OpenTimer0
   136                           
   137                           ;main_contador.c: 19: WriteTimer0(0xB3B4);
   138  0000B8  0EB3               	movlw	179
   139  0000BA  6E14               	movwf	WriteTimer0@timer0+1,c
   140  0000BC  0EB4               	movlw	180
   141  0000BE  6E13               	movwf	WriteTimer0@timer0,c
   142  0000C0  EC75  F000         	call	_WriteTimer0	;wreg free
   143                           
   144                           ;main_contador.c: 20: INTCONbits.TMR0IF = 1;
   145  0000C4  84F2               	bsf	intcon,2,c	;volatile
   146                           
   147                           ;main_contador.c: 22: (INTCONbits.GIE = 1);
   148  0000C6  8EF2               	bsf	intcon,7,c	;volatile
   149  0000C8  D7FF               	goto	l16
   150  0000CA                     __end_of_main:
   151                           	opt stack 0
   152                           intcon	equ	0xFF2
   153                           
   154 ;; *************** function _WriteTimer0 *****************
   155 ;; Defined at:
   156 ;;		line 16 in file "C:\Program Files (x86)\Microchip\xc8\v1.35\sources\pic18\plib\Timers\t0write.c"
   157 ;; Parameters:    Size  Location     Type
   158 ;;  timer0          2   18[COMRAM] unsigned int 
   159 ;; Auto vars:     Size  Location     Type
   160 ;;  timer           2   20[COMRAM] struct Timers
   161 ;; Return value:  Size  Location     Type
   162 ;;		None               void
   163 ;; Registers used:
   164 ;;		None
   165 ;; Tracked objects:
   166 ;;		On entry : 0/0
   167 ;;		On exit  : 0/0
   168 ;;		Unchanged: 0/0
   169 ;; Data sizes:     COMRAM   BANK0   BANK1   BANK2   BANK3   BANK4   BANK5   BANK6   BANK7
   170 ;;      Params:         2       0       0       0       0       0       0       0       0
   171 ;;      Locals:         2       0       0       0       0       0       0       0       0
   172 ;;      Temps:          0       0       0       0       0       0       0       0       0
   173 ;;      Totals:         4       0       0       0       0       0       0       0       0
   174 ;;Total ram usage:        4 bytes
   175 ;; Hardware stack levels used:    1
   176 ;; Hardware stack levels required when called:    2
   177 ;; This function calls:
   178 ;;		Nothing
   179 ;; This function is called by:
   180 ;;		_main
   181 ;; This function uses a non-reentrant model
   182 ;;
   183                           
   184                           	psect	text1
   185  0000EA                     __ptext1:
   186                           	opt stack 0
   187  0000EA                     _WriteTimer0:
   188                           	opt stack 28
   189                           
   190                           ;incstack = 0
   191  0000EA  C013  F015         	movff	WriteTimer0@timer0,WriteTimer0@timer
   192  0000EE  C014  F016         	movff	WriteTimer0@timer0+1,WriteTimer0@timer+1
   193  0000F2  C016  FFD7         	movff	WriteTimer0@timer+1,4055	;volatile
   194  0000F6  C015  FFD6         	movff	WriteTimer0@timer,4054	;volatile
   195  0000FA  0012               	return		;funcret
   196  0000FC                     __end_of_WriteTimer0:
   197                           	opt stack 0
   198                           intcon	equ	0xFF2
   199                           
   200 ;; *************** function _OpenTimer0 *****************
   201 ;; Defined at:
   202 ;;		line 18 in file "C:\Program Files (x86)\Microchip\xc8\v1.35\sources\pic18\plib\Timers\t0open.c"
   203 ;; Parameters:    Size  Location     Type
   204 ;;  config          1    wreg     unsigned char 
   205 ;; Auto vars:     Size  Location     Type
   206 ;;  config          1   18[COMRAM] unsigned char 
   207 ;; Return value:  Size  Location     Type
   208 ;;		None               void
   209 ;; Registers used:
   210 ;;		wreg, status,2, status,0
   211 ;; Tracked objects:
   212 ;;		On entry : 0/0
   213 ;;		On exit  : 0/0
   214 ;;		Unchanged: 0/0
   215 ;; Data sizes:     COMRAM   BANK0   BANK1   BANK2   BANK3   BANK4   BANK5   BANK6   BANK7
   216 ;;      Params:         0       0       0       0       0       0       0       0       0
   217 ;;      Locals:         1       0       0       0       0       0       0       0       0
   218 ;;      Temps:          0       0       0       0       0       0       0       0       0
   219 ;;      Totals:         1       0       0       0       0       0       0       0       0
   220 ;;Total ram usage:        1 bytes
   221 ;; Hardware stack levels used:    1
   222 ;; Hardware stack levels required when called:    2
   223 ;; This function calls:
   224 ;;		Nothing
   225 ;; This function is called by:
   226 ;;		_main
   227 ;; This function uses a non-reentrant model
   228 ;;
   229                           
   230                           	psect	text2
   231  0000CA                     __ptext2:
   232                           	opt stack 0
   233  0000CA                     _OpenTimer0:
   234                           	opt stack 28
   235                           
   236                           ;incstack = 0
   237                           ;OpenTimer0@config stored from wreg
   238  0000CA  6E13               	movwf	OpenTimer0@config,c
   239  0000CC  5013               	movf	OpenTimer0@config,w,c
   240  0000CE  0B7F               	andlw	127
   241  0000D0  6ED5               	movwf	4053,c	;volatile
   242  0000D2  0E00               	movlw	0
   243  0000D4  6ED7               	movwf	4055,c	;volatile
   244  0000D6  0E00               	movlw	0
   245  0000D8  6ED6               	movwf	4054,c	;volatile
   246  0000DA  94F2               	bcf	intcon,2,c	;volatile
   247  0000DC  AE13               	btfss	OpenTimer0@config,7,c
   248  0000DE  D002               	goto	l35
   249  0000E0  8AF2               	bsf	intcon,5,c	;volatile
   250  0000E2  D001               	goto	l36
   251  0000E4                     l35:
   252  0000E4  9AF2               	bcf	intcon,5,c	;volatile
   253  0000E6                     l36:
   254  0000E6  8ED5               	bsf	4053,7,c	;volatile
   255  0000E8  0012               	return		;funcret
   256  0000EA                     __end_of_OpenTimer0:
   257                           	opt stack 0
   258                           intcon	equ	0xFF2
   259                           
   260 ;; *************** function _TimerOverflow *****************
   261 ;; Defined at:
   262 ;;		line 28 in file "main_contador.c"
   263 ;; Parameters:    Size  Location     Type
   264 ;;		None
   265 ;; Auto vars:     Size  Location     Type
   266 ;;		None
   267 ;; Return value:  Size  Location     Type
   268 ;;		None               void
   269 ;; Registers used:
   270 ;;		wreg, status,2, cstack
   271 ;; Tracked objects:
   272 ;;		On entry : 0/0
   273 ;;		On exit  : 0/0
   274 ;;		Unchanged: 0/0
   275 ;; Data sizes:     COMRAM   BANK0   BANK1   BANK2   BANK3   BANK4   BANK5   BANK6   BANK7
   276 ;;      Params:         0       0       0       0       0       0       0       0       0
   277 ;;      Locals:         0       0       0       0       0       0       0       0       0
   278 ;;      Temps:         14       0       0       0       0       0       0       0       0
   279 ;;      Totals:        14       0       0       0       0       0       0       0       0
   280 ;;Total ram usage:       14 bytes
   281 ;; Hardware stack levels used:    1
   282 ;; Hardware stack levels required when called:    1
   283 ;; This function calls:
   284 ;;		i2_WriteTimer0
   285 ;; This function is called by:
   286 ;;		Interrupt level 2
   287 ;; This function uses a non-reentrant model
   288 ;;
   289                           
   290                           	psect	intcode
   291  000008                     __pintcode:
   292                           	opt stack 0
   293  000008                     _TimerOverflow:
   294                           	opt stack 28
   295                           
   296                           ;incstack = 0
   297  000008  8218               	bsf	btemp,1,c	;set compiler interrupt flag (level 2)
   298  00000A  CFFA F005          	movff	pclath,??_TimerOverflow
   299  00000E  CFFB F006          	movff	pclatu,??_TimerOverflow+1
   300  000012  ED0D  F000         	call	int_func,f	;refresh shadow registers
   301                           pclatu	equ	0xFFB
   302                           pclath	equ	0xFFA
   303                           intcon	equ	0xFF2
   304                           
   305                           	psect	intcode_body
   306  00001A                     __pintcode_body:
   307                           	opt stack 28
   308  00001A                     int_func:
   309                           	opt stack 28
   310  00001A  0006               	pop		; remove dummy address from shadow register refresh
   311  00001C  CFE9 F007          	movff	fsr0l,??_TimerOverflow+2
   312  000020  CFEA F008          	movff	fsr0h,??_TimerOverflow+3
   313  000024  CFE1 F009          	movff	fsr1l,??_TimerOverflow+4
   314  000028  CFE2 F00A          	movff	fsr1h,??_TimerOverflow+5
   315  00002C  CFD9 F00B          	movff	fsr2l,??_TimerOverflow+6
   316  000030  CFDA F00C          	movff	fsr2h,??_TimerOverflow+7
   317  000034  CFF3 F00D          	movff	prodl,??_TimerOverflow+8
   318  000038  CFF4 F00E          	movff	prodh,??_TimerOverflow+9
   319  00003C  CFF6 F00F          	movff	tblptrl,??_TimerOverflow+10
   320  000040  CFF7 F010          	movff	tblptrh,??_TimerOverflow+11
   321  000044  CFF8 F011          	movff	tblptru,??_TimerOverflow+12
   322  000048  CFF5 F012          	movff	tablat,??_TimerOverflow+13
   323                           
   324                           ;main_contador.c: 30: (INTCONbits.GIE = 0);
   325  00004C  9EF2               	bcf	intcon,7,c	;volatile
   326                           
   327                           ;main_contador.c: 31: if(INTCONbits.TMR0IF == 1)
   328  00004E  A4F2               	btfss	intcon,2,c	;volatile
   329  000050  D00C               	goto	i2l716
   330                           
   331                           ;main_contador.c: 32: {
   332                           ;main_contador.c: 33: LATB0 = ~LATB0;
   333  000052  B08A               	btfsc	3978,0,c	;volatile
   334  000054  D002               	goto	i2u6_40
   335  000056  808A               	bsf	3978,0,c	;volatile
   336  000058  D001               	goto	i2u7_45
   337  00005A                     i2u6_40:
   338  00005A  908A               	bcf	3978,0,c	;volatile
   339  00005C                     i2u7_45:
   340                           
   341                           ;main_contador.c: 34: INTCONbits.TMR0IF = 0;
   342  00005C  94F2               	bcf	intcon,2,c	;volatile
   343                           
   344                           ;main_contador.c: 35: WriteTimer0(0xB3B4);
   345  00005E  0EB3               	movlw	179
   346  000060  6E02               	movwf	i2WriteTimer0@timer0+1,c
   347  000062  0EB4               	movlw	180
   348  000064  6E01               	movwf	i2WriteTimer0@timer0,c
   349  000066  EC7E  F000         	call	i2_WriteTimer0	;wreg free
   350  00006A                     i2l716:
   351                           
   352                           ;main_contador.c: 36: }
   353                           ;main_contador.c: 37: (INTCONbits.GIE = 1);
   354  00006A  8EF2               	bsf	intcon,7,c	;volatile
   355  00006C  C012  FFF5         	movff	??_TimerOverflow+13,tablat
   356  000070  C011  FFF8         	movff	??_TimerOverflow+12,tblptru
   357  000074  C010  FFF7         	movff	??_TimerOverflow+11,tblptrh
   358  000078  C00F  FFF6         	movff	??_TimerOverflow+10,tblptrl
   359  00007C  C00E  FFF4         	movff	??_TimerOverflow+9,prodh
   360  000080  C00D  FFF3         	movff	??_TimerOverflow+8,prodl
   361  000084  C00C  FFDA         	movff	??_TimerOverflow+7,fsr2h
   362  000088  C00B  FFD9         	movff	??_TimerOverflow+6,fsr2l
   363  00008C  C00A  FFE2         	movff	??_TimerOverflow+5,fsr1h
   364  000090  C009  FFE1         	movff	??_TimerOverflow+4,fsr1l
   365  000094  C008  FFEA         	movff	??_TimerOverflow+3,fsr0h
   366  000098  C007  FFE9         	movff	??_TimerOverflow+2,fsr0l
   367  00009C  C006  FFFB         	movff	??_TimerOverflow+1,pclatu
   368  0000A0  C005  FFFA         	movff	??_TimerOverflow,pclath
   369  0000A4  9218               	bcf	btemp,1,c	;clear compiler interrupt flag (level 2)
   370  0000A6  0011               	retfie		f
   371  0000A8                     __end_of_TimerOverflow:
   372                           	opt stack 0
   373                           pclatu	equ	0xFFB
   374                           pclath	equ	0xFFA
   375                           tblptru	equ	0xFF8
   376                           tblptrh	equ	0xFF7
   377                           tblptrl	equ	0xFF6
   378                           tablat	equ	0xFF5
   379                           prodh	equ	0xFF4
   380                           prodl	equ	0xFF3
   381                           intcon	equ	0xFF2
   382                           fsr0h	equ	0xFEA
   383                           fsr0l	equ	0xFE9
   384                           fsr1h	equ	0xFE2
   385                           fsr1l	equ	0xFE1
   386                           fsr2h	equ	0xFDA
   387                           fsr2l	equ	0xFD9
   388                           
   389 ;; *************** function i2_WriteTimer0 *****************
   390 ;; Defined at:
   391 ;;		line 16 in file "C:\Program Files (x86)\Microchip\xc8\v1.35\sources\pic18\plib\Timers\t0write.c"
   392 ;; Parameters:    Size  Location     Type
   393 ;;  timer0          2    0[COMRAM] unsigned int 
   394 ;; Auto vars:     Size  Location     Type
   395 ;;  WriteTimer0     2    2[COMRAM] struct Timers
   396 ;; Return value:  Size  Location     Type
   397 ;;		None               void
   398 ;; Registers used:
   399 ;;		None
   400 ;; Tracked objects:
   401 ;;		On entry : 0/0
   402 ;;		On exit  : 0/0
   403 ;;		Unchanged: 0/0
   404 ;; Data sizes:     COMRAM   BANK0   BANK1   BANK2   BANK3   BANK4   BANK5   BANK6   BANK7
   405 ;;      Params:         2       0       0       0       0       0       0       0       0
   406 ;;      Locals:         2       0       0       0       0       0       0       0       0
   407 ;;      Temps:          0       0       0       0       0       0       0       0       0
   408 ;;      Totals:         4       0       0       0       0       0       0       0       0
   409 ;;Total ram usage:        4 bytes
   410 ;; Hardware stack levels used:    1
   411 ;; This function calls:
   412 ;;		Nothing
   413 ;; This function is called by:
   414 ;;		_TimerOverflow
   415 ;; This function uses a non-reentrant model
   416 ;;
   417                           
   418                           	psect	text4
   419  0000FC                     __ptext4:
   420                           	opt stack 0
   421  0000FC                     i2_WriteTimer0:
   422                           	opt stack 28
   423                           
   424                           ;incstack = 0
   425  0000FC  C001  F003         	movff	i2WriteTimer0@timer0,i2WriteTimer0@timer
   426  000100  C002  F004         	movff	i2WriteTimer0@timer0+1,i2WriteTimer0@timer+1
   427  000104  C004  FFD7         	movff	i2WriteTimer0@timer+1,4055	;volatile
   428  000108  C003  FFD6         	movff	i2WriteTimer0@timer,4054	;volatile
   429  00010C  0012               	return		;funcret
   430  00010E                     __end_ofi2_WriteTimer0:
   431                           	opt stack 0
   432  0000                     pclatu	equ	0xFFB
   433                           pclath	equ	0xFFA
   434                           tblptru	equ	0xFF8
   435                           tblptrh	equ	0xFF7
   436                           tblptrl	equ	0xFF6
   437                           tablat	equ	0xFF5
   438                           prodh	equ	0xFF4
   439                           prodl	equ	0xFF3
   440                           intcon	equ	0xFF2
   441                           fsr0h	equ	0xFEA
   442                           fsr0l	equ	0xFE9
   443                           fsr1h	equ	0xFE2
   444                           fsr1l	equ	0xFE1
   445                           fsr2h	equ	0xFDA
   446                           fsr2l	equ	0xFD9
   447                           pclatu	equ	0xFFB
   448                           pclath	equ	0xFFA
   449                           tblptru	equ	0xFF8
   450                           tblptrh	equ	0xFF7
   451                           tblptrl	equ	0xFF6
   452                           tablat	equ	0xFF5
   453                           prodh	equ	0xFF4
   454                           prodl	equ	0xFF3
   455                           intcon	equ	0xFF2
   456                           fsr0h	equ	0xFEA
   457                           fsr0l	equ	0xFE9
   458                           fsr1h	equ	0xFE2
   459                           fsr1l	equ	0xFE1
   460                           fsr2h	equ	0xFDA
   461                           fsr2l	equ	0xFD9
   462                           
   463                           	psect	rparam
   464  0000                     pclatu	equ	0xFFB
   465                           pclath	equ	0xFFA
   466                           tblptru	equ	0xFF8
   467                           tblptrh	equ	0xFF7
   468                           tblptrl	equ	0xFF6
   469                           tablat	equ	0xFF5
   470                           prodh	equ	0xFF4
   471                           prodl	equ	0xFF3
   472                           intcon	equ	0xFF2
   473                           fsr0h	equ	0xFEA
   474                           fsr0l	equ	0xFE9
   475                           fsr1h	equ	0xFE2
   476                           fsr1l	equ	0xFE1
   477                           fsr2h	equ	0xFDA
   478                           fsr2l	equ	0xFD9
   479                           
   480                           	psect	temp
   481  000018                     btemp:
   482                           	opt stack 0
   483  000018                     	ds	1
   484  0000                     int$flags	set	btemp
   485                           pclatu	equ	0xFFB
   486                           pclath	equ	0xFFA
   487                           tblptru	equ	0xFF8
   488                           tblptrh	equ	0xFF7
   489                           tblptrl	equ	0xFF6
   490                           tablat	equ	0xFF5
   491                           prodh	equ	0xFF4
   492                           prodl	equ	0xFF3
   493                           intcon	equ	0xFF2
   494                           fsr0h	equ	0xFEA
   495                           fsr0l	equ	0xFE9
   496                           fsr1h	equ	0xFE2
   497                           fsr1l	equ	0xFE1
   498                           fsr2h	equ	0xFDA
   499                           fsr2l	equ	0xFD9


Data Sizes:
    Strings     0
    Constant    0
    Data        0
    BSS         0
    Persistent  1
    Stack       0

Auto Spaces:
    Space          Size  Autos    Used
    COMRAM           94     22      23
    BANK0           160      0       0
    BANK1           256      0       0
    BANK2           256      0       0
    BANK3           256      0       0
    BANK4           256      0       0
    BANK5           256      0       0
    BANK6           256      0       0
    BANK7           256      0       0

Pointer List with Targets:

    None.

Critical Paths under _main in COMRAM

    _main->_WriteTimer0

Critical Paths under _TimerOverflow in COMRAM

    _TimerOverflow->i2_WriteTimer0

Critical Paths under _main in BANK0

    None.

Critical Paths under _TimerOverflow in BANK0

    None.

Critical Paths under _main in BANK1

    None.

Critical Paths under _TimerOverflow in BANK1

    None.

Critical Paths under _main in BANK2

    None.

Critical Paths under _TimerOverflow in BANK2

    None.

Critical Paths under _main in BANK3

    None.

Critical Paths under _TimerOverflow in BANK3

    None.

Critical Paths under _main in BANK4

    None.

Critical Paths under _TimerOverflow in BANK4

    None.

Critical Paths under _main in BANK5

    None.

Critical Paths under _TimerOverflow in BANK5

    None.

Critical Paths under _main in BANK6

    None.

Critical Paths under _TimerOverflow in BANK6

    None.

Critical Paths under _main in BANK7

    None.

Critical Paths under _TimerOverflow in BANK7

    None.

Call Graph Tables:

 ---------------------------------------------------------------------------------
 (Depth) Function   	        Calls       Base Space   Used Autos Params    Refs
 ---------------------------------------------------------------------------------
 (0) _main                                                 0     0      0     201
                         _OpenTimer0
                        _WriteTimer0
 ---------------------------------------------------------------------------------
 (1) _WriteTimer0                                          4     2      2     171
                                             18 COMRAM     4     2      2
 ---------------------------------------------------------------------------------
 (1) _OpenTimer0                                           1     1      0      30
                                             18 COMRAM     1     1      0
 ---------------------------------------------------------------------------------
 Estimated maximum stack depth 1
 ---------------------------------------------------------------------------------
 (Depth) Function   	        Calls       Base Space   Used Autos Params    Refs
 ---------------------------------------------------------------------------------
 (2) _TimerOverflow                                       14    14      0      93
                                              4 COMRAM    14    14      0
                      i2_WriteTimer0
 ---------------------------------------------------------------------------------
 (3) i2_WriteTimer0                                        4     2      2      93
                                              0 COMRAM     4     2      2
 ---------------------------------------------------------------------------------
 Estimated maximum stack depth 3
 ---------------------------------------------------------------------------------

 Call Graph Graphs:

 _main (ROOT)
   _OpenTimer0
   _WriteTimer0

 _TimerOverflow (ROOT)
   i2_WriteTimer0

 Address spaces:
Name               Size   Autos  Total    Cost      Usage
BITCOMRAM           5E      0       0       0        0.0%
EEDATA             100      0       0       0        0.0%
NULL                 0      0       0       0        0.0%
CODE                 0      0       0       0        0.0%
COMRAM              5E     16      17       1       24.5%
STACK                0      0       0       2        0.0%
DATA                 0      0      17       3        0.0%
BITBANK0            A0      0       0       4        0.0%
BANK0               A0      0       0       5        0.0%
BITBANK1           100      0       0       6        0.0%
BANK1              100      0       0       7        0.0%
BITBANK2           100      0       0       8        0.0%
BANK2              100      0       0       9        0.0%
BITBANK3           100      0       0      10        0.0%
BANK3              100      0       0      11        0.0%
BITBANK4           100      0       0      12        0.0%
BANK4              100      0       0      13        0.0%
BITBANK5           100      0       0      14        0.0%
BANK5              100      0       0      15        0.0%
BITBANK6           100      0       0      16        0.0%
BANK6              100      0       0      17        0.0%
BITBANK7           100      0       0      18        0.0%
BANK7              100      0       0      19        0.0%
ABS                  0      0      17      20        0.0%
BIGRAM             7FF      0       0      21        0.0%
BITSFR               0      0       0      40        0.0%
SFR                  0      0       0      40        0.0%


Microchip Technology PIC18 Macro Assembler V1.35 build -356382666 
Symbol Table                                                                                   Tue May 17 11:05:57 2022

                     l16 00C8                       l35 00E4                       l36 00E6  
            __CFG_BOR$ON 000000              __CFG_BORV$3 000000             __CFG_CP0$OFF 000000  
           __CFG_CP1$OFF 000000             __CFG_CP2$OFF 000000             __CFG_CP3$OFF 000000  
            __CFG_LVP$ON 000000              __CFG_WDT$ON 000000             __CFG_CPB$OFF 000000  
           __CFG_CPD$OFF 000000     __size_of_WriteTimer0 0012                     _main 00A8  
                   fsr0h 000FEA                     fsr1h 000FE2                     fsr0l 000FE9  
                   fsr2h 000FDA                     fsr1l 000FE1                     fsr2l 000FD9  
                   btemp 0018   __size_ofi2_WriteTimer0 0012                     pclat 000FFA  
                   prodh 000FF4                     prodl 000FF3                     start 0016  
          __CFG_IESO$OFF 000000            __CFG_MCLRE$ON 000000             ___param_bank 000010  
          __CFG_PLLDIV$1 000000           __CFG_CCP2MX$ON 000000                    ?_main 0001  
                  _T0CON 000FD5                    _LATB0 007C50                    i2l716 006A  
                  _TMR0H 000FD7                    _TMR0L 000FD6            __CFG_USBDIV$1 000000  
                  _TRISB 000F93            __CFG_PWRT$OFF 000000            __CFG_WRT0$OFF 000000  
          __CFG_WRT1$OFF 000000            __CFG_WRT2$OFF 000000            __CFG_WRT3$OFF 000000  
         __CFG_EBTR0$OFF 000000           __CFG_FCMEN$OFF 000000           __CFG_EBTR1$OFF 000000  
         __CFG_EBTR2$OFF 000000           __CFG_EBTR3$OFF 000000            __CFG_WRTB$OFF 000000  
          __CFG_WRTC$OFF 000000            __CFG_WRTD$OFF 000000           __CFG_EBTRB$OFF 000000  
                  tablat 000FF5           __CFG_ICPRT$OFF 000000           __CFG_PBADEN$ON 000000  
        __initialization 010E             __end_of_main 00CA                   ??_main 0017  
          i2_WriteTimer0 00FC            __activetblptr 000000               _OpenTimer0 00CA  
                 i2u6_40 005A                   i2u7_45 005C           __CFG_XINST$OFF 000000  
         __CFG_STVREN$ON 000000         OpenTimer0@config 0013           ?i2_WriteTimer0 0001  
  __end_of_TimerOverflow 00A8                   tblptrh 000FF7                   tblptrl 000FF6  
                 tblptru 000FF8          __CFG_FOSC$EC_EC 000000               __accesstop 0060  
__end_of__initialization 010E            ___rparam_used 000001           __pcstackCOMRAM 0001  
            ?_OpenTimer0 0001               __pnvCOMRAM 0017          ??i2_WriteTimer0 0003  
       WriteTimer0@timer 0015            ??_WriteTimer0 0015          __CFG_VREGEN$OFF 000000  
    i2WriteTimer0@timer0 0001                  __Hparam 0000                  __Lparam 0000  
                __pcinit 010E                  __ramtop 0800      __size_of_OpenTimer0 0020  
                __ptext0 00A8                  __ptext1 00EA                  __ptext2 00CA  
                __ptext4 00FC                _T0CONbits 000FD5      __end_of_WriteTimer0 00FC  
         __pintcode_body 001A     end_of_initialization 010E                  int_func 001A  
            _WriteTimer0 00EA      start_initialization 010E             ??_OpenTimer0 0013  
 __size_of_TimerOverflow 00A0         __CFG_LPT1OSC$OFF 000000       __end_of_OpenTimer0 00EA  
              __pintcode 0008    __end_ofi2_WriteTimer0 010E        WriteTimer0@timer0 0013  
          _TimerOverflow 0008       i2WriteTimer0@timer 0003         __CFG_WDTPS$32768 000000  
         ?_TimerOverflow 0001                 __Hrparam 0000                 __Lrparam 0000  
           ?_WriteTimer0 0013            __size_of_main 0022                 int$flags 0018  
        ??_TimerOverflow 0005    __CFG_CPUDIV$OSC1_PLL2 000000               _INTCONbits 000FF2  
               intlevel2 0000              _timerconfig 0017  
