

Microchip Technology PIC18 LITE Macro Assembler V1.35 build -356382666 
                                                                                               Thu Nov 03 14:32:21 2022

Microchip Technology Omniscient Code Generator v1.35 (Free mode) build 201507080246
     1                           	processor	18F4550
     2                           	fnconf	rparam,??,?,0
     3                           	opt	pw 120
     4                           	opt	lm
     5                           	psect	cinit,global,reloc=2,class=CODE,delta=1
     6                           	psect	cstackCOMRAM,global,class=COMRAM,space=1,delta=1
     7                           	psect	text0,global,reloc=2,class=CODE,delta=1
     8                           	psect	intsave_regs,global,class=BIGRAM,space=1,delta=1
     9                           	psect	rparam,global,class=COMRAM,space=1,delta=1
    10  0000                     _BAUDCONbits	set	4024
    11  0000                     _RCSTAbits	set	4011
    12  0000                     _SPBRG	set	4015
    13  0000                     _TRISCbits	set	3988
    14  0000                     _TXREG	set	4013
    15  0000                     _TXSTAbits	set	4012
    16                           
    17                           ; #config settings
    18  0000                     
    19                           	psect	cinit
    20  007FDE                     __pcinit:
    21                           	opt stack 0
    22  007FDE                     start_initialization:
    23                           	opt stack 0
    24  007FDE                     __initialization:
    25                           	opt stack 0
    26  007FDE                     end_of_initialization:
    27                           	opt stack 0
    28  007FDE                     __end_of__initialization:
    29                           	opt stack 0
    30  007FDE  0100               	movlb	0
    31  007FE0  EFF2  F03F         	goto	_main	;jump to C main() function
    32                           
    33                           	psect	cstackCOMRAM
    34  000000                     __pcstackCOMRAM:
    35                           	opt stack 0
    36  000000                     
    37                           ; 0 bytes @ 0x0
    38 ;;
    39 ;;Main: autosize = 0, tempsize = 0, incstack = 0, save=0
    40 ;;
    41 ;; *************** function _main *****************
    42 ;; Defined at:
    43 ;;		line 13 in file "main_tx.c"
    44 ;; Parameters:    Size  Location     Type
    45 ;;		None
    46 ;; Auto vars:     Size  Location     Type
    47 ;;		None
    48 ;; Return value:  Size  Location     Type
    49 ;;		None               void
    50 ;; Registers used:
    51 ;;		wreg, status,2
    52 ;; Tracked objects:
    53 ;;		On entry : 0/0
    54 ;;		On exit  : 0/0
    55 ;;		Unchanged: 0/0
    56 ;; Data sizes:     COMRAM   BANK0   BANK1   BANK2   BANK3   BANK4   BANK5   BANK6   BANK7
    57 ;;      Params:         0       0       0       0       0       0       0       0       0
    58 ;;      Locals:         0       0       0       0       0       0       0       0       0
    59 ;;      Temps:          0       0       0       0       0       0       0       0       0
    60 ;;      Totals:         0       0       0       0       0       0       0       0       0
    61 ;;Total ram usage:        0 bytes
    62 ;; This function calls:
    63 ;;		Nothing
    64 ;; This function is called by:
    65 ;;		Startup code after reset
    66 ;; This function uses a non-reentrant model
    67 ;;
    68                           
    69                           	psect	text0
    70  007FE4                     __ptext0:
    71                           	opt stack 0
    72  007FE4                     _main:
    73                           	opt stack 31
    74                           
    75                           ;main_tx.c: 14: TRISCbits.RC6 =0;
    76                           
    77                           ;incstack = 0
    78  007FE4  9C94               	bcf	3988,6,c	;volatile
    79                           
    80                           ;main_tx.c: 15: TXSTAbits.TX9 =0;
    81  007FE6  9CAC               	bcf	4012,6,c	;volatile
    82                           
    83                           ;main_tx.c: 16: TXSTAbits.TXEN= 1;
    84  007FE8  8AAC               	bsf	4012,5,c	;volatile
    85                           
    86                           ;main_tx.c: 17: TXSTAbits.SYNC =0;
    87  007FEA  98AC               	bcf	4012,4,c	;volatile
    88                           
    89                           ;main_tx.c: 18: TXSTAbits.BRGH = 0;
    90  007FEC  94AC               	bcf	4012,2,c	;volatile
    91                           
    92                           ;main_tx.c: 19: BAUDCONbits.BRG16= 0;
    93  007FEE  96B8               	bcf	4024,3,c	;volatile
    94                           
    95                           ;main_tx.c: 20: RCSTAbits.SPEN =1;
    96  007FF0  8EAB               	bsf	4011,7,c	;volatile
    97                           
    98                           ;main_tx.c: 22: SPBRG = (unsigned char) (((20000000 / 9600) / 64) - 1);
    99  007FF2  0E1F               	movlw	31
   100  007FF4  6EAF               	movwf	4015,c	;volatile
   101  007FF6                     l16:
   102  007FF6  A2AC               	btfss	4012,1,c	;volatile
   103  007FF8  D7FE               	goto	l16
   104                           
   105                           ;main_tx.c: 28: TXREG = 'A';
   106  007FFA  0E41               	movlw	65
   107  007FFC  6EAD               	movwf	4013,c	;volatile
   108  007FFE  D7FB               	goto	l16
   109  008000                     __end_of_main:
   110                           	opt stack 0
   111  0000                     
   112                           	psect	rparam


Data Sizes:
    Strings     0
    Constant    0
    Data        0
    BSS         0
    Persistent  0
    Stack       0

Auto Spaces:
    Space          Size  Autos    Used
    COMRAM           95      0       0
    BANK0           160      0       0
    BANK1           256      0       0
    BANK2           256      0       0
    BANK3           256      0       0
    BANK4           256      0       0
    BANK5           256      0       0
    BANK6           256      0       0
    BANK7           256      0       0

Pointer List with Targets:

    None.

Critical Paths under _main in COMRAM

    None.

Critical Paths under _main in BANK0

    None.

Critical Paths under _main in BANK1

    None.

Critical Paths under _main in BANK2

    None.

Critical Paths under _main in BANK3

    None.

Critical Paths under _main in BANK4

    None.

Critical Paths under _main in BANK5

    None.

Critical Paths under _main in BANK6

    None.

Critical Paths under _main in BANK7

    None.

Call Graph Tables:

 ---------------------------------------------------------------------------------
 (Depth) Function   	        Calls       Base Space   Used Autos Params    Refs
 ---------------------------------------------------------------------------------
 (0) _main                                                 0     0      0       0
 ---------------------------------------------------------------------------------
 Estimated maximum stack depth 0
 ---------------------------------------------------------------------------------

 Call Graph Graphs:

 _main (ROOT)

 Address spaces:
Name               Size   Autos  Total    Cost      Usage
BITCOMRAM           5F      0       0       0        0.0%
EEDATA             100      0       0       0        0.0%
NULL                 0      0       0       0        0.0%
CODE                 0      0       0       0        0.0%
COMRAM              5F      0       0       1        0.0%
STACK                0      0       0       2        0.0%
DATA                 0      0       0       3        0.0%
BITBANK0            A0      0       0       4        0.0%
BANK0               A0      0       0       5        0.0%
BITBANK1           100      0       0       6        0.0%
BANK1              100      0       0       7        0.0%
BITBANK2           100      0       0       8        0.0%
BANK2              100      0       0       9        0.0%
BITBANK3           100      0       0      10        0.0%
BANK3              100      0       0      11        0.0%
BITBANK4           100      0       0      12        0.0%
BANK4              100      0       0      13        0.0%
BITBANK5           100      0       0      14        0.0%
BANK5              100      0       0      15        0.0%
BITBANK6           100      0       0      16        0.0%
BANK6              100      0       0      17        0.0%
BITBANK7           100      0       0      18        0.0%
BANK7              100      0       0      19        0.0%
ABS                  0      0       0      20        0.0%
BIGRAM             7FF      0       0      21        0.0%
BITSFR               0      0       0      40        0.0%
SFR                  0      0       0      40        0.0%


Microchip Technology PIC18 Macro Assembler V1.35 build -356382666 
Symbol Table                                                                                   Thu Nov 03 14:32:21 2022

                     l16 7FF6             __CFG_BOR$OFF 000000             __CFG_LVP$OFF 000000  
           __CFG_WDT$OFF 000000                     _main 7FE4                     start 0000  
          __CFG_IESO$OFF 000000            __CFG_MCLRE$ON 000000             ___param_bank 000010  
          __CFG_PLLDIV$5 000000                    ?_main 0000                    _SPBRG 000FAF  
          __CFG_USBDIV$2 000000                    _TXREG 000FAD            __CFG_PWRT$OFF 000000  
         __CFG_FCMEN$OFF 000000           __CFG_ICPRT$OFF 000000          __initialization 7FDE  
           __end_of_main 8000                   ??_main 0000            __activetblptr 000000  
         __CFG_XINST$OFF 000000           __CFG_STVREN$ON 000000               __accesstop 0060  
__end_of__initialization 7FDE          __CFG_PBADEN$OFF 000000            ___rparam_used 000001  
         __pcstackCOMRAM 0000          __CFG_VREGEN$OFF 000000                  __Hparam 0000  
                __Lparam 0000                  __pcinit 7FDE                  __ramtop 0800  
                __ptext0 7FE4     end_of_initialization 7FDE                _RCSTAbits 000FAB  
              _TRISCbits 000F94                _TXSTAbits 000FAC              _BAUDCONbits 000FB8  
    start_initialization 7FDE         __CFG_LPT1OSC$OFF 000000         __CFG_WDTPS$32768 000000  
               __Hrparam 0000                 __Lrparam 0000            __size_of_main 001C  
  __CFG_CPUDIV$OSC1_PLL2 000000       __CFG_FOSC$HSPLL_HS 000000  
