

Microchip Technology PIC18 LITE Macro Assembler V1.35 build -356382666 
                                                                                               Tue Oct 15 13:52:59 2024

Microchip Technology Omniscient Code Generator v1.35 (Free mode) build 201507080246
     1                           	processor	18F4550
     2                           	fnconf	rparam,??,?,0
     3                           	opt	pw 120
     4                           	opt	lm
     5                           	psect	smallconst,global,reloc=2,class=SMALLCONST,delta=1
     6                           	psect	cinit,global,reloc=2,class=CODE,delta=1
     7                           	psect	cstackCOMRAM,global,class=COMRAM,space=1,delta=1
     8                           	psect	text0,global,reloc=2,class=CODE,delta=1
     9                           	psect	text1,global,reloc=2,class=CODE,delta=1
    10                           	psect	text2,global,reloc=2,class=CODE,delta=1
    11                           	psect	text3,global,reloc=2,class=CODE,delta=1
    12                           	psect	text4,global,reloc=2,class=CODE,delta=1
    13                           	psect	text5,global,reloc=2,class=CODE,delta=1
    14                           	psect	text6,global,reloc=2,class=CODE,delta=1
    15                           	psect	text7,global,reloc=2,class=CODE,delta=1
    16                           	psect	text8,global,reloc=2,class=CODE,delta=1
    17                           	psect	text9,global,reloc=2,class=CODE,delta=1
    18                           	psect	text10,global,reloc=2,class=CODE,delta=1
    19                           	psect	text11,global,reloc=2,class=CODE,delta=1
    20                           	psect	text12,global,reloc=2,class=CODE,delta=1
    21                           	psect	text13,global,reloc=2,class=CODE,delta=1
    22                           	psect	intsave_regs,global,class=BIGRAM,space=1,delta=1
    23                           	psect	rparam,global,class=COMRAM,space=1,delta=1
    24  0000                     _ADCON1	set	4033
    25  0000                     _EEADR	set	4009
    26  0000                     _EECON1bits	set	4006
    27  0000                     _EECON2	set	4007
    28  0000                     _EEDATA	set	4008
    29  0000                     _INTCONbits	set	4082
    30  0000                     _LATBbits	set	3978
    31  0000                     _PORTB	set	3969
    32  0000                     _TRISB	set	3987
    33  0000                     _TRISBbits	set	3987
    34                           
    35                           	psect	smallconst
    36  000800                     __psmallconst:
    37                           	opt stack 0
    38  000800  00                 	db	0
    39  000801                     STR_1:
    40  000801  56                 	db	86	;'V'
    41  000802  6F                 	db	111	;'o'
    42  000803  6C                 	db	108	;'l'
    43  000804  74                 	db	116	;'t'
    44  000805  61                 	db	97	;'a'
    45  000806  6A                 	db	106	;'j'
    46  000807  65                 	db	101	;'e'
    47  000808  3A                 	db	58	;':'
    48  000809  20                 	db	32
    49  00080A  00                 	db	0
    50                           
    51                           ; #config settings
    52  00080B  00                 	db	0	; dummy byte at the end
    53  0000                     
    54                           	psect	cinit
    55  000AB6                     __pcinit:
    56                           	opt stack 0
    57  000AB6                     start_initialization:
    58                           	opt stack 0
    59  000AB6                     __initialization:
    60                           	opt stack 0
    61  000AB6                     end_of_initialization:
    62                           	opt stack 0
    63  000AB6                     __end_of__initialization:
    64                           	opt stack 0
    65  000AB6  0E00               	movlw	low (__Lsmallconst shr (0+16))
    66  000AB8  6EF8               	movwf	tblptru,c
    67  000ABA  0E08               	movlw	high __Lsmallconst
    68  000ABC  6EF7               	movwf	tblptrh,c
    69  000ABE  0100               	movlb	0
    70  000AC0  EF58  F004         	goto	_main	;jump to C main() function
    71                           tblptru	equ	0xFF8
    72                           tblptrh	equ	0xFF7
    73                           
    74                           	psect	cstackCOMRAM
    75  000001                     __pcstackCOMRAM:
    76                           	opt stack 0
    77  000001                     ??_Delay10KTCYx:
    78  000001                     escribir_eeprom@dato:
    79                           	opt stack 0
    80  000001                     leer_eeprom@direccion:
    81                           	opt stack 0
    82  000001                     Delay10TCYx@unit:
    83                           	opt stack 0
    84  000001                     Delay1KTCYx@unit:
    85                           	opt stack 0
    86                           
    87                           ; 1 bytes @ 0x0
    88  000001                     	ds	1
    89  000002                     ??_SetDDRamAddr:
    90  000002                     escribir_eeprom@direccion:
    91                           	opt stack 0
    92  000002                     WriteCmdXLCD@cmd:
    93                           	opt stack 0
    94  000002                     WriteDataXLCD@data:
    95                           	opt stack 0
    96  000002                     Delay10KTCYx@unit:
    97                           	opt stack 0
    98                           
    99                           ; 1 bytes @ 0x1
   100  000002                     	ds	1
   101  000003                     putrsXLCD@buffer:
   102                           	opt stack 0
   103                           
   104                           ; 2 bytes @ 0x2
   105  000003                     	ds	2
   106  000005                     SetDDRamAddr@DDaddr:
   107                           	opt stack 0
   108                           
   109                           ; 1 bytes @ 0x4
   110  000005                     	ds	1
   111  000006                     OpenXLCD@lcdtype:
   112                           	opt stack 0
   113                           
   114                           ; 1 bytes @ 0x5
   115  000006                     	ds	1
   116  000007                     main@letra:
   117                           	opt stack 0
   118                           
   119                           ; 1 bytes @ 0x6
   120  000007                     	ds	1
   121  000008                     main@voltaje:
   122                           	opt stack 0
   123                           
   124                           ; 2 bytes @ 0x7
   125  000008                     	ds	2
   126  00000A                     main@letra2:
   127                           	opt stack 0
   128                           
   129                           ; 1 bytes @ 0x9
   130  00000A                     	ds	1
   131                           tblptru	equ	0xFF8
   132                           tblptrh	equ	0xFF7
   133                           
   134 ;;
   135 ;;Main: autosize = 0, tempsize = 0, incstack = 0, save=0
   136 ;;
   137 ;; *************** function _main *****************
   138 ;; Defined at:
   139 ;;		line 57 in file "main_lcd.c"
   140 ;; Parameters:    Size  Location     Type
   141 ;;		None
   142 ;; Auto vars:     Size  Location     Type
   143 ;;  voltaje         2    7[COMRAM] int 
   144 ;;  letra2          1    9[COMRAM] unsigned char 
   145 ;;  letra           1    6[COMRAM] unsigned char 
   146 ;; Return value:  Size  Location     Type
   147 ;;                  2   42[None  ] int 
   148 ;; Registers used:
   149 ;;		wreg, status,2, status,0, tblptrl, tblptrh, tblptru, cstack
   150 ;; Tracked objects:
   151 ;;		On entry : 0/0
   152 ;;		On exit  : 0/0
   153 ;;		Unchanged: 0/0
   154 ;; Data sizes:     COMRAM   BANK0   BANK1   BANK2   BANK3   BANK4   BANK5   BANK6   BANK7
   155 ;;      Params:         0       0       0       0       0       0       0       0       0
   156 ;;      Locals:         4       0       0       0       0       0       0       0       0
   157 ;;      Temps:          0       0       0       0       0       0       0       0       0
   158 ;;      Totals:         4       0       0       0       0       0       0       0       0
   159 ;;Total ram usage:        4 bytes
   160 ;; Hardware stack levels required when called:    4
   161 ;; This function calls:
   162 ;;		_BusyXLCD
   163 ;;		_OpenXLCD
   164 ;;		_SetDDRamAddr
   165 ;;		_WriteCmdXLCD
   166 ;;		_WriteDataXLCD
   167 ;;		_escribir_eeprom
   168 ;;		_leer_eeprom
   169 ;;		_putrsXLCD
   170 ;; This function is called by:
   171 ;;		Startup code after reset
   172 ;; This function uses a non-reentrant model
   173 ;;
   174                           
   175                           	psect	text0
   176  0008B0                     __ptext0:
   177                           	opt stack 0
   178  0008B0                     _main:
   179                           	opt stack 27
   180                           
   181                           ;main_lcd.c: 59: ADCON1 = 0b1111111;
   182                           
   183                           ;incstack = 0
   184  0008B0  0E7F               	movlw	127
   185  0008B2  6EC1               	movwf	4033,c	;volatile
   186                           
   187                           ;main_lcd.c: 61: OpenXLCD(0b00101100 & 0b00111000);
   188  0008B4  0E28               	movlw	40
   189  0008B6  EC06  F004         	call	_OpenXLCD
   190  0008BA                     l1080:
   191  0008BA  ECF5  F004         	call	_BusyXLCD	;wreg free
   192  0008BE  0900               	iorlw	0
   193  0008C0  A4D8               	btfss	status,2,c
   194  0008C2  D7FB               	goto	l1080
   195                           
   196                           ;main_lcd.c: 65: WriteCmdXLCD(0x06);
   197  0008C4  0E06               	movlw	6
   198  0008C6  ECD6  F004         	call	_WriteCmdXLCD
   199                           
   200                           ;main_lcd.c: 67: WriteCmdXLCD(0x0C);
   201  0008CA  0E0C               	movlw	12
   202  0008CC  ECD6  F004         	call	_WriteCmdXLCD
   203                           
   204                           ;main_lcd.c: 69: char letra;
   205                           ;main_lcd.c: 70: letra = 'A';
   206  0008D0  0E41               	movlw	65
   207  0008D2  6E07               	movwf	main@letra,c
   208                           
   209                           ;main_lcd.c: 71: char letra2;
   210                           ;main_lcd.c: 74: escribir_eeprom(0, 'W');
   211  0008D4  0E57               	movlw	87
   212  0008D6  6E01               	movwf	escribir_eeprom@dato,c
   213  0008D8  0E00               	movlw	0
   214  0008DA  EC2C  F005         	call	_escribir_eeprom
   215                           
   216                           ;main_lcd.c: 76: letra2 = leer_eeprom(0);
   217  0008DE  0E00               	movlw	0
   218  0008E0  EC62  F005         	call	_leer_eeprom
   219  0008E4  6E0A               	movwf	main@letra2,c
   220  0008E6                     l1090:
   221                           
   222                           ;main_lcd.c: 81: {
   223                           ;main_lcd.c: 82: int voltaje = 5;
   224  0008E6  0E00               	movlw	0
   225  0008E8  6E09               	movwf	main@voltaje+1,c
   226  0008EA  0E05               	movlw	5
   227  0008EC  6E08               	movwf	main@voltaje,c
   228                           
   229                           ;main_lcd.c: 85: SetDDRamAddr(0x00);
   230  0008EE  0E00               	movlw	0
   231  0008F0  EC8E  F004         	call	_SetDDRamAddr
   232                           
   233                           ;main_lcd.c: 86: putrsXLCD("Voltaje: ");
   234  0008F4  0E01               	movlw	low STR_1
   235  0008F6  6E03               	movwf	putrsXLCD@buffer,c
   236  0008F8  0E08               	movlw	high STR_1
   237  0008FA  6E04               	movwf	putrsXLCD@buffer+1,c
   238  0008FC  EC12  F005         	call	_putrsXLCD	;wreg free
   239                           
   240                           ;main_lcd.c: 89: SetDDRamAddr(0x40);
   241  000900  0E40               	movlw	64
   242  000902  EC8E  F004         	call	_SetDDRamAddr
   243                           
   244                           ;main_lcd.c: 90: WriteDataXLCD(letra2);
   245  000906  500A               	movf	main@letra2,w,c
   246  000908  ECB7  F004         	call	_WriteDataXLCD
   247                           
   248                           ;main_lcd.c: 92: SetDDRamAddr(0x44);
   249  00090C  0E44               	movlw	68
   250  00090E  EC8E  F004         	call	_SetDDRamAddr
   251                           
   252                           ;main_lcd.c: 93: WriteDataXLCD(voltaje+48);
   253  000912  5008               	movf	main@voltaje,w,c
   254  000914  0F30               	addlw	48
   255  000916  ECB7  F004         	call	_WriteDataXLCD
   256  00091A  D7E5               	goto	l1090
   257  00091C                     __end_of_main:
   258                           	opt stack 0
   259                           tblptru	equ	0xFF8
   260                           tblptrh	equ	0xFF7
   261                           status	equ	0xFD8
   262                           
   263 ;; *************** function _putrsXLCD *****************
   264 ;; Defined at:
   265 ;;		line 16 in file "C:\Program Files (x86)\Microchip\xc8\v1.35\sources\pic18\plib\XLCD\putrxlcd.c"
   266 ;; Parameters:    Size  Location     Type
   267 ;;  buffer          2    2[COMRAM] PTR const unsigned char 
   268 ;;		 -> STR_1(10), 
   269 ;; Auto vars:     Size  Location     Type
   270 ;;		None
   271 ;; Return value:  Size  Location     Type
   272 ;;		None               void
   273 ;; Registers used:
   274 ;;		wreg, status,2, status,0, tblptrl, tblptrh, tblptru, cstack
   275 ;; Tracked objects:
   276 ;;		On entry : 0/0
   277 ;;		On exit  : 0/0
   278 ;;		Unchanged: 0/0
   279 ;; Data sizes:     COMRAM   BANK0   BANK1   BANK2   BANK3   BANK4   BANK5   BANK6   BANK7
   280 ;;      Params:         2       0       0       0       0       0       0       0       0
   281 ;;      Locals:         0       0       0       0       0       0       0       0       0
   282 ;;      Temps:          0       0       0       0       0       0       0       0       0
   283 ;;      Totals:         2       0       0       0       0       0       0       0       0
   284 ;;Total ram usage:        2 bytes
   285 ;; Hardware stack levels used:    1
   286 ;; Hardware stack levels required when called:    3
   287 ;; This function calls:
   288 ;;		_BusyXLCD
   289 ;;		_WriteDataXLCD
   290 ;; This function is called by:
   291 ;;		_main
   292 ;; This function uses a non-reentrant model
   293 ;;
   294                           
   295                           	psect	text1
   296  000A24                     __ptext1:
   297                           	opt stack 0
   298  000A24                     _putrsXLCD:
   299                           	opt stack 27
   300                           
   301                           ;incstack = 0
   302  000A24  D00F               	goto	l1074
   303  000A26                     l1068:
   304  000A26  ECF5  F004         	call	_BusyXLCD	;wreg free
   305  000A2A  0900               	iorlw	0
   306  000A2C  A4D8               	btfss	status,2,c
   307  000A2E  D7FB               	goto	l1068
   308  000A30  C003  FFF6         	movff	putrsXLCD@buffer,tblptrl
   309  000A34  C004  FFF7         	movff	putrsXLCD@buffer+1,tblptrh
   310  000A38                     	if	0	;tblptru may be non-zero
   311  000A38                     	endif
   312  000A38                     	if	0	;tblptru may be non-zero
   313  000A38                     	endif
   314  000A38  0008               	tblrd		*
   315  000A3A  50F5               	movf	tablat,w,c
   316  000A3C  ECB7  F004         	call	_WriteDataXLCD
   317  000A40  4A03               	infsnz	putrsXLCD@buffer,f,c
   318  000A42  2A04               	incf	putrsXLCD@buffer+1,f,c
   319  000A44                     l1074:
   320  000A44  C003  FFF6         	movff	putrsXLCD@buffer,tblptrl
   321  000A48  C004  FFF7         	movff	putrsXLCD@buffer+1,tblptrh
   322  000A4C                     	if	0	;tblptru may be non-zero
   323  000A4C                     	endif
   324  000A4C                     	if	0	;tblptru may be non-zero
   325  000A4C                     	endif
   326  000A4C  0008               	tblrd		*
   327  000A4E  50F5               	movf	tablat,w,c
   328  000A50  0900               	iorlw	0
   329  000A52  B4D8               	btfsc	status,2,c
   330  000A54  0012               	return	
   331  000A56  D7E7               	goto	l1068
   332  000A58                     __end_of_putrsXLCD:
   333                           	opt stack 0
   334                           tblptru	equ	0xFF8
   335                           tblptrh	equ	0xFF7
   336                           tblptrl	equ	0xFF6
   337                           tablat	equ	0xFF5
   338                           status	equ	0xFD8
   339                           
   340 ;; *************** function _WriteDataXLCD *****************
   341 ;; Defined at:
   342 ;;		line 16 in file "C:\Program Files (x86)\Microchip\xc8\v1.35\sources\pic18\plib\XLCD\writdata.c"
   343 ;; Parameters:    Size  Location     Type
   344 ;;  data            1    wreg     unsigned char 
   345 ;; Auto vars:     Size  Location     Type
   346 ;;  data            1    1[COMRAM] unsigned char 
   347 ;; Return value:  Size  Location     Type
   348 ;;		None               void
   349 ;; Registers used:
   350 ;;		wreg, status,2, status,0, cstack
   351 ;; Tracked objects:
   352 ;;		On entry : 0/0
   353 ;;		On exit  : 0/0
   354 ;;		Unchanged: 0/0
   355 ;; Data sizes:     COMRAM   BANK0   BANK1   BANK2   BANK3   BANK4   BANK5   BANK6   BANK7
   356 ;;      Params:         0       0       0       0       0       0       0       0       0
   357 ;;      Locals:         1       0       0       0       0       0       0       0       0
   358 ;;      Temps:          0       0       0       0       0       0       0       0       0
   359 ;;      Totals:         1       0       0       0       0       0       0       0       0
   360 ;;Total ram usage:        1 bytes
   361 ;; Hardware stack levels used:    1
   362 ;; Hardware stack levels required when called:    2
   363 ;; This function calls:
   364 ;;		_DelayFor18TCY
   365 ;; This function is called by:
   366 ;;		_main
   367 ;;		_putrsXLCD
   368 ;; This function uses a non-reentrant model
   369 ;;
   370                           
   371                           	psect	text2
   372  00096E                     __ptext2:
   373                           	opt stack 0
   374  00096E                     _WriteDataXLCD:
   375                           	opt stack 27
   376                           
   377                           ;incstack = 0
   378                           ;WriteDataXLCD@data stored from wreg
   379  00096E  6E02               	movwf	WriteDataXLCD@data,c
   380  000970  0EF0               	movlw	240
   381  000972  1693               	andwf	3987,f,c	;volatile
   382  000974  0EF0               	movlw	240
   383  000976  1681               	andwf	3969,f,c	;volatile
   384  000978  3802               	swapf	WriteDataXLCD@data,w,c
   385  00097A  0B0F               	andlw	15
   386  00097C  0B0F               	andlw	15
   387  00097E  1281               	iorwf	3969,f,c	;volatile
   388  000980  8A8A               	bsf	3978,5,c	;volatile
   389  000982  9C8A               	bcf	3978,6,c	;volatile
   390  000984  EC6D  F005         	call	_DelayFor18TCY	;wreg free
   391  000988  888A               	bsf	3978,4,c	;volatile
   392  00098A  EC6D  F005         	call	_DelayFor18TCY	;wreg free
   393  00098E  988A               	bcf	3978,4,c	;volatile
   394  000990  0EF0               	movlw	240
   395  000992  1681               	andwf	3969,f,c	;volatile
   396  000994  5002               	movf	WriteDataXLCD@data,w,c
   397  000996  0B0F               	andlw	15
   398  000998  1281               	iorwf	3969,f,c	;volatile
   399  00099A  EC6D  F005         	call	_DelayFor18TCY	;wreg free
   400  00099E  888A               	bsf	3978,4,c	;volatile
   401  0009A0  EC6D  F005         	call	_DelayFor18TCY	;wreg free
   402  0009A4  988A               	bcf	3978,4,c	;volatile
   403  0009A6  0E0F               	movlw	15
   404  0009A8  1293               	iorwf	3987,f,c	;volatile
   405  0009AA  0012               	return	
   406  0009AC                     __end_of_WriteDataXLCD:
   407                           	opt stack 0
   408                           tblptru	equ	0xFF8
   409                           tblptrh	equ	0xFF7
   410                           tblptrl	equ	0xFF6
   411                           tablat	equ	0xFF5
   412                           status	equ	0xFD8
   413                           
   414 ;; *************** function _leer_eeprom *****************
   415 ;; Defined at:
   416 ;;		line 49 in file "main_lcd.c"
   417 ;; Parameters:    Size  Location     Type
   418 ;;  direccion       1    wreg     unsigned char 
   419 ;; Auto vars:     Size  Location     Type
   420 ;;  direccion       1    0[COMRAM] unsigned char 
   421 ;; Return value:  Size  Location     Type
   422 ;;                  1    wreg      unsigned char 
   423 ;; Registers used:
   424 ;;		wreg, status,2
   425 ;; Tracked objects:
   426 ;;		On entry : 0/0
   427 ;;		On exit  : 0/0
   428 ;;		Unchanged: 0/0
   429 ;; Data sizes:     COMRAM   BANK0   BANK1   BANK2   BANK3   BANK4   BANK5   BANK6   BANK7
   430 ;;      Params:         0       0       0       0       0       0       0       0       0
   431 ;;      Locals:         1       0       0       0       0       0       0       0       0
   432 ;;      Temps:          0       0       0       0       0       0       0       0       0
   433 ;;      Totals:         1       0       0       0       0       0       0       0       0
   434 ;;Total ram usage:        1 bytes
   435 ;; Hardware stack levels used:    1
   436 ;; This function calls:
   437 ;;		Nothing
   438 ;; This function is called by:
   439 ;;		_main
   440 ;; This function uses a non-reentrant model
   441 ;;
   442                           
   443                           	psect	text3
   444  000AC4                     __ptext3:
   445                           	opt stack 0
   446  000AC4                     _leer_eeprom:
   447                           	opt stack 30
   448                           
   449                           ;incstack = 0
   450                           ;leer_eeprom@direccion stored from wreg
   451  000AC4  6E01               	movwf	leer_eeprom@direccion,c
   452                           
   453                           ;main_lcd.c: 50: EEADR=direccion;
   454  000AC6  C001  FFA9         	movff	leer_eeprom@direccion,4009	;volatile
   455                           
   456                           ;main_lcd.c: 51: EECON1bits.EEPGD=0;
   457  000ACA  9EA6               	bcf	4006,7,c	;volatile
   458                           
   459                           ;main_lcd.c: 52: EECON1bits.RD=1;
   460  000ACC  80A6               	bsf	4006,0,c	;volatile
   461                           
   462                           ;main_lcd.c: 53: return EEDATA;
   463  000ACE  50A8               	movf	4008,w,c	;volatile
   464  000AD0  0012               	return	
   465  000AD2                     __end_of_leer_eeprom:
   466                           	opt stack 0
   467                           tblptru	equ	0xFF8
   468                           tblptrh	equ	0xFF7
   469                           tblptrl	equ	0xFF6
   470                           tablat	equ	0xFF5
   471                           status	equ	0xFD8
   472                           
   473 ;; *************** function _escribir_eeprom *****************
   474 ;; Defined at:
   475 ;;		line 30 in file "main_lcd.c"
   476 ;; Parameters:    Size  Location     Type
   477 ;;  direccion       1    wreg     unsigned char 
   478 ;;  dato            1    0[COMRAM] unsigned char 
   479 ;; Auto vars:     Size  Location     Type
   480 ;;  direccion       1    1[COMRAM] unsigned char 
   481 ;; Return value:  Size  Location     Type
   482 ;;		None               void
   483 ;; Registers used:
   484 ;;		wreg, status,2
   485 ;; Tracked objects:
   486 ;;		On entry : 0/0
   487 ;;		On exit  : 0/0
   488 ;;		Unchanged: 0/0
   489 ;; Data sizes:     COMRAM   BANK0   BANK1   BANK2   BANK3   BANK4   BANK5   BANK6   BANK7
   490 ;;      Params:         1       0       0       0       0       0       0       0       0
   491 ;;      Locals:         1       0       0       0       0       0       0       0       0
   492 ;;      Temps:          0       0       0       0       0       0       0       0       0
   493 ;;      Totals:         2       0       0       0       0       0       0       0       0
   494 ;;Total ram usage:        2 bytes
   495 ;; Hardware stack levels used:    1
   496 ;; This function calls:
   497 ;;		Nothing
   498 ;; This function is called by:
   499 ;;		_main
   500 ;; This function uses a non-reentrant model
   501 ;;
   502                           
   503                           	psect	text4
   504  000A58                     __ptext4:
   505                           	opt stack 0
   506  000A58                     _escribir_eeprom:
   507                           	opt stack 30
   508                           
   509                           ;incstack = 0
   510                           ;escribir_eeprom@direccion stored from wreg
   511  000A58  6E02               	movwf	escribir_eeprom@direccion,c
   512  000A5A                     l31:
   513  000A5A  B2A6               	btfsc	4006,1,c	;volatile
   514  000A5C  D7FE               	goto	l31
   515                           
   516                           ;main_lcd.c: 33: EEADR=direccion;
   517  000A5E  C002  FFA9         	movff	escribir_eeprom@direccion,4009	;volatile
   518                           
   519                           ;main_lcd.c: 34: EEDATA=dato;
   520  000A62  C001  FFA8         	movff	escribir_eeprom@dato,4008	;volatile
   521                           
   522                           ;main_lcd.c: 35: EECON1bits.EEPGD=0;
   523  000A66  9EA6               	bcf	4006,7,c	;volatile
   524                           
   525                           ;main_lcd.c: 36: EECON1bits.WREN=1;
   526  000A68  84A6               	bsf	4006,2,c	;volatile
   527                           
   528                           ;main_lcd.c: 37: INTCONbits.GIE=0;
   529  000A6A  9EF2               	bcf	intcon,7,c	;volatile
   530                           
   531                           ;main_lcd.c: 38: EECON2=0x55;
   532  000A6C  0E55               	movlw	85
   533  000A6E  6EA7               	movwf	4007,c	;volatile
   534                           
   535                           ;main_lcd.c: 39: EECON2=0xaa;
   536  000A70  0EAA               	movlw	170
   537  000A72  6EA7               	movwf	4007,c	;volatile
   538                           
   539                           ;main_lcd.c: 40: EECON1bits.WR=1;
   540  000A74  82A6               	bsf	4006,1,c	;volatile
   541                           
   542                           ;main_lcd.c: 41: INTCONbits.GIE=1;
   543  000A76  8EF2               	bsf	intcon,7,c	;volatile
   544                           
   545                           ;main_lcd.c: 42: EECON1bits.WREN=0;
   546  000A78  94A6               	bcf	4006,2,c	;volatile
   547  000A7A                     l34:
   548  000A7A  A2A6               	btfss	4006,1,c	;volatile
   549  000A7C  0012               	return	
   550  000A7E  D7FD               	goto	l34
   551  000A80                     __end_of_escribir_eeprom:
   552                           	opt stack 0
   553                           tblptru	equ	0xFF8
   554                           tblptrh	equ	0xFF7
   555                           tblptrl	equ	0xFF6
   556                           tablat	equ	0xFF5
   557                           intcon	equ	0xFF2
   558                           status	equ	0xFD8
   559                           
   560 ;; *************** function _OpenXLCD *****************
   561 ;; Defined at:
   562 ;;		line 19 in file "C:\Program Files (x86)\Microchip\xc8\v1.35\sources\pic18\plib\XLCD\openxlcd.c"
   563 ;; Parameters:    Size  Location     Type
   564 ;;  lcdtype         1    wreg     unsigned char 
   565 ;; Auto vars:     Size  Location     Type
   566 ;;  lcdtype         1    5[COMRAM] unsigned char 
   567 ;; Return value:  Size  Location     Type
   568 ;;		None               void
   569 ;; Registers used:
   570 ;;		wreg, status,2, status,0, cstack
   571 ;; Tracked objects:
   572 ;;		On entry : 0/0
   573 ;;		On exit  : 0/0
   574 ;;		Unchanged: 0/0
   575 ;; Data sizes:     COMRAM   BANK0   BANK1   BANK2   BANK3   BANK4   BANK5   BANK6   BANK7
   576 ;;      Params:         0       0       0       0       0       0       0       0       0
   577 ;;      Locals:         1       0       0       0       0       0       0       0       0
   578 ;;      Temps:          0       0       0       0       0       0       0       0       0
   579 ;;      Totals:         1       0       0       0       0       0       0       0       0
   580 ;;Total ram usage:        1 bytes
   581 ;; Hardware stack levels used:    1
   582 ;; Hardware stack levels required when called:    3
   583 ;; This function calls:
   584 ;;		_BusyXLCD
   585 ;;		_Delay10KTCYx
   586 ;;		_DelayPORXLCD
   587 ;;		_SetDDRamAddr
   588 ;;		_WriteCmdXLCD
   589 ;; This function is called by:
   590 ;;		_main
   591 ;; This function uses a non-reentrant model
   592 ;;
   593                           
   594                           	psect	text5
   595  00080C                     __ptext5:
   596                           	opt stack 0
   597  00080C                     _OpenXLCD:
   598                           	opt stack 27
   599                           
   600                           ;incstack = 0
   601                           ;OpenXLCD@lcdtype stored from wreg
   602  00080C  6E06               	movwf	OpenXLCD@lcdtype,c
   603  00080E  0EF0               	movlw	240
   604  000810  1681               	andwf	3969,f,c	;volatile
   605  000812  0EF0               	movlw	240
   606  000814  1693               	andwf	3987,f,c	;volatile
   607  000816  9C93               	bcf	3987,6,c	;volatile
   608  000818  9A93               	bcf	3987,5,c	;volatile
   609  00081A  9893               	bcf	3987,4,c	;volatile
   610  00081C  9C8A               	bcf	3978,6,c	;volatile
   611  00081E  9A8A               	bcf	3978,5,c	;volatile
   612  000820  988A               	bcf	3978,4,c	;volatile
   613  000822  EC69  F005         	call	_DelayPORXLCD	;wreg free
   614  000826  0E30               	movlw	48
   615  000828  ECD6  F004         	call	_WriteCmdXLCD
   616  00082C  0E05               	movlw	5
   617  00082E  EC40  F005         	call	_Delay10KTCYx
   618  000832  0E30               	movlw	48
   619  000834  ECD6  F004         	call	_WriteCmdXLCD
   620  000838  0E01               	movlw	1
   621  00083A  EC40  F005         	call	_Delay10KTCYx
   622  00083E  0E32               	movlw	50
   623  000840  ECD6  F004         	call	_WriteCmdXLCD
   624  000844                     l976:
   625  000844  ECF5  F004         	call	_BusyXLCD	;wreg free
   626  000848  0900               	iorlw	0
   627  00084A  A4D8               	btfss	status,2,c
   628  00084C  D7FB               	goto	l976
   629  00084E                     l978:
   630  00084E  ECF5  F004         	call	_BusyXLCD	;wreg free
   631  000852  0900               	iorlw	0
   632  000854  A4D8               	btfss	status,2,c
   633  000856  D7FB               	goto	l978
   634  000858  5006               	movf	OpenXLCD@lcdtype,w,c
   635  00085A  ECD6  F004         	call	_WriteCmdXLCD
   636  00085E                     l982:
   637  00085E  ECF5  F004         	call	_BusyXLCD	;wreg free
   638  000862  0900               	iorlw	0
   639  000864  A4D8               	btfss	status,2,c
   640  000866  D7FB               	goto	l982
   641  000868  0E08               	movlw	8
   642  00086A  ECD6  F004         	call	_WriteCmdXLCD
   643  00086E                     l986:
   644  00086E  ECF5  F004         	call	_BusyXLCD	;wreg free
   645  000872  0900               	iorlw	0
   646  000874  A4D8               	btfss	status,2,c
   647  000876  D7FB               	goto	l986
   648  000878  0E0F               	movlw	15
   649  00087A  ECD6  F004         	call	_WriteCmdXLCD
   650  00087E                     l990:
   651  00087E  ECF5  F004         	call	_BusyXLCD	;wreg free
   652  000882  0900               	iorlw	0
   653  000884  A4D8               	btfss	status,2,c
   654  000886  D7FB               	goto	l990
   655  000888  0E01               	movlw	1
   656  00088A  ECD6  F004         	call	_WriteCmdXLCD
   657  00088E                     l994:
   658  00088E  ECF5  F004         	call	_BusyXLCD	;wreg free
   659  000892  0900               	iorlw	0
   660  000894  A4D8               	btfss	status,2,c
   661  000896  D7FB               	goto	l994
   662  000898  0E04               	movlw	4
   663  00089A  ECD6  F004         	call	_WriteCmdXLCD
   664  00089E                     l998:
   665  00089E  ECF5  F004         	call	_BusyXLCD	;wreg free
   666  0008A2  0900               	iorlw	0
   667  0008A4  A4D8               	btfss	status,2,c
   668  0008A6  D7FB               	goto	l998
   669  0008A8  0E80               	movlw	128
   670  0008AA  EC8E  F004         	call	_SetDDRamAddr
   671  0008AE  0012               	return	
   672  0008B0                     __end_of_OpenXLCD:
   673                           	opt stack 0
   674                           tblptru	equ	0xFF8
   675                           tblptrh	equ	0xFF7
   676                           tblptrl	equ	0xFF6
   677                           tablat	equ	0xFF5
   678                           intcon	equ	0xFF2
   679                           status	equ	0xFD8
   680                           
   681 ;; *************** function _WriteCmdXLCD *****************
   682 ;; Defined at:
   683 ;;		line 13 in file "C:\Program Files (x86)\Microchip\xc8\v1.35\sources\pic18\plib\XLCD\wcmdxlcd.c"
   684 ;; Parameters:    Size  Location     Type
   685 ;;  cmd             1    wreg     unsigned char 
   686 ;; Auto vars:     Size  Location     Type
   687 ;;  cmd             1    1[COMRAM] unsigned char 
   688 ;; Return value:  Size  Location     Type
   689 ;;		None               void
   690 ;; Registers used:
   691 ;;		wreg, status,2, status,0, cstack
   692 ;; Tracked objects:
   693 ;;		On entry : 0/0
   694 ;;		On exit  : 0/0
   695 ;;		Unchanged: 0/0
   696 ;; Data sizes:     COMRAM   BANK0   BANK1   BANK2   BANK3   BANK4   BANK5   BANK6   BANK7
   697 ;;      Params:         0       0       0       0       0       0       0       0       0
   698 ;;      Locals:         1       0       0       0       0       0       0       0       0
   699 ;;      Temps:          0       0       0       0       0       0       0       0       0
   700 ;;      Totals:         1       0       0       0       0       0       0       0       0
   701 ;;Total ram usage:        1 bytes
   702 ;; Hardware stack levels used:    1
   703 ;; Hardware stack levels required when called:    2
   704 ;; This function calls:
   705 ;;		_DelayFor18TCY
   706 ;; This function is called by:
   707 ;;		_main
   708 ;;		_OpenXLCD
   709 ;; This function uses a non-reentrant model
   710 ;;
   711                           
   712                           	psect	text6
   713  0009AC                     __ptext6:
   714                           	opt stack 0
   715  0009AC                     _WriteCmdXLCD:
   716                           	opt stack 28
   717                           
   718                           ;incstack = 0
   719                           ;WriteCmdXLCD@cmd stored from wreg
   720  0009AC  6E02               	movwf	WriteCmdXLCD@cmd,c
   721  0009AE  0EF0               	movlw	240
   722  0009B0  1693               	andwf	3987,f,c	;volatile
   723  0009B2  0EF0               	movlw	240
   724  0009B4  1681               	andwf	3969,f,c	;volatile
   725  0009B6  3802               	swapf	WriteCmdXLCD@cmd,w,c
   726  0009B8  0B0F               	andlw	15
   727  0009BA  0B0F               	andlw	15
   728  0009BC  1281               	iorwf	3969,f,c	;volatile
   729  0009BE  9C8A               	bcf	3978,6,c	;volatile
   730  0009C0  9A8A               	bcf	3978,5,c	;volatile
   731  0009C2  EC6D  F005         	call	_DelayFor18TCY	;wreg free
   732  0009C6  888A               	bsf	3978,4,c	;volatile
   733  0009C8  EC6D  F005         	call	_DelayFor18TCY	;wreg free
   734  0009CC  988A               	bcf	3978,4,c	;volatile
   735  0009CE  0EF0               	movlw	240
   736  0009D0  1681               	andwf	3969,f,c	;volatile
   737  0009D2  5002               	movf	WriteCmdXLCD@cmd,w,c
   738  0009D4  0B0F               	andlw	15
   739  0009D6  1281               	iorwf	3969,f,c	;volatile
   740  0009D8  EC6D  F005         	call	_DelayFor18TCY	;wreg free
   741  0009DC  888A               	bsf	3978,4,c	;volatile
   742  0009DE  EC6D  F005         	call	_DelayFor18TCY	;wreg free
   743  0009E2  988A               	bcf	3978,4,c	;volatile
   744  0009E4  0E0F               	movlw	15
   745  0009E6  1293               	iorwf	3987,f,c	;volatile
   746  0009E8  0012               	return	
   747  0009EA                     __end_of_WriteCmdXLCD:
   748                           	opt stack 0
   749                           tblptru	equ	0xFF8
   750                           tblptrh	equ	0xFF7
   751                           tblptrl	equ	0xFF6
   752                           tablat	equ	0xFF5
   753                           intcon	equ	0xFF2
   754                           status	equ	0xFD8
   755                           
   756 ;; *************** function _SetDDRamAddr *****************
   757 ;; Defined at:
   758 ;;		line 13 in file "C:\Program Files (x86)\Microchip\xc8\v1.35\sources\pic18\plib\XLCD\setddram.c"
   759 ;; Parameters:    Size  Location     Type
   760 ;;  DDaddr          1    wreg     unsigned char 
   761 ;; Auto vars:     Size  Location     Type
   762 ;;  DDaddr          1    4[COMRAM] unsigned char 
   763 ;; Return value:  Size  Location     Type
   764 ;;		None               void
   765 ;; Registers used:
   766 ;;		wreg, status,2, status,0, cstack
   767 ;; Tracked objects:
   768 ;;		On entry : 0/0
   769 ;;		On exit  : 0/0
   770 ;;		Unchanged: 0/0
   771 ;; Data sizes:     COMRAM   BANK0   BANK1   BANK2   BANK3   BANK4   BANK5   BANK6   BANK7
   772 ;;      Params:         0       0       0       0       0       0       0       0       0
   773 ;;      Locals:         1       0       0       0       0       0       0       0       0
   774 ;;      Temps:          3       0       0       0       0       0       0       0       0
   775 ;;      Totals:         4       0       0       0       0       0       0       0       0
   776 ;;Total ram usage:        4 bytes
   777 ;; Hardware stack levels used:    1
   778 ;; Hardware stack levels required when called:    2
   779 ;; This function calls:
   780 ;;		_DelayFor18TCY
   781 ;; This function is called by:
   782 ;;		_main
   783 ;;		_OpenXLCD
   784 ;; This function uses a non-reentrant model
   785 ;;
   786                           
   787                           	psect	text7
   788  00091C                     __ptext7:
   789                           	opt stack 0
   790  00091C                     _SetDDRamAddr:
   791                           	opt stack 28
   792                           
   793                           ;incstack = 0
   794                           ;SetDDRamAddr@DDaddr stored from wreg
   795  00091C  6E05               	movwf	SetDDRamAddr@DDaddr,c
   796  00091E  0EF0               	movlw	240
   797  000920  1693               	andwf	3987,f,c	;volatile
   798  000922  0EF0               	movlw	240
   799  000924  1681               	andwf	3969,f,c	;volatile
   800  000926  5005               	movf	SetDDRamAddr@DDaddr,w,c
   801  000928  6E02               	movwf	??_SetDDRamAddr& (0+255),c
   802  00092A  6A03               	clrf	(??_SetDDRamAddr+1)& (0+255),c
   803  00092C  8E02               	bsf	??_SetDDRamAddr,7,c
   804  00092E  0E04               	movlw	4
   805  000930  6E04               	movwf	(??_SetDDRamAddr+2)& (0+255),c
   806  000932                     u25:
   807  000932  3403               	rlcf	??_SetDDRamAddr+1,w,c
   808  000934  3203               	rrcf	??_SetDDRamAddr+1,f,c
   809  000936  3202               	rrcf	??_SetDDRamAddr,f,c
   810  000938  2E04               	decfsz	(??_SetDDRamAddr+2)& (0+255),f,c
   811  00093A  D7FB               	goto	u25
   812  00093C  5002               	movf	??_SetDDRamAddr,w,c
   813  00093E  0B0F               	andlw	15
   814  000940  1281               	iorwf	3969,f,c	;volatile
   815  000942  9C8A               	bcf	3978,6,c	;volatile
   816  000944  9A8A               	bcf	3978,5,c	;volatile
   817  000946  EC6D  F005         	call	_DelayFor18TCY	;wreg free
   818  00094A  888A               	bsf	3978,4,c	;volatile
   819  00094C  EC6D  F005         	call	_DelayFor18TCY	;wreg free
   820  000950  988A               	bcf	3978,4,c	;volatile
   821  000952  0EF0               	movlw	240
   822  000954  1681               	andwf	3969,f,c	;volatile
   823  000956  5005               	movf	SetDDRamAddr@DDaddr,w,c
   824  000958  0B0F               	andlw	15
   825  00095A  1281               	iorwf	3969,f,c	;volatile
   826  00095C  EC6D  F005         	call	_DelayFor18TCY	;wreg free
   827  000960  888A               	bsf	3978,4,c	;volatile
   828  000962  EC6D  F005         	call	_DelayFor18TCY	;wreg free
   829  000966  988A               	bcf	3978,4,c	;volatile
   830  000968  0E0F               	movlw	15
   831  00096A  1293               	iorwf	3987,f,c	;volatile
   832  00096C  0012               	return	
   833  00096E                     __end_of_SetDDRamAddr:
   834                           	opt stack 0
   835                           tblptru	equ	0xFF8
   836                           tblptrh	equ	0xFF7
   837                           tblptrl	equ	0xFF6
   838                           tablat	equ	0xFF5
   839                           intcon	equ	0xFF2
   840                           status	equ	0xFD8
   841                           
   842 ;; *************** function _DelayPORXLCD *****************
   843 ;; Defined at:
   844 ;;		line 107 in file "main_lcd.c"
   845 ;; Parameters:    Size  Location     Type
   846 ;;		None
   847 ;; Auto vars:     Size  Location     Type
   848 ;;		None
   849 ;; Return value:  Size  Location     Type
   850 ;;		None               void
   851 ;; Registers used:
   852 ;;		wreg, cstack
   853 ;; Tracked objects:
   854 ;;		On entry : 0/0
   855 ;;		On exit  : 0/0
   856 ;;		Unchanged: 0/0
   857 ;; Data sizes:     COMRAM   BANK0   BANK1   BANK2   BANK3   BANK4   BANK5   BANK6   BANK7
   858 ;;      Params:         0       0       0       0       0       0       0       0       0
   859 ;;      Locals:         0       0       0       0       0       0       0       0       0
   860 ;;      Temps:          0       0       0       0       0       0       0       0       0
   861 ;;      Totals:         0       0       0       0       0       0       0       0       0
   862 ;;Total ram usage:        0 bytes
   863 ;; Hardware stack levels used:    1
   864 ;; Hardware stack levels required when called:    1
   865 ;; This function calls:
   866 ;;		_Delay1KTCYx
   867 ;; This function is called by:
   868 ;;		_OpenXLCD
   869 ;; This function uses a non-reentrant model
   870 ;;
   871                           
   872                           	psect	text8
   873  000AD2                     __ptext8:
   874                           	opt stack 0
   875  000AD2                     _DelayPORXLCD:
   876                           	opt stack 28
   877                           
   878                           ;main_lcd.c: 109: Delay1KTCYx(180);
   879                           
   880                           ;incstack = 0
   881  000AD2  0EB4               	movlw	180
   882  000AD4  EC4B  F005         	call	_Delay1KTCYx
   883  000AD8  0012               	return	
   884  000ADA                     __end_of_DelayPORXLCD:
   885                           	opt stack 0
   886                           tblptru	equ	0xFF8
   887                           tblptrh	equ	0xFF7
   888                           tblptrl	equ	0xFF6
   889                           tablat	equ	0xFF5
   890                           intcon	equ	0xFF2
   891                           status	equ	0xFD8
   892                           
   893 ;; *************** function _Delay1KTCYx *****************
   894 ;; Defined at:
   895 ;;		line 8 in file "C:\Program Files (x86)\Microchip\xc8\v1.35\sources\pic18\d1ktcyx.c"
   896 ;; Parameters:    Size  Location     Type
   897 ;;  unit            1    wreg     unsigned char 
   898 ;; Auto vars:     Size  Location     Type
   899 ;;  unit            1    0[COMRAM] unsigned char 
   900 ;; Return value:  Size  Location     Type
   901 ;;		None               void
   902 ;; Registers used:
   903 ;;		wreg
   904 ;; Tracked objects:
   905 ;;		On entry : 0/0
   906 ;;		On exit  : 0/0
   907 ;;		Unchanged: 0/0
   908 ;; Data sizes:     COMRAM   BANK0   BANK1   BANK2   BANK3   BANK4   BANK5   BANK6   BANK7
   909 ;;      Params:         0       0       0       0       0       0       0       0       0
   910 ;;      Locals:         1       0       0       0       0       0       0       0       0
   911 ;;      Temps:          0       0       0       0       0       0       0       0       0
   912 ;;      Totals:         1       0       0       0       0       0       0       0       0
   913 ;;Total ram usage:        1 bytes
   914 ;; Hardware stack levels used:    1
   915 ;; This function calls:
   916 ;;		Nothing
   917 ;; This function is called by:
   918 ;;		_DelayPORXLCD
   919 ;;		_DelayXLCD
   920 ;; This function uses a non-reentrant model
   921 ;;
   922                           
   923                           	psect	text9
   924  000A96                     __ptext9:
   925                           	opt stack 0
   926  000A96                     _Delay1KTCYx:
   927                           	opt stack 28
   928                           
   929                           ;incstack = 0
   930                           ;Delay1KTCYx@unit stored from wreg
   931  000A96  6E01               	movwf	Delay1KTCYx@unit,c
   932  000A98  0EFA               	movlw	250
   933  000A9A                     u207:
   934  000A9A  F000               	nop	
   935  000A9C  2EE8               	decfsz	wreg,f,c
   936  000A9E  D7FD               	goto	u207
   937  000AA0  2E01               	decfsz	Delay1KTCYx@unit,f,c
   938  000AA2  D7FA               	goto	l798
   939  000AA4  0012               	return	
   940  000AA6                     __end_of_Delay1KTCYx:
   941                           	opt stack 0
   942                           tblptru	equ	0xFF8
   943                           tblptrh	equ	0xFF7
   944                           tblptrl	equ	0xFF6
   945                           tablat	equ	0xFF5
   946                           intcon	equ	0xFF2
   947                           wreg	equ	0xFE8
   948                           status	equ	0xFD8
   949                           
   950 ;; *************** function _Delay10KTCYx *****************
   951 ;; Defined at:
   952 ;;		line 8 in file "C:\Program Files (x86)\Microchip\xc8\v1.35\sources\pic18\d10ktcyx.c"
   953 ;; Parameters:    Size  Location     Type
   954 ;;  unit            1    wreg     unsigned char 
   955 ;; Auto vars:     Size  Location     Type
   956 ;;  unit            1    1[COMRAM] unsigned char 
   957 ;; Return value:  Size  Location     Type
   958 ;;		None               void
   959 ;; Registers used:
   960 ;;		wreg
   961 ;; Tracked objects:
   962 ;;		On entry : 0/0
   963 ;;		On exit  : 0/0
   964 ;;		Unchanged: 0/0
   965 ;; Data sizes:     COMRAM   BANK0   BANK1   BANK2   BANK3   BANK4   BANK5   BANK6   BANK7
   966 ;;      Params:         0       0       0       0       0       0       0       0       0
   967 ;;      Locals:         1       0       0       0       0       0       0       0       0
   968 ;;      Temps:          1       0       0       0       0       0       0       0       0
   969 ;;      Totals:         2       0       0       0       0       0       0       0       0
   970 ;;Total ram usage:        2 bytes
   971 ;; Hardware stack levels used:    1
   972 ;; This function calls:
   973 ;;		Nothing
   974 ;; This function is called by:
   975 ;;		_OpenXLCD
   976 ;; This function uses a non-reentrant model
   977 ;;
   978                           
   979                           	psect	text10
   980  000A80                     __ptext10:
   981                           	opt stack 0
   982  000A80                     _Delay10KTCYx:
   983                           	opt stack 29
   984                           
   985                           ;incstack = 0
   986                           ;Delay10KTCYx@unit stored from wreg
   987  000A80  6E02               	movwf	Delay10KTCYx@unit,c
   988  000A82  0E0D               	movlw	13
   989  000A84  6E01               	movwf	??_Delay10KTCYx& (0+255),c
   990  000A86  0EFC               	movlw	252
   991  000A88                     u217:
   992  000A88  2EE8               	decfsz	wreg,f,c
   993  000A8A  D7FE               	goto	u217
   994  000A8C  2E01               	decfsz	??_Delay10KTCYx& (0+255),f,c
   995  000A8E  D7FC               	goto	u217
   996  000A90  2E02               	decfsz	Delay10KTCYx@unit,f,c
   997  000A92  D7F7               	goto	l914
   998  000A94  0012               	return	
   999  000A96                     __end_of_Delay10KTCYx:
  1000                           	opt stack 0
  1001                           tblptru	equ	0xFF8
  1002                           tblptrh	equ	0xFF7
  1003                           tblptrl	equ	0xFF6
  1004                           tablat	equ	0xFF5
  1005                           intcon	equ	0xFF2
  1006                           wreg	equ	0xFE8
  1007                           status	equ	0xFD8
  1008                           
  1009 ;; *************** function _BusyXLCD *****************
  1010 ;; Defined at:
  1011 ;;		line 11 in file "C:\Program Files (x86)\Microchip\xc8\v1.35\sources\pic18\plib\XLCD\busyxlcd.c"
  1012 ;; Parameters:    Size  Location     Type
  1013 ;;		None
  1014 ;; Auto vars:     Size  Location     Type
  1015 ;;		None
  1016 ;; Return value:  Size  Location     Type
  1017 ;;                  1    wreg      unsigned char 
  1018 ;; Registers used:
  1019 ;;		wreg, cstack
  1020 ;; Tracked objects:
  1021 ;;		On entry : 0/0
  1022 ;;		On exit  : 0/0
  1023 ;;		Unchanged: 0/0
  1024 ;; Data sizes:     COMRAM   BANK0   BANK1   BANK2   BANK3   BANK4   BANK5   BANK6   BANK7
  1025 ;;      Params:         0       0       0       0       0       0       0       0       0
  1026 ;;      Locals:         0       0       0       0       0       0       0       0       0
  1027 ;;      Temps:          0       0       0       0       0       0       0       0       0
  1028 ;;      Totals:         0       0       0       0       0       0       0       0       0
  1029 ;;Total ram usage:        0 bytes
  1030 ;; Hardware stack levels used:    1
  1031 ;; Hardware stack levels required when called:    2
  1032 ;; This function calls:
  1033 ;;		_DelayFor18TCY
  1034 ;; This function is called by:
  1035 ;;		_main
  1036 ;;		_OpenXLCD
  1037 ;;		_putrsXLCD
  1038 ;; This function uses a non-reentrant model
  1039 ;;
  1040                           
  1041                           	psect	text11
  1042  0009EA                     __ptext11:
  1043                           	opt stack 0
  1044  0009EA                     _BusyXLCD:
  1045                           	opt stack 27
  1046                           
  1047                           ;incstack = 0
  1048  0009EA  8C8A               	bsf	3978,6,c	;volatile
  1049  0009EC  9A8A               	bcf	3978,5,c	;volatile
  1050  0009EE  EC6D  F005         	call	_DelayFor18TCY	;wreg free
  1051  0009F2  888A               	bsf	3978,4,c	;volatile
  1052  0009F4  EC6D  F005         	call	_DelayFor18TCY	;wreg free
  1053  0009F8  A681               	btfss	3969,3,c	;volatile
  1054  0009FA  D00A               	goto	l67
  1055  0009FC  988A               	bcf	3978,4,c	;volatile
  1056  0009FE  EC6D  F005         	call	_DelayFor18TCY	;wreg free
  1057  000A02  888A               	bsf	3978,4,c	;volatile
  1058  000A04  EC6D  F005         	call	_DelayFor18TCY	;wreg free
  1059  000A08  988A               	bcf	3978,4,c	;volatile
  1060  000A0A  9C8A               	bcf	3978,6,c	;volatile
  1061  000A0C  0E01               	movlw	1
  1062  000A0E  0012               	return	
  1063  000A10                     l67:
  1064  000A10  988A               	bcf	3978,4,c	;volatile
  1065  000A12  EC6D  F005         	call	_DelayFor18TCY	;wreg free
  1066  000A16  888A               	bsf	3978,4,c	;volatile
  1067  000A18  EC6D  F005         	call	_DelayFor18TCY	;wreg free
  1068  000A1C  988A               	bcf	3978,4,c	;volatile
  1069  000A1E  9C8A               	bcf	3978,6,c	;volatile
  1070  000A20  0E00               	movlw	0
  1071  000A22  0012               	return	
  1072  000A24                     __end_of_BusyXLCD:
  1073                           	opt stack 0
  1074                           tblptru	equ	0xFF8
  1075                           tblptrh	equ	0xFF7
  1076                           tblptrl	equ	0xFF6
  1077                           tablat	equ	0xFF5
  1078                           intcon	equ	0xFF2
  1079                           wreg	equ	0xFE8
  1080                           status	equ	0xFD8
  1081                           
  1082 ;; *************** function _DelayFor18TCY *****************
  1083 ;; Defined at:
  1084 ;;		line 102 in file "main_lcd.c"
  1085 ;; Parameters:    Size  Location     Type
  1086 ;;		None
  1087 ;; Auto vars:     Size  Location     Type
  1088 ;;		None
  1089 ;; Return value:  Size  Location     Type
  1090 ;;		None               void
  1091 ;; Registers used:
  1092 ;;		wreg, cstack
  1093 ;; Tracked objects:
  1094 ;;		On entry : 0/0
  1095 ;;		On exit  : 0/0
  1096 ;;		Unchanged: 0/0
  1097 ;; Data sizes:     COMRAM   BANK0   BANK1   BANK2   BANK3   BANK4   BANK5   BANK6   BANK7
  1098 ;;      Params:         0       0       0       0       0       0       0       0       0
  1099 ;;      Locals:         0       0       0       0       0       0       0       0       0
  1100 ;;      Temps:          0       0       0       0       0       0       0       0       0
  1101 ;;      Totals:         0       0       0       0       0       0       0       0       0
  1102 ;;Total ram usage:        0 bytes
  1103 ;; Hardware stack levels used:    1
  1104 ;; Hardware stack levels required when called:    1
  1105 ;; This function calls:
  1106 ;;		_Delay10TCYx
  1107 ;; This function is called by:
  1108 ;;		_BusyXLCD
  1109 ;;		_SetDDRamAddr
  1110 ;;		_WriteCmdXLCD
  1111 ;;		_WriteDataXLCD
  1112 ;; This function uses a non-reentrant model
  1113 ;;
  1114                           
  1115                           	psect	text12
  1116  000ADA                     __ptext12:
  1117                           	opt stack 0
  1118  000ADA                     _DelayFor18TCY:
  1119                           	opt stack 27
  1120                           
  1121                           ;main_lcd.c: 104: Delay10TCYx(120);
  1122                           
  1123                           ;incstack = 0
  1124  000ADA  0E78               	movlw	120
  1125  000ADC  EC53  F005         	call	_Delay10TCYx
  1126  000AE0  0012               	return		;funcret
  1127  000AE2                     __end_of_DelayFor18TCY:
  1128                           	opt stack 0
  1129                           tblptru	equ	0xFF8
  1130                           tblptrh	equ	0xFF7
  1131                           tblptrl	equ	0xFF6
  1132                           tablat	equ	0xFF5
  1133                           intcon	equ	0xFF2
  1134                           wreg	equ	0xFE8
  1135                           status	equ	0xFD8
  1136                           
  1137 ;; *************** function _Delay10TCYx *****************
  1138 ;; Defined at:
  1139 ;;		line 8 in file "C:\Program Files (x86)\Microchip\xc8\v1.35\sources\pic18\d10tcyx.c"
  1140 ;; Parameters:    Size  Location     Type
  1141 ;;  unit            1    wreg     unsigned char 
  1142 ;; Auto vars:     Size  Location     Type
  1143 ;;  unit            1    0[COMRAM] unsigned char 
  1144 ;; Return value:  Size  Location     Type
  1145 ;;		None               void
  1146 ;; Registers used:
  1147 ;;		wreg
  1148 ;; Tracked objects:
  1149 ;;		On entry : 0/0
  1150 ;;		On exit  : 0/0
  1151 ;;		Unchanged: 0/0
  1152 ;; Data sizes:     COMRAM   BANK0   BANK1   BANK2   BANK3   BANK4   BANK5   BANK6   BANK7
  1153 ;;      Params:         0       0       0       0       0       0       0       0       0
  1154 ;;      Locals:         1       0       0       0       0       0       0       0       0
  1155 ;;      Temps:          0       0       0       0       0       0       0       0       0
  1156 ;;      Totals:         1       0       0       0       0       0       0       0       0
  1157 ;;Total ram usage:        1 bytes
  1158 ;; Hardware stack levels used:    1
  1159 ;; This function calls:
  1160 ;;		Nothing
  1161 ;; This function is called by:
  1162 ;;		_DelayFor18TCY
  1163 ;; This function uses a non-reentrant model
  1164 ;;
  1165                           
  1166                           	psect	text13
  1167  000AA6                     __ptext13:
  1168                           	opt stack 0
  1169  000AA6                     _Delay10TCYx:
  1170                           	opt stack 27
  1171                           
  1172                           ;incstack = 0
  1173                           ;Delay10TCYx@unit stored from wreg
  1174  000AA6  6E01               	movwf	Delay10TCYx@unit,c
  1175  000AA8  0E03               	movlw	3
  1176  000AAA                     u227:
  1177  000AAA  2EE8               	decfsz	wreg,f,c
  1178  000AAC  D7FE               	goto	u227
  1179  000AAE  F000               	nop	
  1180  000AB0  2E01               	decfsz	Delay10TCYx@unit,f,c
  1181  000AB2  D7FA               	goto	l792
  1182  000AB4  0012               	return	
  1183  000AB6                     __end_of_Delay10TCYx:
  1184                           	opt stack 0
  1185                           tblptru	equ	0xFF8
  1186                           tblptrh	equ	0xFF7
  1187                           tblptrl	equ	0xFF6
  1188                           tablat	equ	0xFF5
  1189                           intcon	equ	0xFF2
  1190                           wreg	equ	0xFE8
  1191                           status	equ	0xFD8
  1192                           tblptru	equ	0xFF8
  1193                           tblptrh	equ	0xFF7
  1194                           tblptrl	equ	0xFF6
  1195                           tablat	equ	0xFF5
  1196                           intcon	equ	0xFF2
  1197                           wreg	equ	0xFE8
  1198                           status	equ	0xFD8
  1199                           
  1200                           	psect	rparam
  1201  0000                     tblptru	equ	0xFF8
  1202                           tblptrh	equ	0xFF7
  1203                           tblptrl	equ	0xFF6
  1204                           tablat	equ	0xFF5
  1205                           intcon	equ	0xFF2
  1206                           wreg	equ	0xFE8
  1207                           status	equ	0xFD8


Data Sizes:
    Strings     10
    Constant    0
    Data        0
    BSS         0
    Persistent  0
    Stack       0

Auto Spaces:
    Space          Size  Autos    Used
    COMRAM           95     10      10
    BANK0           160      0       0
    BANK1           256      0       0
    BANK2           256      0       0
    BANK3           256      0       0
    BANK4           256      0       0
    BANK5           256      0       0
    BANK6           256      0       0
    BANK7           256      0       0

Pointer List with Targets:

    putrsXLCD@buffer	PTR const unsigned char  size(2) Largest target is 10
		 -> STR_1(CODE[10]), 


Critical Paths under _main in COMRAM

    _main->_OpenXLCD
    _putrsXLCD->_WriteDataXLCD
    _OpenXLCD->_SetDDRamAddr
    _DelayPORXLCD->_Delay1KTCYx
    _DelayFor18TCY->_Delay10TCYx

Critical Paths under _main in BANK0

    None.

Critical Paths under _main in BANK1

    None.

Critical Paths under _main in BANK2

    None.

Critical Paths under _main in BANK3

    None.

Critical Paths under _main in BANK4

    None.

Critical Paths under _main in BANK5

    None.

Critical Paths under _main in BANK6

    None.

Critical Paths under _main in BANK7

    None.

Call Graph Tables:

 ---------------------------------------------------------------------------------
 (Depth) Function   	        Calls       Base Space   Used Autos Params    Refs
 ---------------------------------------------------------------------------------
 (0) _main                                                 4     4      0     639
                                              6 COMRAM     4     4      0
                           _BusyXLCD
                           _OpenXLCD
                       _SetDDRamAddr
                       _WriteCmdXLCD
                      _WriteDataXLCD
                    _escribir_eeprom
                        _leer_eeprom
                          _putrsXLCD
 ---------------------------------------------------------------------------------
 (1) _putrsXLCD                                            2     0      2     169
                                              2 COMRAM     2     0      2
                           _BusyXLCD
                      _WriteDataXLCD
 ---------------------------------------------------------------------------------
 (2) _WriteDataXLCD                                        1     1      0      45
                                              1 COMRAM     1     1      0
                      _DelayFor18TCY
 ---------------------------------------------------------------------------------
 (1) _leer_eeprom                                          1     1      0      15
                                              0 COMRAM     1     1      0
 ---------------------------------------------------------------------------------
 (1) _escribir_eeprom                                      2     1      1     108
                                              0 COMRAM     2     1      1
 ---------------------------------------------------------------------------------
 (1) _OpenXLCD                                             1     1      0     150
                                              5 COMRAM     1     1      0
                           _BusyXLCD
                       _Delay10KTCYx
                       _DelayPORXLCD
                       _SetDDRamAddr
                       _WriteCmdXLCD
 ---------------------------------------------------------------------------------
 (1) _WriteCmdXLCD                                         1     1      0      45
                                              1 COMRAM     1     1      0
                      _DelayFor18TCY
 ---------------------------------------------------------------------------------
 (1) _SetDDRamAddr                                         4     4      0      45
                                              1 COMRAM     4     4      0
                      _DelayFor18TCY
 ---------------------------------------------------------------------------------
 (2) _DelayPORXLCD                                         0     0      0      15
                        _Delay1KTCYx
 ---------------------------------------------------------------------------------
 (3) _Delay1KTCYx                                          1     1      0      15
                                              0 COMRAM     1     1      0
 ---------------------------------------------------------------------------------
 (2) _Delay10KTCYx                                         2     2      0      15
                                              0 COMRAM     2     2      0
 ---------------------------------------------------------------------------------
 (2) _BusyXLCD                                             0     0      0      15
                      _DelayFor18TCY
 ---------------------------------------------------------------------------------
 (3) _DelayFor18TCY                                        0     0      0      15
                        _Delay10TCYx
 ---------------------------------------------------------------------------------
 (4) _Delay10TCYx                                          1     1      0      15
                                              0 COMRAM     1     1      0
 ---------------------------------------------------------------------------------
 Estimated maximum stack depth 4
 ---------------------------------------------------------------------------------

 Call Graph Graphs:

 _main (ROOT)
   _BusyXLCD
     _DelayFor18TCY
       _Delay10TCYx
   _OpenXLCD
     _BusyXLCD
       _DelayFor18TCY
         _Delay10TCYx
     _Delay10KTCYx
     _DelayPORXLCD
       _Delay1KTCYx
     _SetDDRamAddr
       _DelayFor18TCY
         _Delay10TCYx
     _WriteCmdXLCD
       _DelayFor18TCY
         _Delay10TCYx
   _SetDDRamAddr
     _DelayFor18TCY
       _Delay10TCYx
   _WriteCmdXLCD
     _DelayFor18TCY
       _Delay10TCYx
   _WriteDataXLCD
     _DelayFor18TCY
       _Delay10TCYx
   _escribir_eeprom
   _leer_eeprom
   _putrsXLCD
     _BusyXLCD
       _DelayFor18TCY
         _Delay10TCYx
     _WriteDataXLCD
       _DelayFor18TCY
         _Delay10TCYx

 Address spaces:
Name               Size   Autos  Total    Cost      Usage
BITCOMRAM           5F      0       0       0        0.0%
EEDATA             100      0       0       0        0.0%
NULL                 0      0       0       0        0.0%
CODE                 0      0       0       0        0.0%
COMRAM              5F      A       A       1       10.5%
STACK                0      0       0       2        0.0%
DATA                 0      0       0       3        0.0%
BITBANK0            A0      0       0       4        0.0%
BANK0               A0      0       0       5        0.0%
BITBANK1           100      0       0       6        0.0%
BANK1              100      0       0       7        0.0%
BITBANK2           100      0       0       8        0.0%
BANK2              100      0       0       9        0.0%
BITBANK3           100      0       0      10        0.0%
BANK3              100      0       0      11        0.0%
BITBANK4           100      0       0      12        0.0%
BANK4              100      0       0      13        0.0%
BITBANK5           100      0       0      14        0.0%
BANK5              100      0       0      15        0.0%
BITBANK6           100      0       0      16        0.0%
BANK6              100      0       0      17        0.0%
BITBANK7           100      0       0      18        0.0%
BANK7              100      0       0      19        0.0%
ABS                  0      0       0      20        0.0%
BIGRAM             7FF      0       0      21        0.0%
BITSFR               0      0       0      40        0.0%
SFR                  0      0       0      40        0.0%


Microchip Technology PIC18 Macro Assembler V1.35 build -356382666 
Symbol Table                                                                                   Tue Oct 15 13:52:59 2024

                      l31 0A5A                        l34 0A7A                        l67 0A10  
                      u25 0932                       l914 0A82                       l792 0AA8  
                     l798 0A98                       l990 087E                       l982 085E  
                     l976 0844                       l994 088E                       l986 086E  
                     l978 084E                       l998 089E                       u207 0A9A  
                     u217 0A88                       u227 0AAA              __CFG_BOR$OFF 000000  
   __size_of_WriteCmdXLCD 003E                       wreg 000FE8              __CFG_LVP$OFF 000000  
            __CFG_WDT$OFF 000000                      l1080 08BA                      l1074 0A44  
                    l1090 08E6                      l1068 0A26              ?_leer_eeprom 0001  
                    STR_1 0801                      _main 08B0    __size_of_WriteDataXLCD 003E  
__size_of_escribir_eeprom 0028                      start 0000             __CFG_IESO$OFF 000000  
             main@voltaje 0008             __CFG_MCLRE$ON 000000              ___param_bank 000010  
             _Delay10TCYx 0AA6              _WriteCmdXLCD 09AC               _Delay1KTCYx 0A96  
           __CFG_PLLDIV$5 000000             ?_SetDDRamAddr 0001                     ?_main 0001  
                   _EEADR 000FA9                     _PORTB 000F81             __CFG_USBDIV$2 000000  
                   _TRISB 000F93     __size_of_Delay10KTCYx 0016             __CFG_PWRT$OFF 000000  
          __CFG_FCMEN$OFF 000000                     tablat 000FF5                     status 000FD8  
          __CFG_ICPRT$OFF 000000           __initialization 0AB6              __end_of_main 091C  
        __end_of_BusyXLCD 0A24              _Delay10KTCYx 0A80     __size_of_DelayPORXLCD 0008  
          ??_SetDDRamAddr 0002          __end_of_OpenXLCD 08B0                    ??_main 0007  
           __activetblptr 000001             _WriteDataXLCD 096E                    _ADCON1 000FC1  
                  _EEDATA 000FA8                    _EECON2 000FA7              _DelayPORXLCD 0AD2  
          __CFG_XINST$OFF 000000            __CFG_STVREN$ON 000000         ??_escribir_eeprom 0002  
          ?_WriteDataXLCD 0001              __mediumconst 0000                    tblptrh 000FF7  
                  tblptrl 000FF6                    tblptru 000FF8                __accesstop 0060  
 __end_of__initialization 0AB6           __CFG_PBADEN$OFF 000000      __size_of_leer_eeprom 000E  
escribir_eeprom@direccion 0002             ___rparam_used 000001            __pcstackCOMRAM 0001  
  __size_of_DelayFor18TCY 0008                 ?_BusyXLCD 0001           WriteCmdXLCD@cmd 0002  
    __end_of_SetDDRamAddr 096E                 ?_OpenXLCD 0001         WriteDataXLCD@data 0002  
            ?_Delay10TCYx 0001           ??_WriteDataXLCD 0002              ?_Delay1KTCYx 0001  
      __size_of_putrsXLCD 0034                ??_BusyXLCD 0002           __CFG_VREGEN$OFF 000000  
              ??_OpenXLCD 0006                   __Hparam 0000                   __Lparam 0000  
           _DelayFor18TCY 0ADA              __psmallconst 0800                   __pcinit 0AB6  
         putrsXLCD@buffer 0003           Delay10TCYx@unit 0001                   __ramtop 0800  
                 __ptext0 08B0                   __ptext1 0A24                   __ptext2 096E  
                 __ptext3 0AC4                   __ptext4 0A58                   __ptext5 080C  
                 __ptext6 09AC                   __ptext7 091C                   __ptext8 0AD2  
                 __ptext9 0A96      end_of_initialization 0AB6           _escribir_eeprom 0A58  
          ?_DelayFor18TCY 0001         __end_of_putrsXLCD 0A58                 _TRISBbits 000F93  
   __size_of_SetDDRamAddr 0052                main@letra2 000A      __size_of_Delay10TCYx 0010  
            _SetDDRamAddr 091C      __size_of_Delay1KTCYx 0010        SetDDRamAddr@DDaddr 0005  
     start_initialization 0AB6   __end_of_escribir_eeprom 0A80             ??_leer_eeprom 0001  
       __size_of_BusyXLCD 003A           ??_DelayFor18TCY 0002         __size_of_OpenXLCD 00A4  
           ?_WriteCmdXLCD 0001          __CFG_LPT1OSC$OFF 000000           Delay1KTCYx@unit 0001  
     __end_of_leer_eeprom 0AD2            ??_WriteCmdXLCD 0002             ?_Delay10KTCYx 0001  
   __end_of_WriteDataXLCD 09AC               __smallconst 0800          ?_escribir_eeprom 0001  
                _LATBbits 000F8A             ?_DelayPORXLCD 0001           OpenXLCD@lcdtype 0006  
        __CFG_WDTPS$32768 000000            ??_Delay10KTCYx 0001                 _putrsXLCD 0A24  
               main@letra 0007          Delay10KTCYx@unit 0002               _leer_eeprom 0AC4  
                _BusyXLCD 09EA       escribir_eeprom@dato 0001            ??_DelayPORXLCD 0002  
              _EECON1bits 000FA6                  _OpenXLCD 080C                  __Hrparam 0000  
                __Lrparam 0000              __Lsmallconst 0800                ?_putrsXLCD 0003  
                __ptext10 0A80                  __ptext11 09EA                  __ptext12 0ADA  
                __ptext13 0AA6      __end_of_WriteCmdXLCD 09EA             __size_of_main 006C  
           ??_Delay10TCYx 0001             ??_Delay1KTCYx 0001     __CFG_CPUDIV$OSC1_PLL2 000000  
              _INTCONbits 000FF2      __end_of_Delay10KTCYx 0A96     __end_of_DelayFor18TCY 0AE2  
     __end_of_Delay10TCYx 0AB6      __end_of_DelayPORXLCD 0ADA               ??_putrsXLCD 0005  
     __end_of_Delay1KTCYx 0AA6        __CFG_FOSC$HSPLL_HS 000000      leer_eeprom@direccion 0001  
