

Microchip Technology PIC18 LITE Macro Assembler V1.35 build -356382666 
                                                                                               Thu Nov 03 14:27:27 2022

Microchip Technology Omniscient Code Generator v1.35 (Free mode) build 201507080246
     1                           	processor	18F4550
     2                           	fnconf	rparam,??,?,0
     3                           	opt	pw 120
     4                           	opt	lm
     5                           	psect	cinit,global,reloc=2,class=CODE,delta=1
     6                           	psect	cstackCOMRAM,global,class=COMRAM,space=1,delta=1
     7                           	psect	text0,global,reloc=2,class=CODE,delta=1
     8                           	psect	intsave_regs,global,class=BIGRAM,space=1,delta=1
     9                           	psect	rparam,global,class=COMRAM,space=1,delta=1
    10  0000                     _ADCON1	set	4033
    11  0000                     _BAUDCONbits	set	4024
    12  0000                     _PORTB	set	3969
    13  0000                     _RCREG	set	4014
    14  0000                     _RCSTAbits	set	4011
    15  0000                     _TRISB	set	3987
    16  0000                     _TRISCbits	set	3988
    17  0000                     _RCIF	set	31989
    18                           
    19                           ; #config settings
    20  0000                     
    21                           	psect	cinit
    22  007FCA                     __pcinit:
    23                           	opt stack 0
    24  007FCA                     start_initialization:
    25                           	opt stack 0
    26  007FCA                     __initialization:
    27                           	opt stack 0
    28  007FCA                     end_of_initialization:
    29                           	opt stack 0
    30  007FCA                     __end_of__initialization:
    31                           	opt stack 0
    32  007FCA  0100               	movlb	0
    33  007FCC  EFE8  F03F         	goto	_main	;jump to C main() function
    34                           
    35                           	psect	cstackCOMRAM
    36  000001                     __pcstackCOMRAM:
    37                           	opt stack 0
    38  000001                     main@voltaje:
    39                           	opt stack 0
    40                           
    41                           ; 1 bytes @ 0x0
    42  000001                     	ds	1
    43                           
    44 ;;
    45 ;;Main: autosize = 0, tempsize = 0, incstack = 0, save=0
    46 ;;
    47 ;; *************** function _main *****************
    48 ;; Defined at:
    49 ;;		line 19 in file "receptor_main.c"
    50 ;; Parameters:    Size  Location     Type
    51 ;;		None
    52 ;; Auto vars:     Size  Location     Type
    53 ;;  voltaje         1    0[COMRAM] unsigned char 
    54 ;; Return value:  Size  Location     Type
    55 ;;		None               void
    56 ;; Registers used:
    57 ;;		wreg, status,2, status,0
    58 ;; Tracked objects:
    59 ;;		On entry : 0/0
    60 ;;		On exit  : 0/0
    61 ;;		Unchanged: 0/0
    62 ;; Data sizes:     COMRAM   BANK0   BANK1   BANK2   BANK3   BANK4   BANK5   BANK6   BANK7
    63 ;;      Params:         0       0       0       0       0       0       0       0       0
    64 ;;      Locals:         1       0       0       0       0       0       0       0       0
    65 ;;      Temps:          0       0       0       0       0       0       0       0       0
    66 ;;      Totals:         1       0       0       0       0       0       0       0       0
    67 ;;Total ram usage:        1 bytes
    68 ;; This function calls:
    69 ;;		Nothing
    70 ;; This function is called by:
    71 ;;		Startup code after reset
    72 ;; This function uses a non-reentrant model
    73 ;;
    74                           
    75                           	psect	text0
    76  007FD0                     __ptext0:
    77                           	opt stack 0
    78  007FD0                     _main:
    79                           	opt stack 31
    80                           
    81                           ;receptor_main.c: 21: TRISB = 0;
    82                           
    83                           ;incstack = 0
    84  007FD0  0E00               	movlw	0
    85  007FD2  6E93               	movwf	3987,c	;volatile
    86                           
    87                           ;receptor_main.c: 22: ADCON1 = 0b1111111;
    88  007FD4  0E7F               	movlw	127
    89  007FD6  6EC1               	movwf	4033,c	;volatile
    90                           
    91                           ;receptor_main.c: 24: TRISCbits.RC7 = 1;
    92  007FD8  8E94               	bsf	3988,7,c	;volatile
    93                           
    94                           ;receptor_main.c: 25: RCSTAbits.RC9=0;
    95  007FDA  9CAB               	bcf	4011,6,c	;volatile
    96                           
    97                           ;receptor_main.c: 26: RCSTAbits.SREN=1;
    98  007FDC  8AAB               	bsf	4011,5,c	;volatile
    99                           
   100                           ;receptor_main.c: 27: RCSTAbits.CREN=0;
   101  007FDE  98AB               	bcf	4011,4,c	;volatile
   102                           
   103                           ;receptor_main.c: 28: BAUDCONbits.BRG16 = 0;
   104  007FE0  96B8               	bcf	4024,3,c	;volatile
   105                           
   106                           ;receptor_main.c: 29: RCSTAbits.SPEN = 1;
   107  007FE2  8EAB               	bsf	4011,7,c	;volatile
   108  007FE4                     l19:
   109  007FE4  AA9E               	btfss	3998,5,c	;volatile
   110  007FE6  D7FE               	goto	l19
   111                           
   112                           ;receptor_main.c: 36: voltaje = RCREG;
   113  007FE8  CFAE F001          	movff	4014,main@voltaje	;volatile
   114                           
   115                           ;receptor_main.c: 38: if(voltaje=='B')
   116  007FEC  0E42               	movlw	66
   117  007FEE  1801               	xorwf	main@voltaje,w,c
   118  007FF0  A4D8               	btfss	status,2,c
   119  007FF2  D002               	goto	l640
   120                           
   121                           ;receptor_main.c: 39: {
   122                           ;receptor_main.c: 40: PORTB=1;
   123  007FF4  0E01               	movlw	1
   124  007FF6  D001               	goto	L1
   125  007FF8                     l640:
   126                           
   127                           ;receptor_main.c: 42: else
   128                           ;receptor_main.c: 43: {
   129                           ;receptor_main.c: 44: PORTB=0;
   130  007FF8  0E00               	movlw	0
   131  007FFA                     L1:
   132  007FFA  6E81               	movwf	3969,c	;volatile
   133                           
   134                           ;receptor_main.c: 45: }
   135                           ;receptor_main.c: 48: return;
   136  007FFC  EF00  F000         	goto	start
   137  008000                     __end_of_main:
   138                           	opt stack 0
   139  0000                     status	equ	0xFD8
   140                           status	equ	0xFD8
   141                           
   142                           	psect	rparam
   143  0000                     status	equ	0xFD8


Data Sizes:
    Strings     0
    Constant    0
    Data        0
    BSS         0
    Persistent  0
    Stack       0

Auto Spaces:
    Space          Size  Autos    Used
    COMRAM           95      1       1
    BANK0           160      0       0
    BANK1           256      0       0
    BANK2           256      0       0
    BANK3           256      0       0
    BANK4           256      0       0
    BANK5           256      0       0
    BANK6           256      0       0
    BANK7           256      0       0

Pointer List with Targets:

    None.

Critical Paths under _main in COMRAM

    None.

Critical Paths under _main in BANK0

    None.

Critical Paths under _main in BANK1

    None.

Critical Paths under _main in BANK2

    None.

Critical Paths under _main in BANK3

    None.

Critical Paths under _main in BANK4

    None.

Critical Paths under _main in BANK5

    None.

Critical Paths under _main in BANK6

    None.

Critical Paths under _main in BANK7

    None.

Call Graph Tables:

 ---------------------------------------------------------------------------------
 (Depth) Function   	        Calls       Base Space   Used Autos Params    Refs
 ---------------------------------------------------------------------------------
 (0) _main                                                 1     1      0      15
                                              0 COMRAM     1     1      0
 ---------------------------------------------------------------------------------
 Estimated maximum stack depth 0
 ---------------------------------------------------------------------------------

 Call Graph Graphs:

 _main (ROOT)

 Address spaces:
Name               Size   Autos  Total    Cost      Usage
BITCOMRAM           5F      0       0       0        0.0%
EEDATA             100      0       0       0        0.0%
NULL                 0      0       0       0        0.0%
CODE                 0      0       0       0        0.0%
COMRAM              5F      1       1       1        1.1%
STACK                0      0       0       2        0.0%
DATA                 0      0       0       3        0.0%
BITBANK0            A0      0       0       4        0.0%
BANK0               A0      0       0       5        0.0%
BITBANK1           100      0       0       6        0.0%
BANK1              100      0       0       7        0.0%
BITBANK2           100      0       0       8        0.0%
BANK2              100      0       0       9        0.0%
BITBANK3           100      0       0      10        0.0%
BANK3              100      0       0      11        0.0%
BITBANK4           100      0       0      12        0.0%
BANK4              100      0       0      13        0.0%
BITBANK5           100      0       0      14        0.0%
BANK5              100      0       0      15        0.0%
BITBANK6           100      0       0      16        0.0%
BANK6              100      0       0      17        0.0%
BITBANK7           100      0       0      18        0.0%
BANK7              100      0       0      19        0.0%
ABS                  0      0       0      20        0.0%
BIGRAM             7FF      0       0      21        0.0%
BITSFR               0      0       0      40        0.0%
SFR                  0      0       0      40        0.0%


Microchip Technology PIC18 Macro Assembler V1.35 build -356382666 
Symbol Table                                                                                   Thu Nov 03 14:27:27 2022

                     l19 7FE4                      l640 7FF8             __CFG_BOR$OFF 000000  
           __CFG_LVP$OFF 000000             __CFG_WDT$OFF 000000                     _RCIF 007CF5  
                   _main 7FD0                     start 0000            __CFG_IESO$OFF 000000  
            main@voltaje 0001            __CFG_MCLRE$ON 000000             ___param_bank 000010  
          __CFG_PLLDIV$5 000000                    ?_main 0001                    _RCREG 000FAE  
                  _PORTB 000F81            __CFG_USBDIV$2 000000                    _TRISB 000F93  
          __CFG_PWRT$OFF 000000           __CFG_FCMEN$OFF 000000                    status 000FD8  
         __CFG_ICPRT$OFF 000000          __initialization 7FCA             __end_of_main 8000  
                 ??_main 0001            __activetblptr 000000                   _ADCON1 000FC1  
         __CFG_XINST$OFF 000000           __CFG_STVREN$ON 000000               __accesstop 0060  
__end_of__initialization 7FCA          __CFG_PBADEN$OFF 000000            ___rparam_used 000001  
         __pcstackCOMRAM 0001          __CFG_VREGEN$OFF 000000                  __Hparam 0000  
                __Lparam 0000                  __pcinit 7FCA                  __ramtop 0800  
                __ptext0 7FD0     end_of_initialization 7FCA                _RCSTAbits 000FAB  
              _TRISCbits 000F94              _BAUDCONbits 000FB8      start_initialization 7FCA  
       __CFG_LPT1OSC$OFF 000000         __CFG_WDTPS$32768 000000                 __Hrparam 0000  
               __Lrparam 0000            __size_of_main 0030    __CFG_CPUDIV$OSC1_PLL2 000000  
     __CFG_FOSC$HSPLL_HS 000000  
