

Microchip Technology PIC18 LITE Macro Assembler V1.35 build -356382666 
                                                                                               Wed Jul 20 16:28:17 2022

Microchip Technology Omniscient Code Generator v1.35 (Free mode) build 201507080246
     1                           	processor	18F4550
     2                           	fnconf	rparam,??,?,0
     3                           	opt	pw 120
     4                           	opt	lm
     5                           	psect	cinit,global,reloc=2,class=CODE,delta=1
     6                           	psect	cstackCOMRAM,global,class=COMRAM,space=1,delta=1
     7                           	psect	text0,global,reloc=2,class=CODE,delta=1
     8                           	psect	intsave_regs,global,class=BIGRAM,space=1,delta=1
     9                           	psect	rparam,global,class=COMRAM,space=1,delta=1
    10  0000                     _LATDbits	set	3980
    11  0000                     _PORTB	set	3969
    12  0000                     _PORTDbits	set	3971
    13  0000                     _TRISB	set	3987
    14  0000                     _TRISD	set	3989
    15                           
    16                           ; #config settings
    17  0000                     
    18                           	psect	cinit
    19  007EDE                     __pcinit:
    20                           	opt stack 0
    21  007EDE                     start_initialization:
    22                           	opt stack 0
    23  007EDE                     __initialization:
    24                           	opt stack 0
    25  007EDE                     end_of_initialization:
    26                           	opt stack 0
    27  007EDE                     __end_of__initialization:
    28                           	opt stack 0
    29  007EDE  0100               	movlb	0
    30  007EE0  EF72  F03F         	goto	_main	;jump to C main() function
    31                           
    32                           	psect	cstackCOMRAM
    33  000001                     __pcstackCOMRAM:
    34                           	opt stack 0
    35  000001                     ??_main:
    36                           
    37                           ; 0 bytes @ 0x0
    38  000001                     	ds	1
    39                           
    40 ;;
    41 ;;Main: autosize = 0, tempsize = 1, incstack = 0, save=0
    42 ;;
    43 ;; *************** function _main *****************
    44 ;; Defined at:
    45 ;;		line 30 in file "main_teclado_verano.c"
    46 ;; Parameters:    Size  Location     Type
    47 ;;		None
    48 ;; Auto vars:     Size  Location     Type
    49 ;;		None
    50 ;; Return value:  Size  Location     Type
    51 ;;		None               void
    52 ;; Registers used:
    53 ;;		wreg, status,2
    54 ;; Tracked objects:
    55 ;;		On entry : 0/0
    56 ;;		On exit  : 0/0
    57 ;;		Unchanged: 0/0
    58 ;; Data sizes:     COMRAM   BANK0   BANK1   BANK2   BANK3   BANK4   BANK5   BANK6   BANK7
    59 ;;      Params:         0       0       0       0       0       0       0       0       0
    60 ;;      Locals:         0       0       0       0       0       0       0       0       0
    61 ;;      Temps:          1       0       0       0       0       0       0       0       0
    62 ;;      Totals:         1       0       0       0       0       0       0       0       0
    63 ;;Total ram usage:        1 bytes
    64 ;; This function calls:
    65 ;;		Nothing
    66 ;; This function is called by:
    67 ;;		Startup code after reset
    68 ;; This function uses a non-reentrant model
    69 ;;
    70                           
    71                           	psect	text0
    72  007EE4                     __ptext0:
    73                           	opt stack 0
    74  007EE4                     _main:
    75                           	opt stack 31
    76                           
    77                           ;main_teclado_verano.c: 33: TRISB = 0;
    78                           
    79                           ;incstack = 0
    80  007EE4  0E00               	movlw	0
    81  007EE6  6E93               	movwf	3987,c	;volatile
    82                           
    83                           ;main_teclado_verano.c: 34: TRISD = 0b11110000;
    84  007EE8  0EF0               	movlw	240
    85  007EEA  6E95               	movwf	3989,c	;volatile
    86                           
    87                           ;main_teclado_verano.c: 36: LATDbits.LD0= 1;
    88  007EEC  808C               	bsf	3980,0,c	;volatile
    89                           
    90                           ;main_teclado_verano.c: 37: LATDbits.LD1= 0;
    91  007EEE  928C               	bcf	3980,1,c	;volatile
    92                           
    93                           ;main_teclado_verano.c: 38: LATDbits.LD2= 0;
    94  007EF0  948C               	bcf	3980,2,c	;volatile
    95                           
    96                           ;main_teclado_verano.c: 39: LATDbits.LD3= 0;
    97  007EF2  968C               	bcf	3980,3,c	;volatile
    98                           
    99                           ;main_teclado_verano.c: 40: if(PORTDbits.RD4 == 1)
   100  007EF4  A883               	btfss	3971,4,c	;volatile
   101  007EF6  D002               	goto	l643
   102                           
   103                           ;main_teclado_verano.c: 41: {
   104                           ;main_teclado_verano.c: 42: PORTB = 7;
   105  007EF8  0E07               	movlw	7
   106  007EFA  6E81               	movwf	3969,c	;volatile
   107  007EFC                     l643:
   108                           
   109                           ;main_teclado_verano.c: 43: }
   110                           ;main_teclado_verano.c: 44: if(PORTDbits.RD5 == 1)
   111  007EFC  AA83               	btfss	3971,5,c	;volatile
   112  007EFE  D002               	goto	l647
   113                           
   114                           ;main_teclado_verano.c: 45: {
   115                           ;main_teclado_verano.c: 46: PORTB = 8;
   116  007F00  0E08               	movlw	8
   117  007F02  6E81               	movwf	3969,c	;volatile
   118  007F04                     l647:
   119                           
   120                           ;main_teclado_verano.c: 47: }
   121                           ;main_teclado_verano.c: 48: if(PORTDbits.RD6 == 1)
   122  007F04  AC83               	btfss	3971,6,c	;volatile
   123  007F06  D002               	goto	l651
   124                           
   125                           ;main_teclado_verano.c: 49: {
   126                           ;main_teclado_verano.c: 50: PORTB = 9;
   127  007F08  0E09               	movlw	9
   128  007F0A  6E81               	movwf	3969,c	;volatile
   129  007F0C                     l651:
   130                           
   131                           ;main_teclado_verano.c: 51: }
   132                           ;main_teclado_verano.c: 52: if(PORTDbits.RD7 == 1)
   133  007F0C  AE83               	btfss	3971,7,c	;volatile
   134  007F0E  D002               	goto	l655
   135                           
   136                           ;main_teclado_verano.c: 53: {
   137                           ;main_teclado_verano.c: 54: PORTB = 10;
   138  007F10  0E0A               	movlw	10
   139  007F12  6E81               	movwf	3969,c	;volatile
   140  007F14                     l655:
   141                           
   142                           ;main_teclado_verano.c: 55: }
   143                           ;main_teclado_verano.c: 56: _delay((unsigned long)((10)*(48000000/4000.0)));
   144  007F14  0E9C               	movlw	156
   145  007F16  6E01               	movwf	??_main& (0+255),c
   146  007F18  0ED7               	movlw	215
   147  007F1A                     u177:
   148  007F1A  2EE8               	decfsz	wreg,f,c
   149  007F1C  D7FE               	goto	u177
   150  007F1E  2E01               	decfsz	??_main& (0+255),f,c
   151  007F20  D7FC               	goto	u177
   152  007F22  F000               	nop	
   153                           
   154                           ;main_teclado_verano.c: 60: LATDbits.LD0= 0;
   155  007F24  908C               	bcf	3980,0,c	;volatile
   156                           
   157                           ;main_teclado_verano.c: 61: LATDbits.LD1= 1;
   158  007F26  828C               	bsf	3980,1,c	;volatile
   159                           
   160                           ;main_teclado_verano.c: 62: LATDbits.LD2= 0;
   161  007F28  948C               	bcf	3980,2,c	;volatile
   162                           
   163                           ;main_teclado_verano.c: 63: LATDbits.LD3= 0;
   164  007F2A  968C               	bcf	3980,3,c	;volatile
   165                           
   166                           ;main_teclado_verano.c: 64: _delay((unsigned long)((10)*(48000000/4000.0)));
   167  007F2C  0E9C               	movlw	156
   168  007F2E  6E01               	movwf	??_main& (0+255),c
   169  007F30  0ED7               	movlw	215
   170  007F32                     u187:
   171  007F32  2EE8               	decfsz	wreg,f,c
   172  007F34  D7FE               	goto	u187
   173  007F36  2E01               	decfsz	??_main& (0+255),f,c
   174  007F38  D7FC               	goto	u187
   175  007F3A  F000               	nop	
   176                           
   177                           ;main_teclado_verano.c: 65: if(PORTDbits.RD4 == 1)
   178  007F3C  A883               	btfss	3971,4,c	;volatile
   179  007F3E  D002               	goto	l671
   180                           
   181                           ;main_teclado_verano.c: 66: {
   182                           ;main_teclado_verano.c: 67: PORTB = 4;
   183  007F40  0E04               	movlw	4
   184  007F42  6E81               	movwf	3969,c	;volatile
   185  007F44                     l671:
   186                           
   187                           ;main_teclado_verano.c: 68: }
   188                           ;main_teclado_verano.c: 69: if(PORTDbits.RD5 == 1)
   189  007F44  AA83               	btfss	3971,5,c	;volatile
   190  007F46  D002               	goto	l675
   191                           
   192                           ;main_teclado_verano.c: 70: {
   193                           ;main_teclado_verano.c: 71: PORTB = 5;
   194  007F48  0E05               	movlw	5
   195  007F4A  6E81               	movwf	3969,c	;volatile
   196  007F4C                     l675:
   197                           
   198                           ;main_teclado_verano.c: 72: }
   199                           ;main_teclado_verano.c: 73: if(PORTDbits.RD6 == 1)
   200  007F4C  AC83               	btfss	3971,6,c	;volatile
   201  007F4E  D002               	goto	l679
   202                           
   203                           ;main_teclado_verano.c: 74: {
   204                           ;main_teclado_verano.c: 75: PORTB = 6;
   205  007F50  0E06               	movlw	6
   206  007F52  6E81               	movwf	3969,c	;volatile
   207  007F54                     l679:
   208                           
   209                           ;main_teclado_verano.c: 76: }
   210                           ;main_teclado_verano.c: 77: if(PORTDbits.RD7 == 1)
   211  007F54  AE83               	btfss	3971,7,c	;volatile
   212  007F56  D002               	goto	l683
   213                           
   214                           ;main_teclado_verano.c: 78: {
   215                           ;main_teclado_verano.c: 79: PORTB = 11;
   216  007F58  0E0B               	movlw	11
   217  007F5A  6E81               	movwf	3969,c	;volatile
   218  007F5C                     l683:
   219                           
   220                           ;main_teclado_verano.c: 80: }
   221                           ;main_teclado_verano.c: 81: _delay((unsigned long)((10)*(48000000/4000.0)));
   222  007F5C  0E9C               	movlw	156
   223  007F5E  6E01               	movwf	??_main& (0+255),c
   224  007F60  0ED7               	movlw	215
   225  007F62                     u197:
   226  007F62  2EE8               	decfsz	wreg,f,c
   227  007F64  D7FE               	goto	u197
   228  007F66  2E01               	decfsz	??_main& (0+255),f,c
   229  007F68  D7FC               	goto	u197
   230  007F6A  F000               	nop	
   231                           
   232                           ;main_teclado_verano.c: 85: LATDbits.LD0= 0;
   233  007F6C  908C               	bcf	3980,0,c	;volatile
   234                           
   235                           ;main_teclado_verano.c: 86: LATDbits.LD1= 0;
   236  007F6E  928C               	bcf	3980,1,c	;volatile
   237                           
   238                           ;main_teclado_verano.c: 87: LATDbits.LD2= 1;
   239  007F70  848C               	bsf	3980,2,c	;volatile
   240                           
   241                           ;main_teclado_verano.c: 88: LATDbits.LD3= 0;
   242  007F72  968C               	bcf	3980,3,c	;volatile
   243                           
   244                           ;main_teclado_verano.c: 89: _delay((unsigned long)((10)*(48000000/4000.0)));
   245  007F74  0E9C               	movlw	156
   246  007F76  6E01               	movwf	??_main& (0+255),c
   247  007F78  0ED7               	movlw	215
   248  007F7A                     u207:
   249  007F7A  2EE8               	decfsz	wreg,f,c
   250  007F7C  D7FE               	goto	u207
   251  007F7E  2E01               	decfsz	??_main& (0+255),f,c
   252  007F80  D7FC               	goto	u207
   253  007F82  F000               	nop	
   254                           
   255                           ;main_teclado_verano.c: 90: if(PORTDbits.RD4 == 1)
   256  007F84  A883               	btfss	3971,4,c	;volatile
   257  007F86  D002               	goto	l699
   258                           
   259                           ;main_teclado_verano.c: 91: {
   260                           ;main_teclado_verano.c: 92: PORTB = 1;
   261  007F88  0E01               	movlw	1
   262  007F8A  6E81               	movwf	3969,c	;volatile
   263  007F8C                     l699:
   264                           
   265                           ;main_teclado_verano.c: 93: }
   266                           ;main_teclado_verano.c: 94: if(PORTDbits.RD5 == 1)
   267  007F8C  AA83               	btfss	3971,5,c	;volatile
   268  007F8E  D002               	goto	l703
   269                           
   270                           ;main_teclado_verano.c: 95: {
   271                           ;main_teclado_verano.c: 96: PORTB = 2;
   272  007F90  0E02               	movlw	2
   273  007F92  6E81               	movwf	3969,c	;volatile
   274  007F94                     l703:
   275                           
   276                           ;main_teclado_verano.c: 97: }
   277                           ;main_teclado_verano.c: 98: if(PORTDbits.RD6 == 1)
   278  007F94  AC83               	btfss	3971,6,c	;volatile
   279  007F96  D002               	goto	l707
   280                           
   281                           ;main_teclado_verano.c: 99: {
   282                           ;main_teclado_verano.c: 100: PORTB = 3;
   283  007F98  0E03               	movlw	3
   284  007F9A  6E81               	movwf	3969,c	;volatile
   285  007F9C                     l707:
   286                           
   287                           ;main_teclado_verano.c: 101: }
   288                           ;main_teclado_verano.c: 102: if(PORTDbits.RD7 == 1)
   289  007F9C  AE83               	btfss	3971,7,c	;volatile
   290  007F9E  D002               	goto	l711
   291                           
   292                           ;main_teclado_verano.c: 103: {
   293                           ;main_teclado_verano.c: 104: PORTB = 12;
   294  007FA0  0E0C               	movlw	12
   295  007FA2  6E81               	movwf	3969,c	;volatile
   296  007FA4                     l711:
   297                           
   298                           ;main_teclado_verano.c: 105: }
   299                           ;main_teclado_verano.c: 106: _delay((unsigned long)((10)*(48000000/4000.0)));
   300  007FA4  0E9C               	movlw	156
   301  007FA6  6E01               	movwf	??_main& (0+255),c
   302  007FA8  0ED7               	movlw	215
   303  007FAA                     u217:
   304  007FAA  2EE8               	decfsz	wreg,f,c
   305  007FAC  D7FE               	goto	u217
   306  007FAE  2E01               	decfsz	??_main& (0+255),f,c
   307  007FB0  D7FC               	goto	u217
   308  007FB2  F000               	nop	
   309                           
   310                           ;main_teclado_verano.c: 110: LATDbits.LD0= 0;
   311  007FB4  908C               	bcf	3980,0,c	;volatile
   312                           
   313                           ;main_teclado_verano.c: 111: LATDbits.LD1= 0;
   314  007FB6  928C               	bcf	3980,1,c	;volatile
   315                           
   316                           ;main_teclado_verano.c: 112: LATDbits.LD2= 0;
   317  007FB8  948C               	bcf	3980,2,c	;volatile
   318                           
   319                           ;main_teclado_verano.c: 113: LATDbits.LD3= 1;
   320  007FBA  868C               	bsf	3980,3,c	;volatile
   321                           
   322                           ;main_teclado_verano.c: 114: _delay((unsigned long)((10)*(48000000/4000.0)));
   323  007FBC  0E9C               	movlw	156
   324  007FBE  6E01               	movwf	??_main& (0+255),c
   325  007FC0  0ED7               	movlw	215
   326  007FC2                     u227:
   327  007FC2  2EE8               	decfsz	wreg,f,c
   328  007FC4  D7FE               	goto	u227
   329  007FC6  2E01               	decfsz	??_main& (0+255),f,c
   330  007FC8  D7FC               	goto	u227
   331  007FCA  F000               	nop	
   332                           
   333                           ;main_teclado_verano.c: 115: if(PORTDbits.RD4 == 1)
   334  007FCC  A883               	btfss	3971,4,c	;volatile
   335  007FCE  D002               	goto	l727
   336                           
   337                           ;main_teclado_verano.c: 116: {
   338                           ;main_teclado_verano.c: 117: PORTB = 15;
   339  007FD0  0E0F               	movlw	15
   340  007FD2  6E81               	movwf	3969,c	;volatile
   341  007FD4                     l727:
   342                           
   343                           ;main_teclado_verano.c: 118: }
   344                           ;main_teclado_verano.c: 119: if(PORTDbits.RD5 == 1)
   345  007FD4  AA83               	btfss	3971,5,c	;volatile
   346  007FD6  D002               	goto	l731
   347                           
   348                           ;main_teclado_verano.c: 120: {
   349                           ;main_teclado_verano.c: 121: PORTB = 0;
   350  007FD8  0E00               	movlw	0
   351  007FDA  6E81               	movwf	3969,c	;volatile
   352  007FDC                     l731:
   353                           
   354                           ;main_teclado_verano.c: 122: }
   355                           ;main_teclado_verano.c: 123: if(PORTDbits.RD6 == 1)
   356  007FDC  AC83               	btfss	3971,6,c	;volatile
   357  007FDE  D002               	goto	l735
   358                           
   359                           ;main_teclado_verano.c: 124: {
   360                           ;main_teclado_verano.c: 125: PORTB = 14;
   361  007FE0  0E0E               	movlw	14
   362  007FE2  6E81               	movwf	3969,c	;volatile
   363  007FE4                     l735:
   364                           
   365                           ;main_teclado_verano.c: 126: }
   366                           ;main_teclado_verano.c: 127: if(PORTDbits.RD7 == 1)
   367  007FE4  AE83               	btfss	3971,7,c	;volatile
   368  007FE6  D002               	goto	l739
   369                           
   370                           ;main_teclado_verano.c: 128: {
   371                           ;main_teclado_verano.c: 129: PORTB = 13;
   372  007FE8  0E0D               	movlw	13
   373  007FEA  6E81               	movwf	3969,c	;volatile
   374  007FEC                     l739:
   375                           
   376                           ;main_teclado_verano.c: 130: }
   377                           ;main_teclado_verano.c: 131: _delay((unsigned long)((10)*(48000000/4000.0)));
   378  007FEC  0E9C               	movlw	156
   379  007FEE  6E01               	movwf	??_main& (0+255),c
   380  007FF0  0ED7               	movlw	215
   381  007FF2                     u237:
   382  007FF2  2EE8               	decfsz	wreg,f,c
   383  007FF4  D7FE               	goto	u237
   384  007FF6  2E01               	decfsz	??_main& (0+255),f,c
   385  007FF8  D7FC               	goto	u237
   386  007FFA  F000               	nop	
   387                           
   388                           ;main_teclado_verano.c: 135: return;
   389  007FFC  EF00  F000         	goto	start
   390  008000                     __end_of_main:
   391                           	opt stack 0
   392  0000                     wreg	equ	0xFE8
   393                           wreg	equ	0xFE8
   394                           
   395                           	psect	rparam
   396  0000                     wreg	equ	0xFE8


Data Sizes:
    Strings     0
    Constant    0
    Data        0
    BSS         0
    Persistent  0
    Stack       0

Auto Spaces:
    Space          Size  Autos    Used
    COMRAM           95      1       1
    BANK0           160      0       0
    BANK1           256      0       0
    BANK2           256      0       0
    BANK3           256      0       0
    BANK4           256      0       0
    BANK5           256      0       0
    BANK6           256      0       0
    BANK7           256      0       0

Pointer List with Targets:

    None.

Critical Paths under _main in COMRAM

    None.

Critical Paths under _main in BANK0

    None.

Critical Paths under _main in BANK1

    None.

Critical Paths under _main in BANK2

    None.

Critical Paths under _main in BANK3

    None.

Critical Paths under _main in BANK4

    None.

Critical Paths under _main in BANK5

    None.

Critical Paths under _main in BANK6

    None.

Critical Paths under _main in BANK7

    None.

Call Graph Tables:

 ---------------------------------------------------------------------------------
 (Depth) Function   	        Calls       Base Space   Used Autos Params    Refs
 ---------------------------------------------------------------------------------
 (0) _main                                                 1     1      0       0
                                              0 COMRAM     1     1      0
 ---------------------------------------------------------------------------------
 Estimated maximum stack depth 0
 ---------------------------------------------------------------------------------

 Call Graph Graphs:

 _main (ROOT)

 Address spaces:
Name               Size   Autos  Total    Cost      Usage
BITCOMRAM           5F      0       0       0        0.0%
EEDATA             100      0       0       0        0.0%
NULL                 0      0       0       0        0.0%
CODE                 0      0       0       0        0.0%
COMRAM              5F      1       1       1        1.1%
STACK                0      0       0       2        0.0%
DATA                 0      0       0       3        0.0%
BITBANK0            A0      0       0       4        0.0%
BANK0               A0      0       0       5        0.0%
BITBANK1           100      0       0       6        0.0%
BANK1              100      0       0       7        0.0%
BITBANK2           100      0       0       8        0.0%
BANK2              100      0       0       9        0.0%
BITBANK3           100      0       0      10        0.0%
BANK3              100      0       0      11        0.0%
BITBANK4           100      0       0      12        0.0%
BANK4              100      0       0      13        0.0%
BITBANK5           100      0       0      14        0.0%
BANK5              100      0       0      15        0.0%
BITBANK6           100      0       0      16        0.0%
BANK6              100      0       0      17        0.0%
BITBANK7           100      0       0      18        0.0%
BANK7              100      0       0      19        0.0%
ABS                  0      0       0      20        0.0%
BIGRAM             7FF      0       0      21        0.0%
BITSFR               0      0       0      40        0.0%
SFR                  0      0       0      40        0.0%


Microchip Technology PIC18 Macro Assembler V1.35 build -356382666 
Symbol Table                                                                                   Wed Jul 20 16:28:17 2022

                    l711 7FA4                      l703 7F94                      l731 7FDC  
                    l707 7F9C                      l651 7F0C                      l643 7EFC  
                    l735 7FE4                      l727 7FD4                      l671 7F44  
                    l655 7F14                      l647 7F04                      l739 7FEC  
                    l683 7F5C                      l675 7F4C                      l679 7F54  
                    l699 7F8C                      u207 7F7A                      u217 7FAA  
                    u227 7FC2                      u237 7FF2                      u177 7F1A  
                    u187 7F32                      u197 7F62             __CFG_BOR$OFF 000000  
                    wreg 000FE8             __CFG_LVP$OFF 000000             __CFG_WDT$OFF 000000  
                   _main 7EE4                     start 0000            __CFG_IESO$OFF 000000  
          __CFG_MCLRE$ON 000000             ___param_bank 000010            __CFG_PLLDIV$5 000000  
                  ?_main 0001                    _PORTB 000F81            __CFG_USBDIV$2 000000  
                  _TRISB 000F93                    _TRISD 000F95            __CFG_PWRT$OFF 000000  
         __CFG_FCMEN$OFF 000000           __CFG_ICPRT$OFF 000000          __initialization 7EDE  
           __end_of_main 8000                   ??_main 0001            __activetblptr 000000  
         __CFG_XINST$OFF 000000           __CFG_STVREN$ON 000000               __accesstop 0060  
__end_of__initialization 7EDE          __CFG_PBADEN$OFF 000000            ___rparam_used 000001  
         __pcstackCOMRAM 0001          __CFG_VREGEN$OFF 000000                  __Hparam 0000  
                __Lparam 0000                  __pcinit 7EDE                  __ramtop 0800  
                __ptext0 7EE4     end_of_initialization 7EDE                _PORTDbits 000F83  
    start_initialization 7EDE         __CFG_LPT1OSC$OFF 000000                 _LATDbits 000F8C  
       __CFG_WDTPS$32768 000000                 __Hrparam 0000                 __Lrparam 0000  
          __size_of_main 011C    __CFG_CPUDIV$OSC1_PLL2 000000       __CFG_FOSC$HSPLL_HS 000000  
