

Microchip Technology PIC18 LITE Macro Assembler V1.35 build -356382666 
                                                                                               Wed Jul 20 17:37:21 2022

Microchip Technology Omniscient Code Generator v1.35 (Free mode) build 201507080246
     1                           	processor	18F4550
     2                           	fnconf	rparam,??,?,0
     3                           	opt	pw 120
     4                           	opt	lm
     5                           	psect	cinit,global,reloc=2,class=CODE,delta=1
     6                           	psect	cstackCOMRAM,global,class=COMRAM,space=1,delta=1
     7                           	psect	text0,global,reloc=2,class=CODE,delta=1
     8                           	psect	intcode,global,reloc=2,class=CODE,delta=1
     9                           	psect	intcode_body,global,reloc=2,class=CODE,delta=1
    10                           	psect	intsave_regs,global,class=BIGRAM,space=1,delta=1
    11                           	psect	rparam,global,class=COMRAM,space=1,delta=1
    12                           	psect	temp,global,ovrld,common,class=COMRAM,space=1,delta=1
    13  0000                     _ADCON1	set	4033
    14  0000                     _INTCON2bits	set	4081
    15  0000                     _INTCONbits	set	4082
    16  0000                     _PORTAbits	set	3968
    17  0000                     _RCONbits	set	4048
    18  0000                     _TRISAbits	set	3986
    19  0000                     _TRISBbits	set	3987
    20                           
    21                           ; #config settings
    22  0000                     
    23                           	psect	cinit
    24  000114                     __pcinit:
    25                           	opt stack 0
    26  000114                     start_initialization:
    27                           	opt stack 0
    28  000114                     __initialization:
    29                           	opt stack 0
    30  000114                     end_of_initialization:
    31                           	opt stack 0
    32  000114                     __end_of__initialization:
    33                           	opt stack 0
    34  000114  9013               	bcf	int$flags,0,c	;clear compiler interrupt flag (level 1)
    35  000116  9213               	bcf	int$flags,1,c	;clear compiler interrupt flag (level 2)
    36  000118  0100               	movlb	0
    37  00011A  EF6C  F000         	goto	_main	;jump to C main() function
    38                           
    39                           	psect	cstackCOMRAM
    40  000001                     __pcstackCOMRAM:
    41                           	opt stack 0
    42  000001                     ??_INT_EXT_0:
    43                           
    44                           ; 0 bytes @ 0x0
    45  000001                     	ds	15
    46  000010                     INT_EXT_0@i:
    47                           	opt stack 0
    48                           
    49                           ; 2 bytes @ 0xF
    50  000010                     	ds	2
    51  000012                     ??_main:
    52                           
    53                           ; 0 bytes @ 0x11
    54  000012                     	ds	1
    55                           
    56 ;;
    57 ;;Main: autosize = 0, tempsize = 1, incstack = 0, save=0
    58 ;;
    59 ;; *************** function _main *****************
    60 ;; Defined at:
    61 ;;		line 77 in file "main_int.c"
    62 ;; Parameters:    Size  Location     Type
    63 ;;		None
    64 ;; Auto vars:     Size  Location     Type
    65 ;;		None
    66 ;; Return value:  Size  Location     Type
    67 ;;		None               void
    68 ;; Registers used:
    69 ;;		wreg, status,2
    70 ;; Tracked objects:
    71 ;;		On entry : 0/0
    72 ;;		On exit  : 0/0
    73 ;;		Unchanged: 0/0
    74 ;; Data sizes:     COMRAM   BANK0   BANK1   BANK2   BANK3   BANK4   BANK5   BANK6   BANK7
    75 ;;      Params:         0       0       0       0       0       0       0       0       0
    76 ;;      Locals:         0       0       0       0       0       0       0       0       0
    77 ;;      Temps:          1       0       0       0       0       0       0       0       0
    78 ;;      Totals:         1       0       0       0       0       0       0       0       0
    79 ;;Total ram usage:        1 bytes
    80 ;; Hardware stack levels required when called:    1
    81 ;; This function calls:
    82 ;;		Nothing
    83 ;; This function is called by:
    84 ;;		Startup code after reset
    85 ;; This function uses a non-reentrant model
    86 ;;
    87                           
    88                           	psect	text0
    89  0000D8                     __ptext0:
    90                           	opt stack 0
    91  0000D8                     _main:
    92                           	opt stack 30
    93                           
    94                           ;main_int.c: 79: ADCON1 = 0x0f;
    95                           
    96                           ;incstack = 0
    97  0000D8  0E0F               	movlw	15
    98  0000DA  6EC1               	movwf	4033,c	;volatile
    99                           
   100                           ;main_int.c: 81: TRISAbits.RA0 = 0;
   101  0000DC  9092               	bcf	3986,0,c	;volatile
   102                           
   103                           ;main_int.c: 82: TRISAbits.RA1 = 0;
   104  0000DE  9292               	bcf	3986,1,c	;volatile
   105                           
   106                           ;main_int.c: 84: TRISBbits.TRISB0 = 1;
   107  0000E0  8093               	bsf	3987,0,c	;volatile
   108                           
   109                           ;main_int.c: 85: INTCONbits.INT0IE = 1;
   110  0000E2  88F2               	bsf	intcon,4,c	;volatile
   111                           
   112                           ;main_int.c: 86: INTCON2bits.INTEDG0 = 0;
   113  0000E4  9CF1               	bcf	intcon2,6,c	;volatile
   114                           
   115                           ;main_int.c: 87: INTCONbits.INT0IF = 0;
   116  0000E6  92F2               	bcf	intcon,1,c	;volatile
   117                           
   118                           ;main_int.c: 88: RCONbits.IPEN = 0;
   119  0000E8  9ED0               	bcf	4048,7,c	;volatile
   120                           
   121                           ;main_int.c: 89: INTCONbits.PEIE = 1;
   122  0000EA  8CF2               	bsf	intcon,6,c	;volatile
   123                           
   124                           ;main_int.c: 90: INTCONbits.GIE = 1;
   125  0000EC  8EF2               	bsf	intcon,7,c	;volatile
   126  0000EE                     l646:
   127                           
   128                           ;main_int.c: 94: {
   129                           ;main_int.c: 95: PORTAbits.RA0 = 1;
   130  0000EE  8080               	bsf	3968,0,c	;volatile
   131                           
   132                           ;main_int.c: 96: _delay((unsigned long)((30)*(20000000/4000.0)));
   133  0000F0  0EC3               	movlw	195
   134  0000F2  6E12               	movwf	??_main& (0+255),c
   135  0000F4  0ECD               	movlw	205
   136  0000F6                     u47:
   137  0000F6  2EE8               	decfsz	wreg,f,c
   138  0000F8  D7FE               	goto	u47
   139  0000FA  2E12               	decfsz	??_main& (0+255),f,c
   140  0000FC  D7FC               	goto	u47
   141  0000FE  F000               	nop	
   142                           
   143                           ;main_int.c: 97: PORTAbits.RA0 = 0;
   144  000100  9080               	bcf	3968,0,c	;volatile
   145                           
   146                           ;main_int.c: 98: _delay((unsigned long)((30)*(20000000/4000.0)));
   147  000102  0EC3               	movlw	195
   148  000104  6E12               	movwf	??_main& (0+255),c
   149  000106  0ECD               	movlw	205
   150  000108                     u57:
   151  000108  2EE8               	decfsz	wreg,f,c
   152  00010A  D7FE               	goto	u57
   153  00010C  2E12               	decfsz	??_main& (0+255),f,c
   154  00010E  D7FC               	goto	u57
   155  000110  F000               	nop	
   156  000112  D7ED               	goto	l646
   157  000114                     __end_of_main:
   158                           	opt stack 0
   159                           intcon	equ	0xFF2
   160                           intcon2	equ	0xFF1
   161                           wreg	equ	0xFE8
   162                           
   163 ;; *************** function _INT_EXT_0 *****************
   164 ;; Defined at:
   165 ;;		line 106 in file "main_int.c"
   166 ;; Parameters:    Size  Location     Type
   167 ;;		None
   168 ;; Auto vars:     Size  Location     Type
   169 ;;  i               2   15[COMRAM] int 
   170 ;; Return value:  Size  Location     Type
   171 ;;		None               void
   172 ;; Registers used:
   173 ;;		wreg, status,2, status,0
   174 ;; Tracked objects:
   175 ;;		On entry : 0/0
   176 ;;		On exit  : 0/0
   177 ;;		Unchanged: 0/0
   178 ;; Data sizes:     COMRAM   BANK0   BANK1   BANK2   BANK3   BANK4   BANK5   BANK6   BANK7
   179 ;;      Params:         0       0       0       0       0       0       0       0       0
   180 ;;      Locals:         2       0       0       0       0       0       0       0       0
   181 ;;      Temps:         15       0       0       0       0       0       0       0       0
   182 ;;      Totals:        17       0       0       0       0       0       0       0       0
   183 ;;Total ram usage:       17 bytes
   184 ;; Hardware stack levels used:    1
   185 ;; This function calls:
   186 ;;		Nothing
   187 ;; This function is called by:
   188 ;;		Interrupt level 2
   189 ;; This function uses a non-reentrant model
   190 ;;
   191                           
   192                           	psect	intcode
   193  000008                     __pintcode:
   194                           	opt stack 0
   195  000008                     _INT_EXT_0:
   196                           	opt stack 30
   197                           
   198                           ;incstack = 0
   199  000008  8213               	bsf	btemp,1,c	;set compiler interrupt flag (level 2)
   200  00000A  CFFA F002          	movff	pclath,??_INT_EXT_0+1
   201  00000E  CFFB F003          	movff	pclatu,??_INT_EXT_0+2
   202  000012  ED0D  F000         	call	int_func,f	;refresh shadow registers
   203                           pclatu	equ	0xFFB
   204                           pclath	equ	0xFFA
   205                           intcon	equ	0xFF2
   206                           intcon2	equ	0xFF1
   207                           wreg	equ	0xFE8
   208                           
   209                           	psect	intcode_body
   210  00001A                     __pintcode_body:
   211                           	opt stack 30
   212  00001A                     int_func:
   213                           	opt stack 30
   214  00001A  0006               	pop		; remove dummy address from shadow register refresh
   215  00001C  CFE9 F004          	movff	fsr0l,??_INT_EXT_0+3
   216  000020  CFEA F005          	movff	fsr0h,??_INT_EXT_0+4
   217  000024  CFE1 F006          	movff	fsr1l,??_INT_EXT_0+5
   218  000028  CFE2 F007          	movff	fsr1h,??_INT_EXT_0+6
   219  00002C  CFD9 F008          	movff	fsr2l,??_INT_EXT_0+7
   220  000030  CFDA F009          	movff	fsr2h,??_INT_EXT_0+8
   221  000034  CFF3 F00A          	movff	prodl,??_INT_EXT_0+9
   222  000038  CFF4 F00B          	movff	prodh,??_INT_EXT_0+10
   223  00003C  CFF6 F00C          	movff	tblptrl,??_INT_EXT_0+11
   224  000040  CFF7 F00D          	movff	tblptrh,??_INT_EXT_0+12
   225  000044  CFF8 F00E          	movff	tblptru,??_INT_EXT_0+13
   226  000048  CFF5 F00F          	movff	tablat,??_INT_EXT_0+14
   227                           
   228                           ;main_int.c: 108: if (INTCONbits.INT0IF)
   229  00004C  A2F2               	btfss	intcon,1,c	;volatile
   230  00004E  D026               	goto	i2l28
   231                           
   232                           ;main_int.c: 109: {
   233                           ;main_int.c: 110: for(int i = 0; i<10; i++)
   234  000050  0E00               	movlw	0
   235  000052  6E11               	movwf	INT_EXT_0@i+1,c
   236  000054  0E00               	movlw	0
   237  000056  6E10               	movwf	INT_EXT_0@i,c
   238  000058  BE11               	btfsc	INT_EXT_0@i+1,7,c
   239  00005A  D006               	goto	i2l26
   240  00005C  5011               	movf	INT_EXT_0@i+1,w,c
   241  00005E  E11D               	bnz	i2l27
   242  000060  0E0A               	movlw	10
   243  000062  5C10               	subwf	INT_EXT_0@i,w,c
   244  000064  B0D8               	btfsc	status,0,c
   245  000066  D019               	goto	i2l27
   246  000068                     i2l26:
   247                           
   248                           ;main_int.c: 111: {
   249                           ;main_int.c: 112: PORTAbits.RA1 = 1;
   250  000068  8280               	bsf	3968,1,c	;volatile
   251                           
   252                           ;main_int.c: 113: _delay((unsigned long)((30)*(20000000/4000.0)));
   253  00006A  0EC3               	movlw	195
   254  00006C  6E01               	movwf	??_INT_EXT_0& (0+255),c
   255  00006E  0ECD               	movlw	205
   256  000070                     i2u6_47:
   257  000070  2EE8               	decfsz	wreg,f,c
   258  000072  D7FE               	goto	i2u6_47
   259  000074  2E01               	decfsz	??_INT_EXT_0& (0+255),f,c
   260  000076  D7FC               	goto	i2u6_47
   261  000078  F000               	nop	
   262                           
   263                           ;main_int.c: 115: PORTAbits.RA1= 0;
   264  00007A  9280               	bcf	3968,1,c	;volatile
   265                           
   266                           ;main_int.c: 116: _delay((unsigned long)((30)*(20000000/4000.0)));
   267  00007C  0EC3               	movlw	195
   268  00007E  6E01               	movwf	??_INT_EXT_0& (0+255),c
   269  000080  0ECD               	movlw	205
   270  000082                     i2u7_47:
   271  000082  2EE8               	decfsz	wreg,f,c
   272  000084  D7FE               	goto	i2u7_47
   273  000086  2E01               	decfsz	??_INT_EXT_0& (0+255),f,c
   274  000088  D7FC               	goto	i2u7_47
   275  00008A  F000               	nop	
   276  00008C  4A10               	infsnz	INT_EXT_0@i,f,c
   277  00008E  2A11               	incf	INT_EXT_0@i+1,f,c
   278  000090  BE11               	btfsc	INT_EXT_0@i+1,7,c
   279  000092  D7EA               	goto	i2l26
   280  000094  5011               	movf	INT_EXT_0@i+1,w,c
   281  000096  E101               	bnz	i2u3_40
   282  000098  D7E3               	goto	L1
   283  00009A                     i2u3_40:
   284  00009A                     i2l27:
   285                           
   286                           ;main_int.c: 117: }
   287                           ;main_int.c: 118: INTCONbits.INT0IF = 0;
   288  00009A  92F2               	bcf	intcon,1,c	;volatile
   289  00009C                     i2l28:
   290  00009C  C00F  FFF5         	movff	??_INT_EXT_0+14,tablat
   291  0000A0  C00E  FFF8         	movff	??_INT_EXT_0+13,tblptru
   292  0000A4  C00D  FFF7         	movff	??_INT_EXT_0+12,tblptrh
   293  0000A8  C00C  FFF6         	movff	??_INT_EXT_0+11,tblptrl
   294  0000AC  C00B  FFF4         	movff	??_INT_EXT_0+10,prodh
   295  0000B0  C00A  FFF3         	movff	??_INT_EXT_0+9,prodl
   296  0000B4  C009  FFDA         	movff	??_INT_EXT_0+8,fsr2h
   297  0000B8  C008  FFD9         	movff	??_INT_EXT_0+7,fsr2l
   298  0000BC  C007  FFE2         	movff	??_INT_EXT_0+6,fsr1h
   299  0000C0  C006  FFE1         	movff	??_INT_EXT_0+5,fsr1l
   300  0000C4  C005  FFEA         	movff	??_INT_EXT_0+4,fsr0h
   301  0000C8  C004  FFE9         	movff	??_INT_EXT_0+3,fsr0l
   302  0000CC  C003  FFFB         	movff	??_INT_EXT_0+2,pclatu
   303  0000D0  C002  FFFA         	movff	??_INT_EXT_0+1,pclath
   304  0000D4  9213               	bcf	btemp,1,c	;clear compiler interrupt flag (level 2)
   305  0000D6  0011               	retfie		f
   306  0000D8                     __end_of_INT_EXT_0:
   307                           	opt stack 0
   308  0000                     pclatu	equ	0xFFB
   309                           pclath	equ	0xFFA
   310                           tblptru	equ	0xFF8
   311                           tblptrh	equ	0xFF7
   312                           tblptrl	equ	0xFF6
   313                           tablat	equ	0xFF5
   314                           prodh	equ	0xFF4
   315                           prodl	equ	0xFF3
   316                           intcon	equ	0xFF2
   317                           intcon2	equ	0xFF1
   318                           fsr0h	equ	0xFEA
   319                           fsr0l	equ	0xFE9
   320                           wreg	equ	0xFE8
   321                           fsr1h	equ	0xFE2
   322                           fsr1l	equ	0xFE1
   323                           fsr2h	equ	0xFDA
   324                           fsr2l	equ	0xFD9
   325                           status	equ	0xFD8
   326                           pclatu	equ	0xFFB
   327                           pclath	equ	0xFFA
   328                           tblptru	equ	0xFF8
   329                           tblptrh	equ	0xFF7
   330                           tblptrl	equ	0xFF6
   331                           tablat	equ	0xFF5
   332                           prodh	equ	0xFF4
   333                           prodl	equ	0xFF3
   334                           intcon	equ	0xFF2
   335                           intcon2	equ	0xFF1
   336                           fsr0h	equ	0xFEA
   337                           fsr0l	equ	0xFE9
   338                           wreg	equ	0xFE8
   339                           fsr1h	equ	0xFE2
   340                           fsr1l	equ	0xFE1
   341                           fsr2h	equ	0xFDA
   342                           fsr2l	equ	0xFD9
   343                           status	equ	0xFD8
   344                           
   345                           	psect	rparam
   346  0000                     pclatu	equ	0xFFB
   347                           pclath	equ	0xFFA
   348                           tblptru	equ	0xFF8
   349                           tblptrh	equ	0xFF7
   350                           tblptrl	equ	0xFF6
   351                           tablat	equ	0xFF5
   352                           prodh	equ	0xFF4
   353                           prodl	equ	0xFF3
   354                           intcon	equ	0xFF2
   355                           intcon2	equ	0xFF1
   356                           fsr0h	equ	0xFEA
   357                           fsr0l	equ	0xFE9
   358                           wreg	equ	0xFE8
   359                           fsr1h	equ	0xFE2
   360                           fsr1l	equ	0xFE1
   361                           fsr2h	equ	0xFDA
   362                           fsr2l	equ	0xFD9
   363                           status	equ	0xFD8
   364                           
   365                           	psect	temp
   366  000013                     btemp:
   367                           	opt stack 0
   368  000013                     	ds	1
   369  0000                     int$flags	set	btemp
   370                           pclatu	equ	0xFFB
   371                           pclath	equ	0xFFA
   372                           tblptru	equ	0xFF8
   373                           tblptrh	equ	0xFF7
   374                           tblptrl	equ	0xFF6
   375                           tablat	equ	0xFF5
   376                           prodh	equ	0xFF4
   377                           prodl	equ	0xFF3
   378                           intcon	equ	0xFF2
   379                           intcon2	equ	0xFF1
   380                           fsr0h	equ	0xFEA
   381                           fsr0l	equ	0xFE9
   382                           wreg	equ	0xFE8
   383                           fsr1h	equ	0xFE2
   384                           fsr1l	equ	0xFE1
   385                           fsr2h	equ	0xFDA
   386                           fsr2l	equ	0xFD9
   387                           status	equ	0xFD8


Data Sizes:
    Strings     0
    Constant    0
    Data        0
    BSS         0
    Persistent  0
    Stack       0

Auto Spaces:
    Space          Size  Autos    Used
    COMRAM           94     18      18
    BANK0           160      0       0
    BANK1           256      0       0
    BANK2           256      0       0
    BANK3           256      0       0
    BANK4           256      0       0
    BANK5           256      0       0
    BANK6           256      0       0
    BANK7           256      0       0

Pointer List with Targets:

    None.

Critical Paths under _main in COMRAM

    None.

Critical Paths under _INT_EXT_0 in COMRAM

    None.

Critical Paths under _main in BANK0

    None.

Critical Paths under _INT_EXT_0 in BANK0

    None.

Critical Paths under _main in BANK1

    None.

Critical Paths under _INT_EXT_0 in BANK1

    None.

Critical Paths under _main in BANK2

    None.

Critical Paths under _INT_EXT_0 in BANK2

    None.

Critical Paths under _main in BANK3

    None.

Critical Paths under _INT_EXT_0 in BANK3

    None.

Critical Paths under _main in BANK4

    None.

Critical Paths under _INT_EXT_0 in BANK4

    None.

Critical Paths under _main in BANK5

    None.

Critical Paths under _INT_EXT_0 in BANK5

    None.

Critical Paths under _main in BANK6

    None.

Critical Paths under _INT_EXT_0 in BANK6

    None.

Critical Paths under _main in BANK7

    None.

Critical Paths under _INT_EXT_0 in BANK7

    None.

Call Graph Tables:

 ---------------------------------------------------------------------------------
 (Depth) Function   	        Calls       Base Space   Used Autos Params    Refs
 ---------------------------------------------------------------------------------
 (0) _main                                                 1     1      0       0
                                             17 COMRAM     1     1      0
 ---------------------------------------------------------------------------------
 Estimated maximum stack depth 0
 ---------------------------------------------------------------------------------
 (Depth) Function   	        Calls       Base Space   Used Autos Params    Refs
 ---------------------------------------------------------------------------------
 (1) _INT_EXT_0                                           17    17      0      30
                                              0 COMRAM    17    17      0
 ---------------------------------------------------------------------------------
 Estimated maximum stack depth 1
 ---------------------------------------------------------------------------------

 Call Graph Graphs:

 _main (ROOT)

 _INT_EXT_0 (ROOT)

 Address spaces:
Name               Size   Autos  Total    Cost      Usage
BITCOMRAM           5E      0       0       0        0.0%
EEDATA             100      0       0       0        0.0%
NULL                 0      0       0       0        0.0%
CODE                 0      0       0       0        0.0%
COMRAM              5E     12      12       1       19.1%
STACK                0      0       0       2        0.0%
DATA                 0      0       0       3        0.0%
BITBANK0            A0      0       0       4        0.0%
BANK0               A0      0       0       5        0.0%
BITBANK1           100      0       0       6        0.0%
BANK1              100      0       0       7        0.0%
BITBANK2           100      0       0       8        0.0%
BANK2              100      0       0       9        0.0%
BITBANK3           100      0       0      10        0.0%
BANK3              100      0       0      11        0.0%
BITBANK4           100      0       0      12        0.0%
BANK4              100      0       0      13        0.0%
BITBANK5           100      0       0      14        0.0%
BANK5              100      0       0      15        0.0%
BITBANK6           100      0       0      16        0.0%
BANK6              100      0       0      17        0.0%
BITBANK7           100      0       0      18        0.0%
BANK7              100      0       0      19        0.0%
ABS                  0      0       0      20        0.0%
BIGRAM             7FF      0       0      21        0.0%
BITSFR               0      0       0      40        0.0%
SFR                  0      0       0      40        0.0%


Microchip Technology PIC18 Macro Assembler V1.35 build -356382666 
Symbol Table                                                                                   Wed Jul 20 17:37:21 2022

                     u47 00F6                       u57 0108              __CFG_BORV$3 000000  
           __CFG_CP0$OFF 000000             __CFG_CP1$OFF 000000             __CFG_CP2$OFF 000000  
           __CFG_CP3$OFF 000000                      l646 00EE             __CFG_CPB$OFF 000000  
           __CFG_CPD$OFF 000000             __CFG_BOR$OFF 000000                      wreg 000FE8  
           __CFG_FOSC$HS 000000             __CFG_LVP$OFF 000000             __CFG_WDT$OFF 000000  
                   i2l26 0068                     i2l27 009A                     i2l28 009C  
                   _main 00D8                     fsr0h 000FEA                     fsr1h 000FE2  
                   fsr0l 000FE9                     fsr2h 000FDA                     fsr1l 000FE1  
                   fsr2l 000FD9                     btemp 0013                     pclat 000FFA  
                   prodh 000FF4                     prodl 000FF3                     start 0016  
          __CFG_IESO$OFF 000000            __CFG_MCLRE$ON 000000             ___param_bank 000010  
     __size_of_INT_EXT_0 00D0            __CFG_PLLDIV$5 000000           __CFG_CCP2MX$ON 000000  
                  ?_main 0001            __CFG_USBDIV$1 000000            __CFG_PWRT$OFF 000000  
          __CFG_WRT0$OFF 000000            __CFG_WRT1$OFF 000000            __CFG_WRT2$OFF 000000  
          __CFG_WRT3$OFF 000000           __CFG_EBTR0$OFF 000000           __CFG_FCMEN$OFF 000000  
         __CFG_EBTR1$OFF 000000           __CFG_EBTR2$OFF 000000           __CFG_EBTR3$OFF 000000  
          __CFG_WRTB$OFF 000000            __CFG_WRTC$OFF 000000            __CFG_WRTD$OFF 000000  
         __CFG_EBTRB$OFF 000000                    tablat 000FF5                    status 000FD8  
         __CFG_ICPRT$OFF 000000           __CFG_PBADEN$ON 000000          __initialization 0114  
           __end_of_main 0114                   ??_main 0012            __activetblptr 000000  
                 _ADCON1 000FC1        __end_of_INT_EXT_0 00D8                   i2u3_40 009A  
                 i2u6_47 0070                   i2u7_47 0082           __CFG_XINST$OFF 000000  
         __CFG_STVREN$ON 000000                   tblptrh 000FF7                   tblptrl 000FF6  
                 tblptru 000FF8               __accesstop 0060  __end_of__initialization 0114  
          ___rparam_used 000001           __pcstackCOMRAM 0001          __CFG_VREGEN$OFF 000000  
                __Hparam 0000                  __Lparam 0000                  __pcinit 0114  
                __ramtop 0800                  __ptext0 00D8           __pintcode_body 001A  
   end_of_initialization 0114                  int_func 001A                _INT_EXT_0 0008  
              _PORTAbits 000F80                _TRISAbits 000F92                _TRISBbits 000F93  
             ?_INT_EXT_0 0001      start_initialization 0114         __CFG_LPT1OSC$OFF 000000  
             INT_EXT_0@i 0010              ??_INT_EXT_0 0001                __pintcode 0008  
               _RCONbits 000FD0         __CFG_WDTPS$32768 000000              _INTCON2bits 000FF1  
               __Hrparam 0000                 __Lrparam 0000            __size_of_main 003C  
               int$flags 0013    __CFG_CPUDIV$OSC1_PLL2 000000               _INTCONbits 000FF2  
               intlevel2 0000  
