

Microchip Technology PIC18 LITE Macro Assembler V1.35 build -356382666 
                                                                                               Mon Jun 13 17:38:27 2022

Microchip Technology Omniscient Code Generator v1.35 (Free mode) build 201507080246
     1                           	processor	18F4550
     2                           	fnconf	rparam,??,?,0
     3                           	opt	pw 120
     4                           	opt	lm
     5                           	psect	idataCOMRAM,global,class=CODE,delta=1
     6                           	psect	cinit,global,reloc=2,class=CODE,delta=1
     7                           	psect	dataCOMRAM,global,class=COMRAM,space=1,delta=1
     8                           	psect	cstackCOMRAM,global,class=COMRAM,space=1,delta=1
     9                           	psect	text0,global,reloc=2,class=CODE,delta=1
    10                           	psect	text1,global,reloc=2,class=CODE,delta=1
    11                           	psect	intsave_regs,global,class=BIGRAM,space=1,delta=1
    12                           	psect	rparam,global,class=COMRAM,space=1,delta=1
    13  0000                     
    14                           	psect	idataCOMRAM
    15  007F2E                     __pidataCOMRAM:
    16                           	opt stack 0
    17                           
    18                           ;initializer for main@F4629
    19  007F2E  003F               	dw	63
    20  007F30  0006               	dw	6
    21  007F32  005B               	dw	91
    22  007F34  004F               	dw	79
    23  007F36  0066               	dw	102
    24  007F38  006D               	dw	109
    25  007F3A  007D               	dw	125
    26  007F3C  0007               	dw	7
    27  007F3E  007F               	dw	127
    28  007F40  0067               	dw	103
    29  0000                     _ADCON1	set	4033
    30  0000                     _LATB	set	3978
    31  0000                     _LATD	set	3980
    32  0000                     _PORTCbits	set	3970
    33  0000                     _TRISB	set	3987
    34  0000                     _TRISC	set	3988
    35  0000                     _TRISD	set	3989
    36                           
    37                           ; #config settings
    38  0000                     
    39                           	psect	cinit
    40  007F42                     __pcinit:
    41                           	opt stack 0
    42  007F42                     start_initialization:
    43                           	opt stack 0
    44  007F42                     __initialization:
    45                           	opt stack 0
    46                           
    47                           ; Initialize objects allocated to COMRAM (20 bytes)
    48                           ; load TBLPTR registers with __pidataCOMRAM
    49  007F42  0E2E               	movlw	low __pidataCOMRAM
    50  007F44  6EF6               	movwf	tblptrl,c
    51  007F46  0E7F               	movlw	high __pidataCOMRAM
    52  007F48  6EF7               	movwf	tblptrh,c
    53  007F4A  0E00               	movlw	low (__pidataCOMRAM shr (0+16))
    54  007F4C  6EF8               	movwf	tblptru,c
    55  007F4E  EE00  F01C         	lfsr	0,__pdataCOMRAM
    56  007F52  EE10 F014          	lfsr	1,20
    57  007F56                     copy_data0:
    58  007F56  0009               	tblrd		*+
    59  007F58  CFF5 FFEE          	movff	tablat,postinc0
    60  007F5C  50E5               	movf	postdec1,w,c
    61  007F5E  50E1               	movf	fsr1l,w,c
    62  007F60  E1FA               	bnz	copy_data0
    63  007F62                     end_of_initialization:
    64                           	opt stack 0
    65  007F62                     __end_of__initialization:
    66                           	opt stack 0
    67  007F62  0100               	movlb	0
    68  007F64  EFB4  F03F         	goto	_main	;jump to C main() function
    69                           tblptru	equ	0xFF8
    70                           tblptrh	equ	0xFF7
    71                           tblptrl	equ	0xFF6
    72                           tablat	equ	0xFF5
    73                           postinc0	equ	0xFEE
    74                           postdec1	equ	0xFE5
    75                           fsr1l	equ	0xFE1
    76                           
    77                           	psect	dataCOMRAM
    78  00001C                     __pdataCOMRAM:
    79                           	opt stack 0
    80  00001C                     main@F4629:
    81                           	opt stack 0
    82  00001C                     	ds	20
    83                           tblptru	equ	0xFF8
    84                           tblptrh	equ	0xFF7
    85                           tblptrl	equ	0xFF6
    86                           tablat	equ	0xFF5
    87                           postinc0	equ	0xFEE
    88                           postdec1	equ	0xFE5
    89                           fsr1l	equ	0xFE1
    90                           
    91                           	psect	cstackCOMRAM
    92  000001                     __pcstackCOMRAM:
    93                           	opt stack 0
    94  000001                     retardo@n:
    95                           	opt stack 0
    96                           
    97                           ; 2 bytes @ 0x0
    98  000001                     	ds	2
    99  000003                     ??_retardo:
   100                           
   101                           ; 0 bytes @ 0x2
   102  000003                     	ds	1
   103  000004                     main@numeros:
   104                           	opt stack 0
   105                           
   106                           ; 20 bytes @ 0x3
   107  000004                     	ds	20
   108  000018                     main@decenas:
   109                           	opt stack 0
   110                           
   111                           ; 2 bytes @ 0x17
   112  000018                     	ds	2
   113  00001A                     main@unidades:
   114                           	opt stack 0
   115                           
   116                           ; 2 bytes @ 0x19
   117  00001A                     	ds	2
   118                           tblptru	equ	0xFF8
   119                           tblptrh	equ	0xFF7
   120                           tblptrl	equ	0xFF6
   121                           tablat	equ	0xFF5
   122                           postinc0	equ	0xFEE
   123                           postdec1	equ	0xFE5
   124                           fsr1l	equ	0xFE1
   125                           
   126 ;;
   127 ;;Main: autosize = 0, tempsize = 0, incstack = 0, save=0
   128 ;;
   129 ;; *************** function _main *****************
   130 ;; Defined at:
   131 ;;		line 22 in file "main_repeticiones.c"
   132 ;; Parameters:    Size  Location     Type
   133 ;;		None
   134 ;; Auto vars:     Size  Location     Type
   135 ;;  numeros        20    3[COMRAM] int [10]
   136 ;;  unidades        2   25[COMRAM] int 
   137 ;;  decenas         2   23[COMRAM] int 
   138 ;; Return value:  Size  Location     Type
   139 ;;		None               void
   140 ;; Registers used:
   141 ;;		wreg, fsr1l, fsr1h, fsr2l, fsr2h, status,2, status,0, cstack
   142 ;; Tracked objects:
   143 ;;		On entry : 0/0
   144 ;;		On exit  : 0/0
   145 ;;		Unchanged: 0/0
   146 ;; Data sizes:     COMRAM   BANK0   BANK1   BANK2   BANK3   BANK4   BANK5   BANK6   BANK7
   147 ;;      Params:         0       0       0       0       0       0       0       0       0
   148 ;;      Locals:        24       0       0       0       0       0       0       0       0
   149 ;;      Temps:          0       0       0       0       0       0       0       0       0
   150 ;;      Totals:        24       0       0       0       0       0       0       0       0
   151 ;;Total ram usage:       24 bytes
   152 ;; Hardware stack levels required when called:    1
   153 ;; This function calls:
   154 ;;		_retardo
   155 ;; This function is called by:
   156 ;;		Startup code after reset
   157 ;; This function uses a non-reentrant model
   158 ;;
   159                           
   160                           	psect	text0
   161  007F68                     __ptext0:
   162                           	opt stack 0
   163  007F68                     _main:
   164                           	opt stack 30
   165                           
   166                           ;main_repeticiones.c: 24: ADCON1 = 0b11111111;
   167                           
   168                           ;incstack = 0
   169  007F68  68C1               	setf	4033,c	;volatile
   170                           
   171                           ;main_repeticiones.c: 27: TRISB = 0;
   172  007F6A  0E00               	movlw	0
   173  007F6C  6E93               	movwf	3987,c	;volatile
   174                           
   175                           ;main_repeticiones.c: 28: TRISD = 0;
   176  007F6E  0E00               	movlw	0
   177  007F70  6E95               	movwf	3989,c	;volatile
   178                           
   179                           ;main_repeticiones.c: 29: TRISC = 1;
   180  007F72  0E01               	movlw	1
   181  007F74  6E94               	movwf	3988,c	;volatile
   182                           
   183                           ;main_repeticiones.c: 31: int unidades = 0;
   184  007F76  0E00               	movlw	0
   185  007F78  6E1B               	movwf	main@unidades+1,c
   186  007F7A  0E00               	movlw	0
   187  007F7C  6E1A               	movwf	main@unidades,c
   188                           
   189                           ;main_repeticiones.c: 32: int decenas = 0;
   190  007F7E  0E00               	movlw	0
   191  007F80  6E19               	movwf	main@decenas+1,c
   192  007F82  0E00               	movlw	0
   193  007F84  6E18               	movwf	main@decenas,c
   194                           
   195                           ;main_repeticiones.c: 34: int numeros[10]= {0x3f,0x06,0x5b,0x4f,0x66,0x6d,0x7d,0x07,0x7f
      +                          ,0x67};
   196  007F86  EE20  F01C         	lfsr	2,main@F4629
   197  007F8A  EE10  F004         	lfsr	1,main@numeros
   198  007F8E  0E13               	movlw	19
   199  007F90                     u41:
   200  007F90  CFDB FFE3          	movff	plusw2,plusw1
   201  007F94  06E8               	decf	wreg,f,c
   202  007F96  E2FC               	bc	u41
   203  007F98                     l657:
   204                           
   205                           ;main_repeticiones.c: 38: {
   206                           ;main_repeticiones.c: 39: retardo(5000);
   207  007F98  0E13               	movlw	19
   208  007F9A  6E02               	movwf	retardo@n+1,c
   209  007F9C  0E88               	movlw	136
   210  007F9E  6E01               	movwf	retardo@n,c
   211  007FA0  EC8E  F03F         	call	_retardo	;wreg free
   212                           
   213                           ;main_repeticiones.c: 40: LATB = numeros[decenas];
   214  007FA4  90D8               	bcf	status,0,c
   215  007FA6  3418               	rlcf	main@decenas,w,c
   216  007FA8  6ED9               	movwf	fsr2l,c
   217  007FAA  3419               	rlcf	main@decenas+1,w,c
   218  007FAC  6EDA               	movwf	fsr2h,c
   219  007FAE  0E04               	movlw	low main@numeros
   220  007FB0  26D9               	addwf	fsr2l,f,c
   221  007FB2  0E00               	movlw	high main@numeros
   222  007FB4  22DA               	addwfc	fsr2h,f,c
   223  007FB6  50DF               	movf	indf2,w,c
   224  007FB8  6E8A               	movwf	3978,c	;volatile
   225                           
   226                           ;main_repeticiones.c: 41: LATD = numeros[unidades];
   227  007FBA  90D8               	bcf	status,0,c
   228  007FBC  341A               	rlcf	main@unidades,w,c
   229  007FBE  6ED9               	movwf	fsr2l,c
   230  007FC0  341B               	rlcf	main@unidades+1,w,c
   231  007FC2  6EDA               	movwf	fsr2h,c
   232  007FC4  0E04               	movlw	low main@numeros
   233  007FC6  26D9               	addwf	fsr2l,f,c
   234  007FC8  0E00               	movlw	high main@numeros
   235  007FCA  22DA               	addwfc	fsr2h,f,c
   236  007FCC  50DF               	movf	indf2,w,c
   237  007FCE  6E8C               	movwf	3980,c	;volatile
   238                           
   239                           ;main_repeticiones.c: 43: if(PORTCbits.RC0 == 1)
   240  007FD0  A082               	btfss	3970,0,c	;volatile
   241  007FD2  D7E2               	goto	l657
   242                           
   243                           ;main_repeticiones.c: 44: {
   244                           ;main_repeticiones.c: 46: unidades = unidades + 1;
   245  007FD4  0E01               	movlw	1
   246  007FD6  241A               	addwf	main@unidades,w,c
   247  007FD8  6E1A               	movwf	main@unidades,c
   248  007FDA  0E00               	movlw	0
   249  007FDC  201B               	addwfc	main@unidades+1,w,c
   250  007FDE  6E1B               	movwf	main@unidades+1,c
   251                           
   252                           ;main_repeticiones.c: 48: if(unidades == 10)
   253  007FE0  0E0A               	movlw	10
   254  007FE2  181A               	xorwf	main@unidades,w,c
   255  007FE4  101B               	iorwf	main@unidades+1,w,c
   256  007FE6  A4D8               	btfss	status,2,c
   257  007FE8  D7D7               	goto	l657
   258                           
   259                           ;main_repeticiones.c: 49: {
   260                           ;main_repeticiones.c: 50: decenas = decenas + 1;
   261  007FEA  0E01               	movlw	1
   262  007FEC  2418               	addwf	main@decenas,w,c
   263  007FEE  6E18               	movwf	main@decenas,c
   264  007FF0  0E00               	movlw	0
   265  007FF2  2019               	addwfc	main@decenas+1,w,c
   266  007FF4  6E19               	movwf	main@decenas+1,c
   267                           
   268                           ;main_repeticiones.c: 51: unidades = 0;
   269  007FF6  0E00               	movlw	0
   270  007FF8  6E1B               	movwf	main@unidades+1,c
   271  007FFA  0E00               	movlw	0
   272  007FFC  6E1A               	movwf	main@unidades,c
   273  007FFE  D7CC               	goto	l657
   274  008000                     __end_of_main:
   275                           	opt stack 0
   276                           tblptru	equ	0xFF8
   277                           tblptrh	equ	0xFF7
   278                           tblptrl	equ	0xFF6
   279                           tablat	equ	0xFF5
   280                           postinc0	equ	0xFEE
   281                           wreg	equ	0xFE8
   282                           postdec1	equ	0xFE5
   283                           plusw1	equ	0xFE3
   284                           fsr1l	equ	0xFE1
   285                           indf2	equ	0xFDF
   286                           plusw2	equ	0xFDB
   287                           fsr2h	equ	0xFDA
   288                           fsr2l	equ	0xFD9
   289                           status	equ	0xFD8
   290                           
   291 ;; *************** function _retardo *****************
   292 ;; Defined at:
   293 ;;		line 15 in file "main_repeticiones.c"
   294 ;; Parameters:    Size  Location     Type
   295 ;;  n               2    0[COMRAM] int 
   296 ;; Auto vars:     Size  Location     Type
   297 ;;		None
   298 ;; Return value:  Size  Location     Type
   299 ;;		None               void
   300 ;; Registers used:
   301 ;;		wreg
   302 ;; Tracked objects:
   303 ;;		On entry : 0/0
   304 ;;		On exit  : 0/0
   305 ;;		Unchanged: 0/0
   306 ;; Data sizes:     COMRAM   BANK0   BANK1   BANK2   BANK3   BANK4   BANK5   BANK6   BANK7
   307 ;;      Params:         2       0       0       0       0       0       0       0       0
   308 ;;      Locals:         0       0       0       0       0       0       0       0       0
   309 ;;      Temps:          1       0       0       0       0       0       0       0       0
   310 ;;      Totals:         3       0       0       0       0       0       0       0       0
   311 ;;Total ram usage:        3 bytes
   312 ;; Hardware stack levels used:    1
   313 ;; This function calls:
   314 ;;		Nothing
   315 ;; This function is called by:
   316 ;;		_main
   317 ;; This function uses a non-reentrant model
   318 ;;
   319                           
   320                           	psect	text1
   321  007F1C                     __ptext1:
   322                           	opt stack 0
   323  007F1C                     _retardo:
   324                           	opt stack 30
   325                           
   326                           ;main_repeticiones.c: 17: _delay((unsigned long)((1)*(20000000/4000.0)));
   327                           
   328                           ;incstack = 0
   329  007F1C  0E07               	movlw	7
   330  007F1E  6E03               	movwf	??_retardo& (0+255),c
   331  007F20  0E7D               	movlw	125
   332  007F22                     u77:
   333  007F22  2EE8               	decfsz	wreg,f,c
   334  007F24  D7FE               	goto	u77
   335  007F26  2E03               	decfsz	??_retardo& (0+255),f,c
   336  007F28  D7FC               	goto	u77
   337  007F2A  F000               	nop	
   338  007F2C  0012               	return		;funcret
   339  007F2E                     __end_of_retardo:
   340                           	opt stack 0
   341  0000                     tblptru	equ	0xFF8
   342                           tblptrh	equ	0xFF7
   343                           tblptrl	equ	0xFF6
   344                           tablat	equ	0xFF5
   345                           postinc0	equ	0xFEE
   346                           wreg	equ	0xFE8
   347                           postdec1	equ	0xFE5
   348                           plusw1	equ	0xFE3
   349                           fsr1l	equ	0xFE1
   350                           indf2	equ	0xFDF
   351                           plusw2	equ	0xFDB
   352                           fsr2h	equ	0xFDA
   353                           fsr2l	equ	0xFD9
   354                           status	equ	0xFD8
   355                           tblptru	equ	0xFF8
   356                           tblptrh	equ	0xFF7
   357                           tblptrl	equ	0xFF6
   358                           tablat	equ	0xFF5
   359                           postinc0	equ	0xFEE
   360                           wreg	equ	0xFE8
   361                           postdec1	equ	0xFE5
   362                           plusw1	equ	0xFE3
   363                           fsr1l	equ	0xFE1
   364                           indf2	equ	0xFDF
   365                           plusw2	equ	0xFDB
   366                           fsr2h	equ	0xFDA
   367                           fsr2l	equ	0xFD9
   368                           status	equ	0xFD8
   369                           
   370                           	psect	rparam
   371  0000                     tblptru	equ	0xFF8
   372                           tblptrh	equ	0xFF7
   373                           tblptrl	equ	0xFF6
   374                           tablat	equ	0xFF5
   375                           postinc0	equ	0xFEE
   376                           wreg	equ	0xFE8
   377                           postdec1	equ	0xFE5
   378                           plusw1	equ	0xFE3
   379                           fsr1l	equ	0xFE1
   380                           indf2	equ	0xFDF
   381                           plusw2	equ	0xFDB
   382                           fsr2h	equ	0xFDA
   383                           fsr2l	equ	0xFD9
   384                           status	equ	0xFD8


Data Sizes:
    Strings     0
    Constant    0
    Data        20
    BSS         0
    Persistent  0
    Stack       0

Auto Spaces:
    Space          Size  Autos    Used
    COMRAM           95     27      47
    BANK0           160      0       0
    BANK1           256      0       0
    BANK2           256      0       0
    BANK3           256      0       0
    BANK4           256      0       0
    BANK5           256      0       0
    BANK6           256      0       0
    BANK7           256      0       0

Pointer List with Targets:

    None.

Critical Paths under _main in COMRAM

    _main->_retardo

Critical Paths under _main in BANK0

    None.

Critical Paths under _main in BANK1

    None.

Critical Paths under _main in BANK2

    None.

Critical Paths under _main in BANK3

    None.

Critical Paths under _main in BANK4

    None.

Critical Paths under _main in BANK5

    None.

Critical Paths under _main in BANK6

    None.

Critical Paths under _main in BANK7

    None.

Call Graph Tables:

 ---------------------------------------------------------------------------------
 (Depth) Function   	        Calls       Base Space   Used Autos Params    Refs
 ---------------------------------------------------------------------------------
 (0) _main                                                24    24      0     205
                                              3 COMRAM    24    24      0
                            _retardo
 ---------------------------------------------------------------------------------
 (1) _retardo                                              3     1      2      43
                                              0 COMRAM     3     1      2
 ---------------------------------------------------------------------------------
 Estimated maximum stack depth 1
 ---------------------------------------------------------------------------------

 Call Graph Graphs:

 _main (ROOT)
   _retardo

 Address spaces:
Name               Size   Autos  Total    Cost      Usage
BIGRAM             7FF      0       0      21        0.0%
EEDATA             100      0       0       0        0.0%
BITBANK7           100      0       0      18        0.0%
BANK7              100      0       0      19        0.0%
BITBANK6           100      0       0      16        0.0%
BANK6              100      0       0      17        0.0%
BITBANK5           100      0       0      14        0.0%
BANK5              100      0       0      15        0.0%
BITBANK4           100      0       0      12        0.0%
BANK4              100      0       0      13        0.0%
BITBANK3           100      0       0      10        0.0%
BANK3              100      0       0      11        0.0%
BITBANK2           100      0       0       8        0.0%
BANK2              100      0       0       9        0.0%
BITBANK1           100      0       0       6        0.0%
BANK1              100      0       0       7        0.0%
BITBANK0            A0      0       0       4        0.0%
BANK0               A0      0       0       5        0.0%
BITCOMRAM           5F      0       0       0        0.0%
COMRAM              5F     1B      2F       1       49.5%
BITSFR               0      0       0      40        0.0%
SFR                  0      0       0      40        0.0%
STACK                0      0       0       2        0.0%
NULL                 0      0       0       0        0.0%
ABS                  0      0      2F      20        0.0%
DATA                 0      0      2F       3        0.0%
CODE                 0      0       0       0        0.0%


Microchip Technology PIC18 Macro Assembler V1.35 build -356382666 
Symbol Table                                                                                   Mon Jun 13 17:38:27 2022

                     u41 7F90                       u77 7F22              __CFG_BORV$3 000000  
           __CFG_CP0$OFF 000000             __CFG_CP1$OFF 000000             __CFG_CP2$OFF 000000  
           __CFG_CP3$OFF 000000                      l657 7F98             __CFG_CPB$OFF 000000  
           __CFG_CPD$OFF 000000             __CFG_BOR$OFF 000000                      wreg 000FE8  
           __CFG_FOSC$HS 000000              main@decenas 0018             __CFG_LVP$OFF 000000  
           __CFG_WDT$OFF 000000                     _LATB 000F8A                     _LATD 000F8C  
                   _main 7F68                     fsr2h 000FDA                     fsr1l 000FE1  
                   indf2 000FDF                     fsr2l 000FD9              main@numeros 0004  
                   start 0000            __CFG_IESO$OFF 000000            __CFG_MCLRE$ON 000000  
           ___param_bank 000010            __CFG_PLLDIV$5 000000           __CFG_CCP2MX$ON 000000  
                  ?_main 0001            __CFG_USBDIV$1 000000                    _TRISB 000F93  
                  _TRISC 000F94                    _TRISD 000F95            __CFG_PWRT$OFF 000000  
          __CFG_WRT0$OFF 000000            __CFG_WRT1$OFF 000000            __CFG_WRT2$OFF 000000  
          __CFG_WRT3$OFF 000000           __CFG_EBTR0$OFF 000000           __CFG_FCMEN$OFF 000000  
         __CFG_EBTR1$OFF 000000           __CFG_EBTR2$OFF 000000           __CFG_EBTR3$OFF 000000  
          __CFG_WRTB$OFF 000000            __CFG_WRTC$OFF 000000            __CFG_WRTD$OFF 000000  
         __CFG_EBTRB$OFF 000000          __end_of_retardo 7F2E                    tablat 000FF5  
           main@unidades 001A                    plusw1 000FE3                    plusw2 000FDB  
                  status 000FD8           __CFG_ICPRT$OFF 000000           __CFG_PBADEN$ON 000000  
        __initialization 7F42             __end_of_main 8000                   ??_main 0004  
          __activetblptr 000000                   _ADCON1 000FC1           __CFG_XINST$OFF 000000  
         __CFG_STVREN$ON 000000             __pdataCOMRAM 001C                ??_retardo 0003  
                 tblptrh 000FF7                   tblptrl 000FF6                   tblptru 000FF8  
             __accesstop 0060  __end_of__initialization 7F62            ___rparam_used 000001  
         __pcstackCOMRAM 0001          __CFG_VREGEN$OFF 000000                  __Hparam 0000  
                __Lparam 0000                  __pcinit 7F42                  __ramtop 0800  
                __ptext0 7F68                  __ptext1 7F1C                  _retardo 7F1C  
   end_of_initialization 7F62                  postdec1 000FE5                  postinc0 000FEE  
              _PORTCbits 000F82            __pidataCOMRAM 7F2E      start_initialization 7F42  
       __CFG_LPT1OSC$OFF 000000                 ?_retardo 0001         __CFG_WDTPS$32768 000000  
              main@F4629 001C                copy_data0 7F56                 __Hrparam 0000  
               __Lrparam 0000         __size_of_retardo 0012            __size_of_main 0098  
  __CFG_CPUDIV$OSC1_PLL2 000000                 retardo@n 0001  
