

Microchip Technology PIC18 LITE Macro Assembler V1.35 build -356382666 
                                                                                               Mon Jun 06 12:11:46 2022

Microchip Technology Omniscient Code Generator v1.35 (Free mode) build 201507080246
     1                           	processor	18F4550
     2                           	fnconf	rparam,??,?,0
     3                           	opt	pw 120
     4                           	opt	lm
     5                           	psect	cinit,global,reloc=2,class=CODE,delta=1
     6                           	psect	cstackCOMRAM,global,class=COMRAM,space=1,delta=1
     7                           	psect	text0,global,reloc=2,class=CODE,delta=1
     8                           	psect	intsave_regs,global,class=BIGRAM,space=1,delta=1
     9                           	psect	rparam,global,class=COMRAM,space=1,delta=1
    10  0000                     _PORTB	set	3969
    11  0000                     _TRISB	set	3987
    12                           
    13                           ; #config settings
    14  0000                     
    15                           	psect	cinit
    16  007F3E                     __pcinit:
    17                           	opt stack 0
    18  007F3E                     start_initialization:
    19                           	opt stack 0
    20  007F3E                     __initialization:
    21                           	opt stack 0
    22  007F3E                     end_of_initialization:
    23                           	opt stack 0
    24  007F3E                     __end_of__initialization:
    25                           	opt stack 0
    26  007F3E  0100               	movlb	0
    27  007F40  EFA2  F03F         	goto	_main	;jump to C main() function
    28                           
    29                           	psect	cstackCOMRAM
    30  000001                     __pcstackCOMRAM:
    31                           	opt stack 0
    32  000001                     ??_main:
    33                           
    34                           ; 0 bytes @ 0x0
    35  000001                     	ds	1
    36                           
    37 ;;
    38 ;;Main: autosize = 0, tempsize = 1, incstack = 0, save=0
    39 ;;
    40 ;; *************** function _main *****************
    41 ;; Defined at:
    42 ;;		line 23 in file "main_secuencia.c"
    43 ;; Parameters:    Size  Location     Type
    44 ;;		None
    45 ;; Auto vars:     Size  Location     Type
    46 ;;		None
    47 ;; Return value:  Size  Location     Type
    48 ;;		None               void
    49 ;; Registers used:
    50 ;;		wreg, status,2
    51 ;; Tracked objects:
    52 ;;		On entry : 0/0
    53 ;;		On exit  : 0/0
    54 ;;		Unchanged: 0/0
    55 ;; Data sizes:     COMRAM   BANK0   BANK1   BANK2   BANK3   BANK4   BANK5   BANK6   BANK7
    56 ;;      Params:         0       0       0       0       0       0       0       0       0
    57 ;;      Locals:         0       0       0       0       0       0       0       0       0
    58 ;;      Temps:          1       0       0       0       0       0       0       0       0
    59 ;;      Totals:         1       0       0       0       0       0       0       0       0
    60 ;;Total ram usage:        1 bytes
    61 ;; This function calls:
    62 ;;		Nothing
    63 ;; This function is called by:
    64 ;;		Startup code after reset
    65 ;; This function uses a non-reentrant model
    66 ;;
    67                           
    68                           	psect	text0
    69  007F44                     __ptext0:
    70                           	opt stack 0
    71  007F44                     _main:
    72                           	opt stack 31
    73                           
    74                           ;main_secuencia.c: 24: TRISB = 0;
    75                           
    76                           ;incstack = 0
    77  007F44  0E00               	movlw	0
    78  007F46  6E93               	movwf	3987,c	;volatile
    79                           
    80                           ;main_secuencia.c: 26: PORTB = 0;
    81  007F48  0E00               	movlw	0
    82  007F4A  6E81               	movwf	3969,c	;volatile
    83                           
    84                           ;main_secuencia.c: 27: _delay((unsigned long)((30)*(20000000/4000.0)));
    85  007F4C  0EC3               	movlw	195
    86  007F4E  6E01               	movwf	??_main& (0+255),c
    87  007F50  0ECD               	movlw	205
    88  007F52                     u17:
    89  007F52  2EE8               	decfsz	wreg,f,c
    90  007F54  D7FE               	goto	u17
    91  007F56  2E01               	decfsz	??_main& (0+255),f,c
    92  007F58  D7FC               	goto	u17
    93  007F5A  F000               	nop	
    94                           
    95                           ;main_secuencia.c: 28: PORTB = 1;
    96  007F5C  0E01               	movlw	1
    97  007F5E  6E81               	movwf	3969,c	;volatile
    98                           
    99                           ;main_secuencia.c: 29: _delay((unsigned long)((30)*(20000000/4000.0)));
   100  007F60  0EC3               	movlw	195
   101  007F62  6E01               	movwf	??_main& (0+255),c
   102  007F64  0ECD               	movlw	205
   103  007F66                     u27:
   104  007F66  2EE8               	decfsz	wreg,f,c
   105  007F68  D7FE               	goto	u27
   106  007F6A  2E01               	decfsz	??_main& (0+255),f,c
   107  007F6C  D7FC               	goto	u27
   108  007F6E  F000               	nop	
   109                           
   110                           ;main_secuencia.c: 30: PORTB = 2;
   111  007F70  0E02               	movlw	2
   112  007F72  6E81               	movwf	3969,c	;volatile
   113                           
   114                           ;main_secuencia.c: 31: _delay((unsigned long)((30)*(20000000/4000.0)));
   115  007F74  0EC3               	movlw	195
   116  007F76  6E01               	movwf	??_main& (0+255),c
   117  007F78  0ECD               	movlw	205
   118  007F7A                     u37:
   119  007F7A  2EE8               	decfsz	wreg,f,c
   120  007F7C  D7FE               	goto	u37
   121  007F7E  2E01               	decfsz	??_main& (0+255),f,c
   122  007F80  D7FC               	goto	u37
   123  007F82  F000               	nop	
   124                           
   125                           ;main_secuencia.c: 32: PORTB = 4;
   126  007F84  0E04               	movlw	4
   127  007F86  6E81               	movwf	3969,c	;volatile
   128                           
   129                           ;main_secuencia.c: 33: _delay((unsigned long)((30)*(20000000/4000.0)));
   130  007F88  0EC3               	movlw	195
   131  007F8A  6E01               	movwf	??_main& (0+255),c
   132  007F8C  0ECD               	movlw	205
   133  007F8E                     u47:
   134  007F8E  2EE8               	decfsz	wreg,f,c
   135  007F90  D7FE               	goto	u47
   136  007F92  2E01               	decfsz	??_main& (0+255),f,c
   137  007F94  D7FC               	goto	u47
   138  007F96  F000               	nop	
   139                           
   140                           ;main_secuencia.c: 34: PORTB = 8;
   141  007F98  0E08               	movlw	8
   142  007F9A  6E81               	movwf	3969,c	;volatile
   143                           
   144                           ;main_secuencia.c: 35: _delay((unsigned long)((30)*(20000000/4000.0)));
   145  007F9C  0EC3               	movlw	195
   146  007F9E  6E01               	movwf	??_main& (0+255),c
   147  007FA0  0ECD               	movlw	205
   148  007FA2                     u57:
   149  007FA2  2EE8               	decfsz	wreg,f,c
   150  007FA4  D7FE               	goto	u57
   151  007FA6  2E01               	decfsz	??_main& (0+255),f,c
   152  007FA8  D7FC               	goto	u57
   153  007FAA  F000               	nop	
   154                           
   155                           ;main_secuencia.c: 36: PORTB = 16;
   156  007FAC  0E10               	movlw	16
   157  007FAE  6E81               	movwf	3969,c	;volatile
   158                           
   159                           ;main_secuencia.c: 37: _delay((unsigned long)((30)*(20000000/4000.0)));
   160  007FB0  0EC3               	movlw	195
   161  007FB2  6E01               	movwf	??_main& (0+255),c
   162  007FB4  0ECD               	movlw	205
   163  007FB6                     u67:
   164  007FB6  2EE8               	decfsz	wreg,f,c
   165  007FB8  D7FE               	goto	u67
   166  007FBA  2E01               	decfsz	??_main& (0+255),f,c
   167  007FBC  D7FC               	goto	u67
   168  007FBE  F000               	nop	
   169                           
   170                           ;main_secuencia.c: 38: PORTB = 32;
   171  007FC0  0E20               	movlw	32
   172  007FC2  6E81               	movwf	3969,c	;volatile
   173                           
   174                           ;main_secuencia.c: 39: _delay((unsigned long)((30)*(20000000/4000.0)));
   175  007FC4  0EC3               	movlw	195
   176  007FC6  6E01               	movwf	??_main& (0+255),c
   177  007FC8  0ECD               	movlw	205
   178  007FCA                     u77:
   179  007FCA  2EE8               	decfsz	wreg,f,c
   180  007FCC  D7FE               	goto	u77
   181  007FCE  2E01               	decfsz	??_main& (0+255),f,c
   182  007FD0  D7FC               	goto	u77
   183  007FD2  F000               	nop	
   184                           
   185                           ;main_secuencia.c: 40: PORTB = 64;
   186  007FD4  0E40               	movlw	64
   187  007FD6  6E81               	movwf	3969,c	;volatile
   188                           
   189                           ;main_secuencia.c: 41: _delay((unsigned long)((30)*(20000000/4000.0)));
   190  007FD8  0EC3               	movlw	195
   191  007FDA  6E01               	movwf	??_main& (0+255),c
   192  007FDC  0ECD               	movlw	205
   193  007FDE                     u87:
   194  007FDE  2EE8               	decfsz	wreg,f,c
   195  007FE0  D7FE               	goto	u87
   196  007FE2  2E01               	decfsz	??_main& (0+255),f,c
   197  007FE4  D7FC               	goto	u87
   198  007FE6  F000               	nop	
   199                           
   200                           ;main_secuencia.c: 42: PORTB = 128;
   201  007FE8  0E80               	movlw	128
   202  007FEA  6E81               	movwf	3969,c	;volatile
   203                           
   204                           ;main_secuencia.c: 43: _delay((unsigned long)((30)*(20000000/4000.0)));
   205  007FEC  0EC3               	movlw	195
   206  007FEE  6E01               	movwf	??_main& (0+255),c
   207  007FF0  0ECD               	movlw	205
   208  007FF2                     u97:
   209  007FF2  2EE8               	decfsz	wreg,f,c
   210  007FF4  D7FE               	goto	u97
   211  007FF6  2E01               	decfsz	??_main& (0+255),f,c
   212  007FF8  D7FC               	goto	u97
   213  007FFA  F000               	nop	
   214                           
   215                           ;main_secuencia.c: 50: return;
   216  007FFC  EF00  F000         	goto	start
   217  008000                     __end_of_main:
   218                           	opt stack 0
   219  0000                     wreg	equ	0xFE8
   220                           wreg	equ	0xFE8
   221                           
   222                           	psect	rparam
   223  0000                     wreg	equ	0xFE8


Data Sizes:
    Strings     0
    Constant    0
    Data        0
    BSS         0
    Persistent  0
    Stack       0

Auto Spaces:
    Space          Size  Autos    Used
    COMRAM           95      1       1
    BANK0           160      0       0
    BANK1           256      0       0
    BANK2           256      0       0
    BANK3           256      0       0
    BANK4           256      0       0
    BANK5           256      0       0
    BANK6           256      0       0
    BANK7           256      0       0

Pointer List with Targets:

    None.

Critical Paths under _main in COMRAM

    None.

Critical Paths under _main in BANK0

    None.

Critical Paths under _main in BANK1

    None.

Critical Paths under _main in BANK2

    None.

Critical Paths under _main in BANK3

    None.

Critical Paths under _main in BANK4

    None.

Critical Paths under _main in BANK5

    None.

Critical Paths under _main in BANK6

    None.

Critical Paths under _main in BANK7

    None.

Call Graph Tables:

 ---------------------------------------------------------------------------------
 (Depth) Function   	        Calls       Base Space   Used Autos Params    Refs
 ---------------------------------------------------------------------------------
 (0) _main                                                 1     1      0       0
                                              0 COMRAM     1     1      0
 ---------------------------------------------------------------------------------
 Estimated maximum stack depth 0
 ---------------------------------------------------------------------------------

 Call Graph Graphs:

 _main (ROOT)

 Address spaces:
Name               Size   Autos  Total    Cost      Usage
BITCOMRAM           5F      0       0       0        0.0%
EEDATA             100      0       0       0        0.0%
NULL                 0      0       0       0        0.0%
CODE                 0      0       0       0        0.0%
COMRAM              5F      1       1       1        1.1%
STACK                0      0       0       2        0.0%
DATA                 0      0       0       3        0.0%
BITBANK0            A0      0       0       4        0.0%
BANK0               A0      0       0       5        0.0%
BITBANK1           100      0       0       6        0.0%
BANK1              100      0       0       7        0.0%
BITBANK2           100      0       0       8        0.0%
BANK2              100      0       0       9        0.0%
BITBANK3           100      0       0      10        0.0%
BANK3              100      0       0      11        0.0%
BITBANK4           100      0       0      12        0.0%
BANK4              100      0       0      13        0.0%
BITBANK5           100      0       0      14        0.0%
BANK5              100      0       0      15        0.0%
BITBANK6           100      0       0      16        0.0%
BANK6              100      0       0      17        0.0%
BITBANK7           100      0       0      18        0.0%
BANK7              100      0       0      19        0.0%
ABS                  0      0       0      20        0.0%
BIGRAM             7FF      0       0      21        0.0%
BITSFR               0      0       0      40        0.0%
SFR                  0      0       0      40        0.0%


Microchip Technology PIC18 Macro Assembler V1.35 build -356382666 
Symbol Table                                                                                   Mon Jun 06 12:11:46 2022

                     u17 7F52                       u27 7F66                       u37 7F7A  
                     u47 7F8E                       u57 7FA2                       u67 7FB6  
                     u77 7FCA                       u87 7FDE                       u97 7FF2  
            __CFG_WDT$ON 000000             __CFG_CPD$OFF 000000                      wreg 000FE8  
           __CFG_FOSC$HS 000000             __CFG_LVP$OFF 000000                     _main 7F44  
                   start 0000             ___param_bank 000010                    ?_main 0001  
                  _PORTB 000F81                    _TRISB 000F93            __CFG_PWRT$OFF 000000  
        __initialization 7F3E             __end_of_main 8000                   ??_main 0001  
          __activetblptr 000000               __accesstop 0060  __end_of__initialization 7F3E  
          ___rparam_used 000001           __pcstackCOMRAM 0001                  __Hparam 0000  
                __Lparam 0000                  __pcinit 7F3E                  __ramtop 0800  
                __ptext0 7F44     end_of_initialization 7F3E      start_initialization 7F3E  
               __Hrparam 0000                 __Lrparam 0000            __size_of_main 00BC  
