

Microchip Technology PIC18 LITE Macro Assembler V1.35 build -356382666 
                                                                                               Wed Jul 13 16:21:38 2022

Microchip Technology Omniscient Code Generator v1.35 (Free mode) build 201507080246
     1                           	processor	18F4550
     2                           	fnconf	rparam,??,?,0
     3                           	opt	pw 120
     4                           	opt	lm
     5                           	psect	cinit,global,reloc=2,class=CODE,delta=1
     6                           	psect	cstackCOMRAM,global,class=COMRAM,space=1,delta=1
     7                           	psect	text0,global,reloc=2,class=CODE,delta=1
     8                           	psect	intsave_regs,global,class=BIGRAM,space=1,delta=1
     9                           	psect	rparam,global,class=COMRAM,space=1,delta=1
    10  0000                     _ADCON1	set	4033
    11  0000                     _PORTBbits	set	3969
    12  0000                     _TRISBbits	set	3987
    13                           
    14                           ; #config settings
    15  0000                     
    16                           	psect	cinit
    17  007FE2                     __pcinit:
    18                           	opt stack 0
    19  007FE2                     start_initialization:
    20                           	opt stack 0
    21  007FE2                     __initialization:
    22                           	opt stack 0
    23  007FE2                     end_of_initialization:
    24                           	opt stack 0
    25  007FE2                     __end_of__initialization:
    26                           	opt stack 0
    27  007FE2  0100               	movlb	0
    28  007FE4  EFF4  F03F         	goto	_main	;jump to C main() function
    29                           
    30                           	psect	cstackCOMRAM
    31  000000                     __pcstackCOMRAM:
    32                           	opt stack 0
    33  000000                     
    34                           ; 0 bytes @ 0x0
    35 ;;
    36 ;;Main: autosize = 0, tempsize = 0, incstack = 0, save=0
    37 ;;
    38 ;; *************** function _main *****************
    39 ;; Defined at:
    40 ;;		line 23 in file "main_button.c"
    41 ;; Parameters:    Size  Location     Type
    42 ;;		None
    43 ;; Auto vars:     Size  Location     Type
    44 ;;		None
    45 ;; Return value:  Size  Location     Type
    46 ;;		None               void
    47 ;; Registers used:
    48 ;;		None
    49 ;; Tracked objects:
    50 ;;		On entry : 0/0
    51 ;;		On exit  : 0/0
    52 ;;		Unchanged: 0/0
    53 ;; Data sizes:     COMRAM   BANK0   BANK1   BANK2   BANK3   BANK4   BANK5   BANK6   BANK7
    54 ;;      Params:         0       0       0       0       0       0       0       0       0
    55 ;;      Locals:         0       0       0       0       0       0       0       0       0
    56 ;;      Temps:          0       0       0       0       0       0       0       0       0
    57 ;;      Totals:         0       0       0       0       0       0       0       0       0
    58 ;;Total ram usage:        0 bytes
    59 ;; This function calls:
    60 ;;		Nothing
    61 ;; This function is called by:
    62 ;;		Startup code after reset
    63 ;; This function uses a non-reentrant model
    64 ;;
    65                           
    66                           	psect	text0
    67  007FE8                     __ptext0:
    68                           	opt stack 0
    69  007FE8                     _main:
    70                           	opt stack 31
    71                           
    72                           ;main_button.c: 25: ADCON1 = 0b11111111;
    73                           
    74                           ;incstack = 0
    75  007FE8  68C1               	setf	4033,c	;volatile
    76                           
    77                           ;main_button.c: 27: TRISBbits.RB0 = 0;
    78  007FEA  9093               	bcf	3987,0,c	;volatile
    79                           
    80                           ;main_button.c: 28: TRISBbits.RB1 = 1;
    81  007FEC  8293               	bsf	3987,1,c	;volatile
    82                           
    83                           ;main_button.c: 30: PORTBbits.RB0 = 0;
    84  007FEE  9081               	bcf	3969,0,c	;volatile
    85                           
    86                           ;main_button.c: 32: if(PORTBbits.RB1 == 1)
    87  007FF0  A281               	btfss	3969,1,c	;volatile
    88  007FF2  D003               	goto	l9
    89                           
    90                           ;main_button.c: 33: {
    91                           ;main_button.c: 34: PORTBbits.RB0 = 1;
    92  007FF4  8081               	bsf	3969,0,c	;volatile
    93                           
    94                           ;main_button.c: 35: }
    95  007FF6  EF00  F000         	goto	start
    96  007FFA                     l9:
    97                           
    98                           ;main_button.c: 36: else
    99                           ;main_button.c: 37: {
   100                           ;main_button.c: 38: PORTBbits.RB0 = 0;
   101  007FFA  9081               	bcf	3969,0,c	;volatile
   102                           
   103                           ;main_button.c: 39: }
   104                           ;main_button.c: 41: return;
   105  007FFC  EF00  F000         	goto	start
   106  008000                     __end_of_main:
   107                           	opt stack 0
   108  0000                     
   109                           	psect	rparam


Data Sizes:
    Strings     0
    Constant    0
    Data        0
    BSS         0
    Persistent  0
    Stack       0

Auto Spaces:
    Space          Size  Autos    Used
    COMRAM           95      0       0
    BANK0           160      0       0
    BANK1           256      0       0
    BANK2           256      0       0
    BANK3           256      0       0
    BANK4           256      0       0
    BANK5           256      0       0
    BANK6           256      0       0
    BANK7           256      0       0

Pointer List with Targets:

    None.

Critical Paths under _main in COMRAM

    None.

Critical Paths under _main in BANK0

    None.

Critical Paths under _main in BANK1

    None.

Critical Paths under _main in BANK2

    None.

Critical Paths under _main in BANK3

    None.

Critical Paths under _main in BANK4

    None.

Critical Paths under _main in BANK5

    None.

Critical Paths under _main in BANK6

    None.

Critical Paths under _main in BANK7

    None.

Call Graph Tables:

 ---------------------------------------------------------------------------------
 (Depth) Function   	        Calls       Base Space   Used Autos Params    Refs
 ---------------------------------------------------------------------------------
 (0) _main                                                 0     0      0       0
 ---------------------------------------------------------------------------------
 Estimated maximum stack depth 0
 ---------------------------------------------------------------------------------

 Call Graph Graphs:

 _main (ROOT)

 Address spaces:
Name               Size   Autos  Total    Cost      Usage
BITCOMRAM           5F      0       0       0        0.0%
EEDATA             100      0       0       0        0.0%
NULL                 0      0       0       0        0.0%
CODE                 0      0       0       0        0.0%
COMRAM              5F      0       0       1        0.0%
STACK                0      0       0       2        0.0%
DATA                 0      0       0       3        0.0%
BITBANK0            A0      0       0       4        0.0%
BANK0               A0      0       0       5        0.0%
BITBANK1           100      0       0       6        0.0%
BANK1              100      0       0       7        0.0%
BITBANK2           100      0       0       8        0.0%
BANK2              100      0       0       9        0.0%
BITBANK3           100      0       0      10        0.0%
BANK3              100      0       0      11        0.0%
BITBANK4           100      0       0      12        0.0%
BANK4              100      0       0      13        0.0%
BITBANK5           100      0       0      14        0.0%
BANK5              100      0       0      15        0.0%
BITBANK6           100      0       0      16        0.0%
BANK6              100      0       0      17        0.0%
BITBANK7           100      0       0      18        0.0%
BANK7              100      0       0      19        0.0%
ABS                  0      0       0      20        0.0%
BIGRAM             7FF      0       0      21        0.0%
BITSFR               0      0       0      40        0.0%
SFR                  0      0       0      40        0.0%


Microchip Technology PIC18 Macro Assembler V1.35 build -356382666 
Symbol Table                                                                                   Wed Jul 13 16:21:38 2022

                      l9 7FFA              __CFG_WDT$ON 000000             __CFG_CPD$OFF 000000  
           __CFG_FOSC$HS 000000             __CFG_LVP$OFF 000000                     _main 7FE8  
                   start 0000             ___param_bank 000010                    ?_main 0000  
          __CFG_PWRT$OFF 000000          __initialization 7FE2             __end_of_main 8000  
                 ??_main 0000            __activetblptr 000000                   _ADCON1 000FC1  
             __accesstop 0060  __end_of__initialization 7FE2            ___rparam_used 000001  
         __pcstackCOMRAM 0000                  __Hparam 0000                  __Lparam 0000  
                __pcinit 7FE2                  __ramtop 0800                  __ptext0 7FE8  
   end_of_initialization 7FE2                _PORTBbits 000F81                _TRISBbits 000F93  
    start_initialization 7FE2                 __Hrparam 0000                 __Lrparam 0000  
          __size_of_main 0018  
