

Microchip Technology PIC18 LITE Macro Assembler V1.35 build -356382666 
                                                                                               Thu Jul 14 17:26:43 2022

Microchip Technology Omniscient Code Generator v1.35 (Free mode) build 201507080246
     1                           	processor	18F4550
     2                           	fnconf	rparam,??,?,0
     3                           	opt	pw 120
     4                           	opt	lm
     5                           	psect	cinit,global,reloc=2,class=CODE,delta=1
     6                           	psect	cstackCOMRAM,global,class=COMRAM,space=1,delta=1
     7                           	psect	text0,global,reloc=2,class=CODE,delta=1
     8                           	psect	intsave_regs,global,class=BIGRAM,space=1,delta=1
     9                           	psect	rparam,global,class=COMRAM,space=1,delta=1
    10  0000                     _ADCON1	set	4033
    11  0000                     _LATB	set	3978
    12  0000                     _PORTB	set	3969
    13  0000                     _PORTD	set	3971
    14  0000                     _TRISB	set	3987
    15  0000                     _TRISD	set	3989
    16                           
    17                           ; #config settings
    18  0000                     
    19                           	psect	cinit
    20  007ED2                     __pcinit:
    21                           	opt stack 0
    22  007ED2                     start_initialization:
    23                           	opt stack 0
    24  007ED2                     __initialization:
    25                           	opt stack 0
    26  007ED2                     end_of_initialization:
    27                           	opt stack 0
    28  007ED2                     __end_of__initialization:
    29                           	opt stack 0
    30  007ED2  0100               	movlb	0
    31  007ED4  EF6C  F03F         	goto	_main	;jump to C main() function
    32                           
    33                           	psect	cstackCOMRAM
    34  000001                     __pcstackCOMRAM:
    35                           	opt stack 0
    36  000001                     ??_main:
    37                           
    38                           ; 0 bytes @ 0x0
    39  000001                     	ds	1
    40                           
    41 ;;
    42 ;;Main: autosize = 0, tempsize = 1, incstack = 0, save=0
    43 ;;
    44 ;; *************** function _main *****************
    45 ;; Defined at:
    46 ;;		line 23 in file "main_bin_dec.c"
    47 ;; Parameters:    Size  Location     Type
    48 ;;		None
    49 ;; Auto vars:     Size  Location     Type
    50 ;;		None
    51 ;; Return value:  Size  Location     Type
    52 ;;		None               void
    53 ;; Registers used:
    54 ;;		wreg, status,2, status,0
    55 ;; Tracked objects:
    56 ;;		On entry : 0/0
    57 ;;		On exit  : 0/0
    58 ;;		Unchanged: 0/0
    59 ;; Data sizes:     COMRAM   BANK0   BANK1   BANK2   BANK3   BANK4   BANK5   BANK6   BANK7
    60 ;;      Params:         0       0       0       0       0       0       0       0       0
    61 ;;      Locals:         0       0       0       0       0       0       0       0       0
    62 ;;      Temps:          1       0       0       0       0       0       0       0       0
    63 ;;      Totals:         1       0       0       0       0       0       0       0       0
    64 ;;Total ram usage:        1 bytes
    65 ;; This function calls:
    66 ;;		Nothing
    67 ;; This function is called by:
    68 ;;		Startup code after reset
    69 ;; This function uses a non-reentrant model
    70 ;;
    71                           
    72                           	psect	text0
    73  007ED8                     __ptext0:
    74                           	opt stack 0
    75  007ED8                     _main:
    76                           	opt stack 31
    77                           
    78                           ;main_bin_dec.c: 25: ADCON1 = 0b11111111;
    79                           
    80                           ;incstack = 0
    81  007ED8  68C1               	setf	4033,c	;volatile
    82                           
    83                           ;main_bin_dec.c: 27: TRISB = 0;
    84  007EDA  0E00               	movlw	0
    85  007EDC  6E93               	movwf	3987,c	;volatile
    86                           
    87                           ;main_bin_dec.c: 28: TRISD = 1;
    88  007EDE  0E01               	movlw	1
    89  007EE0  6E95               	movwf	3989,c	;volatile
    90                           
    91                           ;main_bin_dec.c: 30: PORTB = 0;
    92  007EE2  0E00               	movlw	0
    93  007EE4  6E81               	movwf	3969,c	;volatile
    94                           
    95                           ;main_bin_dec.c: 32: if(PORTD == 0)
    96  007EE6  5083               	movf	3971,w,c	;volatile
    97  007EE8  A4D8               	btfss	status,2,c
    98  007EEA  D00A               	goto	l642
    99                           
   100                           ;main_bin_dec.c: 33: {
   101                           ;main_bin_dec.c: 36: LATB = 0x3f;
   102  007EEC  0E3F               	movlw	63
   103  007EEE  6E8A               	movwf	3978,c	;volatile
   104                           
   105                           ;main_bin_dec.c: 37: _delay((unsigned long)((35)*(20000000/4000.0)));
   106  007EF0  0EE4               	movlw	228
   107  007EF2  6E01               	movwf	??_main& (0+255),c
   108  007EF4  0E44               	movlw	68
   109  007EF6                     u117:
   110  007EF6  2EE8               	decfsz	wreg,f,c
   111  007EF8  D7FE               	goto	u117
   112  007EFA  2E01               	decfsz	??_main& (0+255),f,c
   113  007EFC  D7FC               	goto	u117
   114  007EFE  D07D               	goto	L9
   115  007F00                     l642:
   116                           
   117                           ;main_bin_dec.c: 39: else if(PORTD == 1)
   118  007F00  0483               	decf	3971,w,c	;volatile
   119  007F02  A4D8               	btfss	status,2,c
   120  007F04  D00A               	goto	l648
   121                           
   122                           ;main_bin_dec.c: 40: {
   123                           ;main_bin_dec.c: 42: LATB = 0x06;
   124  007F06  0E06               	movlw	6
   125  007F08  6E8A               	movwf	3978,c	;volatile
   126                           
   127                           ;main_bin_dec.c: 43: _delay((unsigned long)((35)*(20000000/4000.0)));
   128  007F0A  0EE4               	movlw	228
   129  007F0C  6E01               	movwf	??_main& (0+255),c
   130  007F0E  0E44               	movlw	68
   131  007F10                     u127:
   132  007F10  2EE8               	decfsz	wreg,f,c
   133  007F12  D7FE               	goto	u127
   134  007F14  2E01               	decfsz	??_main& (0+255),f,c
   135  007F16  D7FC               	goto	u127
   136  007F18  D070               	goto	L9
   137  007F1A                     l648:
   138                           
   139                           ;main_bin_dec.c: 45: else if(PORTD == 2)
   140  007F1A  0E02               	movlw	2
   141  007F1C  1883               	xorwf	3971,w,c	;volatile
   142  007F1E  A4D8               	btfss	status,2,c
   143  007F20  D00A               	goto	l654
   144                           
   145                           ;main_bin_dec.c: 46: {
   146                           ;main_bin_dec.c: 48: LATB = 0x5b;
   147  007F22  0E5B               	movlw	91
   148  007F24  6E8A               	movwf	3978,c	;volatile
   149                           
   150                           ;main_bin_dec.c: 49: _delay((unsigned long)((35)*(20000000/4000.0)));
   151  007F26  0EE4               	movlw	228
   152  007F28  6E01               	movwf	??_main& (0+255),c
   153  007F2A  0E44               	movlw	68
   154  007F2C                     u137:
   155  007F2C  2EE8               	decfsz	wreg,f,c
   156  007F2E  D7FE               	goto	u137
   157  007F30  2E01               	decfsz	??_main& (0+255),f,c
   158  007F32  D7FC               	goto	u137
   159  007F34  D062               	goto	L9
   160  007F36                     l654:
   161                           
   162                           ;main_bin_dec.c: 51: else if(PORTD == 3)
   163  007F36  0E03               	movlw	3
   164  007F38  1883               	xorwf	3971,w,c	;volatile
   165  007F3A  A4D8               	btfss	status,2,c
   166  007F3C  D00A               	goto	l660
   167                           
   168                           ;main_bin_dec.c: 52: {
   169                           ;main_bin_dec.c: 54: LATB = 0x4f;
   170  007F3E  0E4F               	movlw	79
   171  007F40  6E8A               	movwf	3978,c	;volatile
   172                           
   173                           ;main_bin_dec.c: 55: _delay((unsigned long)((35)*(20000000/4000.0)));
   174  007F42  0EE4               	movlw	228
   175  007F44  6E01               	movwf	??_main& (0+255),c
   176  007F46  0E44               	movlw	68
   177  007F48                     u147:
   178  007F48  2EE8               	decfsz	wreg,f,c
   179  007F4A  D7FE               	goto	u147
   180  007F4C  2E01               	decfsz	??_main& (0+255),f,c
   181  007F4E  D7FC               	goto	u147
   182  007F50  D054               	goto	L9
   183  007F52                     l660:
   184                           
   185                           ;main_bin_dec.c: 58: else if(PORTD == 4)
   186  007F52  0E04               	movlw	4
   187  007F54  1883               	xorwf	3971,w,c	;volatile
   188  007F56  A4D8               	btfss	status,2,c
   189  007F58  D00A               	goto	l666
   190                           
   191                           ;main_bin_dec.c: 59: {
   192                           ;main_bin_dec.c: 61: LATB = 0x66;
   193  007F5A  0E66               	movlw	102
   194  007F5C  6E8A               	movwf	3978,c	;volatile
   195                           
   196                           ;main_bin_dec.c: 62: _delay((unsigned long)((35)*(20000000/4000.0)));
   197  007F5E  0EE4               	movlw	228
   198  007F60  6E01               	movwf	??_main& (0+255),c
   199  007F62  0E44               	movlw	68
   200  007F64                     u157:
   201  007F64  2EE8               	decfsz	wreg,f,c
   202  007F66  D7FE               	goto	u157
   203  007F68  2E01               	decfsz	??_main& (0+255),f,c
   204  007F6A  D7FC               	goto	u157
   205  007F6C  D046               	goto	L9
   206  007F6E                     l666:
   207                           
   208                           ;main_bin_dec.c: 65: else if(PORTD == 5)
   209  007F6E  0E05               	movlw	5
   210  007F70  1883               	xorwf	3971,w,c	;volatile
   211  007F72  A4D8               	btfss	status,2,c
   212  007F74  D00A               	goto	l672
   213                           
   214                           ;main_bin_dec.c: 66: {
   215                           ;main_bin_dec.c: 68: LATB = 0x6D;
   216  007F76  0E6D               	movlw	109
   217  007F78  6E8A               	movwf	3978,c	;volatile
   218                           
   219                           ;main_bin_dec.c: 69: _delay((unsigned long)((35)*(20000000/4000.0)));
   220  007F7A  0EE4               	movlw	228
   221  007F7C  6E01               	movwf	??_main& (0+255),c
   222  007F7E  0E44               	movlw	68
   223  007F80                     u167:
   224  007F80  2EE8               	decfsz	wreg,f,c
   225  007F82  D7FE               	goto	u167
   226  007F84  2E01               	decfsz	??_main& (0+255),f,c
   227  007F86  D7FC               	goto	u167
   228  007F88  D038               	goto	L9
   229  007F8A                     l672:
   230                           
   231                           ;main_bin_dec.c: 71: else if(PORTD == 6)
   232  007F8A  0E06               	movlw	6
   233  007F8C  1883               	xorwf	3971,w,c	;volatile
   234  007F8E  A4D8               	btfss	status,2,c
   235  007F90  D00A               	goto	l678
   236                           
   237                           ;main_bin_dec.c: 72: {
   238                           ;main_bin_dec.c: 74: LATB = 0x7D;
   239  007F92  0E7D               	movlw	125
   240  007F94  6E8A               	movwf	3978,c	;volatile
   241                           
   242                           ;main_bin_dec.c: 75: _delay((unsigned long)((35)*(20000000/4000.0)));
   243  007F96  0EE4               	movlw	228
   244  007F98  6E01               	movwf	??_main& (0+255),c
   245  007F9A  0E44               	movlw	68
   246  007F9C                     u177:
   247  007F9C  2EE8               	decfsz	wreg,f,c
   248  007F9E  D7FE               	goto	u177
   249  007FA0  2E01               	decfsz	??_main& (0+255),f,c
   250  007FA2  D7FC               	goto	u177
   251  007FA4  D02A               	goto	L9
   252  007FA6                     l678:
   253                           
   254                           ;main_bin_dec.c: 77: else if(PORTD == 7)
   255  007FA6  0E07               	movlw	7
   256  007FA8  1883               	xorwf	3971,w,c	;volatile
   257  007FAA  A4D8               	btfss	status,2,c
   258  007FAC  D00A               	goto	l684
   259                           
   260                           ;main_bin_dec.c: 78: {
   261                           ;main_bin_dec.c: 80: LATB = 0x07;
   262  007FAE  0E07               	movlw	7
   263  007FB0  6E8A               	movwf	3978,c	;volatile
   264                           
   265                           ;main_bin_dec.c: 81: _delay((unsigned long)((35)*(20000000/4000.0)));
   266  007FB2  0EE4               	movlw	228
   267  007FB4  6E01               	movwf	??_main& (0+255),c
   268  007FB6  0E44               	movlw	68
   269  007FB8                     u187:
   270  007FB8  2EE8               	decfsz	wreg,f,c
   271  007FBA  D7FE               	goto	u187
   272  007FBC  2E01               	decfsz	??_main& (0+255),f,c
   273  007FBE  D7FC               	goto	u187
   274  007FC0  D01C               	goto	L9
   275  007FC2                     l684:
   276                           
   277                           ;main_bin_dec.c: 83: else if(PORTD == 8)
   278  007FC2  0E08               	movlw	8
   279  007FC4  1883               	xorwf	3971,w,c	;volatile
   280  007FC6  A4D8               	btfss	status,2,c
   281  007FC8  D00A               	goto	l690
   282                           
   283                           ;main_bin_dec.c: 84: {
   284                           ;main_bin_dec.c: 86: LATB = 0x7F;
   285  007FCA  0E7F               	movlw	127
   286  007FCC  6E8A               	movwf	3978,c	;volatile
   287                           
   288                           ;main_bin_dec.c: 87: _delay((unsigned long)((35)*(20000000/4000.0)));
   289  007FCE  0EE4               	movlw	228
   290  007FD0  6E01               	movwf	??_main& (0+255),c
   291  007FD2  0E44               	movlw	68
   292  007FD4                     u197:
   293  007FD4  2EE8               	decfsz	wreg,f,c
   294  007FD6  D7FE               	goto	u197
   295  007FD8  2E01               	decfsz	??_main& (0+255),f,c
   296  007FDA  D7FC               	goto	u197
   297  007FDC  D00E               	goto	L9
   298  007FDE                     l690:
   299                           
   300                           ;main_bin_dec.c: 89: else if(PORTD == 9)
   301  007FDE  0E09               	movlw	9
   302  007FE0  1883               	xorwf	3971,w,c	;volatile
   303  007FE2  A4D8               	btfss	status,2,c
   304  007FE4  EF00  F000         	goto	start
   305                           
   306                           ;main_bin_dec.c: 90: {
   307                           ;main_bin_dec.c: 92: LATB = 0x6F;
   308  007FE8  0E6F               	movlw	111
   309  007FEA  6E8A               	movwf	3978,c	;volatile
   310                           
   311                           ;main_bin_dec.c: 93: _delay((unsigned long)((35)*(20000000/4000.0)));
   312  007FEC  0EE4               	movlw	228
   313  007FEE  6E01               	movwf	??_main& (0+255),c
   314  007FF0  0E44               	movlw	68
   315  007FF2                     u207:
   316  007FF2  2EE8               	decfsz	wreg,f,c
   317  007FF4  D7FE               	goto	u207
   318  007FF6  2E01               	decfsz	??_main& (0+255),f,c
   319  007FF8  D7FC               	goto	u207
   320  007FFA                     L9:
   321  007FFA  D000               	nop2	
   322                           
   323                           ;main_bin_dec.c: 94: }
   324                           ;main_bin_dec.c: 96: return;
   325  007FFC  EF00  F000         	goto	start
   326  008000                     __end_of_main:
   327                           	opt stack 0
   328  0000                     wreg	equ	0xFE8
   329                           status	equ	0xFD8
   330                           wreg	equ	0xFE8
   331                           status	equ	0xFD8
   332                           
   333                           	psect	rparam
   334  0000                     wreg	equ	0xFE8
   335                           status	equ	0xFD8


Data Sizes:
    Strings     0
    Constant    0
    Data        0
    BSS         0
    Persistent  0
    Stack       0

Auto Spaces:
    Space          Size  Autos    Used
    COMRAM           95      1       1
    BANK0           160      0       0
    BANK1           256      0       0
    BANK2           256      0       0
    BANK3           256      0       0
    BANK4           256      0       0
    BANK5           256      0       0
    BANK6           256      0       0
    BANK7           256      0       0

Pointer List with Targets:

    None.

Critical Paths under _main in COMRAM

    None.

Critical Paths under _main in BANK0

    None.

Critical Paths under _main in BANK1

    None.

Critical Paths under _main in BANK2

    None.

Critical Paths under _main in BANK3

    None.

Critical Paths under _main in BANK4

    None.

Critical Paths under _main in BANK5

    None.

Critical Paths under _main in BANK6

    None.

Critical Paths under _main in BANK7

    None.

Call Graph Tables:

 ---------------------------------------------------------------------------------
 (Depth) Function   	        Calls       Base Space   Used Autos Params    Refs
 ---------------------------------------------------------------------------------
 (0) _main                                                 1     1      0       0
                                              0 COMRAM     1     1      0
 ---------------------------------------------------------------------------------
 Estimated maximum stack depth 0
 ---------------------------------------------------------------------------------

 Call Graph Graphs:

 _main (ROOT)

 Address spaces:
Name               Size   Autos  Total    Cost      Usage
BITCOMRAM           5F      0       0       0        0.0%
EEDATA             100      0       0       0        0.0%
NULL                 0      0       0       0        0.0%
CODE                 0      0       0       0        0.0%
COMRAM              5F      1       1       1        1.1%
STACK                0      0       0       2        0.0%
DATA                 0      0       0       3        0.0%
BITBANK0            A0      0       0       4        0.0%
BANK0               A0      0       0       5        0.0%
BITBANK1           100      0       0       6        0.0%
BANK1              100      0       0       7        0.0%
BITBANK2           100      0       0       8        0.0%
BANK2              100      0       0       9        0.0%
BITBANK3           100      0       0      10        0.0%
BANK3              100      0       0      11        0.0%
BITBANK4           100      0       0      12        0.0%
BANK4              100      0       0      13        0.0%
BITBANK5           100      0       0      14        0.0%
BANK5              100      0       0      15        0.0%
BITBANK6           100      0       0      16        0.0%
BANK6              100      0       0      17        0.0%
BITBANK7           100      0       0      18        0.0%
BANK7              100      0       0      19        0.0%
ABS                  0      0       0      20        0.0%
BIGRAM             7FF      0       0      21        0.0%
BITSFR               0      0       0      40        0.0%
SFR                  0      0       0      40        0.0%


Microchip Technology PIC18 Macro Assembler V1.35 build -356382666 
Symbol Table                                                                                   Thu Jul 14 17:26:43 2022

            __CFG_WDT$ON 000000                      l642 7F00                      l660 7F52  
                    l654 7F36                      l672 7F8A                      l648 7F1A  
                    l690 7FDE                      l666 7F6E                      l684 7FC2  
                    l678 7FA6                      u117 7EF6                      u207 7FF2  
                    u127 7F10                      u137 7F2C                      u147 7F48  
                    u157 7F64                      u167 7F80                      u177 7F9C  
           __CFG_CPD$OFF 000000                      u187 7FB8                      u197 7FD4  
                    wreg 000FE8             __CFG_FOSC$HS 000000             __CFG_LVP$OFF 000000  
                   _LATB 000F8A                     _main 7ED8                     start 0000  
           ___param_bank 000010                    ?_main 0001                    _PORTB 000F81  
                  _PORTD 000F83                    _TRISB 000F93                    _TRISD 000F95  
          __CFG_PWRT$OFF 000000                    status 000FD8          __initialization 7ED2  
           __end_of_main 8000                   ??_main 0001            __activetblptr 000000  
                 _ADCON1 000FC1               __accesstop 0060  __end_of__initialization 7ED2  
          ___rparam_used 000001           __pcstackCOMRAM 0001                  __Hparam 0000  
                __Lparam 0000                  __pcinit 7ED2                  __ramtop 0800  
                __ptext0 7ED8     end_of_initialization 7ED2      start_initialization 7ED2  
               __Hrparam 0000                 __Lrparam 0000            __size_of_main 0128  
