

Microchip Technology PIC18 LITE Macro Assembler V1.35 build -356382666 
                                                                                               Thu Nov 03 17:49:44 2022

Microchip Technology Omniscient Code Generator v1.35 (Free mode) build 201507080246
     1                           	processor	18F4550
     2                           	fnconf	rparam,??,?,0
     3                           	opt	pw 120
     4                           	opt	lm
     5                           	psect	cinit,global,reloc=2,class=CODE,delta=1
     6                           	psect	cstackCOMRAM,global,class=COMRAM,space=1,delta=1
     7                           	psect	text0,global,reloc=2,class=CODE,delta=1
     8                           	psect	text1,global,reloc=2,class=CODE,delta=1
     9                           	psect	text2,global,reloc=2,class=CODE,delta=1
    10                           	psect	text3,global,reloc=2,class=CODE,delta=1
    11                           	psect	text4,global,reloc=2,class=CODE,delta=1
    12                           	psect	text5,global,reloc=2,class=CODE,delta=1
    13                           	psect	text6,global,reloc=2,class=CODE,delta=1
    14                           	psect	text7,global,reloc=2,class=CODE,delta=1
    15                           	psect	text8,global,reloc=2,class=CODE,delta=1
    16                           	psect	intsave_regs,global,class=BIGRAM,space=1,delta=1
    17                           	psect	rparam,global,class=COMRAM,space=1,delta=1
    18  0000                     _BAUDCONbits	set	4024
    19  0000                     _OSCCON	set	4051
    20  0000                     _RCSTA	set	4011
    21  0000                     _SPBRG	set	4015
    22  0000                     _TRISCbits	set	3988
    23  0000                     _TXREG	set	4013
    24  0000                     _TXSTAbits	set	4012
    25  0000                     _TRMT	set	32097
    26                           
    27                           ; #config settings
    28                           
    29                           	psect	cinit
    30  007A60                     __pcinit:
    31                           	opt stack 0
    32  007A60                     start_initialization:
    33                           	opt stack 0
    34  007A60                     __initialization:
    35                           	opt stack 0
    36  007A60                     end_of_initialization:
    37                           	opt stack 0
    38  007A60                     __end_of__initialization:
    39                           	opt stack 0
    40  007A60  0100               	movlb	0
    41  007A62  EF39  F03D         	goto	_main	;jump to C main() function
    42                           
    43                           	psect	cstackCOMRAM
    44  000001                     __pcstackCOMRAM:
    45                           	opt stack 0
    46  000001                     ?___ftpack:
    47                           	opt stack 0
    48  000001                     ?___fttol:
    49                           	opt stack 0
    50  000001                     UART_Write@data:
    51                           	opt stack 0
    52  000001                     MSdelay@val:
    53                           	opt stack 0
    54  000001                     ___ftpack@arg:
    55                           	opt stack 0
    56  000001                     ___fttol@f1:
    57                           	opt stack 0
    58                           
    59                           ; 3 bytes @ 0x0
    60  000001                     	ds	2
    61  000003                     MSdelay@i:
    62                           	opt stack 0
    63                           
    64                           ; 2 bytes @ 0x2
    65  000003                     	ds	1
    66  000004                     ___ftpack@exp:
    67                           	opt stack 0
    68                           
    69                           ; 1 bytes @ 0x3
    70  000004                     	ds	1
    71  000005                     ??___fttol:
    72  000005                     ___ftpack@sign:
    73                           	opt stack 0
    74  000005                     MSdelay@j:
    75                           	opt stack 0
    76                           
    77                           ; 2 bytes @ 0x4
    78  000005                     	ds	1
    79  000006                     ??___ftpack:
    80                           
    81                           ; 0 bytes @ 0x5
    82  000006                     	ds	3
    83  000009                     ?___altoft:
    84                           	opt stack 0
    85  000009                     ___altoft@c:
    86                           	opt stack 0
    87                           
    88                           ; 4 bytes @ 0x8
    89  000009                     	ds	1
    90  00000A                     ___fttol@sign1:
    91                           	opt stack 0
    92                           
    93                           ; 1 bytes @ 0x9
    94  00000A                     	ds	1
    95  00000B                     ___fttol@lval:
    96                           	opt stack 0
    97                           
    98                           ; 4 bytes @ 0xA
    99  00000B                     	ds	2
   100  00000D                     ??___altoft:
   101                           
   102                           ; 0 bytes @ 0xC
   103  00000D                     	ds	2
   104  00000F                     ___fttol@exp1:
   105                           	opt stack 0
   106                           
   107                           ; 1 bytes @ 0xE
   108  00000F                     	ds	2
   109  000011                     ___altoft@exp:
   110                           	opt stack 0
   111                           
   112                           ; 1 bytes @ 0x10
   113  000011                     	ds	1
   114  000012                     ___altoft@sign:
   115                           	opt stack 0
   116                           
   117                           ; 1 bytes @ 0x11
   118  000012                     	ds	1
   119  000013                     ?___ftdiv:
   120                           	opt stack 0
   121  000013                     ___ftdiv@f1:
   122                           	opt stack 0
   123                           
   124                           ; 3 bytes @ 0x12
   125  000013                     	ds	3
   126  000016                     ___ftdiv@f2:
   127                           	opt stack 0
   128                           
   129                           ; 3 bytes @ 0x15
   130  000016                     	ds	3
   131  000019                     ??___ftdiv:
   132                           
   133                           ; 0 bytes @ 0x18
   134  000019                     	ds	3
   135  00001C                     ___ftdiv@cntr:
   136                           	opt stack 0
   137                           
   138                           ; 1 bytes @ 0x1B
   139  00001C                     	ds	1
   140  00001D                     ___ftdiv@f3:
   141                           	opt stack 0
   142                           
   143                           ; 3 bytes @ 0x1C
   144  00001D                     	ds	3
   145  000020                     ___ftdiv@exp:
   146                           	opt stack 0
   147                           
   148                           ; 1 bytes @ 0x1F
   149  000020                     	ds	1
   150  000021                     ___ftdiv@sign:
   151                           	opt stack 0
   152                           
   153                           ; 1 bytes @ 0x20
   154  000021                     	ds	1
   155  000022                     ?___ftadd:
   156                           	opt stack 0
   157  000022                     ___ftadd@f1:
   158                           	opt stack 0
   159                           
   160                           ; 3 bytes @ 0x21
   161  000022                     	ds	3
   162  000025                     ___ftadd@f2:
   163                           	opt stack 0
   164                           
   165                           ; 3 bytes @ 0x24
   166  000025                     	ds	3
   167  000028                     ??___ftadd:
   168                           
   169                           ; 0 bytes @ 0x27
   170  000028                     	ds	3
   171  00002B                     ___ftadd@sign:
   172                           	opt stack 0
   173                           
   174                           ; 1 bytes @ 0x2A
   175  00002B                     	ds	1
   176  00002C                     ___ftadd@exp2:
   177                           	opt stack 0
   178                           
   179                           ; 1 bytes @ 0x2B
   180  00002C                     	ds	1
   181  00002D                     ___ftadd@exp1:
   182                           	opt stack 0
   183                           
   184                           ; 1 bytes @ 0x2C
   185  00002D                     	ds	1
   186  00002E                     UART_Initial@baud_rate:
   187                           	opt stack 0
   188                           
   189                           ; 4 bytes @ 0x2D
   190  00002E                     	ds	4
   191  000032                     UART_Initial@bps:
   192                           	opt stack 0
   193                           
   194                           ; 3 bytes @ 0x31
   195  000032                     	ds	3
   196  000035                     
   197                           ; 0 bytes @ 0x34
   198 ;;
   199 ;;Main: autosize = 0, tempsize = 0, incstack = 0, save=0
   200 ;;
   201 ;; *************** function _main *****************
   202 ;; Defined at:
   203 ;;		line 34 in file "main_master.c"
   204 ;; Parameters:    Size  Location     Type
   205 ;;		None
   206 ;; Auto vars:     Size  Location     Type
   207 ;;		None
   208 ;; Return value:  Size  Location     Type
   209 ;;		None               void
   210 ;; Registers used:
   211 ;;		wreg, status,2, status,0, cstack
   212 ;; Tracked objects:
   213 ;;		On entry : 0/0
   214 ;;		On exit  : 0/0
   215 ;;		Unchanged: 0/0
   216 ;; Data sizes:     COMRAM   BANK0   BANK1   BANK2   BANK3   BANK4   BANK5   BANK6   BANK7
   217 ;;      Params:         0       0       0       0       0       0       0       0       0
   218 ;;      Locals:         0       0       0       0       0       0       0       0       0
   219 ;;      Temps:          0       0       0       0       0       0       0       0       0
   220 ;;      Totals:         0       0       0       0       0       0       0       0       0
   221 ;;Total ram usage:        0 bytes
   222 ;; Hardware stack levels required when called:    3
   223 ;; This function calls:
   224 ;;		_MSdelay
   225 ;;		_UART_Initial
   226 ;;		_UART_Write
   227 ;; This function is called by:
   228 ;;		Startup code after reset
   229 ;; This function uses a non-reentrant model
   230 ;;
   231                           
   232                           	psect	text0
   233  007A72                     __ptext0:
   234                           	opt stack 0
   235  007A72                     _main:
   236                           	opt stack 28
   237                           
   238                           ;main_master.c: 36: OSCCON=0x72;
   239                           
   240                           ;incstack = 0
   241  007A72  0E72               	movlw	114
   242  007A74  6ED3               	movwf	4051,c	;volatile
   243                           
   244                           ;main_master.c: 37: UART_Initial(9600);
   245  007A76  0E80               	movlw	128
   246  007A78  6E2E               	movwf	UART_Initial@baud_rate,c
   247  007A7A  0E25               	movlw	37
   248  007A7C  6E2F               	movwf	UART_Initial@baud_rate+1,c
   249  007A7E  0E00               	movlw	0
   250  007A80  6E30               	movwf	UART_Initial@baud_rate+2,c
   251  007A82  0E00               	movlw	0
   252  007A84  6E31               	movwf	UART_Initial@baud_rate+3,c
   253  007A86  ECA6  F03D         	call	_UART_Initial	;wreg free
   254  007A8A                     l1163:
   255                           
   256                           ;main_master.c: 39: {
   257                           ;main_master.c: 41: UART_Write('A');
   258  007A8A  0E41               	movlw	65
   259  007A8C  EC33  F03D         	call	_UART_Write
   260                           
   261                           ;main_master.c: 42: MSdelay(1000);
   262  007A90  0E03               	movlw	3
   263  007A92  6E02               	movwf	MSdelay@val+1,c
   264  007A94  0EE8               	movlw	232
   265  007A96  6E01               	movwf	MSdelay@val,c
   266  007A98  EC4F  F03D         	call	_MSdelay	;wreg free
   267  007A9C  D7F6               	goto	l1163
   268  007A9E                     __end_of_main:
   269                           	opt stack 0
   270                           
   271 ;; *************** function _UART_Write *****************
   272 ;; Defined at:
   273 ;;		line 28 in file "main_master.c"
   274 ;; Parameters:    Size  Location     Type
   275 ;;  data            1    wreg     unsigned char 
   276 ;; Auto vars:     Size  Location     Type
   277 ;;  data            1    0[COMRAM] unsigned char 
   278 ;; Return value:  Size  Location     Type
   279 ;;		None               void
   280 ;; Registers used:
   281 ;;		wreg
   282 ;; Tracked objects:
   283 ;;		On entry : 0/0
   284 ;;		On exit  : 0/0
   285 ;;		Unchanged: 0/0
   286 ;; Data sizes:     COMRAM   BANK0   BANK1   BANK2   BANK3   BANK4   BANK5   BANK6   BANK7
   287 ;;      Params:         0       0       0       0       0       0       0       0       0
   288 ;;      Locals:         1       0       0       0       0       0       0       0       0
   289 ;;      Temps:          0       0       0       0       0       0       0       0       0
   290 ;;      Totals:         1       0       0       0       0       0       0       0       0
   291 ;;Total ram usage:        1 bytes
   292 ;; Hardware stack levels used:    1
   293 ;; This function calls:
   294 ;;		Nothing
   295 ;; This function is called by:
   296 ;;		_main
   297 ;; This function uses a non-reentrant model
   298 ;;
   299                           
   300                           	psect	text1
   301  007A66                     __ptext1:
   302                           	opt stack 0
   303  007A66                     _UART_Write:
   304                           	opt stack 30
   305                           
   306                           ;incstack = 0
   307                           ;UART_Write@data stored from wreg
   308  007A66  6E01               	movwf	UART_Write@data,c
   309                           
   310                           ;main_master.c: 31: TXREG = data;
   311  007A68  C001  FFAD         	movff	UART_Write@data,4013	;volatile
   312  007A6C                     l30:
   313  007A6C  B2AC               	btfsc	4012,1,c	;volatile
   314  007A6E  0012               	return	
   315  007A70  D7FD               	goto	l30
   316  007A72                     __end_of_UART_Write:
   317                           	opt stack 0
   318                           
   319 ;; *************** function _UART_Initial *****************
   320 ;; Defined at:
   321 ;;		line 12 in file "main_master.c"
   322 ;; Parameters:    Size  Location     Type
   323 ;;  baud_rate       4   45[COMRAM] long 
   324 ;; Auto vars:     Size  Location     Type
   325 ;;  bps             3   49[COMRAM] float 
   326 ;; Return value:  Size  Location     Type
   327 ;;		None               void
   328 ;; Registers used:
   329 ;;		wreg, status,2, status,0, cstack
   330 ;; Tracked objects:
   331 ;;		On entry : 0/0
   332 ;;		On exit  : 0/0
   333 ;;		Unchanged: 0/0
   334 ;; Data sizes:     COMRAM   BANK0   BANK1   BANK2   BANK3   BANK4   BANK5   BANK6   BANK7
   335 ;;      Params:         4       0       0       0       0       0       0       0       0
   336 ;;      Locals:         3       0       0       0       0       0       0       0       0
   337 ;;      Temps:          0       0       0       0       0       0       0       0       0
   338 ;;      Totals:         7       0       0       0       0       0       0       0       0
   339 ;;Total ram usage:        7 bytes
   340 ;; Hardware stack levels used:    1
   341 ;; Hardware stack levels required when called:    2
   342 ;; This function calls:
   343 ;;		___altoft
   344 ;;		___ftadd
   345 ;;		___ftdiv
   346 ;;		___fttol
   347 ;; This function is called by:
   348 ;;		_main
   349 ;; This function uses a non-reentrant model
   350 ;;
   351                           
   352                           	psect	text2
   353  007B4C                     __ptext2:
   354                           	opt stack 0
   355  007B4C                     _UART_Initial:
   356                           	opt stack 28
   357                           
   358                           ;main_master.c: 14: float bps;
   359                           ;main_master.c: 15: TRISCbits.RC6=0;
   360                           
   361                           ;incstack = 0
   362  007B4C  9C94               	bcf	3988,6,c	;volatile
   363                           
   364                           ;main_master.c: 17: bps = (( (float) (8000000/64) / (float) baud_rate) - 1);
   365  007B4E  C02E  F009         	movff	UART_Initial@baud_rate,___altoft@c
   366  007B52  C02F  F00A         	movff	UART_Initial@baud_rate+1,___altoft@c+1
   367  007B56  C030  F00B         	movff	UART_Initial@baud_rate+2,___altoft@c+2
   368  007B5A  C031  F00C         	movff	UART_Initial@baud_rate+3,___altoft@c+3
   369  007B5E  EC6A  F03D         	call	___altoft	;wreg free
   370  007B62  C009  F016         	movff	?___altoft,___ftdiv@f2
   371  007B66  C00A  F017         	movff	?___altoft+1,___ftdiv@f2+1
   372  007B6A  C00B  F018         	movff	?___altoft+2,___ftdiv@f2+2
   373  007B6E  0E24               	movlw	36
   374  007B70  6E13               	movwf	___ftdiv@f1,c
   375  007B72  0EF4               	movlw	244
   376  007B74  6E14               	movwf	___ftdiv@f1+1,c
   377  007B76  0E47               	movlw	71
   378  007B78  6E15               	movwf	___ftdiv@f1+2,c
   379  007B7A  EC3D  F03E         	call	___ftdiv	;wreg free
   380  007B7E  C013  F022         	movff	?___ftdiv,___ftadd@f1
   381  007B82  C014  F023         	movff	?___ftdiv+1,___ftadd@f1+1
   382  007B86  C015  F024         	movff	?___ftdiv+2,___ftadd@f1+2
   383  007B8A  0E00               	movlw	0
   384  007B8C  6E25               	movwf	___ftadd@f2,c
   385  007B8E  0E80               	movlw	128
   386  007B90  6E26               	movwf	___ftadd@f2+1,c
   387  007B92  0EBF               	movlw	191
   388  007B94  6E27               	movwf	___ftadd@f2+2,c
   389  007B96  EC2A  F03F         	call	___ftadd	;wreg free
   390  007B9A  C022  F032         	movff	?___ftadd,UART_Initial@bps
   391  007B9E  C023  F033         	movff	?___ftadd+1,UART_Initial@bps+1
   392  007BA2  C024  F034         	movff	?___ftadd+2,UART_Initial@bps+2
   393                           
   394                           ;main_master.c: 18: SPBRG=(int)bps;
   395  007BA6  C032  F001         	movff	UART_Initial@bps,___fttol@f1
   396  007BAA  C033  F002         	movff	UART_Initial@bps+1,___fttol@f1+1
   397  007BAE  C034  F003         	movff	UART_Initial@bps+2,___fttol@f1+2
   398  007BB2  ECB0  F03E         	call	___fttol	;wreg free
   399  007BB6  5001               	movf	?___fttol,w,c
   400  007BB8  6EAF               	movwf	4015,c	;volatile
   401                           
   402                           ;main_master.c: 19: TXSTAbits.CSRC = 0;
   403  007BBA  9EAC               	bcf	4012,7,c	;volatile
   404                           
   405                           ;main_master.c: 20: TXSTAbits.TX9 = 0;
   406  007BBC  9CAC               	bcf	4012,6,c	;volatile
   407                           
   408                           ;main_master.c: 21: TXSTAbits.TXEN = 1;
   409  007BBE  8AAC               	bsf	4012,5,c	;volatile
   410                           
   411                           ;main_master.c: 22: TXSTAbits.SYNC = 0;
   412  007BC0  98AC               	bcf	4012,4,c	;volatile
   413                           
   414                           ;main_master.c: 23: TXSTAbits.BRGH = 0;
   415  007BC2  94AC               	bcf	4012,2,c	;volatile
   416                           
   417                           ;main_master.c: 24: BAUDCONbits.BRG16 = 0;
   418  007BC4  96B8               	bcf	4024,3,c	;volatile
   419                           
   420                           ;main_master.c: 25: RCSTA = 0x90;
   421  007BC6  0E90               	movlw	144
   422  007BC8  6EAB               	movwf	4011,c	;volatile
   423  007BCA  0012               	return		;funcret
   424  007BCC                     __end_of_UART_Initial:
   425                           	opt stack 0
   426                           
   427 ;; *************** function ___fttol *****************
   428 ;; Defined at:
   429 ;;		line 44 in file "C:\Program Files (x86)\Microchip\xc8\v1.35\sources\common\fttol.c"
   430 ;; Parameters:    Size  Location     Type
   431 ;;  f1              3    0[COMRAM] float 
   432 ;; Auto vars:     Size  Location     Type
   433 ;;  lval            4   10[COMRAM] unsigned long 
   434 ;;  exp1            1   14[COMRAM] unsigned char 
   435 ;;  sign1           1    9[COMRAM] unsigned char 
   436 ;; Return value:  Size  Location     Type
   437 ;;                  4    0[COMRAM] long 
   438 ;; Registers used:
   439 ;;		wreg, status,2, status,0
   440 ;; Tracked objects:
   441 ;;		On entry : 0/0
   442 ;;		On exit  : 0/0
   443 ;;		Unchanged: 0/0
   444 ;; Data sizes:     COMRAM   BANK0   BANK1   BANK2   BANK3   BANK4   BANK5   BANK6   BANK7
   445 ;;      Params:         4       0       0       0       0       0       0       0       0
   446 ;;      Locals:         6       0       0       0       0       0       0       0       0
   447 ;;      Temps:          5       0       0       0       0       0       0       0       0
   448 ;;      Totals:        15       0       0       0       0       0       0       0       0
   449 ;;Total ram usage:       15 bytes
   450 ;; Hardware stack levels used:    1
   451 ;; This function calls:
   452 ;;		Nothing
   453 ;; This function is called by:
   454 ;;		_UART_Initial
   455 ;; This function uses a non-reentrant model
   456 ;;
   457                           
   458                           	psect	text3
   459  007D60                     __ptext3:
   460                           	opt stack 0
   461  007D60                     ___fttol:
   462                           	opt stack 29
   463                           
   464                           ;incstack = 0
   465  007D60  C003  F005         	movff	___fttol@f1+2,??___fttol
   466  007D64  6A06               	clrf	(??___fttol+1)& (0+255),c
   467  007D66  6A07               	clrf	(??___fttol+2)& (0+255),c
   468  007D68  3402               	rlcf	___fttol@f1+1,w,c
   469  007D6A  3605               	rlcf	??___fttol& (0+255),f,c
   470  007D6C  E301               	bnc	u851
   471  007D6E  8006               	bsf	(??___fttol+1)& (0+255),0,c
   472  007D70                     u851:
   473  007D70  5005               	movf	??___fttol,w,c
   474  007D72  6E0F               	movwf	___fttol@exp1,c
   475  007D74  500F               	movf	___fttol@exp1,w,c
   476  007D76  A4D8               	btfss	status,2,c
   477  007D78  D009               	goto	l1085
   478  007D7A  0E00               	movlw	0
   479  007D7C  6E01               	movwf	?___fttol,c
   480  007D7E  0E00               	movlw	0
   481  007D80  6E02               	movwf	?___fttol+1,c
   482  007D82  0E00               	movlw	0
   483  007D84  6E03               	movwf	?___fttol+2,c
   484  007D86  0E00               	movlw	0
   485  007D88  6E04               	movwf	?___fttol+3,c
   486  007D8A  0012               	return	
   487  007D8C                     l1085:
   488  007D8C  0E17               	movlw	23
   489  007D8E  6E05               	movwf	??___fttol& (0+255),c
   490  007D90  C001  F006         	movff	___fttol@f1,??___fttol+1
   491  007D94  C002  F007         	movff	___fttol@f1+1,??___fttol+2
   492  007D98  C003  F008         	movff	___fttol@f1+2,??___fttol+3
   493  007D9C  2805               	incf	??___fttol,w,c
   494  007D9E  6E09               	movwf	(??___fttol+4)& (0+255),c
   495  007DA0  D004               	goto	u870
   496  007DA2                     u875:
   497  007DA2  90D8               	bcf	status,0,c
   498  007DA4  3208               	rrcf	??___fttol+3,f,c
   499  007DA6  3207               	rrcf	??___fttol+2,f,c
   500  007DA8  3206               	rrcf	??___fttol+1,f,c
   501  007DAA                     u870:
   502  007DAA  2E09               	decfsz	(??___fttol+4)& (0+255),f,c
   503  007DAC  D7FA               	goto	u875
   504  007DAE  5006               	movf	??___fttol+1,w,c
   505  007DB0  6E0A               	movwf	___fttol@sign1,c
   506  007DB2  8E02               	bsf	___fttol@f1+1,7,c
   507  007DB4  0EFF               	movlw	255
   508  007DB6  1601               	andwf	___fttol@f1,f,c
   509  007DB8  0EFF               	movlw	255
   510  007DBA  1602               	andwf	___fttol@f1+1,f,c
   511  007DBC  0E00               	movlw	0
   512  007DBE  1603               	andwf	___fttol@f1+2,f,c
   513  007DC0  5001               	movf	___fttol@f1,w,c
   514  007DC2  6E0B               	movwf	___fttol@lval,c
   515  007DC4  5002               	movf	___fttol@f1+1,w,c
   516  007DC6  6E0C               	movwf	___fttol@lval+1,c
   517  007DC8  5003               	movf	___fttol@f1+2,w,c
   518  007DCA  6E0D               	movwf	___fttol@lval+2,c
   519  007DCC  6A0E               	clrf	___fttol@lval+3,c
   520  007DCE  0E8E               	movlw	142
   521  007DD0  5E0F               	subwf	___fttol@exp1,f,c
   522  007DD2  AE0F               	btfss	___fttol@exp1,7,c
   523  007DD4  D016               	goto	l1107
   524  007DD6  500F               	movf	___fttol@exp1,w,c
   525  007DD8  0A80               	xorlw	128
   526  007DDA  0F8F               	addlw	143
   527  007DDC  B0D8               	btfsc	status,0,c
   528  007DDE  D009               	goto	l1103
   529  007DE0  0E00               	movlw	0
   530  007DE2  6E01               	movwf	?___fttol,c
   531  007DE4  0E00               	movlw	0
   532  007DE6  6E02               	movwf	?___fttol+1,c
   533  007DE8  0E00               	movlw	0
   534  007DEA  6E03               	movwf	?___fttol+2,c
   535  007DEC  0E00               	movlw	0
   536  007DEE  6E04               	movwf	?___fttol+3,c
   537  007DF0  0012               	return	
   538  007DF2                     l1103:
   539  007DF2  90D8               	bcf	status,0,c
   540  007DF4  320E               	rrcf	___fttol@lval+3,f,c
   541  007DF6  320D               	rrcf	___fttol@lval+2,f,c
   542  007DF8  320C               	rrcf	___fttol@lval+1,f,c
   543  007DFA  320B               	rrcf	___fttol@lval,f,c
   544  007DFC  3E0F               	incfsz	___fttol@exp1,f,c
   545  007DFE  D7F9               	goto	l1103
   546  007E00  D015               	goto	l1117
   547  007E02                     l1107:
   548  007E02  0E17               	movlw	23
   549  007E04  640F               	cpfsgt	___fttol@exp1,c
   550  007E06  D00F               	goto	l1115
   551  007E08  0E00               	movlw	0
   552  007E0A  6E01               	movwf	?___fttol,c
   553  007E0C  0E00               	movlw	0
   554  007E0E  6E02               	movwf	?___fttol+1,c
   555  007E10  0E00               	movlw	0
   556  007E12  6E03               	movwf	?___fttol+2,c
   557  007E14  0E00               	movlw	0
   558  007E16  6E04               	movwf	?___fttol+3,c
   559  007E18  0012               	return	
   560  007E1A                     l1113:
   561  007E1A  90D8               	bcf	status,0,c
   562  007E1C  360B               	rlcf	___fttol@lval,f,c
   563  007E1E  360C               	rlcf	___fttol@lval+1,f,c
   564  007E20  360D               	rlcf	___fttol@lval+2,f,c
   565  007E22  360E               	rlcf	___fttol@lval+3,f,c
   566  007E24  060F               	decf	___fttol@exp1,f,c
   567  007E26                     l1115:
   568  007E26  500F               	movf	___fttol@exp1,w,c
   569  007E28  A4D8               	btfss	status,2,c
   570  007E2A  D7F7               	goto	l1113
   571  007E2C                     l1117:
   572  007E2C  500A               	movf	___fttol@sign1,w,c
   573  007E2E  B4D8               	btfsc	status,2,c
   574  007E30  D008               	goto	l1121
   575  007E32  1E0E               	comf	___fttol@lval+3,f,c
   576  007E34  1E0D               	comf	___fttol@lval+2,f,c
   577  007E36  1E0C               	comf	___fttol@lval+1,f,c
   578  007E38  6C0B               	negf	___fttol@lval,c
   579  007E3A  0E00               	movlw	0
   580  007E3C  220C               	addwfc	___fttol@lval+1,f,c
   581  007E3E  220D               	addwfc	___fttol@lval+2,f,c
   582  007E40  220E               	addwfc	___fttol@lval+3,f,c
   583  007E42                     l1121:
   584  007E42  C00B  F001         	movff	___fttol@lval,?___fttol
   585  007E46  C00C  F002         	movff	___fttol@lval+1,?___fttol+1
   586  007E4A  C00D  F003         	movff	___fttol@lval+2,?___fttol+2
   587  007E4E  C00E  F004         	movff	___fttol@lval+3,?___fttol+3
   588  007E52  0012               	return	
   589  007E54                     __end_of___fttol:
   590                           	opt stack 0
   591                           status	equ	0xFD8
   592                           
   593 ;; *************** function ___ftdiv *****************
   594 ;; Defined at:
   595 ;;		line 54 in file "C:\Program Files (x86)\Microchip\xc8\v1.35\sources\common\ftdiv.c"
   596 ;; Parameters:    Size  Location     Type
   597 ;;  f1              3   18[COMRAM] float 
   598 ;;  f2              3   21[COMRAM] float 
   599 ;; Auto vars:     Size  Location     Type
   600 ;;  f3              3   28[COMRAM] float 
   601 ;;  sign            1   32[COMRAM] unsigned char 
   602 ;;  exp             1   31[COMRAM] unsigned char 
   603 ;;  cntr            1   27[COMRAM] unsigned char 
   604 ;; Return value:  Size  Location     Type
   605 ;;                  3   18[COMRAM] float 
   606 ;; Registers used:
   607 ;;		wreg, status,2, status,0, cstack
   608 ;; Tracked objects:
   609 ;;		On entry : 0/0
   610 ;;		On exit  : 0/0
   611 ;;		Unchanged: 0/0
   612 ;; Data sizes:     COMRAM   BANK0   BANK1   BANK2   BANK3   BANK4   BANK5   BANK6   BANK7
   613 ;;      Params:         6       0       0       0       0       0       0       0       0
   614 ;;      Locals:         6       0       0       0       0       0       0       0       0
   615 ;;      Temps:          3       0       0       0       0       0       0       0       0
   616 ;;      Totals:        15       0       0       0       0       0       0       0       0
   617 ;;Total ram usage:       15 bytes
   618 ;; Hardware stack levels used:    1
   619 ;; Hardware stack levels required when called:    1
   620 ;; This function calls:
   621 ;;		___ftpack
   622 ;; This function is called by:
   623 ;;		_UART_Initial
   624 ;; This function uses a non-reentrant model
   625 ;;
   626                           
   627                           	psect	text4
   628  007C7A                     __ptext4:
   629                           	opt stack 0
   630  007C7A                     ___ftdiv:
   631                           	opt stack 28
   632                           
   633                           ;incstack = 0
   634  007C7A  C015  F019         	movff	___ftdiv@f1+2,??___ftdiv
   635  007C7E  6A1A               	clrf	(??___ftdiv+1)& (0+255),c
   636  007C80  6A1B               	clrf	(??___ftdiv+2)& (0+255),c
   637  007C82  3414               	rlcf	___ftdiv@f1+1,w,c
   638  007C84  3619               	rlcf	??___ftdiv& (0+255),f,c
   639  007C86  E301               	bnc	u801
   640  007C88  801A               	bsf	(??___ftdiv+1)& (0+255),0,c
   641  007C8A                     u801:
   642  007C8A  5019               	movf	??___ftdiv,w,c
   643  007C8C  6E20               	movwf	___ftdiv@exp,c
   644  007C8E  5020               	movf	___ftdiv@exp,w,c
   645  007C90  A4D8               	btfss	status,2,c
   646  007C92  D007               	goto	l1039
   647  007C94  0E00               	movlw	0
   648  007C96  6E13               	movwf	?___ftdiv,c
   649  007C98  0E00               	movlw	0
   650  007C9A  6E14               	movwf	?___ftdiv+1,c
   651  007C9C  0E00               	movlw	0
   652  007C9E  6E15               	movwf	?___ftdiv+2,c
   653  007CA0  0012               	return	
   654  007CA2                     l1039:
   655  007CA2  C018  F019         	movff	___ftdiv@f2+2,??___ftdiv
   656  007CA6  6A1A               	clrf	(??___ftdiv+1)& (0+255),c
   657  007CA8  6A1B               	clrf	(??___ftdiv+2)& (0+255),c
   658  007CAA  3417               	rlcf	___ftdiv@f2+1,w,c
   659  007CAC  3619               	rlcf	??___ftdiv& (0+255),f,c
   660  007CAE  E301               	bnc	u821
   661  007CB0  801A               	bsf	(??___ftdiv+1)& (0+255),0,c
   662  007CB2                     u821:
   663  007CB2  5019               	movf	??___ftdiv,w,c
   664  007CB4  6E21               	movwf	___ftdiv@sign,c
   665  007CB6  5021               	movf	___ftdiv@sign,w,c
   666  007CB8  A4D8               	btfss	status,2,c
   667  007CBA  D007               	goto	l1045
   668  007CBC  0E00               	movlw	0
   669  007CBE  6E13               	movwf	?___ftdiv,c
   670  007CC0  0E00               	movlw	0
   671  007CC2  6E14               	movwf	?___ftdiv+1,c
   672  007CC4  0E00               	movlw	0
   673  007CC6  6E15               	movwf	?___ftdiv+2,c
   674  007CC8  0012               	return	
   675  007CCA                     l1045:
   676  007CCA  0E00               	movlw	0
   677  007CCC  6E1D               	movwf	___ftdiv@f3,c
   678  007CCE  0E00               	movlw	0
   679  007CD0  6E1E               	movwf	___ftdiv@f3+1,c
   680  007CD2  0E00               	movlw	0
   681  007CD4  6E1F               	movwf	___ftdiv@f3+2,c
   682  007CD6  5021               	movf	___ftdiv@sign,w,c
   683  007CD8  0F89               	addlw	137
   684  007CDA  5E20               	subwf	___ftdiv@exp,f,c
   685  007CDC  C015  F021         	movff	___ftdiv@f1+2,___ftdiv@sign
   686  007CE0  5018               	movf	___ftdiv@f2+2,w,c
   687  007CE2  1A21               	xorwf	___ftdiv@sign,f,c
   688  007CE4  0E80               	movlw	128
   689  007CE6  1621               	andwf	___ftdiv@sign,f,c
   690  007CE8  8E14               	bsf	___ftdiv@f1+1,7,c
   691  007CEA  0EFF               	movlw	255
   692  007CEC  1613               	andwf	___ftdiv@f1,f,c
   693  007CEE  0EFF               	movlw	255
   694  007CF0  1614               	andwf	___ftdiv@f1+1,f,c
   695  007CF2  0E00               	movlw	0
   696  007CF4  1615               	andwf	___ftdiv@f1+2,f,c
   697  007CF6  8E17               	bsf	___ftdiv@f2+1,7,c
   698  007CF8  0EFF               	movlw	255
   699  007CFA  1616               	andwf	___ftdiv@f2,f,c
   700  007CFC  0EFF               	movlw	255
   701  007CFE  1617               	andwf	___ftdiv@f2+1,f,c
   702  007D00  0E00               	movlw	0
   703  007D02  1618               	andwf	___ftdiv@f2+2,f,c
   704  007D04  0E18               	movlw	24
   705  007D06  6E1C               	movwf	___ftdiv@cntr,c
   706  007D08                     l1065:
   707  007D08  90D8               	bcf	status,0,c
   708  007D0A  361D               	rlcf	___ftdiv@f3,f,c
   709  007D0C  361E               	rlcf	___ftdiv@f3+1,f,c
   710  007D0E  361F               	rlcf	___ftdiv@f3+2,f,c
   711  007D10  5016               	movf	___ftdiv@f2,w,c
   712  007D12  5C13               	subwf	___ftdiv@f1,w,c
   713  007D14  5017               	movf	___ftdiv@f2+1,w,c
   714  007D16  5814               	subwfb	___ftdiv@f1+1,w,c
   715  007D18  5018               	movf	___ftdiv@f2+2,w,c
   716  007D1A  5815               	subwfb	___ftdiv@f1+2,w,c
   717  007D1C  A0D8               	btfss	status,0,c
   718  007D1E  D007               	goto	l322
   719  007D20  5016               	movf	___ftdiv@f2,w,c
   720  007D22  5E13               	subwf	___ftdiv@f1,f,c
   721  007D24  5017               	movf	___ftdiv@f2+1,w,c
   722  007D26  5A14               	subwfb	___ftdiv@f1+1,f,c
   723  007D28  5018               	movf	___ftdiv@f2+2,w,c
   724  007D2A  5A15               	subwfb	___ftdiv@f1+2,f,c
   725  007D2C  801D               	bsf	___ftdiv@f3,0,c
   726  007D2E                     l322:
   727  007D2E  90D8               	bcf	status,0,c
   728  007D30  3613               	rlcf	___ftdiv@f1,f,c
   729  007D32  3614               	rlcf	___ftdiv@f1+1,f,c
   730  007D34  3615               	rlcf	___ftdiv@f1+2,f,c
   731  007D36  2E1C               	decfsz	___ftdiv@cntr,f,c
   732  007D38  D7E7               	goto	l1065
   733  007D3A  C01D  F001         	movff	___ftdiv@f3,___ftpack@arg
   734  007D3E  C01E  F002         	movff	___ftdiv@f3+1,___ftpack@arg+1
   735  007D42  C01F  F003         	movff	___ftdiv@f3+2,___ftpack@arg+2
   736  007D46  C020  F004         	movff	___ftdiv@exp,___ftpack@exp
   737  007D4A  C021  F005         	movff	___ftdiv@sign,___ftpack@sign
   738  007D4E  ECE6  F03D         	call	___ftpack	;wreg free
   739  007D52  C001  F013         	movff	?___ftpack,?___ftdiv
   740  007D56  C002  F014         	movff	?___ftpack+1,?___ftdiv+1
   741  007D5A  C003  F015         	movff	?___ftpack+2,?___ftdiv+2
   742  007D5E  0012               	return	
   743  007D60                     __end_of___ftdiv:
   744                           	opt stack 0
   745                           status	equ	0xFD8
   746                           
   747 ;; *************** function ___ftadd *****************
   748 ;; Defined at:
   749 ;;		line 86 in file "C:\Program Files (x86)\Microchip\xc8\v1.35\sources\common\ftadd.c"
   750 ;; Parameters:    Size  Location     Type
   751 ;;  f1              3   33[COMRAM] float 
   752 ;;  f2              3   36[COMRAM] float 
   753 ;; Auto vars:     Size  Location     Type
   754 ;;  exp1            1   44[COMRAM] unsigned char 
   755 ;;  exp2            1   43[COMRAM] unsigned char 
   756 ;;  sign            1   42[COMRAM] unsigned char 
   757 ;; Return value:  Size  Location     Type
   758 ;;                  3   33[COMRAM] float 
   759 ;; Registers used:
   760 ;;		wreg, status,2, status,0, cstack
   761 ;; Tracked objects:
   762 ;;		On entry : 0/0
   763 ;;		On exit  : 0/0
   764 ;;		Unchanged: 0/0
   765 ;; Data sizes:     COMRAM   BANK0   BANK1   BANK2   BANK3   BANK4   BANK5   BANK6   BANK7
   766 ;;      Params:         6       0       0       0       0       0       0       0       0
   767 ;;      Locals:         3       0       0       0       0       0       0       0       0
   768 ;;      Temps:          3       0       0       0       0       0       0       0       0
   769 ;;      Totals:        12       0       0       0       0       0       0       0       0
   770 ;;Total ram usage:       12 bytes
   771 ;; Hardware stack levels used:    1
   772 ;; Hardware stack levels required when called:    1
   773 ;; This function calls:
   774 ;;		___ftpack
   775 ;; This function is called by:
   776 ;;		_UART_Initial
   777 ;; This function uses a non-reentrant model
   778 ;;
   779                           
   780                           	psect	text5
   781  007E54                     __ptext5:
   782                           	opt stack 0
   783  007E54                     ___ftadd:
   784                           	opt stack 28
   785                           
   786                           ;incstack = 0
   787  007E54  C024  F028         	movff	___ftadd@f1+2,??___ftadd
   788  007E58  6A29               	clrf	(??___ftadd+1)& (0+255),c
   789  007E5A  6A2A               	clrf	(??___ftadd+2)& (0+255),c
   790  007E5C  3423               	rlcf	___ftadd@f1+1,w,c
   791  007E5E  3628               	rlcf	??___ftadd& (0+255),f,c
   792  007E60  E301               	bnc	u591
   793  007E62  8029               	bsf	(??___ftadd+1)& (0+255),0,c
   794  007E64                     u591:
   795  007E64  5028               	movf	??___ftadd,w,c
   796  007E66  6E2D               	movwf	___ftadd@exp1,c
   797  007E68  C027  F028         	movff	___ftadd@f2+2,??___ftadd
   798  007E6C  6A29               	clrf	(??___ftadd+1)& (0+255),c
   799  007E6E  6A2A               	clrf	(??___ftadd+2)& (0+255),c
   800  007E70  3426               	rlcf	___ftadd@f2+1,w,c
   801  007E72  3628               	rlcf	??___ftadd& (0+255),f,c
   802  007E74  E301               	bnc	u601
   803  007E76  8029               	bsf	(??___ftadd+1)& (0+255),0,c
   804  007E78                     u601:
   805  007E78  5028               	movf	??___ftadd,w,c
   806  007E7A  6E2C               	movwf	___ftadd@exp2,c
   807  007E7C  502D               	movf	___ftadd@exp1,w,c
   808  007E7E  B4D8               	btfsc	status,2,c
   809  007E80  D00B               	goto	l287
   810  007E82  502C               	movf	___ftadd@exp2,w,c
   811  007E84  5C2D               	subwf	___ftadd@exp1,w,c
   812  007E86  B0D8               	btfsc	status,0,c
   813  007E88  D00E               	goto	l971
   814  007E8A  502D               	movf	___ftadd@exp1,w,c
   815  007E8C  0800               	sublw	0
   816  007E8E  242C               	addwf	___ftadd@exp2,w,c
   817  007E90  6E28               	movwf	??___ftadd& (0+255),c
   818  007E92  0E18               	movlw	24
   819  007E94  6428               	cpfsgt	??___ftadd,c
   820  007E96  D007               	goto	l971
   821  007E98                     l287:
   822  007E98  C025  F022         	movff	___ftadd@f2,?___ftadd
   823  007E9C  C026  F023         	movff	___ftadd@f2+1,?___ftadd+1
   824  007EA0  C027  F024         	movff	___ftadd@f2+2,?___ftadd+2
   825  007EA4  0012               	return	
   826  007EA6                     l971:
   827  007EA6  502C               	movf	___ftadd@exp2,w,c
   828  007EA8  B4D8               	btfsc	status,2,c
   829  007EAA  D00B               	goto	l291
   830  007EAC  502D               	movf	___ftadd@exp1,w,c
   831  007EAE  5C2C               	subwf	___ftadd@exp2,w,c
   832  007EB0  B0D8               	btfsc	status,0,c
   833  007EB2  D00E               	goto	l977
   834  007EB4  502C               	movf	___ftadd@exp2,w,c
   835  007EB6  0800               	sublw	0
   836  007EB8  242D               	addwf	___ftadd@exp1,w,c
   837  007EBA  6E28               	movwf	??___ftadd& (0+255),c
   838  007EBC  0E18               	movlw	24
   839  007EBE  6428               	cpfsgt	??___ftadd,c
   840  007EC0  D007               	goto	l977
   841  007EC2                     l291:
   842  007EC2  C022  F022         	movff	___ftadd@f1,?___ftadd
   843  007EC6  C023  F023         	movff	___ftadd@f1+1,?___ftadd+1
   844  007ECA  C024  F024         	movff	___ftadd@f1+2,?___ftadd+2
   845  007ECE  0012               	return	
   846  007ED0                     l977:
   847  007ED0  0E06               	movlw	6
   848  007ED2  6E2B               	movwf	___ftadd@sign,c
   849  007ED4  BE24               	btfsc	___ftadd@f1+2,7,c
   850  007ED6  8E2B               	bsf	___ftadd@sign,7,c
   851  007ED8  BE27               	btfsc	___ftadd@f2+2,7,c
   852  007EDA  8C2B               	bsf	___ftadd@sign,6,c
   853  007EDC  8E23               	bsf	___ftadd@f1+1,7,c
   854  007EDE  0EFF               	movlw	255
   855  007EE0  1622               	andwf	___ftadd@f1,f,c
   856  007EE2  0EFF               	movlw	255
   857  007EE4  1623               	andwf	___ftadd@f1+1,f,c
   858  007EE6  0E00               	movlw	0
   859  007EE8  1624               	andwf	___ftadd@f1+2,f,c
   860  007EEA  8E26               	bsf	___ftadd@f2+1,7,c
   861  007EEC  0EFF               	movlw	255
   862  007EEE  1625               	andwf	___ftadd@f2,f,c
   863  007EF0  0EFF               	movlw	255
   864  007EF2  1626               	andwf	___ftadd@f2+1,f,c
   865  007EF4  0E00               	movlw	0
   866  007EF6  1627               	andwf	___ftadd@f2+2,f,c
   867  007EF8  502C               	movf	___ftadd@exp2,w,c
   868  007EFA  5C2D               	subwf	___ftadd@exp1,w,c
   869  007EFC  B0D8               	btfsc	status,0,c
   870  007EFE  D01B               	goto	l1003
   871  007F00                     l993:
   872  007F00  90D8               	bcf	status,0,c
   873  007F02  3625               	rlcf	___ftadd@f2,f,c
   874  007F04  3626               	rlcf	___ftadd@f2+1,f,c
   875  007F06  3627               	rlcf	___ftadd@f2+2,f,c
   876  007F08  062C               	decf	___ftadd@exp2,f,c
   877  007F0A  502D               	movf	___ftadd@exp1,w,c
   878  007F0C  182C               	xorwf	___ftadd@exp2,w,c
   879  007F0E  B4D8               	btfsc	status,2,c
   880  007F10  D00D               	goto	l1001
   881  007F12  062B               	decf	___ftadd@sign,f,c
   882  007F14  C02B  F028         	movff	___ftadd@sign,??___ftadd
   883  007F18  0E07               	movlw	7
   884  007F1A  1628               	andwf	??___ftadd,f,c
   885  007F1C  B4D8               	btfsc	status,2,c
   886  007F1E  D006               	goto	l1001
   887  007F20  D7EF               	goto	l993
   888  007F22                     l999:
   889  007F22  90D8               	bcf	status,0,c
   890  007F24  3224               	rrcf	___ftadd@f1+2,f,c
   891  007F26  3223               	rrcf	___ftadd@f1+1,f,c
   892  007F28  3222               	rrcf	___ftadd@f1,f,c
   893  007F2A  2A2D               	incf	___ftadd@exp1,f,c
   894  007F2C                     l1001:
   895  007F2C  502C               	movf	___ftadd@exp2,w,c
   896  007F2E  182D               	xorwf	___ftadd@exp1,w,c
   897  007F30  B4D8               	btfsc	status,2,c
   898  007F32  D01F               	goto	l302
   899  007F34  D7F6               	goto	l999
   900  007F36                     l1003:
   901  007F36  502D               	movf	___ftadd@exp1,w,c
   902  007F38  5C2C               	subwf	___ftadd@exp2,w,c
   903  007F3A  B0D8               	btfsc	status,0,c
   904  007F3C  D01A               	goto	l302
   905  007F3E                     l1005:
   906  007F3E  90D8               	bcf	status,0,c
   907  007F40  3622               	rlcf	___ftadd@f1,f,c
   908  007F42  3623               	rlcf	___ftadd@f1+1,f,c
   909  007F44  3624               	rlcf	___ftadd@f1+2,f,c
   910  007F46  062D               	decf	___ftadd@exp1,f,c
   911  007F48  502D               	movf	___ftadd@exp1,w,c
   912  007F4A  182C               	xorwf	___ftadd@exp2,w,c
   913  007F4C  B4D8               	btfsc	status,2,c
   914  007F4E  D00D               	goto	l1013
   915  007F50  062B               	decf	___ftadd@sign,f,c
   916  007F52  C02B  F028         	movff	___ftadd@sign,??___ftadd
   917  007F56  0E07               	movlw	7
   918  007F58  1628               	andwf	??___ftadd,f,c
   919  007F5A  B4D8               	btfsc	status,2,c
   920  007F5C  D006               	goto	l1013
   921  007F5E  D7EF               	goto	l1005
   922  007F60                     l1011:
   923  007F60  90D8               	bcf	status,0,c
   924  007F62  3227               	rrcf	___ftadd@f2+2,f,c
   925  007F64  3226               	rrcf	___ftadd@f2+1,f,c
   926  007F66  3225               	rrcf	___ftadd@f2,f,c
   927  007F68  2A2C               	incf	___ftadd@exp2,f,c
   928  007F6A                     l1013:
   929  007F6A  502C               	movf	___ftadd@exp2,w,c
   930  007F6C  182D               	xorwf	___ftadd@exp1,w,c
   931  007F6E  A4D8               	btfss	status,2,c
   932  007F70  D7F7               	goto	l1011
   933  007F72                     l302:
   934  007F72  AE2B               	btfss	___ftadd@sign,7,c
   935  007F74  D00C               	goto	l311
   936  007F76  0EFF               	movlw	255
   937  007F78  1A22               	xorwf	___ftadd@f1,f,c
   938  007F7A  0EFF               	movlw	255
   939  007F7C  1A23               	xorwf	___ftadd@f1+1,f,c
   940  007F7E  0EFF               	movlw	255
   941  007F80  1A24               	xorwf	___ftadd@f1+2,f,c
   942  007F82  0E01               	movlw	1
   943  007F84  2622               	addwf	___ftadd@f1,f,c
   944  007F86  0E00               	movlw	0
   945  007F88  2223               	addwfc	___ftadd@f1+1,f,c
   946  007F8A  0E00               	movlw	0
   947  007F8C  2224               	addwfc	___ftadd@f1+2,f,c
   948  007F8E                     l311:
   949  007F8E  AC2B               	btfss	___ftadd@sign,6,c
   950  007F90  D00C               	goto	l1019
   951  007F92  0EFF               	movlw	255
   952  007F94  1A25               	xorwf	___ftadd@f2,f,c
   953  007F96  0EFF               	movlw	255
   954  007F98  1A26               	xorwf	___ftadd@f2+1,f,c
   955  007F9A  0EFF               	movlw	255
   956  007F9C  1A27               	xorwf	___ftadd@f2+2,f,c
   957  007F9E  0E01               	movlw	1
   958  007FA0  2625               	addwf	___ftadd@f2,f,c
   959  007FA2  0E00               	movlw	0
   960  007FA4  2226               	addwfc	___ftadd@f2+1,f,c
   961  007FA6  0E00               	movlw	0
   962  007FA8  2227               	addwfc	___ftadd@f2+2,f,c
   963  007FAA                     l1019:
   964  007FAA  0E00               	movlw	0
   965  007FAC  6E2B               	movwf	___ftadd@sign,c
   966  007FAE  5022               	movf	___ftadd@f1,w,c
   967  007FB0  2625               	addwf	___ftadd@f2,f,c
   968  007FB2  5023               	movf	___ftadd@f1+1,w,c
   969  007FB4  2226               	addwfc	___ftadd@f2+1,f,c
   970  007FB6  5024               	movf	___ftadd@f1+2,w,c
   971  007FB8  2227               	addwfc	___ftadd@f2+2,f,c
   972  007FBA  AE27               	btfss	___ftadd@f2+2,7,c
   973  007FBC  D00E               	goto	l1029
   974  007FBE  0EFF               	movlw	255
   975  007FC0  1A25               	xorwf	___ftadd@f2,f,c
   976  007FC2  0EFF               	movlw	255
   977  007FC4  1A26               	xorwf	___ftadd@f2+1,f,c
   978  007FC6  0EFF               	movlw	255
   979  007FC8  1A27               	xorwf	___ftadd@f2+2,f,c
   980  007FCA  0E01               	movlw	1
   981  007FCC  2625               	addwf	___ftadd@f2,f,c
   982  007FCE  0E00               	movlw	0
   983  007FD0  2226               	addwfc	___ftadd@f2+1,f,c
   984  007FD2  0E00               	movlw	0
   985  007FD4  2227               	addwfc	___ftadd@f2+2,f,c
   986  007FD6  0E01               	movlw	1
   987  007FD8  6E2B               	movwf	___ftadd@sign,c
   988  007FDA                     l1029:
   989  007FDA  C025  F001         	movff	___ftadd@f2,___ftpack@arg
   990  007FDE  C026  F002         	movff	___ftadd@f2+1,___ftpack@arg+1
   991  007FE2  C027  F003         	movff	___ftadd@f2+2,___ftpack@arg+2
   992  007FE6  C02D  F004         	movff	___ftadd@exp1,___ftpack@exp
   993  007FEA  C02B  F005         	movff	___ftadd@sign,___ftpack@sign
   994  007FEE  ECE6  F03D         	call	___ftpack	;wreg free
   995  007FF2  C001  F022         	movff	?___ftpack,?___ftadd
   996  007FF6  C002  F023         	movff	?___ftpack+1,?___ftadd+1
   997  007FFA  C003  F024         	movff	?___ftpack+2,?___ftadd+2
   998  007FFE  0012               	return	
   999  008000                     __end_of___ftadd:
  1000                           	opt stack 0
  1001                           status	equ	0xFD8
  1002                           
  1003 ;; *************** function ___altoft *****************
  1004 ;; Defined at:
  1005 ;;		line 42 in file "C:\Program Files (x86)\Microchip\xc8\v1.35\sources\common\altoft.c"
  1006 ;; Parameters:    Size  Location     Type
  1007 ;;  c               4    8[COMRAM] long 
  1008 ;; Auto vars:     Size  Location     Type
  1009 ;;  sign            1   17[COMRAM] unsigned char 
  1010 ;;  exp             1   16[COMRAM] unsigned char 
  1011 ;; Return value:  Size  Location     Type
  1012 ;;                  3    8[COMRAM] float 
  1013 ;; Registers used:
  1014 ;;		wreg, status,2, status,0, cstack
  1015 ;; Tracked objects:
  1016 ;;		On entry : 0/0
  1017 ;;		On exit  : 0/0
  1018 ;;		Unchanged: 0/0
  1019 ;; Data sizes:     COMRAM   BANK0   BANK1   BANK2   BANK3   BANK4   BANK5   BANK6   BANK7
  1020 ;;      Params:         4       0       0       0       0       0       0       0       0
  1021 ;;      Locals:         2       0       0       0       0       0       0       0       0
  1022 ;;      Temps:          4       0       0       0       0       0       0       0       0
  1023 ;;      Totals:        10       0       0       0       0       0       0       0       0
  1024 ;;Total ram usage:       10 bytes
  1025 ;; Hardware stack levels used:    1
  1026 ;; Hardware stack levels required when called:    1
  1027 ;; This function calls:
  1028 ;;		___ftpack
  1029 ;; This function is called by:
  1030 ;;		_UART_Initial
  1031 ;; This function uses a non-reentrant model
  1032 ;;
  1033                           
  1034                           	psect	text6
  1035  007AD4                     __ptext6:
  1036                           	opt stack 0
  1037  007AD4                     ___altoft:
  1038                           	opt stack 28
  1039                           
  1040                           ;incstack = 0
  1041  007AD4  0E00               	movlw	0
  1042  007AD6  6E12               	movwf	___altoft@sign,c
  1043  007AD8  0E8E               	movlw	142
  1044  007ADA  6E11               	movwf	___altoft@exp,c
  1045  007ADC  AE0C               	btfss	___altoft@c+3,7,c
  1046  007ADE  D011               	goto	l957
  1047  007AE0  1E0C               	comf	___altoft@c+3,f,c
  1048  007AE2  1E0B               	comf	___altoft@c+2,f,c
  1049  007AE4  1E0A               	comf	___altoft@c+1,f,c
  1050  007AE6  6C09               	negf	___altoft@c,c
  1051  007AE8  0E00               	movlw	0
  1052  007AEA  220A               	addwfc	___altoft@c+1,f,c
  1053  007AEC  220B               	addwfc	___altoft@c+2,f,c
  1054  007AEE  220C               	addwfc	___altoft@c+3,f,c
  1055  007AF0  0E01               	movlw	1
  1056  007AF2  6E12               	movwf	___altoft@sign,c
  1057  007AF4  D006               	goto	l957
  1058  007AF6                     l955:
  1059  007AF6  90D8               	bcf	status,0,c
  1060  007AF8  320C               	rrcf	___altoft@c+3,f,c
  1061  007AFA  320B               	rrcf	___altoft@c+2,f,c
  1062  007AFC  320A               	rrcf	___altoft@c+1,f,c
  1063  007AFE  3209               	rrcf	___altoft@c,f,c
  1064  007B00  2A11               	incf	___altoft@exp,f,c
  1065  007B02                     l957:
  1066  007B02  0E00               	movlw	0
  1067  007B04  1409               	andwf	___altoft@c,w,c
  1068  007B06  6E0D               	movwf	??___altoft& (0+255),c
  1069  007B08  0E00               	movlw	0
  1070  007B0A  140A               	andwf	___altoft@c+1,w,c
  1071  007B0C  6E0E               	movwf	(??___altoft+1)& (0+255),c
  1072  007B0E  0E00               	movlw	0
  1073  007B10  140B               	andwf	___altoft@c+2,w,c
  1074  007B12  6E0F               	movwf	(??___altoft+2)& (0+255),c
  1075  007B14  0EFF               	movlw	255
  1076  007B16  140C               	andwf	___altoft@c+3,w,c
  1077  007B18  6E10               	movwf	(??___altoft+3)& (0+255),c
  1078  007B1A  500D               	movf	??___altoft,w,c
  1079  007B1C  100E               	iorwf	??___altoft+1,w,c
  1080  007B1E  100F               	iorwf	??___altoft+2,w,c
  1081  007B20  1010               	iorwf	??___altoft+3,w,c
  1082  007B22  A4D8               	btfss	status,2,c
  1083  007B24  D7E8               	goto	l955
  1084  007B26  C009  F001         	movff	___altoft@c,___ftpack@arg
  1085  007B2A  C00A  F002         	movff	___altoft@c+1,___ftpack@arg+1
  1086  007B2E  C00B  F003         	movff	___altoft@c+2,___ftpack@arg+2
  1087  007B32  C011  F004         	movff	___altoft@exp,___ftpack@exp
  1088  007B36  C012  F005         	movff	___altoft@sign,___ftpack@sign
  1089  007B3A  ECE6  F03D         	call	___ftpack	;wreg free
  1090  007B3E  C001  F009         	movff	?___ftpack,?___altoft
  1091  007B42  C002  F00A         	movff	?___ftpack+1,?___altoft+1
  1092  007B46  C003  F00B         	movff	?___ftpack+2,?___altoft+2
  1093  007B4A  0012               	return	
  1094  007B4C                     __end_of___altoft:
  1095                           	opt stack 0
  1096                           status	equ	0xFD8
  1097                           
  1098 ;; *************** function ___ftpack *****************
  1099 ;; Defined at:
  1100 ;;		line 62 in file "C:\Program Files (x86)\Microchip\xc8\v1.35\sources\common\float.c"
  1101 ;; Parameters:    Size  Location     Type
  1102 ;;  arg             3    0[COMRAM] unsigned um
  1103 ;;  exp             1    3[COMRAM] unsigned char 
  1104 ;;  sign            1    4[COMRAM] unsigned char 
  1105 ;; Auto vars:     Size  Location     Type
  1106 ;;		None
  1107 ;; Return value:  Size  Location     Type
  1108 ;;                  3    0[COMRAM] float 
  1109 ;; Registers used:
  1110 ;;		wreg, status,2, status,0
  1111 ;; Tracked objects:
  1112 ;;		On entry : 0/0
  1113 ;;		On exit  : 0/0
  1114 ;;		Unchanged: 0/0
  1115 ;; Data sizes:     COMRAM   BANK0   BANK1   BANK2   BANK3   BANK4   BANK5   BANK6   BANK7
  1116 ;;      Params:         5       0       0       0       0       0       0       0       0
  1117 ;;      Locals:         0       0       0       0       0       0       0       0       0
  1118 ;;      Temps:          3       0       0       0       0       0       0       0       0
  1119 ;;      Totals:         8       0       0       0       0       0       0       0       0
  1120 ;;Total ram usage:        8 bytes
  1121 ;; Hardware stack levels used:    1
  1122 ;; This function calls:
  1123 ;;		Nothing
  1124 ;; This function is called by:
  1125 ;;		___altoft
  1126 ;;		___ftadd
  1127 ;;		___ftdiv
  1128 ;; This function uses a non-reentrant model
  1129 ;;
  1130                           
  1131                           	psect	text7
  1132  007BCC                     __ptext7:
  1133                           	opt stack 0
  1134  007BCC                     ___ftpack:
  1135                           	opt stack 28
  1136                           
  1137                           ;incstack = 0
  1138  007BCC  5004               	movf	___ftpack@exp,w,c
  1139  007BCE  B4D8               	btfsc	status,2,c
  1140  007BD0  D005               	goto	l915
  1141  007BD2  5001               	movf	___ftpack@arg,w,c
  1142  007BD4  1002               	iorwf	___ftpack@arg+1,w,c
  1143  007BD6  1003               	iorwf	___ftpack@arg+2,w,c
  1144  007BD8  A4D8               	btfss	status,2,c
  1145  007BDA  D00C               	goto	l921
  1146  007BDC                     l915:
  1147  007BDC  0E00               	movlw	0
  1148  007BDE  6E01               	movwf	?___ftpack,c
  1149  007BE0  0E00               	movlw	0
  1150  007BE2  6E02               	movwf	?___ftpack+1,c
  1151  007BE4  0E00               	movlw	0
  1152  007BE6  6E03               	movwf	?___ftpack+2,c
  1153  007BE8  0012               	return	
  1154  007BEA                     l919:
  1155  007BEA  2A04               	incf	___ftpack@exp,f,c
  1156  007BEC  90D8               	bcf	status,0,c
  1157  007BEE  3203               	rrcf	___ftpack@arg+2,f,c
  1158  007BF0  3202               	rrcf	___ftpack@arg+1,f,c
  1159  007BF2  3201               	rrcf	___ftpack@arg,f,c
  1160  007BF4                     l921:
  1161  007BF4  0E00               	movlw	0
  1162  007BF6  1401               	andwf	___ftpack@arg,w,c
  1163  007BF8  6E06               	movwf	??___ftpack& (0+255),c
  1164  007BFA  0E00               	movlw	0
  1165  007BFC  1402               	andwf	___ftpack@arg+1,w,c
  1166  007BFE  6E07               	movwf	(??___ftpack+1)& (0+255),c
  1167  007C00  0EFE               	movlw	254
  1168  007C02  1403               	andwf	___ftpack@arg+2,w,c
  1169  007C04  6E08               	movwf	(??___ftpack+2)& (0+255),c
  1170  007C06  5006               	movf	??___ftpack,w,c
  1171  007C08  1007               	iorwf	??___ftpack+1,w,c
  1172  007C0A  1008               	iorwf	??___ftpack+2,w,c
  1173  007C0C  B4D8               	btfsc	status,2,c
  1174  007C0E  D00C               	goto	l927
  1175  007C10  D7EC               	goto	l919
  1176  007C12                     l923:
  1177  007C12  2A04               	incf	___ftpack@exp,f,c
  1178  007C14  0E01               	movlw	1
  1179  007C16  2601               	addwf	___ftpack@arg,f,c
  1180  007C18  0E00               	movlw	0
  1181  007C1A  2202               	addwfc	___ftpack@arg+1,f,c
  1182  007C1C  0E00               	movlw	0
  1183  007C1E  2203               	addwfc	___ftpack@arg+2,f,c
  1184  007C20  90D8               	bcf	status,0,c
  1185  007C22  3203               	rrcf	___ftpack@arg+2,f,c
  1186  007C24  3202               	rrcf	___ftpack@arg+1,f,c
  1187  007C26  3201               	rrcf	___ftpack@arg,f,c
  1188  007C28                     l927:
  1189  007C28  0E00               	movlw	0
  1190  007C2A  1401               	andwf	___ftpack@arg,w,c
  1191  007C2C  6E06               	movwf	??___ftpack& (0+255),c
  1192  007C2E  0E00               	movlw	0
  1193  007C30  1402               	andwf	___ftpack@arg+1,w,c
  1194  007C32  6E07               	movwf	(??___ftpack+1)& (0+255),c
  1195  007C34  0EFF               	movlw	255
  1196  007C36  1403               	andwf	___ftpack@arg+2,w,c
  1197  007C38  6E08               	movwf	(??___ftpack+2)& (0+255),c
  1198  007C3A  5006               	movf	??___ftpack,w,c
  1199  007C3C  1007               	iorwf	??___ftpack+1,w,c
  1200  007C3E  1008               	iorwf	??___ftpack+2,w,c
  1201  007C40  B4D8               	btfsc	status,2,c
  1202  007C42  D006               	goto	l931
  1203  007C44  D7E6               	goto	l923
  1204  007C46                     l929:
  1205  007C46  0604               	decf	___ftpack@exp,f,c
  1206  007C48  90D8               	bcf	status,0,c
  1207  007C4A  3601               	rlcf	___ftpack@arg,f,c
  1208  007C4C  3602               	rlcf	___ftpack@arg+1,f,c
  1209  007C4E  3603               	rlcf	___ftpack@arg+2,f,c
  1210  007C50                     l931:
  1211  007C50  BE02               	btfsc	___ftpack@arg+1,7,c
  1212  007C52  D003               	goto	l264
  1213  007C54  0E02               	movlw	2
  1214  007C56  6004               	cpfslt	___ftpack@exp,c
  1215  007C58  D7F6               	goto	l929
  1216  007C5A                     l264:
  1217  007C5A  A004               	btfss	___ftpack@exp,0,c
  1218  007C5C  9E02               	bcf	___ftpack@arg+1,7,c
  1219  007C5E  90D8               	bcf	status,0,c
  1220  007C60  3204               	rrcf	___ftpack@exp,f,c
  1221  007C62  5004               	movf	___ftpack@exp,w,c
  1222  007C64  1203               	iorwf	___ftpack@arg+2,f,c
  1223  007C66  5005               	movf	___ftpack@sign,w,c
  1224  007C68  A4D8               	btfss	status,2,c
  1225  007C6A  8E03               	bsf	___ftpack@arg+2,7,c
  1226  007C6C  C001  F001         	movff	___ftpack@arg,?___ftpack
  1227  007C70  C002  F002         	movff	___ftpack@arg+1,?___ftpack+1
  1228  007C74  C003  F003         	movff	___ftpack@arg+2,?___ftpack+2
  1229  007C78  0012               	return	
  1230  007C7A                     __end_of___ftpack:
  1231                           	opt stack 0
  1232                           status	equ	0xFD8
  1233                           
  1234 ;; *************** function _MSdelay *****************
  1235 ;; Defined at:
  1236 ;;		line 5 in file "main_master.c"
  1237 ;; Parameters:    Size  Location     Type
  1238 ;;  val             2    0[COMRAM] unsigned int 
  1239 ;; Auto vars:     Size  Location     Type
  1240 ;;  j               2    4[COMRAM] unsigned int 
  1241 ;;  i               2    2[COMRAM] unsigned int 
  1242 ;; Return value:  Size  Location     Type
  1243 ;;		None               void
  1244 ;; Registers used:
  1245 ;;		wreg, status,2, status,0
  1246 ;; Tracked objects:
  1247 ;;		On entry : 0/0
  1248 ;;		On exit  : 0/0
  1249 ;;		Unchanged: 0/0
  1250 ;; Data sizes:     COMRAM   BANK0   BANK1   BANK2   BANK3   BANK4   BANK5   BANK6   BANK7
  1251 ;;      Params:         2       0       0       0       0       0       0       0       0
  1252 ;;      Locals:         4       0       0       0       0       0       0       0       0
  1253 ;;      Temps:          0       0       0       0       0       0       0       0       0
  1254 ;;      Totals:         6       0       0       0       0       0       0       0       0
  1255 ;;Total ram usage:        6 bytes
  1256 ;; Hardware stack levels used:    1
  1257 ;; This function calls:
  1258 ;;		Nothing
  1259 ;; This function is called by:
  1260 ;;		_main
  1261 ;; This function uses a non-reentrant model
  1262 ;;
  1263                           
  1264                           	psect	text8
  1265  007A9E                     __ptext8:
  1266                           	opt stack 0
  1267  007A9E                     _MSdelay:
  1268                           	opt stack 30
  1269                           
  1270                           ;main_master.c: 7: unsigned int i,j;
  1271                           ;main_master.c: 8: for(i=0;i<=val;i++)
  1272                           
  1273                           ;incstack = 0
  1274  007A9E  0E00               	movlw	0
  1275  007AA0  6E04               	movwf	MSdelay@i+1,c
  1276  007AA2  0E00               	movlw	0
  1277  007AA4  6E03               	movwf	MSdelay@i,c
  1278  007AA6  D00F               	goto	l1139
  1279  007AA8                     l1127:
  1280                           
  1281                           ;main_master.c: 9: for(j=0;j<81;j++);
  1282  007AA8  0E00               	movlw	0
  1283  007AAA  6E06               	movwf	MSdelay@j+1,c
  1284  007AAC  0E00               	movlw	0
  1285  007AAE  6E05               	movwf	MSdelay@j,c
  1286  007AB0                     l1129:
  1287  007AB0  5006               	movf	MSdelay@j+1,w,c
  1288  007AB2  E107               	bnz	l1137
  1289  007AB4  0E51               	movlw	81
  1290  007AB6  5C05               	subwf	MSdelay@j,w,c
  1291  007AB8  B0D8               	btfsc	status,0,c
  1292  007ABA  D003               	goto	l1137
  1293  007ABC  4A05               	infsnz	MSdelay@j,f,c
  1294  007ABE  2A06               	incf	MSdelay@j+1,f,c
  1295  007AC0  D7F7               	goto	l1129
  1296  007AC2                     l1137:
  1297  007AC2  4A03               	infsnz	MSdelay@i,f,c
  1298  007AC4  2A04               	incf	MSdelay@i+1,f,c
  1299  007AC6                     l1139:
  1300  007AC6  5003               	movf	MSdelay@i,w,c
  1301  007AC8  5C01               	subwf	MSdelay@val,w,c
  1302  007ACA  5004               	movf	MSdelay@i+1,w,c
  1303  007ACC  5802               	subwfb	MSdelay@val+1,w,c
  1304  007ACE  A0D8               	btfss	status,0,c
  1305  007AD0  0012               	return	
  1306  007AD2  D7EA               	goto	l1127
  1307  007AD4                     __end_of_MSdelay:
  1308                           	opt stack 0
  1309  0000                     status	equ	0xFD8
  1310                           status	equ	0xFD8
  1311                           
  1312                           	psect	rparam
  1313  0000                     status	equ	0xFD8


Data Sizes:
    Strings     0
    Constant    0
    Data        0
    BSS         0
    Persistent  0
    Stack       0

Auto Spaces:
    Space          Size  Autos    Used
    COMRAM           95     52      52
    BANK0           160      0       0
    BANK1           256      0       0
    BANK2           256      0       0
    BANK3           256      0       0
    BANK4           256      0       0
    BANK5           256      0       0
    BANK6           256      0       0
    BANK7           256      0       0

Pointer List with Targets:

    None.

Critical Paths under _main in COMRAM

    _main->_UART_Initial
    _UART_Initial->___ftadd
    ___ftdiv->___altoft
    ___ftadd->___ftdiv
    ___altoft->___ftpack

Critical Paths under _main in BANK0

    None.

Critical Paths under _main in BANK1

    None.

Critical Paths under _main in BANK2

    None.

Critical Paths under _main in BANK3

    None.

Critical Paths under _main in BANK4

    None.

Critical Paths under _main in BANK5

    None.

Critical Paths under _main in BANK6

    None.

Critical Paths under _main in BANK7

    None.

Call Graph Tables:

 ---------------------------------------------------------------------------------
 (Depth) Function   	        Calls       Base Space   Used Autos Params    Refs
 ---------------------------------------------------------------------------------
 (0) _main                                                 0     0      0    8573
                            _MSdelay
                       _UART_Initial
                         _UART_Write
 ---------------------------------------------------------------------------------
 (1) _UART_Write                                           1     1      0      15
                                              0 COMRAM     1     1      0
 ---------------------------------------------------------------------------------
 (1) _UART_Initial                                         7     3      4    8402
                                             45 COMRAM     7     3      4
                           ___altoft
                            ___ftadd
                            ___ftdiv
                            ___fttol
 ---------------------------------------------------------------------------------
 (2) ___fttol                                             15    11      4     316
                                              0 COMRAM    15    11      4
 ---------------------------------------------------------------------------------
 (2) ___ftdiv                                             15     9      6    2541
                                             18 COMRAM    15     9      6
                           ___altoft (ARG)
                           ___ftpack
 ---------------------------------------------------------------------------------
 (2) ___ftadd                                             12     6      6    3203
                                             33 COMRAM    12     6      6
                           ___altoft (ARG)
                            ___ftdiv (ARG)
                           ___ftpack
 ---------------------------------------------------------------------------------
 (2) ___altoft                                            10     6      4    2233
                                              8 COMRAM    10     6      4
                           ___ftpack
 ---------------------------------------------------------------------------------
 (3) ___ftpack                                             8     3      5    2031
                                              0 COMRAM     8     3      5
 ---------------------------------------------------------------------------------
 (1) _MSdelay                                              6     4      2     156
                                              0 COMRAM     6     4      2
 ---------------------------------------------------------------------------------
 Estimated maximum stack depth 3
 ---------------------------------------------------------------------------------

 Call Graph Graphs:

 _main (ROOT)
   _MSdelay
   _UART_Initial
     ___altoft
       ___ftpack
     ___ftadd
       ___altoft (ARG)
         ___ftpack
       ___ftdiv (ARG)
         ___altoft (ARG)
           ___ftpack
         ___ftpack (ARG)
       ___ftpack (ARG)
     ___ftdiv
       ___altoft (ARG)
         ___ftpack
       ___ftpack (ARG)
     ___fttol
   _UART_Write

 Address spaces:
Name               Size   Autos  Total    Cost      Usage
BITCOMRAM           5F      0       0       0        0.0%
EEDATA             100      0       0       0        0.0%
NULL                 0      0       0       0        0.0%
CODE                 0      0       0       0        0.0%
COMRAM              5F     34      34       1       54.7%
STACK                0      0       0       2        0.0%
DATA                 0      0       0       3        0.0%
BITBANK0            A0      0       0       4        0.0%
BANK0               A0      0       0       5        0.0%
BITBANK1           100      0       0       6        0.0%
BANK1              100      0       0       7        0.0%
BITBANK2           100      0       0       8        0.0%
BANK2              100      0       0       9        0.0%
BITBANK3           100      0       0      10        0.0%
BANK3              100      0       0      11        0.0%
BITBANK4           100      0       0      12        0.0%
BANK4              100      0       0      13        0.0%
BITBANK5           100      0       0      14        0.0%
BANK5              100      0       0      15        0.0%
BITBANK6           100      0       0      16        0.0%
BANK6              100      0       0      17        0.0%
BITBANK7           100      0       0      18        0.0%
BANK7              100      0       0      19        0.0%
ABS                  0      0       0      20        0.0%
BIGRAM             7FF      0       0      21        0.0%
BITSFR               0      0       0      40        0.0%
SFR                  0      0       0      40        0.0%


Microchip Technology PIC18 Macro Assembler V1.35 build -356382666 
Symbol Table                                                                                   Thu Nov 03 17:49:44 2022

           ___altoft@exp 0011            ___altoft@sign 0012                       l30 7A6C  
           ___ftadd@exp1 002D             ___ftadd@exp2 002C             ___ftadd@sign 002B  
                    l302 7F72                      l311 7F8E                      l322 7D2E  
                    l264 7C5A                      l291 7EC2                      l287 7E98  
                    l921 7BF4                      l931 7C50                      l923 7C12  
                    l915 7BDC                      l927 7C28                      l919 7BEA  
                    l929 7C46                      l955 7AF6                      l971 7EA6  
                    l957 7B02                      l993 7F00                      l977 7ED0  
                    l999 7F22                      u601 7E78                      u801 7C8A  
                    u821 7CB2                      u591 7E64                      u851 7D70  
                    u870 7DAA                      u875 7DA2             ___ftdiv@cntr 001C  
           ___ftdiv@sign 0021                     l1001 7F2C                     l1011 7F60  
                   l1003 7F36                     l1013 7F6A                     l1005 7F3E  
                   l1103 7DF2                     l1121 7E42                     l1113 7E1A  
                   l1019 7FAA                     l1115 7E26                     l1107 7E02  
                   l1029 7FDA                     l1045 7CCA                     l1117 7E2C  
                   l1127 7AA8                     l1039 7CA2                     l1137 7AC2  
                   l1129 7AB0                     l1065 7D08                     l1139 7AC6  
                   l1163 7A8A                     l1085 7D8C                     _TRMT 007D61  
                   _main 7A72             ___ftpack@arg 0001             ___ftpack@exp 0004  
                   start 0000          __end_of_MSdelay 7AD4             ___param_bank 000010  
           ___fttol@exp1 000F             ___fttol@lval 000B                    ?_main 0001  
        __end_of___ftadd 8000          __end_of___ftdiv 7D60          __end_of___fttol 7E54  
                  _RCSTA 000FAB                    _SPBRG 000FAF                    _TXREG 000FAD  
            ?_UART_Write 0001            ___ftpack@sign 0005                    status 000FD8  
        __initialization 7A60             __end_of_main 7A9E                   ??_main 0035  
          ___fttol@sign1 000A            __activetblptr 000000         __end_of___altoft 7B4C  
       __end_of___ftpack 7C7A                ??_MSdelay 0003                   _OSCCON 000FD3  
    __size_of_UART_Write 000C                ??___ftadd 0028                ??___ftdiv 0019  
              ??___fttol 0005               __accesstop 0060  __end_of__initialization 7A60  
             ___altoft@c 0009               ___ftadd@f1 0022               ___ftadd@f2 0025  
          ___rparam_used 000001               ___ftdiv@f1 0013               ___ftdiv@f2 0016  
             ___ftdiv@f3 001D               ___fttol@f1 0001           __pcstackCOMRAM 0001  
              ?___altoft 0009                ?___ftpack 0001             ??_UART_Write 0001  
                _MSdelay 7A9E            ?_UART_Initial 002E                  __Hparam 0000  
                __Lparam 0000                  ___ftadd 7E54                  ___ftdiv 7C7A  
     __end_of_UART_Write 7A72                  ___fttol 7D60               ??___altoft 000D  
                __pcinit 7A60               ??___ftpack 0006                  __ramtop 0800  
                __ptext0 7A72                  __ptext1 7A66                  __ptext2 7B4C  
                __ptext3 7D60                  __ptext4 7C7A                  __ptext5 7E54  
                __ptext6 7AD4                  __ptext7 7BCC                  __ptext8 7A9E  
  UART_Initial@baud_rate 002E     end_of_initialization 7A60           ??_UART_Initial 0032  
         UART_Write@data 0001                _TRISCbits 000F94              ___ftdiv@exp 0020  
              _TXSTAbits 000FAC              _BAUDCONbits 000FB8      start_initialization 7A60  
   __end_of_UART_Initial 7BCC        __size_of___altoft 0078        __size_of___ftpack 00AE  
               ?_MSdelay 0001                 ?___ftadd 0022                 ?___ftdiv 0013  
               ?___fttol 0001                 MSdelay@i 0003                 MSdelay@j 0005  
        UART_Initial@bps 0032         __size_of_MSdelay 0036                 __Hrparam 0000  
               __Lrparam 0000    __size_of_UART_Initial 0080         __size_of___ftadd 01AC  
       __size_of___ftdiv 00E6                 ___altoft 7AD4         __size_of___fttol 00F4  
               ___ftpack 7BCC             _UART_Initial 7B4C            __size_of_main 002C  
             MSdelay@val 0001               _UART_Write 7A66  
