

Microchip Technology PIC18 LITE Macro Assembler V1.35 build -356382666 
                                                                                               Mon Jun 06 11:43:56 2022

Microchip Technology Omniscient Code Generator v1.35 (Free mode) build 201507080246
     1                           	processor	18F4550
     2                           	fnconf	rparam,??,?,0
     3                           	opt	pw 120
     4                           	opt	lm
     5                           	psect	cinit,global,reloc=2,class=CODE,delta=1
     6                           	psect	cstackCOMRAM,global,class=COMRAM,space=1,delta=1
     7                           	psect	text0,global,reloc=2,class=CODE,delta=1
     8                           	psect	intsave_regs,global,class=BIGRAM,space=1,delta=1
     9                           	psect	rparam,global,class=COMRAM,space=1,delta=1
    10  0000                     _PORTB	set	3969
    11  0000                     _PORTC	set	3970
    12  0000                     _TRISB	set	3987
    13  0000                     _TRISC	set	3988
    14                           
    15                           ; #config settings
    16  0000                     
    17                           	psect	cinit
    18  007FDC                     __pcinit:
    19                           	opt stack 0
    20  007FDC                     start_initialization:
    21                           	opt stack 0
    22  007FDC                     __initialization:
    23                           	opt stack 0
    24  007FDC                     end_of_initialization:
    25                           	opt stack 0
    26  007FDC                     __end_of__initialization:
    27                           	opt stack 0
    28  007FDC  0100               	movlb	0
    29  007FDE  EFF1  F03F         	goto	_main	;jump to C main() function
    30                           
    31                           	psect	cstackCOMRAM
    32  000000                     __pcstackCOMRAM:
    33                           	opt stack 0
    34  000000                     
    35                           ; 0 bytes @ 0x0
    36 ;;
    37 ;;Main: autosize = 0, tempsize = 0, incstack = 0, save=0
    38 ;;
    39 ;; *************** function _main *****************
    40 ;; Defined at:
    41 ;;		line 24 in file "main_button.c"
    42 ;; Parameters:    Size  Location     Type
    43 ;;		None
    44 ;; Auto vars:     Size  Location     Type
    45 ;;		None
    46 ;; Return value:  Size  Location     Type
    47 ;;		None               void
    48 ;; Registers used:
    49 ;;		wreg, status,2, status,0
    50 ;; Tracked objects:
    51 ;;		On entry : 0/0
    52 ;;		On exit  : 0/0
    53 ;;		Unchanged: 0/0
    54 ;; Data sizes:     COMRAM   BANK0   BANK1   BANK2   BANK3   BANK4   BANK5   BANK6   BANK7
    55 ;;      Params:         0       0       0       0       0       0       0       0       0
    56 ;;      Locals:         0       0       0       0       0       0       0       0       0
    57 ;;      Temps:          0       0       0       0       0       0       0       0       0
    58 ;;      Totals:         0       0       0       0       0       0       0       0       0
    59 ;;Total ram usage:        0 bytes
    60 ;; This function calls:
    61 ;;		Nothing
    62 ;; This function is called by:
    63 ;;		Startup code after reset
    64 ;; This function uses a non-reentrant model
    65 ;;
    66                           
    67                           	psect	text0
    68  007FE2                     __ptext0:
    69                           	opt stack 0
    70  007FE2                     _main:
    71                           	opt stack 31
    72                           
    73                           ;main_button.c: 25: TRISB = 0;
    74                           
    75                           ;incstack = 0
    76  007FE2  0E00               	movlw	0
    77  007FE4  6E93               	movwf	3987,c	;volatile
    78                           
    79                           ;main_button.c: 26: TRISC = 1;
    80  007FE6  0E01               	movlw	1
    81  007FE8  6E94               	movwf	3988,c	;volatile
    82                           
    83                           ;main_button.c: 28: PORTB = 0b00000000;
    84  007FEA  0E00               	movlw	0
    85  007FEC  6E81               	movwf	3969,c	;volatile
    86                           
    87                           ;main_button.c: 30: if(PORTC == 1)
    88  007FEE  0482               	decf	3970,w,c	;volatile
    89  007FF0  A4D8               	btfss	status,2,c
    90  007FF2  D002               	goto	l617
    91                           
    92                           ;main_button.c: 31: {
    93                           ;main_button.c: 32: PORTB = 1;
    94  007FF4  0E01               	movlw	1
    95  007FF6  D001               	goto	L1
    96  007FF8                     l617:
    97                           
    98                           ;main_button.c: 34: else
    99                           ;main_button.c: 35: {
   100                           ;main_button.c: 36: PORTB = 0;
   101  007FF8  0E00               	movlw	0
   102  007FFA                     L1:
   103  007FFA  6E81               	movwf	3969,c	;volatile
   104                           
   105                           ;main_button.c: 37: }
   106                           ;main_button.c: 38: return;
   107  007FFC  EF00  F000         	goto	start
   108  008000                     __end_of_main:
   109                           	opt stack 0
   110  0000                     status	equ	0xFD8
   111                           status	equ	0xFD8
   112                           
   113                           	psect	rparam
   114  0000                     status	equ	0xFD8


Data Sizes:
    Strings     0
    Constant    0
    Data        0
    BSS         0
    Persistent  0
    Stack       0

Auto Spaces:
    Space          Size  Autos    Used
    COMRAM           95      0       0
    BANK0           160      0       0
    BANK1           256      0       0
    BANK2           256      0       0
    BANK3           256      0       0
    BANK4           256      0       0
    BANK5           256      0       0
    BANK6           256      0       0
    BANK7           256      0       0

Pointer List with Targets:

    None.

Critical Paths under _main in COMRAM

    None.

Critical Paths under _main in BANK0

    None.

Critical Paths under _main in BANK1

    None.

Critical Paths under _main in BANK2

    None.

Critical Paths under _main in BANK3

    None.

Critical Paths under _main in BANK4

    None.

Critical Paths under _main in BANK5

    None.

Critical Paths under _main in BANK6

    None.

Critical Paths under _main in BANK7

    None.

Call Graph Tables:

 ---------------------------------------------------------------------------------
 (Depth) Function   	        Calls       Base Space   Used Autos Params    Refs
 ---------------------------------------------------------------------------------
 (0) _main                                                 0     0      0       0
 ---------------------------------------------------------------------------------
 Estimated maximum stack depth 0
 ---------------------------------------------------------------------------------

 Call Graph Graphs:

 _main (ROOT)

 Address spaces:
Name               Size   Autos  Total    Cost      Usage
BITCOMRAM           5F      0       0       0        0.0%
EEDATA             100      0       0       0        0.0%
NULL                 0      0       0       0        0.0%
CODE                 0      0       0       0        0.0%
COMRAM              5F      0       0       1        0.0%
STACK                0      0       0       2        0.0%
DATA                 0      0       0       3        0.0%
BITBANK0            A0      0       0       4        0.0%
BANK0               A0      0       0       5        0.0%
BITBANK1           100      0       0       6        0.0%
BANK1              100      0       0       7        0.0%
BITBANK2           100      0       0       8        0.0%
BANK2              100      0       0       9        0.0%
BITBANK3           100      0       0      10        0.0%
BANK3              100      0       0      11        0.0%
BITBANK4           100      0       0      12        0.0%
BANK4              100      0       0      13        0.0%
BITBANK5           100      0       0      14        0.0%
BANK5              100      0       0      15        0.0%
BITBANK6           100      0       0      16        0.0%
BANK6              100      0       0      17        0.0%
BITBANK7           100      0       0      18        0.0%
BANK7              100      0       0      19        0.0%
ABS                  0      0       0      20        0.0%
BIGRAM             7FF      0       0      21        0.0%
BITSFR               0      0       0      40        0.0%
SFR                  0      0       0      40        0.0%


Microchip Technology PIC18 Macro Assembler V1.35 build -356382666 
Symbol Table                                                                                   Mon Jun 06 11:43:56 2022

            __CFG_WDT$ON 000000                      l617 7FF8             __CFG_CPD$OFF 000000  
           __CFG_FOSC$HS 000000             __CFG_LVP$OFF 000000                     _main 7FE2  
                   start 0000             ___param_bank 000010                    ?_main 0000  
                  _PORTB 000F81                    _PORTC 000F82                    _TRISB 000F93  
                  _TRISC 000F94            __CFG_PWRT$OFF 000000                    status 000FD8  
        __initialization 7FDC             __end_of_main 8000                   ??_main 0000  
          __activetblptr 000000               __accesstop 0060  __end_of__initialization 7FDC  
          ___rparam_used 000001           __pcstackCOMRAM 0000                  __Hparam 0000  
                __Lparam 0000                  __pcinit 7FDC                  __ramtop 0800  
                __ptext0 7FE2     end_of_initialization 7FDC      start_initialization 7FDC  
               __Hrparam 0000                 __Lrparam 0000            __size_of_main 001E  
