

Microchip Technology PIC18 LITE Macro Assembler V1.35 build -356382666 
                                                                                               Tue Jul 12 17:10:28 2022

Microchip Technology Omniscient Code Generator v1.35 (Free mode) build 201507080246
     1                           	processor	18F4550
     2                           	fnconf	rparam,??,?,0
     3                           	opt	pw 120
     4                           	opt	lm
     5                           	psect	cinit,global,reloc=2,class=CODE,delta=1
     6                           	psect	cstackCOMRAM,global,class=COMRAM,space=1,delta=1
     7                           	psect	text0,global,reloc=2,class=CODE,delta=1
     8                           	psect	intsave_regs,global,class=BIGRAM,space=1,delta=1
     9                           	psect	rparam,global,class=COMRAM,space=1,delta=1
    10  0000                     _LATB	set	3978
    11  0000                     _PORTB	set	3969
    12  0000                     _PORTDbits	set	3971
    13  0000                     _TRISB	set	3987
    14  0000                     _TRISD	set	3989
    15                           
    16                           ; #config settings
    17  0000                     
    18                           	psect	cinit
    19  007F10                     __pcinit:
    20                           	opt stack 0
    21  007F10                     start_initialization:
    22                           	opt stack 0
    23  007F10                     __initialization:
    24                           	opt stack 0
    25  007F10                     end_of_initialization:
    26                           	opt stack 0
    27  007F10                     __end_of__initialization:
    28                           	opt stack 0
    29  007F10  0100               	movlb	0
    30  007F12  EF8B  F03F         	goto	_main	;jump to C main() function
    31                           
    32                           	psect	cstackCOMRAM
    33  000001                     __pcstackCOMRAM:
    34                           	opt stack 0
    35  000001                     ??_main:
    36                           
    37                           ; 0 bytes @ 0x0
    38  000001                     	ds	1
    39  000002                     main@k:
    40                           	opt stack 0
    41                           
    42                           ; 2 bytes @ 0x1
    43  000002                     	ds	2
    44  000004                     main@i:
    45                           	opt stack 0
    46                           
    47                           ; 2 bytes @ 0x3
    48  000004                     	ds	2
    49                           
    50 ;;
    51 ;;Main: autosize = 0, tempsize = 1, incstack = 0, save=0
    52 ;;
    53 ;; *************** function _main *****************
    54 ;; Defined at:
    55 ;;		line 32 in file "main_seq.c"
    56 ;; Parameters:    Size  Location     Type
    57 ;;		None
    58 ;; Auto vars:     Size  Location     Type
    59 ;;  i               2    3[COMRAM] int 
    60 ;;  k               2    1[COMRAM] int 
    61 ;; Return value:  Size  Location     Type
    62 ;;		None               void
    63 ;; Registers used:
    64 ;;		wreg, status,2, status,0
    65 ;; Tracked objects:
    66 ;;		On entry : 0/0
    67 ;;		On exit  : 0/0
    68 ;;		Unchanged: 0/0
    69 ;; Data sizes:     COMRAM   BANK0   BANK1   BANK2   BANK3   BANK4   BANK5   BANK6   BANK7
    70 ;;      Params:         0       0       0       0       0       0       0       0       0
    71 ;;      Locals:         4       0       0       0       0       0       0       0       0
    72 ;;      Temps:          1       0       0       0       0       0       0       0       0
    73 ;;      Totals:         5       0       0       0       0       0       0       0       0
    74 ;;Total ram usage:        5 bytes
    75 ;; This function calls:
    76 ;;		Nothing
    77 ;; This function is called by:
    78 ;;		Startup code after reset
    79 ;; This function uses a non-reentrant model
    80 ;;
    81                           
    82                           	psect	text0
    83  007F16                     __ptext0:
    84                           	opt stack 0
    85  007F16                     _main:
    86                           	opt stack 31
    87                           
    88                           ;main_seq.c: 39: TRISB = 0;
    89                           
    90                           ;incstack = 0
    91  007F16  0E00               	movlw	0
    92  007F18  6E93               	movwf	3987,c	;volatile
    93                           
    94                           ;main_seq.c: 40: TRISD = 0;
    95  007F1A  0E00               	movlw	0
    96  007F1C  6E95               	movwf	3989,c	;volatile
    97                           
    98                           ;main_seq.c: 41: int i = 0;
    99  007F1E  0E00               	movlw	0
   100  007F20  6E05               	movwf	main@i+1,c
   101  007F22  0E00               	movlw	0
   102  007F24  6E04               	movwf	main@i,c
   103                           
   104                           ;main_seq.c: 42: int k = 0;
   105  007F26  0E00               	movlw	0
   106  007F28  6E03               	movwf	main@k+1,c
   107  007F2A  0E00               	movlw	0
   108  007F2C  6E02               	movwf	main@k,c
   109                           
   110                           ;main_seq.c: 44: LATB = 0;
   111  007F2E  0E00               	movlw	0
   112  007F30  6E8A               	movwf	3978,c	;volatile
   113  007F32                     l21:
   114                           
   115                           ;main_seq.c: 48: for(i=0; i<300; i++)
   116  007F32  0E00               	movlw	0
   117  007F34  6E05               	movwf	main@i+1,c
   118  007F36  0E00               	movlw	0
   119  007F38  6E04               	movwf	main@i,c
   120  007F3A                     l635:
   121  007F3A  BE05               	btfsc	main@i+1,7,c
   122  007F3C  D006               	goto	l639
   123  007F3E  0E2C               	movlw	44
   124  007F40  5C04               	subwf	main@i,w,c
   125  007F42  0E01               	movlw	1
   126  007F44  5805               	subwfb	main@i+1,w,c
   127  007F46  B0D8               	btfsc	status,0,c
   128  007F48  D015               	goto	l653
   129  007F4A                     l639:
   130                           
   131                           ;main_seq.c: 49: {
   132                           ;main_seq.c: 50: PORTB = 1;
   133  007F4A  0E01               	movlw	1
   134  007F4C  6E81               	movwf	3969,c	;volatile
   135                           
   136                           ;main_seq.c: 51: PORTDbits.RD0 = 1;
   137  007F4E  8083               	bsf	3971,0,c	;volatile
   138                           
   139                           ;main_seq.c: 52: _delay((unsigned long)((500)*(20000000/4000000.0)));
   140  007F50  0E04               	movlw	4
   141  007F52  6E01               	movwf	??_main& (0+255),c
   142  007F54  0E3E               	movlw	62
   143  007F56                     u87:
   144  007F56  2EE8               	decfsz	wreg,f,c
   145  007F58  D7FE               	goto	u87
   146  007F5A  2E01               	decfsz	??_main& (0+255),f,c
   147  007F5C  D7FC               	goto	u87
   148                           
   149                           ;main_seq.c: 53: PORTDbits.RD0 = 0;
   150  007F5E  9083               	bcf	3971,0,c	;volatile
   151                           
   152                           ;main_seq.c: 54: _delay((unsigned long)((500)*(20000000/4000000.0)));
   153  007F60  0E04               	movlw	4
   154  007F62  6E01               	movwf	??_main& (0+255),c
   155  007F64  0E3E               	movlw	62
   156  007F66                     u97:
   157  007F66  2EE8               	decfsz	wreg,f,c
   158  007F68  D7FE               	goto	u97
   159  007F6A  2E01               	decfsz	??_main& (0+255),f,c
   160  007F6C  D7FC               	goto	u97
   161  007F6E  4A04               	infsnz	main@i,f,c
   162  007F70  2A05               	incf	main@i+1,f,c
   163  007F72  D7E3               	goto	l635
   164  007F74                     l653:
   165                           
   166                           ;main_seq.c: 55: }
   167                           ;main_seq.c: 58: for(i=0; i<300; i++)
   168  007F74  0E00               	movlw	0
   169  007F76  6E05               	movwf	main@i+1,c
   170  007F78  0E00               	movlw	0
   171  007F7A  6E04               	movwf	main@i,c
   172  007F7C                     l655:
   173  007F7C  BE05               	btfsc	main@i+1,7,c
   174  007F7E  D006               	goto	l659
   175  007F80  0E2C               	movlw	44
   176  007F82  5C04               	subwf	main@i,w,c
   177  007F84  0E01               	movlw	1
   178  007F86  5805               	subwfb	main@i+1,w,c
   179  007F88  B0D8               	btfsc	status,0,c
   180  007F8A  D017               	goto	l673
   181  007F8C                     l659:
   182                           
   183                           ;main_seq.c: 59: {
   184                           ;main_seq.c: 60: PORTB = 2;
   185  007F8C  0E02               	movlw	2
   186  007F8E  6E81               	movwf	3969,c	;volatile
   187                           
   188                           ;main_seq.c: 61: PORTDbits.RD0 = 1;
   189  007F90  8083               	bsf	3971,0,c	;volatile
   190                           
   191                           ;main_seq.c: 62: _delay((unsigned long)((600)*(20000000/4000000.0)));
   192  007F92  0E04               	movlw	4
   193  007F94  6E01               	movwf	??_main& (0+255),c
   194  007F96  0EE4               	movlw	228
   195  007F98                     u107:
   196  007F98  2EE8               	decfsz	wreg,f,c
   197  007F9A  D7FE               	goto	u107
   198  007F9C  2E01               	decfsz	??_main& (0+255),f,c
   199  007F9E  D7FC               	goto	u107
   200  007FA0  D000               	nop2	
   201                           
   202                           ;main_seq.c: 63: PORTDbits.RD0 = 0;
   203  007FA2  9083               	bcf	3971,0,c	;volatile
   204                           
   205                           ;main_seq.c: 64: _delay((unsigned long)((600)*(20000000/4000000.0)));
   206  007FA4  0E04               	movlw	4
   207  007FA6  6E01               	movwf	??_main& (0+255),c
   208  007FA8  0EE4               	movlw	228
   209  007FAA                     u117:
   210  007FAA  2EE8               	decfsz	wreg,f,c
   211  007FAC  D7FE               	goto	u117
   212  007FAE  2E01               	decfsz	??_main& (0+255),f,c
   213  007FB0  D7FC               	goto	u117
   214  007FB2  D000               	nop2	
   215  007FB4  4A04               	infsnz	main@i,f,c
   216  007FB6  2A05               	incf	main@i+1,f,c
   217  007FB8  D7E1               	goto	l655
   218  007FBA                     l673:
   219                           
   220                           ;main_seq.c: 65: }
   221                           ;main_seq.c: 67: for(i=0; i<300; i++)
   222  007FBA  0E00               	movlw	0
   223  007FBC  6E05               	movwf	main@i+1,c
   224  007FBE  0E00               	movlw	0
   225  007FC0  6E04               	movwf	main@i,c
   226  007FC2                     l675:
   227  007FC2  BE05               	btfsc	main@i+1,7,c
   228  007FC4  D006               	goto	l679
   229  007FC6  0E2C               	movlw	44
   230  007FC8  5C04               	subwf	main@i,w,c
   231  007FCA  0E01               	movlw	1
   232  007FCC  5805               	subwfb	main@i+1,w,c
   233  007FCE  B0D8               	btfsc	status,0,c
   234  007FD0  D7B0               	goto	l21
   235  007FD2                     l679:
   236                           
   237                           ;main_seq.c: 68: {
   238                           ;main_seq.c: 69: PORTB = 4;
   239  007FD2  0E04               	movlw	4
   240  007FD4  6E81               	movwf	3969,c	;volatile
   241                           
   242                           ;main_seq.c: 70: PORTDbits.RD0 = 1;
   243  007FD6  8083               	bsf	3971,0,c	;volatile
   244                           
   245                           ;main_seq.c: 71: _delay((unsigned long)((800)*(20000000/4000000.0)));
   246  007FD8  0E06               	movlw	6
   247  007FDA  6E01               	movwf	??_main& (0+255),c
   248  007FDC  0E30               	movlw	48
   249  007FDE                     u127:
   250  007FDE  2EE8               	decfsz	wreg,f,c
   251  007FE0  D7FE               	goto	u127
   252  007FE2  2E01               	decfsz	??_main& (0+255),f,c
   253  007FE4  D7FC               	goto	u127
   254  007FE6  D000               	nop2	
   255                           
   256                           ;main_seq.c: 72: PORTDbits.RD0 = 0;
   257  007FE8  9083               	bcf	3971,0,c	;volatile
   258                           
   259                           ;main_seq.c: 73: _delay((unsigned long)((800)*(20000000/4000000.0)));
   260  007FEA  0E06               	movlw	6
   261  007FEC  6E01               	movwf	??_main& (0+255),c
   262  007FEE  0E30               	movlw	48
   263  007FF0                     u137:
   264  007FF0  2EE8               	decfsz	wreg,f,c
   265  007FF2  D7FE               	goto	u137
   266  007FF4  2E01               	decfsz	??_main& (0+255),f,c
   267  007FF6  D7FC               	goto	u137
   268  007FF8  D000               	nop2	
   269  007FFA  4A04               	infsnz	main@i,f,c
   270  007FFC  2A05               	incf	main@i+1,f,c
   271  007FFE  D7E1               	goto	l675
   272  008000                     __end_of_main:
   273                           	opt stack 0
   274  0000                     wreg	equ	0xFE8
   275                           status	equ	0xFD8
   276                           wreg	equ	0xFE8
   277                           status	equ	0xFD8
   278                           
   279                           	psect	rparam
   280  0000                     wreg	equ	0xFE8
   281                           status	equ	0xFD8


Data Sizes:
    Strings     0
    Constant    0
    Data        0
    BSS         0
    Persistent  0
    Stack       0

Auto Spaces:
    Space          Size  Autos    Used
    COMRAM           95      5       5
    BANK0           160      0       0
    BANK1           256      0       0
    BANK2           256      0       0
    BANK3           256      0       0
    BANK4           256      0       0
    BANK5           256      0       0
    BANK6           256      0       0
    BANK7           256      0       0

Pointer List with Targets:

    None.

Critical Paths under _main in COMRAM

    None.

Critical Paths under _main in BANK0

    None.

Critical Paths under _main in BANK1

    None.

Critical Paths under _main in BANK2

    None.

Critical Paths under _main in BANK3

    None.

Critical Paths under _main in BANK4

    None.

Critical Paths under _main in BANK5

    None.

Critical Paths under _main in BANK6

    None.

Critical Paths under _main in BANK7

    None.

Call Graph Tables:

 ---------------------------------------------------------------------------------
 (Depth) Function   	        Calls       Base Space   Used Autos Params    Refs
 ---------------------------------------------------------------------------------
 (0) _main                                                 5     5      0      90
                                              0 COMRAM     5     5      0
 ---------------------------------------------------------------------------------
 Estimated maximum stack depth 0
 ---------------------------------------------------------------------------------

 Call Graph Graphs:

 _main (ROOT)

 Address spaces:
Name               Size   Autos  Total    Cost      Usage
BITCOMRAM           5F      0       0       0        0.0%
EEDATA             100      0       0       0        0.0%
NULL                 0      0       0       0        0.0%
CODE                 0      0       0       0        0.0%
COMRAM              5F      5       5       1        5.3%
STACK                0      0       0       2        0.0%
DATA                 0      0       0       3        0.0%
BITBANK0            A0      0       0       4        0.0%
BANK0               A0      0       0       5        0.0%
BITBANK1           100      0       0       6        0.0%
BANK1              100      0       0       7        0.0%
BITBANK2           100      0       0       8        0.0%
BANK2              100      0       0       9        0.0%
BITBANK3           100      0       0      10        0.0%
BANK3              100      0       0      11        0.0%
BITBANK4           100      0       0      12        0.0%
BANK4              100      0       0      13        0.0%
BITBANK5           100      0       0      14        0.0%
BANK5              100      0       0      15        0.0%
BITBANK6           100      0       0      16        0.0%
BANK6              100      0       0      17        0.0%
BITBANK7           100      0       0      18        0.0%
BANK7              100      0       0      19        0.0%
ABS                  0      0       0      20        0.0%
BIGRAM             7FF      0       0      21        0.0%
BITSFR               0      0       0      40        0.0%
SFR                  0      0       0      40        0.0%


Microchip Technology PIC18 Macro Assembler V1.35 build -356382666 
Symbol Table                                                                                   Tue Jul 12 17:10:28 2022

                     l21 7F32                       u87 7F56                       u97 7F66  
            __CFG_WDT$ON 000000                      l635 7F3A                      l653 7F74  
                    l655 7F7C                      l639 7F4A                      l673 7FBA  
                    l675 7FC2                      l659 7F8C                      l679 7FD2  
                    u107 7F98                      u117 7FAA                      u127 7FDE  
                    u137 7FF0             __CFG_CPD$OFF 000000                      wreg 000FE8  
           __CFG_FOSC$HS 000000             __CFG_LVP$OFF 000000                     _LATB 000F8A  
                   _main 7F16                     start 0000             ___param_bank 000010  
                  ?_main 0001                    _PORTB 000F81                    _TRISB 000F93  
                  _TRISD 000F95            __CFG_PWRT$OFF 000000                    main@i 0004  
                  main@k 0002                    status 000FD8          __initialization 7F10  
           __end_of_main 8000                   ??_main 0001            __activetblptr 000000  
             __accesstop 0060  __end_of__initialization 7F10            ___rparam_used 000001  
         __pcstackCOMRAM 0001                  __Hparam 0000                  __Lparam 0000  
                __pcinit 7F10                  __ramtop 0800                  __ptext0 7F16  
   end_of_initialization 7F10                _PORTDbits 000F83      start_initialization 7F10  
               __Hrparam 0000                 __Lrparam 0000            __size_of_main 00EA  
