

Microchip Technology PIC18 LITE Macro Assembler V1.35 build -356382666 
                                                                                               Mon May 16 17:52:27 2022

Microchip Technology Omniscient Code Generator v1.35 (Free mode) build 201507080246
     1                           	processor	18F4550
     2                           	fnconf	rparam,??,?,0
     3                           	opt	pw 120
     4                           	opt	lm
     5                           	psect	cinit,global,reloc=2,class=CODE,delta=1
     6                           	psect	cstackCOMRAM,global,class=COMRAM,space=1,delta=1
     7                           	psect	text0,global,reloc=2,class=CODE,delta=1
     8                           	psect	intsave_regs,global,class=BIGRAM,space=1,delta=1
     9                           	psect	rparam,global,class=COMRAM,space=1,delta=1
    10  0000                     _PORTB	set	3969
    11  0000                     _TRISB0	set	31896
    12                           
    13                           ; #config settings
    14  0000                     
    15                           	psect	cinit
    16  007FF0                     __pcinit:
    17                           	opt stack 0
    18  007FF0                     start_initialization:
    19                           	opt stack 0
    20  007FF0                     __initialization:
    21                           	opt stack 0
    22  007FF0                     end_of_initialization:
    23                           	opt stack 0
    24  007FF0                     __end_of__initialization:
    25                           	opt stack 0
    26  007FF0  0100               	movlb	0
    27  007FF2  EFFB  F03F         	goto	_main	;jump to C main() function
    28                           
    29                           	psect	cstackCOMRAM
    30  000000                     __pcstackCOMRAM:
    31                           	opt stack 0
    32  000000                     
    33                           ; 2 bytes @ 0x0
    34 ;;
    35 ;;Main: autosize = 0, tempsize = 0, incstack = 0, save=0
    36 ;;
    37 ;; *************** function _main *****************
    38 ;; Defined at:
    39 ;;		line 15 in file "main_LED.c"
    40 ;; Parameters:    Size  Location     Type
    41 ;;		None
    42 ;; Auto vars:     Size  Location     Type
    43 ;;		None
    44 ;; Return value:  Size  Location     Type
    45 ;;                  2    6[None  ] int 
    46 ;; Registers used:
    47 ;;		wreg, status,2
    48 ;; Tracked objects:
    49 ;;		On entry : 0/0
    50 ;;		On exit  : 0/0
    51 ;;		Unchanged: 0/0
    52 ;; Data sizes:     COMRAM   BANK0   BANK1   BANK2   BANK3   BANK4   BANK5   BANK6   BANK7
    53 ;;      Params:         0       0       0       0       0       0       0       0       0
    54 ;;      Locals:         0       0       0       0       0       0       0       0       0
    55 ;;      Temps:          0       0       0       0       0       0       0       0       0
    56 ;;      Totals:         0       0       0       0       0       0       0       0       0
    57 ;;Total ram usage:        0 bytes
    58 ;; This function calls:
    59 ;;		Nothing
    60 ;; This function is called by:
    61 ;;		Startup code after reset
    62 ;; This function uses a non-reentrant model
    63 ;;
    64                           
    65                           	psect	text0
    66  007FF6                     __ptext0:
    67                           	opt stack 0
    68  007FF6                     _main:
    69                           	opt stack 31
    70                           
    71                           ;main_LED.c: 17: TRISB0 = 0;
    72                           
    73                           ;incstack = 0
    74  007FF6  9093               	bcf	3987,0,c	;volatile
    75                           
    76                           ;main_LED.c: 19: PORTB = 0b00000001;
    77  007FF8  0E01               	movlw	1
    78  007FFA  6E81               	movwf	3969,c	;volatile
    79                           
    80                           ;main_LED.c: 22: return 0;
    81                           ;	Return value of _main is never used
    82  007FFC  EF00  F000         	goto	start
    83  008000                     __end_of_main:
    84                           	opt stack 0
    85  0000                     
    86                           	psect	rparam


Data Sizes:
    Strings     0
    Constant    0
    Data        0
    BSS         0
    Persistent  0
    Stack       0

Auto Spaces:
    Space          Size  Autos    Used
    COMRAM           95      0       0
    BANK0           160      0       0
    BANK1           256      0       0
    BANK2           256      0       0
    BANK3           256      0       0
    BANK4           256      0       0
    BANK5           256      0       0
    BANK6           256      0       0
    BANK7           256      0       0

Pointer List with Targets:

    None.

Critical Paths under _main in COMRAM

    None.

Critical Paths under _main in BANK0

    None.

Critical Paths under _main in BANK1

    None.

Critical Paths under _main in BANK2

    None.

Critical Paths under _main in BANK3

    None.

Critical Paths under _main in BANK4

    None.

Critical Paths under _main in BANK5

    None.

Critical Paths under _main in BANK6

    None.

Critical Paths under _main in BANK7

    None.

Call Graph Tables:

 ---------------------------------------------------------------------------------
 (Depth) Function   	        Calls       Base Space   Used Autos Params    Refs
 ---------------------------------------------------------------------------------
 (0) _main                                                 0     0      0       0
 ---------------------------------------------------------------------------------
 Estimated maximum stack depth 0
 ---------------------------------------------------------------------------------

 Call Graph Graphs:

 _main (ROOT)

 Address spaces:
Name               Size   Autos  Total    Cost      Usage
BITCOMRAM           5F      0       0       0        0.0%
EEDATA             100      0       0       0        0.0%
NULL                 0      0       0       0        0.0%
CODE                 0      0       0       0        0.0%
COMRAM              5F      0       0       1        0.0%
STACK                0      0       0       2        0.0%
DATA                 0      0       0       3        0.0%
BITBANK0            A0      0       0       4        0.0%
BANK0               A0      0       0       5        0.0%
BITBANK1           100      0       0       6        0.0%
BANK1              100      0       0       7        0.0%
BITBANK2           100      0       0       8        0.0%
BANK2              100      0       0       9        0.0%
BITBANK3           100      0       0      10        0.0%
BANK3              100      0       0      11        0.0%
BITBANK4           100      0       0      12        0.0%
BANK4              100      0       0      13        0.0%
BITBANK5           100      0       0      14        0.0%
BANK5              100      0       0      15        0.0%
BITBANK6           100      0       0      16        0.0%
BANK6              100      0       0      17        0.0%
BITBANK7           100      0       0      18        0.0%
BANK7              100      0       0      19        0.0%
ABS                  0      0       0      20        0.0%
BIGRAM             7FF      0       0      21        0.0%
BITSFR               0      0       0      40        0.0%
SFR                  0      0       0      40        0.0%


Microchip Technology PIC18 Macro Assembler V1.35 build -356382666 
Symbol Table                                                                                   Mon May 16 17:52:27 2022

            __CFG_WDT$ON 000000             __CFG_CPD$OFF 000000             __CFG_FOSC$HS 000000  
           __CFG_LVP$OFF 000000                     _main 7FF6                     start 0000  
           ___param_bank 000010                    ?_main 0000                    _PORTB 000F81  
          __CFG_PWRT$OFF 000000          __initialization 7FF0             __end_of_main 8000  
                 ??_main 0000            __activetblptr 000000                   _TRISB0 007C98  
             __accesstop 0060  __end_of__initialization 7FF0            ___rparam_used 000001  
         __pcstackCOMRAM 0000                  __Hparam 0000                  __Lparam 0000  
                __pcinit 7FF0                  __ramtop 0800                  __ptext0 7FF6  
   end_of_initialization 7FF0      start_initialization 7FF0                 __Hrparam 0000  
               __Lrparam 0000            __size_of_main 000A  
