

Microchip Technology PIC18 LITE Macro Assembler V1.35 build -356382666 
                                                                                               Tue Sep 20 11:59:08 2022

Microchip Technology Omniscient Code Generator v1.35 (Free mode) build 201507080246
     1                           	processor	18F4550
     2                           	fnconf	rparam,??,?,0
     3                           	opt	pw 120
     4                           	opt	lm
     5                           	psect	cinit,global,reloc=2,class=CODE,delta=1
     6                           	psect	cstackCOMRAM,global,class=COMRAM,space=1,delta=1
     7                           	psect	text0,global,reloc=2,class=CODE,delta=1
     8                           	psect	intsave_regs,global,class=BIGRAM,space=1,delta=1
     9                           	psect	rparam,global,class=COMRAM,space=1,delta=1
    10  0000                     _ADCON1	set	4033
    11  0000                     _LATB	set	3978
    12  0000                     _TRISB	set	3987
    13                           
    14                           ; #config settings
    15  0000                     
    16                           	psect	cinit
    17  007FA8                     __pcinit:
    18                           	opt stack 0
    19  007FA8                     start_initialization:
    20                           	opt stack 0
    21  007FA8                     __initialization:
    22                           	opt stack 0
    23  007FA8                     end_of_initialization:
    24                           	opt stack 0
    25  007FA8                     __end_of__initialization:
    26                           	opt stack 0
    27  007FA8  0100               	movlb	0
    28  007FAA  EFD7  F03F         	goto	_main	;jump to C main() function
    29                           
    30                           	psect	cstackCOMRAM
    31  000000                     __pcstackCOMRAM:
    32                           	opt stack 0
    33  000000                     
    34                           ; 0 bytes @ 0x0
    35 ;;
    36 ;;Main: autosize = 0, tempsize = 0, incstack = 0, save=0
    37 ;;
    38 ;; *************** function _main *****************
    39 ;; Defined at:
    40 ;;		line 24 in file "main_LCD_4bits.c"
    41 ;; Parameters:    Size  Location     Type
    42 ;;		None
    43 ;; Auto vars:     Size  Location     Type
    44 ;;		None
    45 ;; Return value:  Size  Location     Type
    46 ;;		None               void
    47 ;; Registers used:
    48 ;;		wreg, status,2
    49 ;; Tracked objects:
    50 ;;		On entry : 0/0
    51 ;;		On exit  : 0/0
    52 ;;		Unchanged: 0/0
    53 ;; Data sizes:     COMRAM   BANK0   BANK1   BANK2   BANK3   BANK4   BANK5   BANK6   BANK7
    54 ;;      Params:         0       0       0       0       0       0       0       0       0
    55 ;;      Locals:         0       0       0       0       0       0       0       0       0
    56 ;;      Temps:          0       0       0       0       0       0       0       0       0
    57 ;;      Totals:         0       0       0       0       0       0       0       0       0
    58 ;;Total ram usage:        0 bytes
    59 ;; This function calls:
    60 ;;		Nothing
    61 ;; This function is called by:
    62 ;;		Startup code after reset
    63 ;; This function uses a non-reentrant model
    64 ;;
    65                           
    66                           	psect	text0
    67  007FAE                     __ptext0:
    68                           	opt stack 0
    69  007FAE                     _main:
    70                           	opt stack 31
    71                           
    72                           ;main_LCD_4bits.c: 26: TRISB = 0;
    73                           
    74                           ;incstack = 0
    75  007FAE  0E00               	movlw	0
    76  007FB0  6E93               	movwf	3987,c	;volatile
    77                           
    78                           ;main_LCD_4bits.c: 27: ADCON1 = 0b1111111;
    79  007FB2  0E7F               	movlw	127
    80  007FB4  6EC1               	movwf	4033,c	;volatile
    81  007FB6                     
    82                           ;main_LCD_4bits.c: 29: LATB = 0;
    83  007FB6  0E00               	movlw	0
    84  007FB8  6E8A               	movwf	3978,c	;volatile
    85                           
    86                           ;main_LCD_4bits.c: 32: LATB=0b00000000;
    87                           
    88                           ;main_LCD_4bits.c: 31: do{
    89  007FBA  0E00               	movlw	0
    90  007FBC  6E8A               	movwf	3978,c	;volatile
    91                           
    92                           ;main_LCD_4bits.c: 33: LATB=0b01000011;
    93  007FBE  0E43               	movlw	67
    94  007FC0  6E8A               	movwf	3978,c	;volatile
    95                           
    96                           ;main_LCD_4bits.c: 34: LATB=0b00000011;
    97  007FC2  0E03               	movlw	3
    98  007FC4  6E8A               	movwf	3978,c	;volatile
    99                           
   100                           ;main_LCD_4bits.c: 35: LATB=0b01000011;
   101  007FC6  0E43               	movlw	67
   102  007FC8  6E8A               	movwf	3978,c	;volatile
   103                           
   104                           ;main_LCD_4bits.c: 36: LATB=0b00000011;
   105  007FCA  0E03               	movlw	3
   106  007FCC  6E8A               	movwf	3978,c	;volatile
   107                           
   108                           ;main_LCD_4bits.c: 37: LATB=0b01000011;
   109  007FCE  0E43               	movlw	67
   110  007FD0  6E8A               	movwf	3978,c	;volatile
   111                           
   112                           ;main_LCD_4bits.c: 38: LATB=0b00000011;
   113  007FD2  0E03               	movlw	3
   114  007FD4  6E8A               	movwf	3978,c	;volatile
   115                           
   116                           ;main_LCD_4bits.c: 39: LATB=0b01000010;
   117  007FD6  0E42               	movlw	66
   118  007FD8  6E8A               	movwf	3978,c	;volatile
   119                           
   120                           ;main_LCD_4bits.c: 40: LATB=0b00000010;
   121  007FDA  0E02               	movlw	2
   122  007FDC  6E8A               	movwf	3978,c	;volatile
   123                           
   124                           ;main_LCD_4bits.c: 41: LATB=0b01000010;
   125  007FDE  0E42               	movlw	66
   126  007FE0  6E8A               	movwf	3978,c	;volatile
   127                           
   128                           ;main_LCD_4bits.c: 42: LATB=0b00000010;
   129  007FE2  0E02               	movlw	2
   130  007FE4  6E8A               	movwf	3978,c	;volatile
   131                           
   132                           ;main_LCD_4bits.c: 43: LATB=0b01000001;
   133  007FE6  0E41               	movlw	65
   134  007FE8  6E8A               	movwf	3978,c	;volatile
   135                           
   136                           ;main_LCD_4bits.c: 44: LATB=0b00000001;
   137  007FEA  0E01               	movlw	1
   138  007FEC  6E8A               	movwf	3978,c	;volatile
   139                           
   140                           ;main_LCD_4bits.c: 45: LATB=0b01000000;
   141  007FEE  0E40               	movlw	64
   142  007FF0  6E8A               	movwf	3978,c	;volatile
   143                           
   144                           ;main_LCD_4bits.c: 46: LATB=0b00000000;
   145  007FF2  0E00               	movlw	0
   146  007FF4  6E8A               	movwf	3978,c	;volatile
   147                           
   148                           ;main_LCD_4bits.c: 47: LATB=0b01001111;
   149  007FF6  0E4F               	movlw	79
   150  007FF8  6E8A               	movwf	3978,c	;volatile
   151                           
   152                           ;main_LCD_4bits.c: 48: LATB=0b00001111;
   153  007FFA  0E0F               	movlw	15
   154  007FFC  6E8A               	movwf	3978,c	;volatile
   155  007FFE  D7DB               	goto	L1
   156  008000                     __end_of_main:
   157                           	opt stack 0
   158  0000                     
   159                           	psect	rparam


Data Sizes:
    Strings     0
    Constant    0
    Data        0
    BSS         0
    Persistent  0
    Stack       0

Auto Spaces:
    Space          Size  Autos    Used
    COMRAM           95      0       0
    BANK0           160      0       0
    BANK1           256      0       0
    BANK2           256      0       0
    BANK3           256      0       0
    BANK4           256      0       0
    BANK5           256      0       0
    BANK6           256      0       0
    BANK7           256      0       0

Pointer List with Targets:

    None.

Critical Paths under _main in COMRAM

    None.

Critical Paths under _main in BANK0

    None.

Critical Paths under _main in BANK1

    None.

Critical Paths under _main in BANK2

    None.

Critical Paths under _main in BANK3

    None.

Critical Paths under _main in BANK4

    None.

Critical Paths under _main in BANK5

    None.

Critical Paths under _main in BANK6

    None.

Critical Paths under _main in BANK7

    None.

Call Graph Tables:

 ---------------------------------------------------------------------------------
 (Depth) Function   	        Calls       Base Space   Used Autos Params    Refs
 ---------------------------------------------------------------------------------
 (0) _main                                                 0     0      0       0
 ---------------------------------------------------------------------------------
 Estimated maximum stack depth 0
 ---------------------------------------------------------------------------------

 Call Graph Graphs:

 _main (ROOT)

 Address spaces:
Name               Size   Autos  Total    Cost      Usage
BITCOMRAM           5F      0       0       0        0.0%
EEDATA             100      0       0       0        0.0%
NULL                 0      0       0       0        0.0%
CODE                 0      0       0       0        0.0%
COMRAM              5F      0       0       1        0.0%
STACK                0      0       0       2        0.0%
DATA                 0      0       0       3        0.0%
BITBANK0            A0      0       0       4        0.0%
BANK0               A0      0       0       5        0.0%
BITBANK1           100      0       0       6        0.0%
BANK1              100      0       0       7        0.0%
BITBANK2           100      0       0       8        0.0%
BANK2              100      0       0       9        0.0%
BITBANK3           100      0       0      10        0.0%
BANK3              100      0       0      11        0.0%
BITBANK4           100      0       0      12        0.0%
BANK4              100      0       0      13        0.0%
BITBANK5           100      0       0      14        0.0%
BANK5              100      0       0      15        0.0%
BITBANK6           100      0       0      16        0.0%
BANK6              100      0       0      17        0.0%
BITBANK7           100      0       0      18        0.0%
BANK7              100      0       0      19        0.0%
ABS                  0      0       0      20        0.0%
BIGRAM             7FF      0       0      21        0.0%
BITSFR               0      0       0      40        0.0%
SFR                  0      0       0      40        0.0%


Microchip Technology PIC18 Macro Assembler V1.35 build -356382666 
Symbol Table                                                                                   Tue Sep 20 11:59:08 2022

            __CFG_WDT$ON 000000             __CFG_CPD$OFF 000000             __CFG_FOSC$HS 000000  
           __CFG_LVP$OFF 000000                     _LATB 000F8A                     _main 7FAE  
                   start 0000             ___param_bank 000010                    ?_main 0000  
                  _TRISB 000F93            __CFG_PWRT$OFF 000000          __initialization 7FA8  
           __end_of_main 8000                   ??_main 0000            __activetblptr 000000  
                 _ADCON1 000FC1               __accesstop 0060  __end_of__initialization 7FA8  
          ___rparam_used 000001           __pcstackCOMRAM 0000                  __Hparam 0000  
                __Lparam 0000                  __pcinit 7FA8                  __ramtop 0800  
                __ptext0 7FAE     end_of_initialization 7FA8      start_initialization 7FA8  
               __Hrparam 0000                 __Lrparam 0000            __size_of_main 0052  
