

Microchip Technology PIC18 LITE Macro Assembler V1.35 build -356382666 
                                                                                               Mon Aug 22 12:21:17 2022

Microchip Technology Omniscient Code Generator v1.35 (Free mode) build 201507080246
     1                           	processor	18F4550
     2                           	fnconf	rparam,??,?,0
     3                           	opt	pw 120
     4                           	opt	lm
     5                           	psect	idataCOMRAM,global,class=CODE,delta=1
     6                           	psect	cinit,global,reloc=2,class=CODE,delta=1
     7                           	psect	dataCOMRAM,global,class=COMRAM,space=1,delta=1
     8                           	psect	cstackCOMRAM,global,class=COMRAM,space=1,delta=1
     9                           	psect	text0,global,reloc=2,class=CODE,delta=1
    10                           	psect	intsave_regs,global,class=BIGRAM,space=1,delta=1
    11                           	psect	rparam,global,class=COMRAM,space=1,delta=1
    12  0000                     
    13                           	psect	idataCOMRAM
    14  007F5E                     __pidataCOMRAM:
    15                           	opt stack 0
    16                           
    17                           ;initializer for main@F4443
    18  007F5E  003F               	dw	63
    19  007F60  0006               	dw	6
    20  007F62  005B               	dw	91
    21  007F64  004F               	dw	79
    22  007F66  0066               	dw	102
    23  007F68  006D               	dw	109
    24  007F6A  007D               	dw	125
    25  007F6C  0007               	dw	7
    26  007F6E  007F               	dw	127
    27  007F70  006F               	dw	111
    28  0000                     _ADCON1	set	4033
    29  0000                     _LATB	set	3978
    30  0000                     _PORTB	set	3969
    31  0000                     _PORTD	set	3971
    32  0000                     _TRISB	set	3987
    33  0000                     _TRISD	set	3989
    34                           
    35                           ; #config settings
    36  0000                     
    37                           	psect	cinit
    38  007F72                     __pcinit:
    39                           	opt stack 0
    40  007F72                     start_initialization:
    41                           	opt stack 0
    42  007F72                     __initialization:
    43                           	opt stack 0
    44                           
    45                           ; Initialize objects allocated to COMRAM (20 bytes)
    46                           ; load TBLPTR registers with __pidataCOMRAM
    47  007F72  0E5E               	movlw	low __pidataCOMRAM
    48  007F74  6EF6               	movwf	tblptrl,c
    49  007F76  0E7F               	movlw	high __pidataCOMRAM
    50  007F78  6EF7               	movwf	tblptrh,c
    51  007F7A  0E00               	movlw	low (__pidataCOMRAM shr (0+16))
    52  007F7C  6EF8               	movwf	tblptru,c
    53  007F7E  EE00  F016         	lfsr	0,__pdataCOMRAM
    54  007F82  EE10 F014          	lfsr	1,20
    55  007F86                     copy_data0:
    56  007F86  0009               	tblrd		*+
    57  007F88  CFF5 FFEE          	movff	tablat,postinc0
    58  007F8C  50E5               	movf	postdec1,w,c
    59  007F8E  50E1               	movf	fsr1l,w,c
    60  007F90  E1FA               	bnz	copy_data0
    61  007F92                     end_of_initialization:
    62                           	opt stack 0
    63  007F92                     __end_of__initialization:
    64                           	opt stack 0
    65  007F92  0100               	movlb	0
    66  007F94  EFCC  F03F         	goto	_main	;jump to C main() function
    67                           tblptru	equ	0xFF8
    68                           tblptrh	equ	0xFF7
    69                           tblptrl	equ	0xFF6
    70                           tablat	equ	0xFF5
    71                           postinc0	equ	0xFEE
    72                           postdec1	equ	0xFE5
    73                           fsr1l	equ	0xFE1
    74                           
    75                           	psect	dataCOMRAM
    76  000016                     __pdataCOMRAM:
    77                           	opt stack 0
    78  000016                     main@F4443:
    79                           	opt stack 0
    80  000016                     	ds	20
    81                           tblptru	equ	0xFF8
    82                           tblptrh	equ	0xFF7
    83                           tblptrl	equ	0xFF6
    84                           tablat	equ	0xFF5
    85                           postinc0	equ	0xFEE
    86                           postdec1	equ	0xFE5
    87                           fsr1l	equ	0xFE1
    88                           
    89                           	psect	cstackCOMRAM
    90  000001                     __pcstackCOMRAM:
    91                           	opt stack 0
    92  000001                     ??_main:
    93                           
    94                           ; 0 bytes @ 0x0
    95  000001                     	ds	1
    96  000002                     main@display:
    97                           	opt stack 0
    98                           
    99                           ; 20 bytes @ 0x1
   100  000002                     	ds	20
   101                           tblptru	equ	0xFF8
   102                           tblptrh	equ	0xFF7
   103                           tblptrl	equ	0xFF6
   104                           tablat	equ	0xFF5
   105                           postinc0	equ	0xFEE
   106                           postdec1	equ	0xFE5
   107                           fsr1l	equ	0xFE1
   108                           
   109 ;;
   110 ;;Main: autosize = 0, tempsize = 1, incstack = 0, save=0
   111 ;;
   112 ;; *************** function _main *****************
   113 ;; Defined at:
   114 ;;		line 18 in file "bin_7seg_main.c"
   115 ;; Parameters:    Size  Location     Type
   116 ;;		None
   117 ;; Auto vars:     Size  Location     Type
   118 ;;  display        20    1[COMRAM] int [10]
   119 ;; Return value:  Size  Location     Type
   120 ;;		None               void
   121 ;; Registers used:
   122 ;;		wreg, fsr1l, fsr1h, fsr2l, fsr2h, status,2, status,0
   123 ;; Tracked objects:
   124 ;;		On entry : 0/0
   125 ;;		On exit  : 0/0
   126 ;;		Unchanged: 0/0
   127 ;; Data sizes:     COMRAM   BANK0   BANK1   BANK2   BANK3   BANK4   BANK5   BANK6   BANK7
   128 ;;      Params:         0       0       0       0       0       0       0       0       0
   129 ;;      Locals:        20       0       0       0       0       0       0       0       0
   130 ;;      Temps:          1       0       0       0       0       0       0       0       0
   131 ;;      Totals:        21       0       0       0       0       0       0       0       0
   132 ;;Total ram usage:       21 bytes
   133 ;; This function calls:
   134 ;;		Nothing
   135 ;; This function is called by:
   136 ;;		Startup code after reset
   137 ;; This function uses a non-reentrant model
   138 ;;
   139                           
   140                           	psect	text0
   141  007F98                     __ptext0:
   142                           	opt stack 0
   143  007F98                     _main:
   144                           	opt stack 31
   145                           
   146                           ;bin_7seg_main.c: 19: ADCON1 = 0b1111111;
   147                           
   148                           ;incstack = 0
   149  007F98  0E7F               	movlw	127
   150  007F9A  6EC1               	movwf	4033,c	;volatile
   151                           
   152                           ;bin_7seg_main.c: 21: int display[10]={0x3f, 0x06, 0x5B, 0x4f, 0x66, 0x6D, 0x7D, 0x07, 0
      +                          x7f, 0x6f};
   153  007F9C  EE20  F016         	lfsr	2,main@F4443
   154  007FA0  EE10  F002         	lfsr	1,main@display
   155  007FA4  0E13               	movlw	19
   156  007FA6                     u11:
   157  007FA6  CFDB FFE3          	movff	plusw2,plusw1
   158  007FAA  06E8               	decf	wreg,f,c
   159  007FAC  E2FC               	bc	u11
   160                           
   161                           ;bin_7seg_main.c: 23: TRISD = 1;
   162  007FAE  0E01               	movlw	1
   163  007FB0  6E95               	movwf	3989,c	;volatile
   164                           
   165                           ;bin_7seg_main.c: 24: TRISB = 0;
   166  007FB2  0E00               	movlw	0
   167  007FB4  6E93               	movwf	3987,c	;volatile
   168                           
   169                           ;bin_7seg_main.c: 26: PORTB = 0;
   170  007FB6  0E00               	movlw	0
   171  007FB8  6E81               	movwf	3969,c	;volatile
   172  007FBA                     l633:
   173                           
   174                           ;bin_7seg_main.c: 30: if(PORTD == 0)
   175  007FBA  5083               	movf	3971,w,c	;volatile
   176  007FBC  A4D8               	btfss	status,2,c
   177  007FBE  D00A               	goto	l639
   178                           
   179                           ;bin_7seg_main.c: 31: {
   180                           ;bin_7seg_main.c: 33: LATB = display[0];
   181  007FC0  C002  FF8A         	movff	main@display,3978	;volatile
   182                           
   183                           ;bin_7seg_main.c: 34: _delay((unsigned long)((30)*(20000000/4000.0)));
   184  007FC4  0EC3               	movlw	195
   185  007FC6  6E01               	movwf	??_main& (0+255),c
   186  007FC8  0ECD               	movlw	205
   187  007FCA                     u47:
   188  007FCA  2EE8               	decfsz	wreg,f,c
   189  007FCC  D7FE               	goto	u47
   190  007FCE  2E01               	decfsz	??_main& (0+255),f,c
   191  007FD0  D7FC               	goto	u47
   192  007FD2  D014               	goto	L2
   193  007FD4                     l639:
   194                           
   195                           ;bin_7seg_main.c: 36: else if(PORTD == 1)
   196  007FD4  0483               	decf	3971,w,c	;volatile
   197  007FD6  A4D8               	btfss	status,2,c
   198  007FD8  D00A               	goto	l645
   199                           
   200                           ;bin_7seg_main.c: 37: {
   201                           ;bin_7seg_main.c: 38: LATB = 0b00000110;
   202  007FDA  0E06               	movlw	6
   203  007FDC  6E8A               	movwf	3978,c	;volatile
   204                           
   205                           ;bin_7seg_main.c: 39: _delay((unsigned long)((30)*(20000000/4000.0)));
   206  007FDE  0EC3               	movlw	195
   207  007FE0  6E01               	movwf	??_main& (0+255),c
   208  007FE2  0ECD               	movlw	205
   209  007FE4                     u57:
   210  007FE4  2EE8               	decfsz	wreg,f,c
   211  007FE6  D7FE               	goto	u57
   212  007FE8  2E01               	decfsz	??_main& (0+255),f,c
   213  007FEA  D7FC               	goto	u57
   214  007FEC  D007               	goto	L2
   215  007FEE                     l645:
   216                           
   217                           ;bin_7seg_main.c: 41: else
   218                           ;bin_7seg_main.c: 42: {
   219                           ;bin_7seg_main.c: 43: _delay((unsigned long)((30)*(20000000/4000.0)));
   220  007FEE  0EC3               	movlw	195
   221  007FF0  6E01               	movwf	??_main& (0+255),c
   222  007FF2  0ECD               	movlw	205
   223  007FF4                     u67:
   224  007FF4  2EE8               	decfsz	wreg,f,c
   225  007FF6  D7FE               	goto	u67
   226  007FF8  2E01               	decfsz	??_main& (0+255),f,c
   227  007FFA  D7FC               	goto	u67
   228  007FFC                     L2:
   229  007FFC  F000               	nop	
   230                           
   231                           ;bin_7seg_main.c: 44: }
   232                           ;bin_7seg_main.c: 46: }while(1);
   233  007FFE  D7DD               	goto	l633
   234  008000                     __end_of_main:
   235                           	opt stack 0
   236  0000                     tblptru	equ	0xFF8
   237                           tblptrh	equ	0xFF7
   238                           tblptrl	equ	0xFF6
   239                           tablat	equ	0xFF5
   240                           postinc0	equ	0xFEE
   241                           wreg	equ	0xFE8
   242                           postdec1	equ	0xFE5
   243                           plusw1	equ	0xFE3
   244                           fsr1l	equ	0xFE1
   245                           plusw2	equ	0xFDB
   246                           status	equ	0xFD8
   247                           tblptru	equ	0xFF8
   248                           tblptrh	equ	0xFF7
   249                           tblptrl	equ	0xFF6
   250                           tablat	equ	0xFF5
   251                           postinc0	equ	0xFEE
   252                           wreg	equ	0xFE8
   253                           postdec1	equ	0xFE5
   254                           plusw1	equ	0xFE3
   255                           fsr1l	equ	0xFE1
   256                           plusw2	equ	0xFDB
   257                           status	equ	0xFD8
   258                           
   259                           	psect	rparam
   260  0000                     tblptru	equ	0xFF8
   261                           tblptrh	equ	0xFF7
   262                           tblptrl	equ	0xFF6
   263                           tablat	equ	0xFF5
   264                           postinc0	equ	0xFEE
   265                           wreg	equ	0xFE8
   266                           postdec1	equ	0xFE5
   267                           plusw1	equ	0xFE3
   268                           fsr1l	equ	0xFE1
   269                           plusw2	equ	0xFDB
   270                           status	equ	0xFD8


Data Sizes:
    Strings     0
    Constant    0
    Data        20
    BSS         0
    Persistent  0
    Stack       0

Auto Spaces:
    Space          Size  Autos    Used
    COMRAM           95     21      41
    BANK0           160      0       0
    BANK1           256      0       0
    BANK2           256      0       0
    BANK3           256      0       0
    BANK4           256      0       0
    BANK5           256      0       0
    BANK6           256      0       0
    BANK7           256      0       0

Pointer List with Targets:

    None.

Critical Paths under _main in COMRAM

    None.

Critical Paths under _main in BANK0

    None.

Critical Paths under _main in BANK1

    None.

Critical Paths under _main in BANK2

    None.

Critical Paths under _main in BANK3

    None.

Critical Paths under _main in BANK4

    None.

Critical Paths under _main in BANK5

    None.

Critical Paths under _main in BANK6

    None.

Critical Paths under _main in BANK7

    None.

Call Graph Tables:

 ---------------------------------------------------------------------------------
 (Depth) Function   	        Calls       Base Space   Used Autos Params    Refs
 ---------------------------------------------------------------------------------
 (0) _main                                                21    21      0      15
                                              0 COMRAM    21    21      0
 ---------------------------------------------------------------------------------
 Estimated maximum stack depth 0
 ---------------------------------------------------------------------------------

 Call Graph Graphs:

 _main (ROOT)

 Address spaces:
Name               Size   Autos  Total    Cost      Usage
BIGRAM             7FF      0       0      21        0.0%
EEDATA             100      0       0       0        0.0%
BITBANK7           100      0       0      18        0.0%
BANK7              100      0       0      19        0.0%
BITBANK6           100      0       0      16        0.0%
BANK6              100      0       0      17        0.0%
BITBANK5           100      0       0      14        0.0%
BANK5              100      0       0      15        0.0%
BITBANK4           100      0       0      12        0.0%
BANK4              100      0       0      13        0.0%
BITBANK3           100      0       0      10        0.0%
BANK3              100      0       0      11        0.0%
BITBANK2           100      0       0       8        0.0%
BANK2              100      0       0       9        0.0%
BITBANK1           100      0       0       6        0.0%
BANK1              100      0       0       7        0.0%
BITBANK0            A0      0       0       4        0.0%
BANK0               A0      0       0       5        0.0%
BITCOMRAM           5F      0       0       0        0.0%
COMRAM              5F     15      29       1       43.2%
BITSFR               0      0       0      40        0.0%
SFR                  0      0       0      40        0.0%
STACK                0      0       0       2        0.0%
NULL                 0      0       0       0        0.0%
ABS                  0      0      29      20        0.0%
DATA                 0      0      29       3        0.0%
CODE                 0      0       0       0        0.0%


Microchip Technology PIC18 Macro Assembler V1.35 build -356382666 
Symbol Table                                                                                   Mon Aug 22 12:21:17 2022

                     u11 7FA6                       u47 7FCA                       u57 7FE4  
                     u67 7FF4              __CFG_WDT$ON 000000                      l633 7FBA  
                    l645 7FEE                      l639 7FD4             __CFG_CPD$OFF 000000  
                    wreg 000FE8             __CFG_FOSC$HS 000000             __CFG_LVP$OFF 000000  
            main@display 0002                     _LATB 000F8A                     _main 7F98  
                   fsr1l 000FE1                     start 0000             ___param_bank 000010  
                  ?_main 0001                    _PORTB 000F81                    _PORTD 000F83  
                  _TRISB 000F93                    _TRISD 000F95            __CFG_PWRT$OFF 000000  
                  tablat 000FF5                    plusw1 000FE3                    plusw2 000FDB  
                  status 000FD8          __initialization 7F72             __end_of_main 8000  
                 ??_main 0001            __activetblptr 000000                   _ADCON1 000FC1  
           __pdataCOMRAM 0016                   tblptrh 000FF7                   tblptrl 000FF6  
                 tblptru 000FF8               __accesstop 0060  __end_of__initialization 7F92  
          ___rparam_used 000001           __pcstackCOMRAM 0001                  __Hparam 0000  
                __Lparam 0000                  __pcinit 7F72                  __ramtop 0800  
                __ptext0 7F98     end_of_initialization 7F92                  postdec1 000FE5  
                postinc0 000FEE            __pidataCOMRAM 7F5E      start_initialization 7F72  
              main@F4443 0016                copy_data0 7F86                 __Hrparam 0000  
               __Lrparam 0000            __size_of_main 0068  
