

Microchip Technology PIC18 LITE Macro Assembler V1.35 build -356382666 
                                                                                               Thu Jul 14 17:54:56 2022

Microchip Technology Omniscient Code Generator v1.35 (Free mode) build 201507080246
     1                           	processor	18F4550
     2                           	fnconf	rparam,??,?,0
     3                           	opt	pw 120
     4                           	opt	lm
     5                           	psect	cinit,global,reloc=2,class=CODE,delta=1
     6                           	psect	cstackCOMRAM,global,class=COMRAM,space=1,delta=1
     7                           	psect	text0,global,reloc=2,class=CODE,delta=1
     8                           	psect	text1,global,reloc=2,class=CODE,delta=1
     9                           	psect	text2,global,reloc=2,class=CODE,delta=1
    10                           	psect	text3,global,reloc=2,class=CODE,delta=1
    11                           	psect	intsave_regs,global,class=BIGRAM,space=1,delta=1
    12                           	psect	rparam,global,class=COMRAM,space=1,delta=1
    13  0000                     _CCP1CON	set	4029
    14  0000                     _CCPR1L	set	4030
    15  0000                     _PIE1bits	set	3997
    16  0000                     _PIR1bits	set	3998
    17  0000                     _PR2	set	4043
    18  0000                     _T2CON	set	4042
    19  0000                     _T2CONbits	set	4042
    20  0000                     _TMR2	set	4044
    21  0000                     _TRISC	set	3988
    22  0000                     _TRISCbits	set	3988
    23                           
    24                           ; #config settings
    25  0000                     
    26                           	psect	cinit
    27  007F70                     __pcinit:
    28                           	opt stack 0
    29  007F70                     start_initialization:
    30                           	opt stack 0
    31  007F70                     __initialization:
    32                           	opt stack 0
    33  007F70                     end_of_initialization:
    34                           	opt stack 0
    35  007F70                     __end_of__initialization:
    36                           	opt stack 0
    37  007F70  0100               	movlb	0
    38  007F72  EFD2  F03F         	goto	_main	;jump to C main() function
    39                           
    40                           	psect	cstackCOMRAM
    41  000001                     __pcstackCOMRAM:
    42                           	opt stack 0
    43  000001                     OpenPWM1@period:
    44                           	opt stack 0
    45  000001                     OpenTimer2@config:
    46                           	opt stack 0
    47  000001                     SetDCPWM1@dutycycle:
    48                           	opt stack 0
    49                           
    50                           ; 2 bytes @ 0x0
    51  000001                     	ds	2
    52  000003                     ??_SetDCPWM1:
    53                           
    54                           ; 0 bytes @ 0x2
    55  000003                     	ds	2
    56  000005                     SetDCPWM1@DCycle:
    57                           	opt stack 0
    58                           
    59                           ; 2 bytes @ 0x4
    60  000005                     	ds	2
    61  000007                     main@prescaler:
    62                           	opt stack 0
    63                           
    64                           ; 1 bytes @ 0x6
    65  000007                     	ds	1
    66                           
    67 ;;
    68 ;;Main: autosize = 0, tempsize = 0, incstack = 0, save=0
    69 ;;
    70 ;; *************** function _main *****************
    71 ;; Defined at:
    72 ;;		line 24 in file "main_pwm.c"
    73 ;; Parameters:    Size  Location     Type
    74 ;;		None
    75 ;; Auto vars:     Size  Location     Type
    76 ;;  prescaler       1    6[COMRAM] unsigned char 
    77 ;; Return value:  Size  Location     Type
    78 ;;		None               void
    79 ;; Registers used:
    80 ;;		wreg, status,2, status,0, cstack
    81 ;; Tracked objects:
    82 ;;		On entry : 0/0
    83 ;;		On exit  : 0/0
    84 ;;		Unchanged: 0/0
    85 ;; Data sizes:     COMRAM   BANK0   BANK1   BANK2   BANK3   BANK4   BANK5   BANK6   BANK7
    86 ;;      Params:         0       0       0       0       0       0       0       0       0
    87 ;;      Locals:         1       0       0       0       0       0       0       0       0
    88 ;;      Temps:          0       0       0       0       0       0       0       0       0
    89 ;;      Totals:         1       0       0       0       0       0       0       0       0
    90 ;;Total ram usage:        1 bytes
    91 ;; Hardware stack levels required when called:    1
    92 ;; This function calls:
    93 ;;		_OpenPWM1
    94 ;;		_OpenTimer2
    95 ;;		_SetDCPWM1
    96 ;; This function is called by:
    97 ;;		Startup code after reset
    98 ;; This function uses a non-reentrant model
    99 ;;
   100                           
   101                           	psect	text0
   102  007FA4                     __ptext0:
   103                           	opt stack 0
   104  007FA4                     _main:
   105                           	opt stack 30
   106                           
   107                           ;main_pwm.c: 26: TRISC = 0;
   108                           
   109                           ;incstack = 0
   110  007FA4  0E00               	movlw	0
   111  007FA6  6E94               	movwf	3988,c	;volatile
   112                           
   113                           ;main_pwm.c: 28: unsigned char prescaler = 0b11111110;
   114  007FA8  0EFE               	movlw	254
   115  007FAA  6E07               	movwf	main@prescaler,c
   116                           
   117                           ;main_pwm.c: 30: OpenTimer2(prescaler);
   118  007FAC  5007               	movf	main@prescaler,w,c
   119  007FAE  ECC4  F03F         	call	_OpenTimer2
   120                           
   121                           ;main_pwm.c: 32: OpenPWM1(0x68);
   122  007FB2  0E68               	movlw	104
   123  007FB4  ECBB  F03F         	call	_OpenPWM1
   124  007FB8                     l706:
   125                           
   126                           ;main_pwm.c: 35: {
   127                           ;main_pwm.c: 36: SetDCPWM1(312);
   128  007FB8  0E01               	movlw	1
   129  007FBA  6E02               	movwf	SetDCPWM1@dutycycle+1,c
   130  007FBC  0E38               	movlw	56
   131  007FBE  6E01               	movwf	SetDCPWM1@dutycycle,c
   132  007FC0  ECE3  F03F         	call	_SetDCPWM1	;wreg free
   133  007FC4  D7F9               	goto	l706
   134  007FC6                     __end_of_main:
   135                           	opt stack 0
   136                           
   137 ;; *************** function _SetDCPWM1 *****************
   138 ;; Defined at:
   139 ;;		line 7 in file "C:\Program Files (x86)\Microchip\xc8\v1.35\sources\pic18\plib\PWM\pw1setdc.c"
   140 ;; Parameters:    Size  Location     Type
   141 ;;  dutycycle       2    0[COMRAM] unsigned int 
   142 ;; Auto vars:     Size  Location     Type
   143 ;;  DCycle          2    4[COMRAM] struct PWMDC
   144 ;; Return value:  Size  Location     Type
   145 ;;		None               void
   146 ;; Registers used:
   147 ;;		wreg, status,2, status,0
   148 ;; Tracked objects:
   149 ;;		On entry : 0/0
   150 ;;		On exit  : 0/0
   151 ;;		Unchanged: 0/0
   152 ;; Data sizes:     COMRAM   BANK0   BANK1   BANK2   BANK3   BANK4   BANK5   BANK6   BANK7
   153 ;;      Params:         2       0       0       0       0       0       0       0       0
   154 ;;      Locals:         2       0       0       0       0       0       0       0       0
   155 ;;      Temps:          2       0       0       0       0       0       0       0       0
   156 ;;      Totals:         6       0       0       0       0       0       0       0       0
   157 ;;Total ram usage:        6 bytes
   158 ;; Hardware stack levels used:    1
   159 ;; This function calls:
   160 ;;		Nothing
   161 ;; This function is called by:
   162 ;;		_main
   163 ;; This function uses a non-reentrant model
   164 ;;
   165                           
   166                           	psect	text1
   167  007FC6                     __ptext1:
   168                           	opt stack 0
   169  007FC6                     _SetDCPWM1:
   170                           	opt stack 30
   171                           
   172                           ;incstack = 0
   173  007FC6  C001  F003         	movff	SetDCPWM1@dutycycle,??_SetDCPWM1
   174  007FCA  C002  F004         	movff	SetDCPWM1@dutycycle+1,??_SetDCPWM1+1
   175  007FCE  0E06               	movlw	6
   176  007FD0                     u35:
   177  007FD0  90D8               	bcf	status,0,c
   178  007FD2  3603               	rlcf	??_SetDCPWM1,f,c
   179  007FD4  3604               	rlcf	??_SetDCPWM1+1,f,c
   180  007FD6  2EE8               	decfsz	wreg,f,c
   181  007FD8  D7FB               	goto	u35
   182  007FDA  C003  F005         	movff	??_SetDCPWM1,SetDCPWM1@DCycle
   183  007FDE  C004  F006         	movff	??_SetDCPWM1+1,SetDCPWM1@DCycle+1
   184  007FE2  C006  FFBE         	movff	SetDCPWM1@DCycle+1,4030	;volatile
   185  007FE6  C005  F003         	movff	SetDCPWM1@DCycle,??_SetDCPWM1
   186  007FEA  90D8               	bcf	status,0,c
   187  007FEC  3203               	rrcf	??_SetDCPWM1,f,c
   188  007FEE  90D8               	bcf	status,0,c
   189  007FF0  3203               	rrcf	??_SetDCPWM1,f,c
   190  007FF2  0E30               	movlw	48
   191  007FF4  1603               	andwf	??_SetDCPWM1,f,c
   192  007FF6  50BD               	movf	4029,w,c	;volatile
   193  007FF8  0BCF               	andlw	207
   194  007FFA  1003               	iorwf	??_SetDCPWM1,w,c
   195  007FFC  6EBD               	movwf	4029,c	;volatile
   196  007FFE  0012               	return		;funcret
   197  008000                     __end_of_SetDCPWM1:
   198                           	opt stack 0
   199                           wreg	equ	0xFE8
   200                           status	equ	0xFD8
   201                           
   202 ;; *************** function _OpenTimer2 *****************
   203 ;; Defined at:
   204 ;;		line 17 in file "C:\Program Files (x86)\Microchip\xc8\v1.35\sources\pic18\plib\Timers\t2open.c"
   205 ;; Parameters:    Size  Location     Type
   206 ;;  config          1    wreg     unsigned char 
   207 ;; Auto vars:     Size  Location     Type
   208 ;;  config          1    0[COMRAM] unsigned char 
   209 ;; Return value:  Size  Location     Type
   210 ;;		None               void
   211 ;; Registers used:
   212 ;;		wreg, status,2, status,0
   213 ;; Tracked objects:
   214 ;;		On entry : 0/0
   215 ;;		On exit  : 0/0
   216 ;;		Unchanged: 0/0
   217 ;; Data sizes:     COMRAM   BANK0   BANK1   BANK2   BANK3   BANK4   BANK5   BANK6   BANK7
   218 ;;      Params:         0       0       0       0       0       0       0       0       0
   219 ;;      Locals:         1       0       0       0       0       0       0       0       0
   220 ;;      Temps:          0       0       0       0       0       0       0       0       0
   221 ;;      Totals:         1       0       0       0       0       0       0       0       0
   222 ;;Total ram usage:        1 bytes
   223 ;; Hardware stack levels used:    1
   224 ;; This function calls:
   225 ;;		Nothing
   226 ;; This function is called by:
   227 ;;		_main
   228 ;; This function uses a non-reentrant model
   229 ;;
   230                           
   231                           	psect	text2
   232  007F88                     __ptext2:
   233                           	opt stack 0
   234  007F88                     _OpenTimer2:
   235                           	opt stack 30
   236                           
   237                           ;incstack = 0
   238                           ;OpenTimer2@config stored from wreg
   239  007F88  6E01               	movwf	OpenTimer2@config,c
   240  007F8A  5001               	movf	OpenTimer2@config,w,c
   241  007F8C  0BFB               	andlw	251
   242  007F8E  6ECA               	movwf	4042,c	;volatile
   243  007F90  0E00               	movlw	0
   244  007F92  6ECC               	movwf	4044,c	;volatile
   245  007F94  929E               	bcf	3998,1,c	;volatile
   246  007F96  AE01               	btfss	OpenTimer2@config,7,c
   247  007F98  D002               	goto	l48
   248  007F9A  829D               	bsf	3997,1,c	;volatile
   249  007F9C  D001               	goto	l49
   250  007F9E                     l48:
   251  007F9E  929D               	bcf	3997,1,c	;volatile
   252  007FA0                     l49:
   253  007FA0  84CA               	bsf	4042,2,c	;volatile
   254  007FA2  0012               	return		;funcret
   255  007FA4                     __end_of_OpenTimer2:
   256                           	opt stack 0
   257                           wreg	equ	0xFE8
   258                           status	equ	0xFD8
   259                           
   260 ;; *************** function _OpenPWM1 *****************
   261 ;; Defined at:
   262 ;;		line 8 in file "C:\Program Files (x86)\Microchip\xc8\v1.35\sources\pic18\plib\PWM\pw1open.c"
   263 ;; Parameters:    Size  Location     Type
   264 ;;  period          1    wreg     unsigned char 
   265 ;; Auto vars:     Size  Location     Type
   266 ;;  period          1    0[COMRAM] unsigned char 
   267 ;; Return value:  Size  Location     Type
   268 ;;		None               void
   269 ;; Registers used:
   270 ;;		wreg, status,2, status,0
   271 ;; Tracked objects:
   272 ;;		On entry : 0/0
   273 ;;		On exit  : 0/0
   274 ;;		Unchanged: 0/0
   275 ;; Data sizes:     COMRAM   BANK0   BANK1   BANK2   BANK3   BANK4   BANK5   BANK6   BANK7
   276 ;;      Params:         0       0       0       0       0       0       0       0       0
   277 ;;      Locals:         1       0       0       0       0       0       0       0       0
   278 ;;      Temps:          0       0       0       0       0       0       0       0       0
   279 ;;      Totals:         1       0       0       0       0       0       0       0       0
   280 ;;Total ram usage:        1 bytes
   281 ;; Hardware stack levels used:    1
   282 ;; This function calls:
   283 ;;		Nothing
   284 ;; This function is called by:
   285 ;;		_main
   286 ;; This function uses a non-reentrant model
   287 ;;
   288                           
   289                           	psect	text3
   290  007F76                     __ptext3:
   291                           	opt stack 0
   292  007F76                     _OpenPWM1:
   293                           	opt stack 30
   294                           
   295                           ;incstack = 0
   296                           ;OpenPWM1@period stored from wreg
   297  007F76  6E01               	movwf	OpenPWM1@period,c
   298  007F78  0E0C               	movlw	12
   299  007F7A  12BD               	iorwf	4029,f,c	;volatile
   300  007F7C  9494               	bcf	3988,2,c	;volatile
   301  007F7E  94CA               	bcf	4042,2,c	;volatile
   302  007F80  C001  FFCB         	movff	OpenPWM1@period,4043	;volatile
   303  007F84  84CA               	bsf	4042,2,c	;volatile
   304  007F86  0012               	return		;funcret
   305  007F88                     __end_of_OpenPWM1:
   306                           	opt stack 0
   307  0000                     wreg	equ	0xFE8
   308                           status	equ	0xFD8
   309                           wreg	equ	0xFE8
   310                           status	equ	0xFD8
   311                           
   312                           	psect	rparam
   313  0000                     wreg	equ	0xFE8
   314                           status	equ	0xFD8


Data Sizes:
    Strings     0
    Constant    0
    Data        0
    BSS         0
    Persistent  0
    Stack       0

Auto Spaces:
    Space          Size  Autos    Used
    COMRAM           95      7       7
    BANK0           160      0       0
    BANK1           256      0       0
    BANK2           256      0       0
    BANK3           256      0       0
    BANK4           256      0       0
    BANK5           256      0       0
    BANK6           256      0       0
    BANK7           256      0       0

Pointer List with Targets:

    None.

Critical Paths under _main in COMRAM

    _main->_SetDCPWM1

Critical Paths under _main in BANK0

    None.

Critical Paths under _main in BANK1

    None.

Critical Paths under _main in BANK2

    None.

Critical Paths under _main in BANK3

    None.

Critical Paths under _main in BANK4

    None.

Critical Paths under _main in BANK5

    None.

Critical Paths under _main in BANK6

    None.

Critical Paths under _main in BANK7

    None.

Call Graph Tables:

 ---------------------------------------------------------------------------------
 (Depth) Function   	        Calls       Base Space   Used Autos Params    Refs
 ---------------------------------------------------------------------------------
 (0) _main                                                 1     1      0     200
                                              6 COMRAM     1     1      0
                           _OpenPWM1
                         _OpenTimer2
                          _SetDCPWM1
 ---------------------------------------------------------------------------------
 (1) _SetDCPWM1                                            6     4      2     132
                                              0 COMRAM     6     4      2
 ---------------------------------------------------------------------------------
 (1) _OpenTimer2                                           1     1      0      30
                                              0 COMRAM     1     1      0
 ---------------------------------------------------------------------------------
 (1) _OpenPWM1                                             1     1      0      15
                                              0 COMRAM     1     1      0
 ---------------------------------------------------------------------------------
 Estimated maximum stack depth 1
 ---------------------------------------------------------------------------------

 Call Graph Graphs:

 _main (ROOT)
   _OpenPWM1
   _OpenTimer2
   _SetDCPWM1

 Address spaces:
Name               Size   Autos  Total    Cost      Usage
BITCOMRAM           5F      0       0       0        0.0%
EEDATA             100      0       0       0        0.0%
NULL                 0      0       0       0        0.0%
CODE                 0      0       0       0        0.0%
COMRAM              5F      7       7       1        7.4%
STACK                0      0       0       2        0.0%
DATA                 0      0       0       3        0.0%
BITBANK0            A0      0       0       4        0.0%
BANK0               A0      0       0       5        0.0%
BITBANK1           100      0       0       6        0.0%
BANK1              100      0       0       7        0.0%
BITBANK2           100      0       0       8        0.0%
BANK2              100      0       0       9        0.0%
BITBANK3           100      0       0      10        0.0%
BANK3              100      0       0      11        0.0%
BITBANK4           100      0       0      12        0.0%
BANK4              100      0       0      13        0.0%
BITBANK5           100      0       0      14        0.0%
BANK5              100      0       0      15        0.0%
BITBANK6           100      0       0      16        0.0%
BANK6              100      0       0      17        0.0%
BITBANK7           100      0       0      18        0.0%
BANK7              100      0       0      19        0.0%
ABS                  0      0       0      20        0.0%
BIGRAM             7FF      0       0      21        0.0%
BITSFR               0      0       0      40        0.0%
SFR                  0      0       0      40        0.0%


Microchip Technology PIC18 Macro Assembler V1.35 build -356382666 
Symbol Table                                                                                   Thu Jul 14 17:54:56 2022

                     l48 7F9E                       l49 7FA0                       u35 7FD0  
                    l706 7FB8                      _PR2 000FCB             __CFG_BOR$OFF 000000  
                    wreg 000FE8             __CFG_LVP$OFF 000000             __CFG_WDT$OFF 000000  
                   _TMR2 000FCC                     _main 7FA4                     start 0000  
          __CFG_IESO$OFF 000000            __CFG_MCLRE$ON 000000             ___param_bank 000010  
          __CFG_PLLDIV$5 000000                    ?_main 0001                    _T2CON 000FCA  
          __CFG_USBDIV$2 000000                    _TRISC 000F94            __CFG_PWRT$OFF 000000  
         __CFG_FCMEN$OFF 000000                    status 000FD8           __CFG_ICPRT$OFF 000000  
        __initialization 7F70             __end_of_main 7FC6         __end_of_OpenPWM1 7F88  
                 ??_main 0007            __activetblptr 000000                   _CCPR1L 000FBE  
             _OpenTimer2 7F88       __size_of_SetDCPWM1 003A           __CFG_XINST$OFF 000000  
         __CFG_STVREN$ON 000000         OpenTimer2@config 0001            main@prescaler 0007  
             __accesstop 0060  __end_of__initialization 7F70          __CFG_PBADEN$OFF 000000  
          ___rparam_used 000001           __pcstackCOMRAM 0001        __end_of_SetDCPWM1 8000  
            ?_OpenTimer2 0001                ?_OpenPWM1 0001                  _CCP1CON 000FBD  
        __CFG_VREGEN$OFF 000000               ??_OpenPWM1 0001                  __Hparam 0000  
                __Lparam 0000                  __pcinit 7F70                  __ramtop 0800  
    __size_of_OpenTimer2 001C                  __ptext0 7FA4                  __ptext1 7FC6  
                __ptext2 7F88                  __ptext3 7F76                _T2CONbits 000FCA  
   end_of_initialization 7F70                _TRISCbits 000F94      start_initialization 7F70  
              _SetDCPWM1 7FC6          SetDCPWM1@DCycle 0005             ??_OpenTimer2 0001  
      __size_of_OpenPWM1 0012         __CFG_LPT1OSC$OFF 000000       __end_of_OpenTimer2 7FA4  
             ?_SetDCPWM1 0001                 _PIE1bits 000F9D                 _PIR1bits 000F9E  
       __CFG_WDTPS$32768 000000              ??_SetDCPWM1 0003       SetDCPWM1@dutycycle 0001  
               _OpenPWM1 7F76                 __Hrparam 0000                 __Lrparam 0000  
         OpenPWM1@period 0001            __size_of_main 0022    __CFG_CPUDIV$OSC1_PLL2 000000  
     __CFG_FOSC$HSPLL_HS 000000  
