

Microchip Technology PIC18 LITE Macro Assembler V1.35 build -356382666 
                                                                                               Mon Jun 13 17:58:01 2022

Microchip Technology Omniscient Code Generator v1.35 (Free mode) build 201507080246
     1                           	processor	18F4550
     2                           	fnconf	rparam,??,?,0
     3                           	opt	pw 120
     4                           	opt	lm
     5                           	psect	idataCOMRAM,global,class=CODE,delta=1
     6                           	psect	cinit,global,reloc=2,class=CODE,delta=1
     7                           	psect	bssCOMRAM,global,class=COMRAM,space=1,delta=1
     8                           	psect	dataCOMRAM,global,class=COMRAM,space=1,delta=1
     9                           	psect	cstackCOMRAM,global,class=COMRAM,space=1,delta=1
    10                           	psect	text0,global,reloc=2,class=CODE,delta=1
    11                           	psect	intcode,global,reloc=2,class=CODE,delta=1
    12                           	psect	intcode_body,global,reloc=2,class=CODE,delta=1
    13                           	psect	intsave_regs,global,class=BIGRAM,space=1,delta=1
    14                           	psect	rparam,global,class=COMRAM,space=1,delta=1
    15                           	psect	temp,global,ovrld,common,class=COMRAM,space=1,delta=1
    16  0000                     
    17                           	psect	idataCOMRAM
    18  000132                     __pidataCOMRAM:
    19                           	opt stack 0
    20                           
    21                           ;initializer for _DEC
    22  000132  007F               	dw	127
    23  000134  000C               	dw	12
    24  000136  00B6               	dw	182
    25  000138  009E               	dw	158
    26  00013A  00CC               	dw	204
    27  00013C  00DA               	dw	218
    28  00013E  00FA               	dw	250
    29  000140  000E               	dw	14
    30  000142  00FE               	dw	254
    31  000144  00DE               	dw	222
    32                           
    33                           ;initializer for _UNI
    34  000146  003F               	dw	63
    35  000148  0006               	dw	6
    36  00014A  005B               	dw	91
    37  00014C  004F               	dw	79
    38  00014E  0066               	dw	102
    39  000150  006D               	dw	109
    40  000152  007D               	dw	125
    41  000154  0007               	dw	7
    42  000156  007F               	dw	127
    43  000158  0067               	dw	103
    44  0000                     _ADCON1	set	4033
    45  0000                     _INTCON2bits	set	4081
    46  0000                     _INTCONbits	set	4082
    47  0000                     _LATB	set	3978
    48  0000                     _LATD	set	3980
    49  0000                     _RCONbits	set	4048
    50  0000                     _TRISB	set	3987
    51  0000                     _TRISBbits	set	3987
    52  0000                     _TRISD	set	3989
    53                           
    54                           ; #config settings
    55  0000                     
    56                           	psect	cinit
    57  0000FE                     __pcinit:
    58                           	opt stack 0
    59  0000FE                     start_initialization:
    60                           	opt stack 0
    61  0000FE                     __initialization:
    62                           	opt stack 0
    63                           
    64                           ; Clear objects allocated to COMRAM (5 bytes)
    65  0000FE  6A3B               	clrf	(__pbssCOMRAM+4)& (0+255),c
    66  000100  6A3A               	clrf	(__pbssCOMRAM+3)& (0+255),c
    67  000102  6A39               	clrf	(__pbssCOMRAM+2)& (0+255),c
    68  000104  6A38               	clrf	(__pbssCOMRAM+1)& (0+255),c
    69  000106  6A37               	clrf	__pbssCOMRAM& (0+255),c
    70                           
    71                           ; Initialize objects allocated to COMRAM (40 bytes)
    72                           ; load TBLPTR registers with __pidataCOMRAM
    73  000108  0E32               	movlw	low __pidataCOMRAM
    74  00010A  6EF6               	movwf	tblptrl,c
    75  00010C  0E01               	movlw	high __pidataCOMRAM
    76  00010E  6EF7               	movwf	tblptrh,c
    77  000110  0E00               	movlw	low (__pidataCOMRAM shr (0+16))
    78  000112  6EF8               	movwf	tblptru,c
    79  000114  EE00  F001         	lfsr	0,__pdataCOMRAM
    80  000118  EE10 F028          	lfsr	1,40
    81  00011C                     copy_data0:
    82  00011C  0009               	tblrd		*+
    83  00011E  CFF5 FFEE          	movff	tablat,postinc0
    84  000122  50E5               	movf	postdec1,w,c
    85  000124  50E1               	movf	fsr1l,w,c
    86  000126  E1FA               	bnz	copy_data0
    87  000128                     end_of_initialization:
    88                           	opt stack 0
    89  000128                     __end_of__initialization:
    90                           	opt stack 0
    91  000128  903C               	bcf	int$flags,0,c	;clear compiler interrupt flag (level 1)
    92  00012A  923C               	bcf	int$flags,1,c	;clear compiler interrupt flag (level 2)
    93  00012C  0100               	movlb	0
    94  00012E  EF5C  F000         	goto	_main	;jump to C main() function
    95                           tblptru	equ	0xFF8
    96                           tblptrh	equ	0xFF7
    97                           tblptrl	equ	0xFF6
    98                           tablat	equ	0xFF5
    99                           postinc0	equ	0xFEE
   100                           postdec1	equ	0xFE5
   101                           fsr1l	equ	0xFE1
   102                           
   103                           	psect	bssCOMRAM
   104  000037                     __pbssCOMRAM:
   105                           	opt stack 0
   106  000037                     _decenas:
   107                           	opt stack 0
   108  000037                     	ds	2
   109  000039                     _unidades:
   110                           	opt stack 0
   111  000039                     	ds	2
   112  00003B                     _i:
   113                           	opt stack 0
   114  00003B                     	ds	1
   115                           tblptru	equ	0xFF8
   116                           tblptrh	equ	0xFF7
   117                           tblptrl	equ	0xFF6
   118                           tablat	equ	0xFF5
   119                           postinc0	equ	0xFEE
   120                           postdec1	equ	0xFE5
   121                           fsr1l	equ	0xFE1
   122                           
   123                           	psect	dataCOMRAM
   124  000001                     __pdataCOMRAM:
   125                           	opt stack 0
   126  000001                     _DEC:
   127                           	opt stack 0
   128  000001                     	ds	20
   129  000015                     _UNI:
   130                           	opt stack 0
   131  000015                     	ds	20
   132                           tblptru	equ	0xFF8
   133                           tblptrh	equ	0xFF7
   134                           tblptrl	equ	0xFF6
   135                           tablat	equ	0xFF5
   136                           postinc0	equ	0xFEE
   137                           postdec1	equ	0xFE5
   138                           fsr1l	equ	0xFE1
   139                           
   140                           	psect	cstackCOMRAM
   141  000029                     __pcstackCOMRAM:
   142                           	opt stack 0
   143  000029                     ??_INT_EXT_0:
   144                           
   145                           ; 0 bytes @ 0x0
   146  000029                     	ds	14
   147  000037                     tblptru	equ	0xFF8
   148                           tblptrh	equ	0xFF7
   149                           tblptrl	equ	0xFF6
   150                           tablat	equ	0xFF5
   151                           postinc0	equ	0xFEE
   152                           postdec1	equ	0xFE5
   153                           fsr1l	equ	0xFE1
   154                           
   155                           ; 0 bytes @ 0xE
   156 ;;
   157 ;;Main: autosize = 0, tempsize = 0, incstack = 0, save=0
   158 ;;
   159 ;; *************** function _main *****************
   160 ;; Defined at:
   161 ;;		line 19 in file "main_repe.c"
   162 ;; Parameters:    Size  Location     Type
   163 ;;		None
   164 ;; Auto vars:     Size  Location     Type
   165 ;;		None
   166 ;; Return value:  Size  Location     Type
   167 ;;		None               void
   168 ;; Registers used:
   169 ;;		wreg, fsr2l, fsr2h, status,2, status,0
   170 ;; Tracked objects:
   171 ;;		On entry : 0/0
   172 ;;		On exit  : 0/0
   173 ;;		Unchanged: 0/0
   174 ;; Data sizes:     COMRAM   BANK0   BANK1   BANK2   BANK3   BANK4   BANK5   BANK6   BANK7
   175 ;;      Params:         0       0       0       0       0       0       0       0       0
   176 ;;      Locals:         0       0       0       0       0       0       0       0       0
   177 ;;      Temps:          0       0       0       0       0       0       0       0       0
   178 ;;      Totals:         0       0       0       0       0       0       0       0       0
   179 ;;Total ram usage:        0 bytes
   180 ;; Hardware stack levels required when called:    1
   181 ;; This function calls:
   182 ;;		Nothing
   183 ;; This function is called by:
   184 ;;		Startup code after reset
   185 ;; This function uses a non-reentrant model
   186 ;;
   187                           
   188                           	psect	text0
   189  0000B8                     __ptext0:
   190                           	opt stack 0
   191  0000B8                     _main:
   192                           	opt stack 30
   193                           
   194                           ;main_repe.c: 21: ADCON1 = 0b11111111;
   195                           
   196                           ;incstack = 0
   197  0000B8  68C1               	setf	4033,c	;volatile
   198                           
   199                           ;main_repe.c: 23: TRISD = 0;
   200  0000BA  0E00               	movlw	0
   201  0000BC  6E95               	movwf	3989,c	;volatile
   202                           
   203                           ;main_repe.c: 24: TRISB = 0b00000001;
   204  0000BE  0E01               	movlw	1
   205  0000C0  6E93               	movwf	3987,c	;volatile
   206                           
   207                           ;main_repe.c: 28: TRISBbits.TRISB0 = 1;
   208  0000C2  8093               	bsf	3987,0,c	;volatile
   209                           
   210                           ;main_repe.c: 29: INTCONbits.INT0IE = 1;
   211  0000C4  88F2               	bsf	intcon,4,c	;volatile
   212                           
   213                           ;main_repe.c: 30: INTCON2bits.INTEDG0 = 0;
   214  0000C6  9CF1               	bcf	intcon2,6,c	;volatile
   215                           
   216                           ;main_repe.c: 31: INTCONbits.INT0IF = 0;
   217  0000C8  92F2               	bcf	intcon,1,c	;volatile
   218                           
   219                           ;main_repe.c: 32: RCONbits.IPEN = 0;
   220  0000CA  9ED0               	bcf	4048,7,c	;volatile
   221                           
   222                           ;main_repe.c: 33: INTCONbits.PEIE = 1;
   223  0000CC  8CF2               	bsf	intcon,6,c	;volatile
   224                           
   225                           ;main_repe.c: 34: INTCONbits.GIE = 1;
   226  0000CE  8EF2               	bsf	intcon,7,c	;volatile
   227  0000D0                     l655:
   228                           
   229                           ;main_repe.c: 39: LATB = DEC[decenas];
   230  0000D0  90D8               	bcf	status,0,c
   231  0000D2  3437               	rlcf	_decenas,w,c
   232  0000D4  6ED9               	movwf	fsr2l,c
   233  0000D6  3438               	rlcf	_decenas+1,w,c
   234  0000D8  6EDA               	movwf	fsr2h,c
   235  0000DA  0E01               	movlw	low _DEC
   236  0000DC  26D9               	addwf	fsr2l,f,c
   237  0000DE  0E00               	movlw	high _DEC
   238  0000E0  22DA               	addwfc	fsr2h,f,c
   239  0000E2  50DF               	movf	indf2,w,c
   240  0000E4  6E8A               	movwf	3978,c	;volatile
   241                           
   242                           ;main_repe.c: 40: LATD = UNI[unidades];
   243  0000E6  90D8               	bcf	status,0,c
   244  0000E8  3439               	rlcf	_unidades,w,c
   245  0000EA  6ED9               	movwf	fsr2l,c
   246  0000EC  343A               	rlcf	_unidades+1,w,c
   247  0000EE  6EDA               	movwf	fsr2h,c
   248  0000F0  0E15               	movlw	low _UNI
   249  0000F2  26D9               	addwf	fsr2l,f,c
   250  0000F4  0E00               	movlw	high _UNI
   251  0000F6  22DA               	addwfc	fsr2h,f,c
   252  0000F8  50DF               	movf	indf2,w,c
   253  0000FA  6E8C               	movwf	3980,c	;volatile
   254  0000FC  D7E9               	goto	l655
   255  0000FE                     __end_of_main:
   256                           	opt stack 0
   257                           tblptru	equ	0xFF8
   258                           tblptrh	equ	0xFF7
   259                           tblptrl	equ	0xFF6
   260                           tablat	equ	0xFF5
   261                           intcon	equ	0xFF2
   262                           intcon2	equ	0xFF1
   263                           postinc0	equ	0xFEE
   264                           postdec1	equ	0xFE5
   265                           fsr1l	equ	0xFE1
   266                           indf2	equ	0xFDF
   267                           fsr2h	equ	0xFDA
   268                           fsr2l	equ	0xFD9
   269                           status	equ	0xFD8
   270                           
   271 ;; *************** function _INT_EXT_0 *****************
   272 ;; Defined at:
   273 ;;		line 47 in file "main_repe.c"
   274 ;; Parameters:    Size  Location     Type
   275 ;;		None
   276 ;; Auto vars:     Size  Location     Type
   277 ;;		None
   278 ;; Return value:  Size  Location     Type
   279 ;;		None               void
   280 ;; Registers used:
   281 ;;		wreg, status,2, status,0
   282 ;; Tracked objects:
   283 ;;		On entry : 0/0
   284 ;;		On exit  : 0/0
   285 ;;		Unchanged: 0/0
   286 ;; Data sizes:     COMRAM   BANK0   BANK1   BANK2   BANK3   BANK4   BANK5   BANK6   BANK7
   287 ;;      Params:         0       0       0       0       0       0       0       0       0
   288 ;;      Locals:         0       0       0       0       0       0       0       0       0
   289 ;;      Temps:         14       0       0       0       0       0       0       0       0
   290 ;;      Totals:        14       0       0       0       0       0       0       0       0
   291 ;;Total ram usage:       14 bytes
   292 ;; Hardware stack levels used:    1
   293 ;; This function calls:
   294 ;;		Nothing
   295 ;; This function is called by:
   296 ;;		Interrupt level 2
   297 ;; This function uses a non-reentrant model
   298 ;;
   299                           
   300                           	psect	intcode
   301  000008                     __pintcode:
   302                           	opt stack 0
   303  000008                     _INT_EXT_0:
   304                           	opt stack 30
   305                           
   306                           ;incstack = 0
   307  000008  823C               	bsf	btemp,1,c	;set compiler interrupt flag (level 2)
   308  00000A  CFFA F029          	movff	pclath,??_INT_EXT_0
   309  00000E  CFFB F02A          	movff	pclatu,??_INT_EXT_0+1
   310  000012  ED0D  F000         	call	int_func,f	;refresh shadow registers
   311                           pclatu	equ	0xFFB
   312                           pclath	equ	0xFFA
   313                           tblptru	equ	0xFF8
   314                           tblptrh	equ	0xFF7
   315                           tblptrl	equ	0xFF6
   316                           tablat	equ	0xFF5
   317                           intcon	equ	0xFF2
   318                           intcon2	equ	0xFF1
   319                           postinc0	equ	0xFEE
   320                           postdec1	equ	0xFE5
   321                           fsr1l	equ	0xFE1
   322                           indf2	equ	0xFDF
   323                           fsr2h	equ	0xFDA
   324                           fsr2l	equ	0xFD9
   325                           status	equ	0xFD8
   326                           
   327                           	psect	intcode_body
   328  00001A                     __pintcode_body:
   329                           	opt stack 30
   330  00001A                     int_func:
   331                           	opt stack 30
   332  00001A  0006               	pop		; remove dummy address from shadow register refresh
   333  00001C  CFE9 F02B          	movff	fsr0l,??_INT_EXT_0+2
   334  000020  CFEA F02C          	movff	fsr0h,??_INT_EXT_0+3
   335  000024  CFE1 F02D          	movff	fsr1l,??_INT_EXT_0+4
   336  000028  CFE2 F02E          	movff	fsr1h,??_INT_EXT_0+5
   337  00002C  CFD9 F02F          	movff	fsr2l,??_INT_EXT_0+6
   338  000030  CFDA F030          	movff	fsr2h,??_INT_EXT_0+7
   339  000034  CFF3 F031          	movff	prodl,??_INT_EXT_0+8
   340  000038  CFF4 F032          	movff	prodh,??_INT_EXT_0+9
   341  00003C  CFF6 F033          	movff	tblptrl,??_INT_EXT_0+10
   342  000040  CFF7 F034          	movff	tblptrh,??_INT_EXT_0+11
   343  000044  CFF8 F035          	movff	tblptru,??_INT_EXT_0+12
   344  000048  CFF5 F036          	movff	tablat,??_INT_EXT_0+13
   345                           
   346                           ;main_repe.c: 49: if (INTCONbits.INT0IF)
   347  00004C  A2F2               	btfss	intcon,1,c	;volatile
   348  00004E  D016               	goto	i2l39
   349                           
   350                           ;main_repe.c: 50: {
   351                           ;main_repe.c: 51: unidades = unidades + 1;
   352  000050  0E01               	movlw	1
   353  000052  2439               	addwf	_unidades,w,c
   354  000054  6E39               	movwf	_unidades,c
   355  000056  0E00               	movlw	0
   356  000058  203A               	addwfc	_unidades+1,w,c
   357  00005A  6E3A               	movwf	_unidades+1,c
   358                           
   359                           ;main_repe.c: 52: if(unidades == 10)
   360  00005C  0E0A               	movlw	10
   361  00005E  1839               	xorwf	_unidades,w,c
   362  000060  103A               	iorwf	_unidades+1,w,c
   363  000062  A4D8               	btfss	status,2,c
   364  000064  D00A               	goto	i2l667
   365                           
   366                           ;main_repe.c: 53: {
   367                           ;main_repe.c: 54: decenas = decenas + 1;
   368  000066  0E01               	movlw	1
   369  000068  2437               	addwf	_decenas,w,c
   370  00006A  6E37               	movwf	_decenas,c
   371  00006C  0E00               	movlw	0
   372  00006E  2038               	addwfc	_decenas+1,w,c
   373  000070  6E38               	movwf	_decenas+1,c
   374                           
   375                           ;main_repe.c: 55: unidades = 0;
   376  000072  0E00               	movlw	0
   377  000074  6E3A               	movwf	_unidades+1,c
   378  000076  0E00               	movlw	0
   379  000078  6E39               	movwf	_unidades,c
   380  00007A                     i2l667:
   381                           
   382                           ;main_repe.c: 56: }
   383                           ;main_repe.c: 59: INTCONbits.INT0IF = 0;
   384  00007A  92F2               	bcf	intcon,1,c	;volatile
   385  00007C                     i2l39:
   386  00007C  C036  FFF5         	movff	??_INT_EXT_0+13,tablat
   387  000080  C035  FFF8         	movff	??_INT_EXT_0+12,tblptru
   388  000084  C034  FFF7         	movff	??_INT_EXT_0+11,tblptrh
   389  000088  C033  FFF6         	movff	??_INT_EXT_0+10,tblptrl
   390  00008C  C032  FFF4         	movff	??_INT_EXT_0+9,prodh
   391  000090  C031  FFF3         	movff	??_INT_EXT_0+8,prodl
   392  000094  C030  FFDA         	movff	??_INT_EXT_0+7,fsr2h
   393  000098  C02F  FFD9         	movff	??_INT_EXT_0+6,fsr2l
   394  00009C  C02E  FFE2         	movff	??_INT_EXT_0+5,fsr1h
   395  0000A0  C02D  FFE1         	movff	??_INT_EXT_0+4,fsr1l
   396  0000A4  C02C  FFEA         	movff	??_INT_EXT_0+3,fsr0h
   397  0000A8  C02B  FFE9         	movff	??_INT_EXT_0+2,fsr0l
   398  0000AC  C02A  FFFB         	movff	??_INT_EXT_0+1,pclatu
   399  0000B0  C029  FFFA         	movff	??_INT_EXT_0,pclath
   400  0000B4  923C               	bcf	btemp,1,c	;clear compiler interrupt flag (level 2)
   401  0000B6  0011               	retfie		f
   402  0000B8                     __end_of_INT_EXT_0:
   403                           	opt stack 0
   404  0000                     pclatu	equ	0xFFB
   405                           pclath	equ	0xFFA
   406                           tblptru	equ	0xFF8
   407                           tblptrh	equ	0xFF7
   408                           tblptrl	equ	0xFF6
   409                           tablat	equ	0xFF5
   410                           prodh	equ	0xFF4
   411                           prodl	equ	0xFF3
   412                           intcon	equ	0xFF2
   413                           intcon2	equ	0xFF1
   414                           postinc0	equ	0xFEE
   415                           fsr0h	equ	0xFEA
   416                           fsr0l	equ	0xFE9
   417                           postdec1	equ	0xFE5
   418                           fsr1h	equ	0xFE2
   419                           fsr1l	equ	0xFE1
   420                           indf2	equ	0xFDF
   421                           fsr2h	equ	0xFDA
   422                           fsr2l	equ	0xFD9
   423                           status	equ	0xFD8
   424                           pclatu	equ	0xFFB
   425                           pclath	equ	0xFFA
   426                           tblptru	equ	0xFF8
   427                           tblptrh	equ	0xFF7
   428                           tblptrl	equ	0xFF6
   429                           tablat	equ	0xFF5
   430                           prodh	equ	0xFF4
   431                           prodl	equ	0xFF3
   432                           intcon	equ	0xFF2
   433                           intcon2	equ	0xFF1
   434                           postinc0	equ	0xFEE
   435                           fsr0h	equ	0xFEA
   436                           fsr0l	equ	0xFE9
   437                           postdec1	equ	0xFE5
   438                           fsr1h	equ	0xFE2
   439                           fsr1l	equ	0xFE1
   440                           indf2	equ	0xFDF
   441                           fsr2h	equ	0xFDA
   442                           fsr2l	equ	0xFD9
   443                           status	equ	0xFD8
   444                           
   445                           	psect	rparam
   446  0000                     pclatu	equ	0xFFB
   447                           pclath	equ	0xFFA
   448                           tblptru	equ	0xFF8
   449                           tblptrh	equ	0xFF7
   450                           tblptrl	equ	0xFF6
   451                           tablat	equ	0xFF5
   452                           prodh	equ	0xFF4
   453                           prodl	equ	0xFF3
   454                           intcon	equ	0xFF2
   455                           intcon2	equ	0xFF1
   456                           postinc0	equ	0xFEE
   457                           fsr0h	equ	0xFEA
   458                           fsr0l	equ	0xFE9
   459                           postdec1	equ	0xFE5
   460                           fsr1h	equ	0xFE2
   461                           fsr1l	equ	0xFE1
   462                           indf2	equ	0xFDF
   463                           fsr2h	equ	0xFDA
   464                           fsr2l	equ	0xFD9
   465                           status	equ	0xFD8
   466                           
   467                           	psect	temp
   468  00003C                     btemp:
   469                           	opt stack 0
   470  00003C                     	ds	1
   471  0000                     int$flags	set	btemp
   472                           pclatu	equ	0xFFB
   473                           pclath	equ	0xFFA
   474                           tblptru	equ	0xFF8
   475                           tblptrh	equ	0xFF7
   476                           tblptrl	equ	0xFF6
   477                           tablat	equ	0xFF5
   478                           prodh	equ	0xFF4
   479                           prodl	equ	0xFF3
   480                           intcon	equ	0xFF2
   481                           intcon2	equ	0xFF1
   482                           postinc0	equ	0xFEE
   483                           fsr0h	equ	0xFEA
   484                           fsr0l	equ	0xFE9
   485                           postdec1	equ	0xFE5
   486                           fsr1h	equ	0xFE2
   487                           fsr1l	equ	0xFE1
   488                           indf2	equ	0xFDF
   489                           fsr2h	equ	0xFDA
   490                           fsr2l	equ	0xFD9
   491                           status	equ	0xFD8


Data Sizes:
    Strings     0
    Constant    0
    Data        40
    BSS         5
    Persistent  0
    Stack       0

Auto Spaces:
    Space          Size  Autos    Used
    COMRAM           94     14      59
    BANK0           160      0       0
    BANK1           256      0       0
    BANK2           256      0       0
    BANK3           256      0       0
    BANK4           256      0       0
    BANK5           256      0       0
    BANK6           256      0       0
    BANK7           256      0       0

Pointer List with Targets:

    None.

Critical Paths under _main in COMRAM

    None.

Critical Paths under _INT_EXT_0 in COMRAM

    None.

Critical Paths under _main in BANK0

    None.

Critical Paths under _INT_EXT_0 in BANK0

    None.

Critical Paths under _main in BANK1

    None.

Critical Paths under _INT_EXT_0 in BANK1

    None.

Critical Paths under _main in BANK2

    None.

Critical Paths under _INT_EXT_0 in BANK2

    None.

Critical Paths under _main in BANK3

    None.

Critical Paths under _INT_EXT_0 in BANK3

    None.

Critical Paths under _main in BANK4

    None.

Critical Paths under _INT_EXT_0 in BANK4

    None.

Critical Paths under _main in BANK5

    None.

Critical Paths under _INT_EXT_0 in BANK5

    None.

Critical Paths under _main in BANK6

    None.

Critical Paths under _INT_EXT_0 in BANK6

    None.

Critical Paths under _main in BANK7

    None.

Critical Paths under _INT_EXT_0 in BANK7

    None.

Call Graph Tables:

 ---------------------------------------------------------------------------------
 (Depth) Function   	        Calls       Base Space   Used Autos Params    Refs
 ---------------------------------------------------------------------------------
 (0) _main                                                 0     0      0       0
 ---------------------------------------------------------------------------------
 Estimated maximum stack depth 0
 ---------------------------------------------------------------------------------
 (Depth) Function   	        Calls       Base Space   Used Autos Params    Refs
 ---------------------------------------------------------------------------------
 (1) _INT_EXT_0                                           14    14      0       0
                                              0 COMRAM    14    14      0
 ---------------------------------------------------------------------------------
 Estimated maximum stack depth 1
 ---------------------------------------------------------------------------------

 Call Graph Graphs:

 _main (ROOT)

 _INT_EXT_0 (ROOT)

 Address spaces:
Name               Size   Autos  Total    Cost      Usage
BIGRAM             7FF      0       0      21        0.0%
EEDATA             100      0       0       0        0.0%
BITBANK7           100      0       0      18        0.0%
BANK7              100      0       0      19        0.0%
BITBANK6           100      0       0      16        0.0%
BANK6              100      0       0      17        0.0%
BITBANK5           100      0       0      14        0.0%
BANK5              100      0       0      15        0.0%
BITBANK4           100      0       0      12        0.0%
BANK4              100      0       0      13        0.0%
BITBANK3           100      0       0      10        0.0%
BANK3              100      0       0      11        0.0%
BITBANK2           100      0       0       8        0.0%
BANK2              100      0       0       9        0.0%
BITBANK1           100      0       0       6        0.0%
BANK1              100      0       0       7        0.0%
BITBANK0            A0      0       0       4        0.0%
BANK0               A0      0       0       5        0.0%
BITCOMRAM           5E      0       0       0        0.0%
COMRAM              5E      E      3B       1       62.8%
BITSFR               0      0       0      40        0.0%
SFR                  0      0       0      40        0.0%
STACK                0      0       0       2        0.0%
NULL                 0      0       0       0        0.0%
ABS                  0      0      3B      20        0.0%
DATA                 0      0      3B       3        0.0%
CODE                 0      0       0       0        0.0%


Microchip Technology PIC18 Macro Assembler V1.35 build -356382666 
Symbol Table                                                                                   Mon Jun 13 17:58:01 2022

                      _i 003B              __CFG_BORV$3 000000             __CFG_CP0$OFF 000000  
           __CFG_CP1$OFF 000000             __CFG_CP2$OFF 000000             __CFG_CP3$OFF 000000  
                    _DEC 0001                      l655 00D0             __CFG_CPB$OFF 000000  
           __CFG_CPD$OFF 000000                      _UNI 0015             __CFG_BOR$OFF 000000  
           __CFG_FOSC$HS 000000             __CFG_LVP$OFF 000000             __CFG_WDT$OFF 000000  
                   _LATB 000F8A                     _LATD 000F8C                     i2l39 007C  
                   _main 00B8                     fsr0h 000FEA                     fsr1h 000FE2  
                   fsr0l 000FE9                     fsr2h 000FDA                     fsr1l 000FE1  
                   indf2 000FDF                     fsr2l 000FD9                     btemp 003C  
                   pclat 000FFA                     prodh 000FF4                     prodl 000FF3  
                   start 0016            __CFG_IESO$OFF 000000            __CFG_MCLRE$ON 000000  
           ___param_bank 000010       __size_of_INT_EXT_0 00B0            __CFG_PLLDIV$5 000000  
         __CFG_CCP2MX$ON 000000                    ?_main 0029                    i2l667 007A  
          __CFG_USBDIV$1 000000                    _TRISB 000F93                    _TRISD 000F95  
          __CFG_PWRT$OFF 000000            __CFG_WRT0$OFF 000000            __CFG_WRT1$OFF 000000  
          __CFG_WRT2$OFF 000000            __CFG_WRT3$OFF 000000           __CFG_EBTR0$OFF 000000  
         __CFG_FCMEN$OFF 000000           __CFG_EBTR1$OFF 000000           __CFG_EBTR2$OFF 000000  
         __CFG_EBTR3$OFF 000000            __CFG_WRTB$OFF 000000            __CFG_WRTC$OFF 000000  
          __CFG_WRTD$OFF 000000           __CFG_EBTRB$OFF 000000                    tablat 000FF5  
                  status 000FD8           __CFG_ICPRT$OFF 000000           __CFG_PBADEN$ON 000000  
        __initialization 00FE             __end_of_main 00FE                   ??_main 0037  
          __activetblptr 000000                   _ADCON1 000FC1        __end_of_INT_EXT_0 00B8  
         __CFG_XINST$OFF 000000           __CFG_STVREN$ON 000000             __pdataCOMRAM 0001  
                 tblptrh 000FF7                   tblptrl 000FF6                   tblptru 000FF8  
             __accesstop 0060  __end_of__initialization 0128            ___rparam_used 000001  
         __pcstackCOMRAM 0029          __CFG_VREGEN$OFF 000000                  __Hparam 0000  
                __Lparam 0000                  _decenas 0037                  __pcinit 00FE  
                __ramtop 0800                  __ptext0 00B8           __pintcode_body 001A  
   end_of_initialization 0128                  int_func 001A                _INT_EXT_0 0008  
                postdec1 000FE5                  postinc0 000FEE                _TRISBbits 000F93  
             ?_INT_EXT_0 0029            __pidataCOMRAM 0132      start_initialization 00FE  
       __CFG_LPT1OSC$OFF 000000              __pbssCOMRAM 0037              ??_INT_EXT_0 0029  
              __pintcode 0008                 _RCONbits 000FD0         __CFG_WDTPS$32768 000000  
            _INTCON2bits 000FF1                copy_data0 011C                 __Hrparam 0000  
               __Lrparam 0000            __size_of_main 0046                 int$flags 003C  
               _unidades 0039    __CFG_CPUDIV$OSC1_PLL2 000000               _INTCONbits 000FF2  
               intlevel2 0000  
