

Microchip MPLAB XC8 Assembler V2.32 build 20210201212658 
                                                                                               Thu Oct 17 14:36:57 2024

Microchip MPLAB XC8 C Compiler v2.32 (Free license) build 20210201212658 Og1 
     1                           	processor	18F4550
     2                           	fnconf	rparam,??,?,0
     3                           	pagewidth 120
     4                           	opt	flic
     5                           	psect	cinit,global,reloc=2,class=CODE,delta=1
     6                           	psect	cstackCOMRAM,global,class=COMRAM,space=1,delta=1,lowdata,noexec
     7                           	psect	text0,global,reloc=2,class=CODE,delta=1
     8                           	psect	text1,global,reloc=2,class=CODE,delta=1
     9                           	psect	intcode,global,reloc=2,class=CODE,delta=1
    10                           	psect	intcode_body,global,reloc=2,class=CODE,delta=1
    11                           	psect	text3,global,reloc=2,class=CODE,delta=1
    12                           	psect	intsave_regs,global,class=BIGRAM,space=1,delta=1,noexec
    13                           	psect	rparam,global,class=COMRAM,space=1,delta=1,noexec
    14                           	psect	temp,global,ovrld,common,class=COMRAM,space=1,delta=1
    15                           	psect	idloc,global,abs,ovrld,class=IDLOC,space=5,delta=1,noexec
    16                           	psect	config,global,abs,ovrld,class=CONFIG,space=4,delta=1,noexec
    17  0000                     
    18                           ; Version 2.20
    19                           ; Generated 12/02/2020 GMT
    20                           ; 
    21                           ; Copyright © 2020, Microchip Technology Inc. and its subsidiaries ("Microchip")
    22                           ; All rights reserved.
    23                           ; 
    24                           ; This software is developed by Microchip Technology Inc. and its subsidiaries ("Microch
      +                          ip").
    25                           ; 
    26                           ; Redistribution and use in source and binary forms, with or without modification, are
    27                           ; permitted provided that the following conditions are met:
    28                           ; 
    29                           ;     1. Redistributions of source code must retain the above copyright notice, this lis
      +                          t of
    30                           ;        conditions and the following disclaimer.
    31                           ; 
    32                           ;     2. Redistributions in binary form must reproduce the above copyright notice, this 
      +                          list
    33                           ;        of conditions and the following disclaimer in the documentation and/or other
    34                           ;        materials provided with the distribution.
    35                           ; 
    36                           ;     3. Microchip's name may not be used to endorse or promote products derived from th
      +                          is
    37                           ;        software without specific prior written permission.
    38                           ; 
    39                           ; THIS SOFTWARE IS PROVIDED BY MICROCHIP "AS IS" AND ANY EXPRESS OR IMPLIED WARRANTIES,
    40                           ; INCLUDING, BUT NOT LIMITED TO, THE IMPLIED WARRANTIES OF MERCHANTABILITY AND FITNESS F
      +                          OR
    41                           ; PURPOSE ARE DISCLAIMED.  IN NO EVENT SHALL MICROCHIP BE LIABLE FOR ANY DIRECT, INDIREC
      +                          T,
    42                           ; INCIDENTAL, SPECIAL, EXEMPLARY, OR CONSEQUENTIAL DAMAGES (INCLUDING BUT NOT LIMITED TO
    43                           ; PROCUREMENT OF SUBSTITUTE GOODS OR SERVICES; LOSS OF USE, DATA OR PROFITS; OR BUSINESS
    44                           ; INTERRUPTION) HOWSOEVER CAUSED AND ON ANY THEORY OF LIABILITY, WHETHER IN CONTRACT, ST
      +                          RICT
    45                           ; LIABILITY, OR TORT (INCLUDING NEGLIGENCE OR OTHERWISE) ARISING IN ANY WAY OUT OF THE U
      +                          SE OF
    46                           ; THIS SOFTWARE, EVEN IF ADVISED OF THE POSSIBILITY OF SUCH DAMAGE.
    47                           ; 
    48                           ; 
    49                           ; Code-generator required, PIC18F4550 Definitions
    50                           ; 
    51                           ; SFR Addresses
    52  0000                     _LATD	set	3980
    53  0000                     _RCONbits	set	4048
    54  0000                     _INTCON2bits	set	4081
    55  0000                     _INTCONbits	set	4082
    56  0000                     _TRISBbits	set	3987
    57  0000                     _TRISD	set	3989
    58                           
    59                           ; #config settings
    60                           
    61                           	psect	cinit
    62  0000F2                     __pcinit:
    63                           	callstack 0
    64  0000F2                     start_initialization:
    65                           	callstack 0
    66  0000F2                     __initialization:
    67                           	callstack 0
    68  0000F2                     end_of_initialization:
    69                           	callstack 0
    70  0000F2                     __end_of__initialization:
    71                           	callstack 0
    72  0000F2  900B               	bcf	int$flags,0,c	;clear compiler interrupt flag (level 1)
    73  0000F4  920B               	bcf	int$flags,1,c	;clear compiler interrupt flag (level 2)
    74  0000F6  0100               	movlb	0
    75  0000F8  EF09  F000         	goto	_main	;jump to C main() function
    76                           
    77                           	psect	cstackCOMRAM
    78  000001                     __pcstackCOMRAM:
    79                           	callstack 0
    80  000001                     i2retardo@a:
    81                           	callstack 0
    82                           
    83                           ; 2 bytes @ 0x0
    84  000001                     	ds	2
    85  000003                     ??i2_retardo:
    86                           
    87                           ; 1 bytes @ 0x2
    88  000003                     	ds	1
    89  000004                     i2retardo@i:
    90                           	callstack 0
    91                           
    92                           ; 2 bytes @ 0x3
    93  000004                     	ds	2
    94  000006                     retardo@a:
    95                           	callstack 0
    96                           
    97                           ; 2 bytes @ 0x5
    98  000006                     	ds	2
    99  000008                     ??_retardo:
   100                           
   101                           ; 1 bytes @ 0x7
   102  000008                     	ds	1
   103  000009                     retardo@i:
   104                           	callstack 0
   105                           
   106                           ; 2 bytes @ 0x8
   107  000009                     	ds	2
   108  00000B                     
   109                           ; 1 bytes @ 0xA
   110 ;;
   111 ;;Main: autosize = 0, tempsize = 0, incstack = 0, save=0
   112 ;;
   113 ;; *************** function _main *****************
   114 ;; Defined at:
   115 ;;		line 26 in file "inter.c"
   116 ;; Parameters:    Size  Location     Type
   117 ;;		None
   118 ;; Auto vars:     Size  Location     Type
   119 ;;		None
   120 ;; Return value:  Size  Location     Type
   121 ;;                  1    wreg      void 
   122 ;; Registers used:
   123 ;;		wreg, status,2, status,0, cstack
   124 ;; Tracked objects:
   125 ;;		On entry : 0/0
   126 ;;		On exit  : 0/0
   127 ;;		Unchanged: 0/0
   128 ;; Data sizes:     COMRAM   BANK0   BANK1   BANK2   BANK3   BANK4   BANK5   BANK6   BANK7
   129 ;;      Params:         0       0       0       0       0       0       0       0       0
   130 ;;      Locals:         0       0       0       0       0       0       0       0       0
   131 ;;      Temps:          0       0       0       0       0       0       0       0       0
   132 ;;      Totals:         0       0       0       0       0       0       0       0       0
   133 ;;Total ram usage:        0 bytes
   134 ;; Hardware stack levels required when called: 3
   135 ;; This function calls:
   136 ;;		_retardo
   137 ;; This function is called by:
   138 ;;		Startup code after reset
   139 ;; This function uses a non-reentrant model
   140 ;;
   141                           
   142                           	psect	text0
   143  000012                     __ptext0:
   144                           	callstack 0
   145  000012                     _main:
   146                           	callstack 28
   147  000012                     
   148                           ;inter.c: 28:     TRISD = 0x00;
   149  000012  0E00               	movlw	0
   150  000014  6E95               	movwf	149,c	;volatile
   151  000016                     
   152                           ;inter.c: 29:     TRISBbits.TRISB0 = 1;
   153  000016  8093               	bsf	147,0,c	;volatile
   154  000018                     
   155                           ;inter.c: 30:     INTCONbits.INT0IE = 1;
   156  000018  88F2               	bsf	242,4,c	;volatile
   157  00001A                     
   158                           ;inter.c: 31:     INTCON2bits.INTEDG0 = 0;
   159  00001A  9CF1               	bcf	241,6,c	;volatile
   160  00001C                     
   161                           ;inter.c: 32:     INTCONbits.INT0IF = 0;
   162  00001C  92F2               	bcf	242,1,c	;volatile
   163  00001E                     
   164                           ;inter.c: 33:     RCONbits.IPEN = 0;
   165  00001E  9ED0               	bcf	208,7,c	;volatile
   166  000020                     
   167                           ;inter.c: 34:     INTCONbits.PEIE = 1;
   168  000020  8CF2               	bsf	242,6,c	;volatile
   169  000022                     
   170                           ;inter.c: 35:     INTCONbits.GIE = 1;
   171  000022  8EF2               	bsf	242,7,c	;volatile
   172  000024                     l25:
   173                           
   174                           ;inter.c: 38:         LATD = 1;
   175  000024  0E01               	movlw	1
   176  000026  6E8C               	movwf	140,c	;volatile
   177  000028                     
   178                           ;inter.c: 39:         retardo(500);
   179  000028  0E01               	movlw	1
   180  00002A  6E07               	movwf	(retardo@a+1)^0,c
   181  00002C  0EF4               	movlw	244
   182  00002E  6E06               	movwf	retardo@a^0,c
   183  000030  EC26  F000         	call	_retardo	;wreg free
   184  000034                     
   185                           ;inter.c: 40:         LATD = 0;
   186  000034  0E00               	movlw	0
   187  000036  6E8C               	movwf	140,c	;volatile
   188                           
   189                           ;inter.c: 41:         retardo(500);
   190  000038  0E01               	movlw	1
   191  00003A  6E07               	movwf	(retardo@a+1)^0,c
   192  00003C  0EF4               	movlw	244
   193  00003E  6E06               	movwf	retardo@a^0,c
   194  000040  EC26  F000         	call	_retardo	;wreg free
   195  000044  EF12  F000         	goto	l25
   196  000048  EF07  F000         	goto	start
   197  00004C                     __end_of_main:
   198                           	callstack 0
   199                           
   200 ;; *************** function _retardo *****************
   201 ;; Defined at:
   202 ;;		line 16 in file "inter.c"
   203 ;; Parameters:    Size  Location     Type
   204 ;;  a               2    5[COMRAM] int 
   205 ;; Auto vars:     Size  Location     Type
   206 ;;  i               2    8[COMRAM] int 
   207 ;; Return value:  Size  Location     Type
   208 ;;                  1    wreg      void 
   209 ;; Registers used:
   210 ;;		wreg, status,2, status,0
   211 ;; Tracked objects:
   212 ;;		On entry : 0/0
   213 ;;		On exit  : 0/0
   214 ;;		Unchanged: 0/0
   215 ;; Data sizes:     COMRAM   BANK0   BANK1   BANK2   BANK3   BANK4   BANK5   BANK6   BANK7
   216 ;;      Params:         2       0       0       0       0       0       0       0       0
   217 ;;      Locals:         2       0       0       0       0       0       0       0       0
   218 ;;      Temps:          1       0       0       0       0       0       0       0       0
   219 ;;      Totals:         5       0       0       0       0       0       0       0       0
   220 ;;Total ram usage:        5 bytes
   221 ;; Hardware stack levels used: 1
   222 ;; Hardware stack levels required when called: 2
   223 ;; This function calls:
   224 ;;		Nothing
   225 ;; This function is called by:
   226 ;;		_main
   227 ;; This function uses a non-reentrant model
   228 ;;
   229                           
   230                           	psect	text1
   231  00004C                     __ptext1:
   232                           	callstack 0
   233  00004C                     _retardo:
   234                           	callstack 28
   235  00004C                     
   236                           ;inter.c: 16: void retardo(int a);inter.c: 17: {;inter.c: 18:     int i;;inter.c: 20:   
      +                            for(i=0; i<a; i++)
   237  00004C  0E00               	movlw	0
   238  00004E  6E0A               	movwf	(retardo@i+1)^0,c
   239  000050  0E00               	movlw	0
   240  000052  6E09               	movwf	retardo@i^0,c
   241  000054  EF32  F000         	goto	l17
   242  000058                     l756:
   243                           
   244                           ;inter.c: 21:     {;inter.c: 22:         _delay((unsigned long)((1)*(4000000/4000.0)));
   245  000058  0EC8               	movlw	200
   246  00005A                     u77:
   247  00005A  D000               	nop2	
   248  00005C  2EE8               	decfsz	wreg,f,c
   249  00005E  D7FD               	bra	u77
   250  000060                     
   251                           ;inter.c: 23:     }
   252  000060  4A09               	infsnz	retardo@i^0,f,c
   253  000062  2A0A               	incf	(retardo@i+1)^0,f,c
   254  000064                     l17:
   255  000064  5006               	movf	retardo@a^0,w,c
   256  000066  5C09               	subwf	retardo@i^0,w,c
   257  000068  500A               	movf	(retardo@i+1)^0,w,c
   258  00006A  0A80               	xorlw	128
   259  00006C  6E08               	movwf	??_retardo^0,c
   260  00006E  5007               	movf	(retardo@a+1)^0,w,c
   261  000070  0A80               	xorlw	128
   262  000072  5808               	subwfb	??_retardo^0,w,c
   263  000074  A0D8               	btfss	status,0,c
   264  000076  EF3F  F000         	goto	u41
   265  00007A  EF41  F000         	goto	u40
   266  00007E                     u41:
   267  00007E  EF2C  F000         	goto	l756
   268  000082                     u40:
   269  000082  0012               	return		;funcret
   270  000084                     __end_of_retardo:
   271                           	callstack 0
   272                           
   273 ;; *************** function _ISR *****************
   274 ;; Defined at:
   275 ;;		line 45 in file "inter.c"
   276 ;; Parameters:    Size  Location     Type
   277 ;;		None
   278 ;; Auto vars:     Size  Location     Type
   279 ;;		None
   280 ;; Return value:  Size  Location     Type
   281 ;;                  1    wreg      void 
   282 ;; Registers used:
   283 ;;		wreg, status,2, status,0, cstack
   284 ;; Tracked objects:
   285 ;;		On entry : 0/0
   286 ;;		On exit  : 0/0
   287 ;;		Unchanged: 0/0
   288 ;; Data sizes:     COMRAM   BANK0   BANK1   BANK2   BANK3   BANK4   BANK5   BANK6   BANK7
   289 ;;      Params:         0       0       0       0       0       0       0       0       0
   290 ;;      Locals:         0       0       0       0       0       0       0       0       0
   291 ;;      Temps:          0       0       0       0       0       0       0       0       0
   292 ;;      Totals:         0       0       0       0       0       0       0       0       0
   293 ;;Total ram usage:        0 bytes
   294 ;; Hardware stack levels used: 1
   295 ;; Hardware stack levels required when called: 1
   296 ;; This function calls:
   297 ;;		i2_retardo
   298 ;; This function is called by:
   299 ;;		Interrupt level 2
   300 ;; This function uses a non-reentrant model
   301 ;;
   302                           
   303                           	psect	intcode
   304  000008                     __pintcode:
   305                           	callstack 0
   306  000008                     _ISR:
   307                           	callstack 28
   308                           
   309                           ;incstack = 0
   310  000008  820B               	bsf	int$flags,1,c	;set compiler interrupt flag (level 2)
   311  00000A  ED5E  F000         	call	int_func,f	;refresh shadow registers
   312                           
   313                           	psect	intcode_body
   314  0000BC                     __pintcode_body:
   315                           	callstack 28
   316  0000BC                     int_func:
   317                           	callstack 28
   318  0000BC  0006               	pop		; remove dummy address from shadow register refresh
   319  0000BE                     
   320                           ;inter.c: 47:     if (INTCONbits.INT0IF) {
   321  0000BE  A2F2               	btfss	242,1,c	;volatile
   322  0000C0  EF64  F000         	goto	i2u6_41
   323  0000C4  EF66  F000         	goto	i2u6_40
   324  0000C8                     i2u6_41:
   325  0000C8  EF77  F000         	goto	i2l34
   326  0000CC                     i2u6_40:
   327  0000CC                     
   328                           ;inter.c: 48:         INTCONbits.INT0IF = 0;
   329  0000CC  92F2               	bcf	242,1,c	;volatile
   330  0000CE                     
   331                           ;inter.c: 50:         LATD = 2;
   332  0000CE  0E02               	movlw	2
   333  0000D0  6E8C               	movwf	140,c	;volatile
   334  0000D2                     
   335                           ;inter.c: 51:         retardo(500);
   336  0000D2  0E01               	movlw	1
   337  0000D4  6E02               	movwf	(i2retardo@a+1)^0,c
   338  0000D6  0EF4               	movlw	244
   339  0000D8  6E01               	movwf	i2retardo@a^0,c
   340  0000DA  EC42  F000         	call	i2_retardo	;wreg free
   341  0000DE                     
   342                           ;inter.c: 52:         LATD = 0;
   343  0000DE  0E00               	movlw	0
   344  0000E0  6E8C               	movwf	140,c	;volatile
   345                           
   346                           ;inter.c: 53:         retardo(500);
   347  0000E2  0E01               	movlw	1
   348  0000E4  6E02               	movwf	(i2retardo@a+1)^0,c
   349  0000E6  0EF4               	movlw	244
   350  0000E8  6E01               	movwf	i2retardo@a^0,c
   351  0000EA  EC42  F000         	call	i2_retardo	;wreg free
   352  0000EE                     i2l34:
   353  0000EE  920B               	bcf	int$flags,1,c	;clear compiler interrupt flag (level 2)
   354  0000F0  0011               	retfie		f
   355  0000F2                     __end_of_ISR:
   356                           	callstack 0
   357                           
   358 ;; *************** function i2_retardo *****************
   359 ;; Defined at:
   360 ;;		line 16 in file "inter.c"
   361 ;; Parameters:    Size  Location     Type
   362 ;;  a               2    0[COMRAM] int 
   363 ;; Auto vars:     Size  Location     Type
   364 ;;  i               2    3[COMRAM] int 
   365 ;; Return value:  Size  Location     Type
   366 ;;                  1    wreg      void 
   367 ;; Registers used:
   368 ;;		wreg, status,2, status,0
   369 ;; Tracked objects:
   370 ;;		On entry : 0/0
   371 ;;		On exit  : 0/0
   372 ;;		Unchanged: 0/0
   373 ;; Data sizes:     COMRAM   BANK0   BANK1   BANK2   BANK3   BANK4   BANK5   BANK6   BANK7
   374 ;;      Params:         2       0       0       0       0       0       0       0       0
   375 ;;      Locals:         2       0       0       0       0       0       0       0       0
   376 ;;      Temps:          1       0       0       0       0       0       0       0       0
   377 ;;      Totals:         5       0       0       0       0       0       0       0       0
   378 ;;Total ram usage:        5 bytes
   379 ;; Hardware stack levels used: 1
   380 ;; This function calls:
   381 ;;		Nothing
   382 ;; This function is called by:
   383 ;;		_ISR
   384 ;; This function uses a non-reentrant model
   385 ;;
   386                           
   387                           	psect	text3
   388  000084                     __ptext3:
   389                           	callstack 0
   390  000084                     i2_retardo:
   391                           	callstack 28
   392  000084                     
   393                           ;inter.c: 16: void retardo(int a);inter.c: 17: {;inter.c: 18:     int i;;inter.c: 20:   
      +                            for(i=0; i<a; i++)
   394  000084  0E00               	movlw	0
   395  000086  6E05               	movwf	(i2retardo@i+1)^0,c
   396  000088  0E00               	movlw	0
   397  00008A  6E04               	movwf	i2retardo@i^0,c
   398  00008C  EF4E  F000         	goto	i2l17
   399  000090                     i2l762:
   400                           
   401                           ;inter.c: 21:     {;inter.c: 22:         _delay((unsigned long)((1)*(4000000/4000.0)));
   402  000090  0EC8               	movlw	200
   403  000092                     i2u8_47:
   404  000092  D000               	nop2	
   405  000094  2EE8               	decfsz	wreg,f,c
   406  000096  D7FD               	bra	i2u8_47
   407  000098                     
   408                           ;inter.c: 23:     }
   409  000098  4A04               	infsnz	i2retardo@i^0,f,c
   410  00009A  2A05               	incf	(i2retardo@i+1)^0,f,c
   411  00009C                     i2l17:
   412  00009C  5001               	movf	i2retardo@a^0,w,c
   413  00009E  5C04               	subwf	i2retardo@i^0,w,c
   414  0000A0  5005               	movf	(i2retardo@i+1)^0,w,c
   415  0000A2  0A80               	xorlw	128
   416  0000A4  6E03               	movwf	??i2_retardo^0,c
   417  0000A6  5002               	movf	(i2retardo@a+1)^0,w,c
   418  0000A8  0A80               	xorlw	128
   419  0000AA  5803               	subwfb	??i2_retardo^0,w,c
   420  0000AC  A0D8               	btfss	status,0,c
   421  0000AE  EF5B  F000         	goto	i2u5_41
   422  0000B2  EF5D  F000         	goto	i2u5_40
   423  0000B6                     i2u5_41:
   424  0000B6  EF48  F000         	goto	i2l762
   425  0000BA                     i2u5_40:
   426  0000BA  0012               	return		;funcret
   427  0000BC                     __end_ofi2_retardo:
   428                           	callstack 0
   429  0000                     
   430                           	psect	rparam
   431  0000                     
   432                           	psect	temp
   433  00000B                     btemp:
   434                           	callstack 0
   435  00000B                     	ds	1
   436  0000                     int$flags	set	btemp
   437  0000                     wtemp8	set	btemp+1
   438  0000                     ttemp5	set	btemp+1
   439  0000                     ttemp6	set	btemp+4
   440  0000                     ttemp7	set	btemp+8
   441                           
   442                           	psect	idloc
   443                           
   444                           ;Config register IDLOC0 @ 0x200000
   445                           ;	unspecified, using default values
   446  200000                     	org	2097152
   447  200000  FF                 	db	255
   448                           
   449                           ;Config register IDLOC1 @ 0x200001
   450                           ;	unspecified, using default values
   451  200001                     	org	2097153
   452  200001  FF                 	db	255
   453                           
   454                           ;Config register IDLOC2 @ 0x200002
   455                           ;	unspecified, using default values
   456  200002                     	org	2097154
   457  200002  FF                 	db	255
   458                           
   459                           ;Config register IDLOC3 @ 0x200003
   460                           ;	unspecified, using default values
   461  200003                     	org	2097155
   462  200003  FF                 	db	255
   463                           
   464                           ;Config register IDLOC4 @ 0x200004
   465                           ;	unspecified, using default values
   466  200004                     	org	2097156
   467  200004  FF                 	db	255
   468                           
   469                           ;Config register IDLOC5 @ 0x200005
   470                           ;	unspecified, using default values
   471  200005                     	org	2097157
   472  200005  FF                 	db	255
   473                           
   474                           ;Config register IDLOC6 @ 0x200006
   475                           ;	unspecified, using default values
   476  200006                     	org	2097158
   477  200006  FF                 	db	255
   478                           
   479                           ;Config register IDLOC7 @ 0x200007
   480                           ;	unspecified, using default values
   481  200007                     	org	2097159
   482  200007  FF                 	db	255
   483                           
   484                           	psect	config
   485                           
   486                           ;Config register CONFIG1L @ 0x300000
   487                           ;	PLL Prescaler Selection bits
   488                           ;	PLLDIV = 1, No prescale (4 MHz oscillator input drives PLL directly)
   489                           ;	System Clock Postscaler Selection bits
   490                           ;	CPUDIV = OSC1_PLL2, [Primary Oscillator Src: /1][96 MHz PLL Src: /2]
   491                           ;	USB Clock Selection bit (used in Full-Speed USB mode only; UCFG:FSEN = 1)
   492                           ;	USBDIV = 1, USB clock source comes directly from the primary oscillator block with no 
      +                          postscale
   493  300000                     	org	3145728
   494  300000  00                 	db	0
   495                           
   496                           ;Config register CONFIG1H @ 0x300001
   497                           ;	Oscillator Selection bits
   498                           ;	FOSC = HS, HS oscillator (HS)
   499                           ;	Fail-Safe Clock Monitor Enable bit
   500                           ;	FCMEN = OFF, Fail-Safe Clock Monitor disabled
   501                           ;	Internal/External Oscillator Switchover bit
   502                           ;	IESO = OFF, Oscillator Switchover mode disabled
   503  300001                     	org	3145729
   504  300001  0C                 	db	12
   505                           
   506                           ;Config register CONFIG2L @ 0x300002
   507                           ;	Power-up Timer Enable bit
   508                           ;	PWRT = ON, PWRT enabled
   509                           ;	Brown-out Reset Enable bits
   510                           ;	BOR = OFF, Brown-out Reset disabled in hardware and software
   511                           ;	Brown-out Reset Voltage bits
   512                           ;	BORV = 3, Minimum setting 2.05V
   513                           ;	USB Voltage Regulator Enable bit
   514                           ;	VREGEN = OFF, USB voltage regulator disabled
   515  300002                     	org	3145730
   516  300002  18                 	db	24
   517                           
   518                           ;Config register CONFIG2H @ 0x300003
   519                           ;	Watchdog Timer Enable bit
   520                           ;	WDT = OFF, WDT disabled (control is placed on the SWDTEN bit)
   521                           ;	Watchdog Timer Postscale Select bits
   522                           ;	WDTPS = 32768, 1:32768
   523  300003                     	org	3145731
   524  300003  1E                 	db	30
   525                           
   526                           ; Padding undefined space
   527  300004                     	org	3145732
   528  300004  FF                 	db	255
   529                           
   530                           ;Config register CONFIG3H @ 0x300005
   531                           ;	CCP2 MUX bit
   532                           ;	CCP2MX = ON, CCP2 input/output is multiplexed with RC1
   533                           ;	PORTB A/D Enable bit
   534                           ;	PBADEN = OFF, PORTB<4:0> pins are configured as digital I/O on Reset
   535                           ;	Low-Power Timer 1 Oscillator Enable bit
   536                           ;	LPT1OSC = OFF, Timer1 configured for higher power operation
   537                           ;	MCLR Pin Enable bit
   538                           ;	MCLRE = ON, MCLR pin enabled; RE3 input pin disabled
   539  300005                     	org	3145733
   540  300005  81                 	db	129
   541                           
   542                           ;Config register CONFIG4L @ 0x300006
   543                           ;	Stack Full/Underflow Reset Enable bit
   544                           ;	STVREN = ON, Stack full/underflow will cause Reset
   545                           ;	Single-Supply ICSP Enable bit
   546                           ;	LVP = ON, Single-Supply ICSP enabled
   547                           ;	Dedicated In-Circuit Debug/Programming Port (ICPORT) Enable bit
   548                           ;	ICPRT = OFF, ICPORT disabled
   549                           ;	Extended Instruction Set Enable bit
   550                           ;	XINST = OFF, Instruction set extension and Indexed Addressing mode disabled (Legacy mo
      +                          de)
   551                           ;	Background Debugger Enable bit
   552                           ;	DEBUG = 0x1, unprogrammed default
   553  300006                     	org	3145734
   554  300006  85                 	db	133
   555                           
   556                           ; Padding undefined space
   557  300007                     	org	3145735
   558  300007  FF                 	db	255
   559                           
   560                           ;Config register CONFIG5L @ 0x300008
   561                           ;	Code Protection bit
   562                           ;	CP0 = OFF, Block 0 (000800-001FFFh) is not code-protected
   563                           ;	Code Protection bit
   564                           ;	CP1 = OFF, Block 1 (002000-003FFFh) is not code-protected
   565                           ;	Code Protection bit
   566                           ;	CP2 = OFF, Block 2 (004000-005FFFh) is not code-protected
   567                           ;	Code Protection bit
   568                           ;	CP3 = OFF, Block 3 (006000-007FFFh) is not code-protected
   569  300008                     	org	3145736
   570  300008  0F                 	db	15
   571                           
   572                           ;Config register CONFIG5H @ 0x300009
   573                           ;	Boot Block Code Protection bit
   574                           ;	CPB = OFF, Boot block (000000-0007FFh) is not code-protected
   575                           ;	Data EEPROM Code Protection bit
   576                           ;	CPD = OFF, Data EEPROM is not code-protected
   577  300009                     	org	3145737
   578  300009  C0                 	db	192
   579                           
   580                           ;Config register CONFIG6L @ 0x30000A
   581                           ;	Write Protection bit
   582                           ;	WRT0 = OFF, Block 0 (000800-001FFFh) is not write-protected
   583                           ;	Write Protection bit
   584                           ;	WRT1 = OFF, Block 1 (002000-003FFFh) is not write-protected
   585                           ;	Write Protection bit
   586                           ;	WRT2 = OFF, Block 2 (004000-005FFFh) is not write-protected
   587                           ;	Write Protection bit
   588                           ;	WRT3 = OFF, Block 3 (006000-007FFFh) is not write-protected
   589  30000A                     	org	3145738
   590  30000A  0F                 	db	15
   591                           
   592                           ;Config register CONFIG6H @ 0x30000B
   593                           ;	Configuration Register Write Protection bit
   594                           ;	WRTC = OFF, Configuration registers (300000-3000FFh) are not write-protected
   595                           ;	Boot Block Write Protection bit
   596                           ;	WRTB = OFF, Boot block (000000-0007FFh) is not write-protected
   597                           ;	Data EEPROM Write Protection bit
   598                           ;	WRTD = OFF, Data EEPROM is not write-protected
   599  30000B                     	org	3145739
   600  30000B  E0                 	db	224
   601                           
   602                           ;Config register CONFIG7L @ 0x30000C
   603                           ;	Table Read Protection bit
   604                           ;	EBTR0 = OFF, Block 0 (000800-001FFFh) is not protected from table reads executed in ot
      +                          her blocks
   605                           ;	Table Read Protection bit
   606                           ;	EBTR1 = OFF, Block 1 (002000-003FFFh) is not protected from table reads executed in ot
      +                          her blocks
   607                           ;	Table Read Protection bit
   608                           ;	EBTR2 = OFF, Block 2 (004000-005FFFh) is not protected from table reads executed in ot
      +                          her blocks
   609                           ;	Table Read Protection bit
   610                           ;	EBTR3 = OFF, Block 3 (006000-007FFFh) is not protected from table reads executed in ot
      +                          her blocks
   611  30000C                     	org	3145740
   612  30000C  0F                 	db	15
   613                           
   614                           ;Config register CONFIG7H @ 0x30000D
   615                           ;	Boot Block Table Read Protection bit
   616                           ;	EBTRB = OFF, Boot block (000000-0007FFh) is not protected from table reads executed in
      +                           other blocks
   617  30000D                     	org	3145741
   618  30000D  40                 	db	64
   619                           tosu	equ	0xFFF
   620                           tosh	equ	0xFFE
   621                           tosl	equ	0xFFD
   622                           stkptr	equ	0xFFC
   623                           pclatu	equ	0xFFB
   624                           pclath	equ	0xFFA
   625                           pcl	equ	0xFF9
   626                           tblptru	equ	0xFF8
   627                           tblptrh	equ	0xFF7
   628                           tblptrl	equ	0xFF6
   629                           tablat	equ	0xFF5
   630                           prodh	equ	0xFF4
   631                           prodl	equ	0xFF3
   632                           indf0	equ	0xFEF
   633                           postinc0	equ	0xFEE
   634                           postdec0	equ	0xFED
   635                           preinc0	equ	0xFEC
   636                           plusw0	equ	0xFEB
   637                           fsr0h	equ	0xFEA
   638                           fsr0l	equ	0xFE9
   639                           wreg	equ	0xFE8
   640                           indf1	equ	0xFE7
   641                           postinc1	equ	0xFE6
   642                           postdec1	equ	0xFE5
   643                           preinc1	equ	0xFE4
   644                           plusw1	equ	0xFE3
   645                           fsr1h	equ	0xFE2
   646                           fsr1l	equ	0xFE1
   647                           bsr	equ	0xFE0
   648                           indf2	equ	0xFDF
   649                           postinc2	equ	0xFDE
   650                           postdec2	equ	0xFDD
   651                           preinc2	equ	0xFDC
   652                           plusw2	equ	0xFDB
   653                           fsr2h	equ	0xFDA
   654                           fsr2l	equ	0xFD9
   655                           status	equ	0xFD8

Data Sizes:
    Strings     0
    Constant    0
    Data        0
    BSS         0
    Persistent  0
    Stack       0

Auto Spaces:
    Space          Size  Autos    Used
    COMRAM           94     10      10
    BANK0           160      0       0
    BANK1           256      0       0
    BANK2           256      0       0
    BANK3           256      0       0
    BANK4           256      0       0
    BANK5           256      0       0
    BANK6           256      0       0
    BANK7           256      0       0

Pointer List with Targets:

    None.

Critical Paths under _main in COMRAM

    _main->_retardo

Critical Paths under _ISR in COMRAM

    _ISR->i2_retardo

Critical Paths under _main in BANK0

    None.

Critical Paths under _ISR in BANK0

    None.

Critical Paths under _main in BANK1

    None.

Critical Paths under _ISR in BANK1

    None.

Critical Paths under _main in BANK2

    None.

Critical Paths under _ISR in BANK2

    None.

Critical Paths under _main in BANK3

    None.

Critical Paths under _ISR in BANK3

    None.

Critical Paths under _main in BANK4

    None.

Critical Paths under _ISR in BANK4

    None.

Critical Paths under _main in BANK5

    None.

Critical Paths under _ISR in BANK5

    None.

Critical Paths under _main in BANK6

    None.

Critical Paths under _ISR in BANK6

    None.

Critical Paths under _main in BANK7

    None.

Critical Paths under _ISR in BANK7

    None.

Call Graph Tables:

 ---------------------------------------------------------------------------------
 (Depth) Function   	        Calls       Base Space   Used Autos Params    Refs
 ---------------------------------------------------------------------------------
 (0) _main                                                 0     0      0     298
                            _retardo
 ---------------------------------------------------------------------------------
 (1) _retardo                                              5     3      2     298
                                              5 COMRAM     5     3      2
 ---------------------------------------------------------------------------------
 Estimated maximum stack depth 1
 ---------------------------------------------------------------------------------
 (Depth) Function   	        Calls       Base Space   Used Autos Params    Refs
 ---------------------------------------------------------------------------------
 (2) _ISR                                                  0     0      0      98
                          i2_retardo
 ---------------------------------------------------------------------------------
 (3) i2_retardo                                            5     3      2      98
                                              0 COMRAM     5     3      2
 ---------------------------------------------------------------------------------
 Estimated maximum stack depth 3
 ---------------------------------------------------------------------------------

 Call Graph Graphs:

 _main (ROOT)
   _retardo

 _ISR (ROOT)
   i2_retardo

 Address spaces:
Name               Size   Autos  Total    Cost      Usage
BITCOMRAM           5E      0       0       0        0.0%
EEDATA             100      0       0       0        0.0%
NULL                 0      0       0       0        0.0%
CODE                 0      0       0       0        0.0%
COMRAM              5E      A       A       1       10.6%
STACK                0      0       0       2        0.0%
DATA                 0      0       0       3        0.0%
BITBANK0            A0      0       0       4        0.0%
BANK0               A0      0       0       5        0.0%
BITBANK1           100      0       0       6        0.0%
BANK1              100      0       0       7        0.0%
BITBANK2           100      0       0       8        0.0%
BANK2              100      0       0       9        0.0%
BITBANK3           100      0       0      10        0.0%
BANK3              100      0       0      11        0.0%
BITBANK4           100      0       0      12        0.0%
BANK4              100      0       0      13        0.0%
BITBANK5           100      0       0      14        0.0%
BANK5              100      0       0      15        0.0%
BITBANK6           100      0       0      16        0.0%
BANK6              100      0       0      17        0.0%
BITBANK7           100      0       0      18        0.0%
BANK7              100      0       0      19        0.0%
ABS                  0      0       0      20        0.0%
BIGRAM             7FF      0       0      21        0.0%
BITSFR               0      0       0     200        0.0%
SFR                  0      0       0     200        0.0%


Microchip Technology PIC18 Macro Assembler V2.32 build 20210201212658 
Symbol Table                                                                                   Thu Oct 17 14:36:57 2024

                     l20 0082                       l17 0064                       l25 0024  
                     u40 0082                       u41 007E                       u77 005A  
                    l754 004C                      l770 0018                      l756 0058  
                    l780 0022                      l772 001A                      l758 0060  
                    l782 0028                      l774 001C                      l766 0012  
                    l784 0034                      l776 001E                      l768 0016  
                    l778 0020                      _ISR 0008                      wreg 000FE8  
                   ?_ISR 0001                     _LATD 000F8C                     i2l20 00BA  
                   i2l17 009C                     i2l34 00EE                     _main 0012  
                   btemp 000B                     start 000E             ___param_bank 000000  
                  ??_ISR 0006                    ?_main 0001                    i2l760 0084  
                  i2l762 0090                    i2l764 0098                    i2l790 00CE  
                  i2l792 00D2                    i2l794 00DE                    i2l786 00BE  
                  i2l788 00CC                    _TRISD 000F95          __end_of_retardo 0084  
                  ttemp5 000C                    ttemp6 000F                    ttemp7 0013  
                  status 000FD8                    wtemp8 000C               i2retardo@a 0001  
             i2retardo@i 0004          __initialization 00F2             __end_of_main 004C  
     __size_ofi2_retardo 0038                   ??_main 000B            __activetblptr 000000  
                 i2u5_40 00BA                   i2u5_41 00B6                   i2u6_40 00CC  
                 i2u6_41 00C8                   i2u8_47 0092                   isa$std 000001  
              ??_retardo 0008               __accesstop 0060  __end_of__initialization 00F2  
      __end_ofi2_retardo 00BC            ___rparam_used 000001           __pcstackCOMRAM 0001  
                __Hparam 0000                  __Lparam 0000                  __pcinit 00F2  
                __ramtop 0800                  __ptext0 0012                  __ptext1 004C  
                __ptext3 0084             __size_of_ISR 00EA                  _retardo 004C  
         __pintcode_body 00BC     end_of_initialization 00F2                  int_func 00BC  
              _TRISBbits 000F93                i2_retardo 0084      start_initialization 00F2  
            __end_of_ISR 00F2               ?i2_retardo 0001                __pintcode 0008  
               ?_retardo 0006              ??i2_retardo 0003                 _RCONbits 000FD0  
            _INTCON2bits 000FF1                 __Hrparam 0000                 __Lrparam 0000  
       __size_of_retardo 0038            __size_of_main 003A                 isa$xinst 000000  
               int$flags 000B               _INTCONbits 000FF2                 intlevel2 0000  
               retardo@a 0006                 retardo@i 0009  
