

Microchip Technology PIC18 LITE Macro Assembler V1.35 build -356382666 
                                                                                               Mon Jul 11 17:17:58 2022

Microchip Technology Omniscient Code Generator v1.35 (Free mode) build 201507080246
     1                           	processor	18F4550
     2                           	fnconf	rparam,??,?,0
     3                           	opt	pw 120
     4                           	opt	lm
     5                           	psect	cinit,global,reloc=2,class=CODE,delta=1
     6                           	psect	cstackCOMRAM,global,class=COMRAM,space=1,delta=1
     7                           	psect	text0,global,reloc=2,class=CODE,delta=1
     8                           	psect	intsave_regs,global,class=BIGRAM,space=1,delta=1
     9                           	psect	rparam,global,class=COMRAM,space=1,delta=1
    10  0000                     _PORTB	set	3969
    11  0000                     _TRISBbits	set	3987
    12                           
    13                           ; #config settings
    14                           
    15                           	psect	cinit
    16  007FC4                     __pcinit:
    17                           	opt stack 0
    18  007FC4                     start_initialization:
    19                           	opt stack 0
    20  007FC4                     __initialization:
    21                           	opt stack 0
    22  007FC4                     end_of_initialization:
    23                           	opt stack 0
    24  007FC4                     __end_of__initialization:
    25                           	opt stack 0
    26  007FC4  0100               	movlb	0
    27  007FC6  EFE5  F03F         	goto	_main	;jump to C main() function
    28                           
    29                           	psect	cstackCOMRAM
    30  000001                     __pcstackCOMRAM:
    31                           	opt stack 0
    32  000001                     ??_main:
    33                           
    34                           ; 0 bytes @ 0x0
    35  000001                     	ds	1
    36                           
    37 ;;
    38 ;;Main: autosize = 0, tempsize = 1, incstack = 0, save=0
    39 ;;
    40 ;; *************** function _main *****************
    41 ;; Defined at:
    42 ;;		line 11 in file "main_blink.c"
    43 ;; Parameters:    Size  Location     Type
    44 ;;		None
    45 ;; Auto vars:     Size  Location     Type
    46 ;;		None
    47 ;; Return value:  Size  Location     Type
    48 ;;		None               void
    49 ;; Registers used:
    50 ;;		wreg, status,2
    51 ;; Tracked objects:
    52 ;;		On entry : 0/0
    53 ;;		On exit  : 0/0
    54 ;;		Unchanged: 0/0
    55 ;; Data sizes:     COMRAM   BANK0   BANK1   BANK2   BANK3   BANK4   BANK5   BANK6   BANK7
    56 ;;      Params:         0       0       0       0       0       0       0       0       0
    57 ;;      Locals:         0       0       0       0       0       0       0       0       0
    58 ;;      Temps:          1       0       0       0       0       0       0       0       0
    59 ;;      Totals:         1       0       0       0       0       0       0       0       0
    60 ;;Total ram usage:        1 bytes
    61 ;; This function calls:
    62 ;;		Nothing
    63 ;; This function is called by:
    64 ;;		Startup code after reset
    65 ;; This function uses a non-reentrant model
    66 ;;
    67                           
    68                           	psect	text0
    69  007FCA                     __ptext0:
    70                           	opt stack 0
    71  007FCA                     _main:
    72                           	opt stack 31
    73                           
    74                           ;main_blink.c: 16: TRISBbits.RB0 = 0;
    75                           
    76                           ;incstack = 0
    77  007FCA  9093               	bcf	3987,0,c	;volatile
    78                           
    79                           ;main_blink.c: 19: PORTB = 0b00000001;
    80  007FCC  0E01               	movlw	1
    81  007FCE  6E81               	movwf	3969,c	;volatile
    82                           
    83                           ;main_blink.c: 20: PORTB = 0x01;
    84  007FD0  0E01               	movlw	1
    85  007FD2  6E81               	movwf	3969,c	;volatile
    86                           
    87                           ;main_blink.c: 21: PORTB = 1;
    88  007FD4  0E01               	movlw	1
    89  007FD6  6E81               	movwf	3969,c	;volatile
    90                           
    91                           ;main_blink.c: 22: _delay((unsigned long)((30)*(20000000/4000.0)));
    92  007FD8  0EC3               	movlw	195
    93  007FDA  6E01               	movwf	??_main& (0+255),c
    94  007FDC  0ECD               	movlw	205
    95  007FDE                     u17:
    96  007FDE  2EE8               	decfsz	wreg,f,c
    97  007FE0  D7FE               	goto	u17
    98  007FE2  2E01               	decfsz	??_main& (0+255),f,c
    99  007FE4  D7FC               	goto	u17
   100  007FE6  F000               	nop	
   101                           
   102                           ;main_blink.c: 23: PORTB = 0b00000000;
   103  007FE8  0E00               	movlw	0
   104  007FEA  6E81               	movwf	3969,c	;volatile
   105                           
   106                           ;main_blink.c: 24: _delay((unsigned long)((30)*(20000000/4000.0)));
   107  007FEC  0EC3               	movlw	195
   108  007FEE  6E01               	movwf	??_main& (0+255),c
   109  007FF0  0ECD               	movlw	205
   110  007FF2                     u27:
   111  007FF2  2EE8               	decfsz	wreg,f,c
   112  007FF4  D7FE               	goto	u27
   113  007FF6  2E01               	decfsz	??_main& (0+255),f,c
   114  007FF8  D7FC               	goto	u27
   115  007FFA  F000               	nop	
   116                           
   117                           ;main_blink.c: 26: return;
   118  007FFC  EF00  F000         	goto	start
   119  008000                     __end_of_main:
   120                           	opt stack 0
   121  0000                     wreg	equ	0xFE8
   122                           wreg	equ	0xFE8
   123                           
   124                           	psect	rparam
   125  0000                     wreg	equ	0xFE8


Data Sizes:
    Strings     0
    Constant    0
    Data        0
    BSS         0
    Persistent  0
    Stack       0

Auto Spaces:
    Space          Size  Autos    Used
    COMRAM           95      1       1
    BANK0           160      0       0
    BANK1           256      0       0
    BANK2           256      0       0
    BANK3           256      0       0
    BANK4           256      0       0
    BANK5           256      0       0
    BANK6           256      0       0
    BANK7           256      0       0

Pointer List with Targets:

    None.

Critical Paths under _main in COMRAM

    None.

Critical Paths under _main in BANK0

    None.

Critical Paths under _main in BANK1

    None.

Critical Paths under _main in BANK2

    None.

Critical Paths under _main in BANK3

    None.

Critical Paths under _main in BANK4

    None.

Critical Paths under _main in BANK5

    None.

Critical Paths under _main in BANK6

    None.

Critical Paths under _main in BANK7

    None.

Call Graph Tables:

 ---------------------------------------------------------------------------------
 (Depth) Function   	        Calls       Base Space   Used Autos Params    Refs
 ---------------------------------------------------------------------------------
 (0) _main                                                 1     1      0       0
                                              0 COMRAM     1     1      0
 ---------------------------------------------------------------------------------
 Estimated maximum stack depth 0
 ---------------------------------------------------------------------------------

 Call Graph Graphs:

 _main (ROOT)

 Address spaces:
Name               Size   Autos  Total    Cost      Usage
BITCOMRAM           5F      0       0       0        0.0%
EEDATA             100      0       0       0        0.0%
NULL                 0      0       0       0        0.0%
CODE                 0      0       0       0        0.0%
COMRAM              5F      1       1       1        1.1%
STACK                0      0       0       2        0.0%
DATA                 0      0       0       3        0.0%
BITBANK0            A0      0       0       4        0.0%
BANK0               A0      0       0       5        0.0%
BITBANK1           100      0       0       6        0.0%
BANK1              100      0       0       7        0.0%
BITBANK2           100      0       0       8        0.0%
BANK2              100      0       0       9        0.0%
BITBANK3           100      0       0      10        0.0%
BANK3              100      0       0      11        0.0%
BITBANK4           100      0       0      12        0.0%
BANK4              100      0       0      13        0.0%
BITBANK5           100      0       0      14        0.0%
BANK5              100      0       0      15        0.0%
BITBANK6           100      0       0      16        0.0%
BANK6              100      0       0      17        0.0%
BITBANK7           100      0       0      18        0.0%
BANK7              100      0       0      19        0.0%
ABS                  0      0       0      20        0.0%
BIGRAM             7FF      0       0      21        0.0%
BITSFR               0      0       0      40        0.0%
SFR                  0      0       0      40        0.0%


Microchip Technology PIC18 Macro Assembler V1.35 build -356382666 
Symbol Table                                                                                   Mon Jul 11 17:17:58 2022

                     u17 7FDE                       u27 7FF2                      wreg 000FE8  
                   _main 7FCA                     start 0000             ___param_bank 000010  
                  ?_main 0001                    _PORTB 000F81          __initialization 7FC4  
           __end_of_main 8000                   ??_main 0001            __activetblptr 000000  
             __accesstop 0060  __end_of__initialization 7FC4            ___rparam_used 000001  
         __pcstackCOMRAM 0001                  __Hparam 0000                  __Lparam 0000  
                __pcinit 7FC4                  __ramtop 0800                  __ptext0 7FCA  
   end_of_initialization 7FC4                _TRISBbits 000F93      start_initialization 7FC4  
               __Hrparam 0000                 __Lrparam 0000            __size_of_main 0036  
