

Microchip MPLAB XC8 Assembler V2.32 build 20210201212658 
                                                                                               Thu Oct 03 12:43:15 2024

Microchip MPLAB XC8 C Compiler v2.32 (Free license) build 20210201212658 Og1 
     1                           	processor	18F4550
     2                           	fnconf	rparam,??,?,0
     3                           	pagewidth 120
     4                           	opt	flic
     5                           	psect	cinit,global,reloc=2,class=CODE,delta=1
     6                           	psect	cstackCOMRAM,global,class=COMRAM,space=1,delta=1,lowdata,noexec
     7                           	psect	text0,global,reloc=2,class=CODE,delta=1
     8                           	psect	intsave_regs,global,class=BIGRAM,space=1,delta=1,noexec
     9                           	psect	rparam,global,class=COMRAM,space=1,delta=1,noexec
    10                           	psect	idloc,global,abs,ovrld,class=IDLOC,space=5,delta=1,noexec
    11                           	psect	config,global,abs,ovrld,class=CONFIG,space=4,delta=1,noexec
    12  0000                     
    13                           ; Version 2.20
    14                           ; Generated 12/02/2020 GMT
    15                           ; 
    16                           ; Copyright © 2020, Microchip Technology Inc. and its subsidiaries ("Microchip")
    17                           ; All rights reserved.
    18                           ; 
    19                           ; This software is developed by Microchip Technology Inc. and its subsidiaries ("Microch
      +                          ip").
    20                           ; 
    21                           ; Redistribution and use in source and binary forms, with or without modification, are
    22                           ; permitted provided that the following conditions are met:
    23                           ; 
    24                           ;     1. Redistributions of source code must retain the above copyright notice, this lis
      +                          t of
    25                           ;        conditions and the following disclaimer.
    26                           ; 
    27                           ;     2. Redistributions in binary form must reproduce the above copyright notice, this 
      +                          list
    28                           ;        of conditions and the following disclaimer in the documentation and/or other
    29                           ;        materials provided with the distribution.
    30                           ; 
    31                           ;     3. Microchip's name may not be used to endorse or promote products derived from th
      +                          is
    32                           ;        software without specific prior written permission.
    33                           ; 
    34                           ; THIS SOFTWARE IS PROVIDED BY MICROCHIP "AS IS" AND ANY EXPRESS OR IMPLIED WARRANTIES,
    35                           ; INCLUDING, BUT NOT LIMITED TO, THE IMPLIED WARRANTIES OF MERCHANTABILITY AND FITNESS F
      +                          OR
    36                           ; PURPOSE ARE DISCLAIMED.  IN NO EVENT SHALL MICROCHIP BE LIABLE FOR ANY DIRECT, INDIREC
      +                          T,
    37                           ; INCIDENTAL, SPECIAL, EXEMPLARY, OR CONSEQUENTIAL DAMAGES (INCLUDING BUT NOT LIMITED TO
    38                           ; PROCUREMENT OF SUBSTITUTE GOODS OR SERVICES; LOSS OF USE, DATA OR PROFITS; OR BUSINESS
    39                           ; INTERRUPTION) HOWSOEVER CAUSED AND ON ANY THEORY OF LIABILITY, WHETHER IN CONTRACT, ST
      +                          RICT
    40                           ; LIABILITY, OR TORT (INCLUDING NEGLIGENCE OR OTHERWISE) ARISING IN ANY WAY OUT OF THE U
      +                          SE OF
    41                           ; THIS SOFTWARE, EVEN IF ADVISED OF THE POSSIBILITY OF SUCH DAMAGE.
    42                           ; 
    43                           ; 
    44                           ; Code-generator required, PIC18F4550 Definitions
    45                           ; 
    46                           ; SFR Addresses
    47  0000                     _TRISB	set	3987
    48  0000                     _RB1	set	31753
    49  0000                     _RB0	set	31752
    50                           
    51                           ; #config settings
    52                           
    53                           	psect	cinit
    54  007F76                     __pcinit:
    55                           	callstack 0
    56  007F76                     start_initialization:
    57                           	callstack 0
    58  007F76                     __initialization:
    59                           	callstack 0
    60  007F76                     end_of_initialization:
    61                           	callstack 0
    62  007F76                     __end_of__initialization:
    63                           	callstack 0
    64  007F76  0100               	movlb	0
    65  007F78  EFBE  F03F         	goto	_main	;jump to C main() function
    66                           
    67                           	psect	cstackCOMRAM
    68  000001                     __pcstackCOMRAM:
    69                           	callstack 0
    70  000001                     ??_main:
    71  000001                     
    72                           ; 2 bytes @ 0x0
    73  000001                     	ds	2
    74  000003                     main@i:
    75                           	callstack 0
    76                           
    77                           ; 2 bytes @ 0x2
    78  000003                     	ds	2
    79                           
    80 ;;
    81 ;;Main: autosize = 0, tempsize = 2, incstack = 0, save=0
    82 ;;
    83 ;; *************** function _main *****************
    84 ;; Defined at:
    85 ;;		line 15 in file "sonido.c"
    86 ;; Parameters:    Size  Location     Type
    87 ;;		None
    88 ;; Auto vars:     Size  Location     Type
    89 ;;  i               2    2[COMRAM] int 
    90 ;; Return value:  Size  Location     Type
    91 ;;                  2   12[None  ] int 
    92 ;; Registers used:
    93 ;;		wreg, status,2, status,0
    94 ;; Tracked objects:
    95 ;;		On entry : 0/0
    96 ;;		On exit  : 0/0
    97 ;;		Unchanged: 0/0
    98 ;; Data sizes:     COMRAM   BANK0   BANK1   BANK2   BANK3   BANK4   BANK5   BANK6   BANK7
    99 ;;      Params:         0       0       0       0       0       0       0       0       0
   100 ;;      Locals:         2       0       0       0       0       0       0       0       0
   101 ;;      Temps:          2       0       0       0       0       0       0       0       0
   102 ;;      Totals:         4       0       0       0       0       0       0       0       0
   103 ;;Total ram usage:        4 bytes
   104 ;; This function calls:
   105 ;;		Nothing
   106 ;; This function is called by:
   107 ;;		Startup code after reset
   108 ;; This function uses a non-reentrant model
   109 ;;
   110                           
   111                           	psect	text0
   112  007F7C                     __ptext0:
   113                           	callstack 0
   114  007F7C                     _main:
   115                           	callstack 31
   116  007F7C                     
   117                           ;sonido.c: 19:   TRISB = 0;
   118  007F7C  0E00               	movlw	0
   119  007F7E  6E93               	movwf	147,c	;volatile
   120  007F80                     l696:
   121                           
   122                           ;sonido.c: 22:   {;sonido.c: 23:     RB0 = 1;
   123  007F80  8081               	bsf	3969,0,c	;volatile
   124                           
   125                           ;sonido.c: 25:     for(i = 0; i<200; i++)
   126  007F82  0E00               	movlw	0
   127  007F84  6E04               	movwf	(main@i+1)^0,c
   128  007F86  0E00               	movlw	0
   129  007F88  6E03               	movwf	main@i^0,c
   130  007F8A                     l14:
   131                           
   132                           ;sonido.c: 26:     {;sonido.c: 27:         RB1 = 1;
   133  007F8A  8281               	bsf	3969,1,c	;volatile
   134  007F8C                     
   135                           ;sonido.c: 28:         _delay((unsigned long)((2)*(4000000/4000.0)));
   136  007F8C  0E03               	movlw	3
   137  007F8E  6E01               	movwf	??_main^0,c
   138  007F90  0E98               	movlw	152
   139  007F92                     u27:
   140  007F92  2EE8               	decfsz	wreg,f,c
   141  007F94  D7FE               	bra	u27
   142  007F96  2E01               	decfsz	??_main^0,f,c
   143  007F98  D7FC               	bra	u27
   144  007F9A                     
   145                           ;sonido.c: 29:         RB1 = 0;
   146  007F9A  9281               	bcf	3969,1,c	;volatile
   147                           
   148                           ;sonido.c: 30:         _delay((unsigned long)((2)*(4000000/4000.0)));
   149  007F9C  0E03               	movlw	3
   150  007F9E  6E01               	movwf	??_main^0,c
   151  007FA0  0E98               	movlw	152
   152  007FA2                     u37:
   153  007FA2  2EE8               	decfsz	wreg,f,c
   154  007FA4  D7FE               	bra	u37
   155  007FA6  2E01               	decfsz	??_main^0,f,c
   156  007FA8  D7FC               	bra	u37
   157  007FAA                     
   158                           ;sonido.c: 31:     }
   159  007FAA  4A03               	infsnz	main@i^0,f,c
   160  007FAC  2A04               	incf	(main@i+1)^0,f,c
   161  007FAE  BE04               	btfsc	(main@i+1)^0,7,c
   162  007FB0  EFE3  F03F         	goto	u11
   163  007FB4  5004               	movf	(main@i+1)^0,w,c
   164  007FB6  E109               	bnz	u10
   165  007FB8  0EC8               	movlw	200
   166  007FBA  5C03               	subwf	main@i^0,w,c
   167  007FBC  A0D8               	btfss	status,0,c
   168  007FBE  EFE3  F03F         	goto	u11
   169  007FC2  EFE5  F03F         	goto	u10
   170  007FC6                     u11:
   171  007FC6  EFC5  F03F         	goto	l14
   172  007FCA                     u10:
   173  007FCA                     
   174                           ;sonido.c: 32:     _delay((unsigned long)((500)*(4000000/4000.0)));
   175  007FCA  0E03               	movlw	3
   176  007FCC  6E02               	movwf	(??_main+1)^0,c
   177  007FCE  0E8A               	movlw	138
   178  007FD0  6E01               	movwf	??_main^0,c
   179  007FD2  0E56               	movlw	86
   180  007FD4                     u47:
   181  007FD4  2EE8               	decfsz	wreg,f,c
   182  007FD6  D7FE               	bra	u47
   183  007FD8  2E01               	decfsz	??_main^0,f,c
   184  007FDA  D7FC               	bra	u47
   185  007FDC  2E02               	decfsz	(??_main+1)^0,f,c
   186  007FDE  D7FA               	bra	u47
   187  007FE0                     
   188                           ;sonido.c: 34:     RB0 = 0;
   189  007FE0  9081               	bcf	3969,0,c	;volatile
   190                           
   191                           ;sonido.c: 35:     _delay((unsigned long)((500)*(4000000/4000.0)));
   192  007FE2  0E03               	movlw	3
   193  007FE4  6E02               	movwf	(??_main+1)^0,c
   194  007FE6  0E8A               	movlw	138
   195  007FE8  6E01               	movwf	??_main^0,c
   196  007FEA  0E56               	movlw	86
   197  007FEC                     u57:
   198  007FEC  2EE8               	decfsz	wreg,f,c
   199  007FEE  D7FE               	bra	u57
   200  007FF0  2E01               	decfsz	??_main^0,f,c
   201  007FF2  D7FC               	bra	u57
   202  007FF4  2E02               	decfsz	(??_main+1)^0,f,c
   203  007FF6  D7FA               	bra	u57
   204  007FF8  EFC0  F03F         	goto	l696
   205  007FFC  EF00  F000         	goto	start
   206  008000                     __end_of_main:
   207                           	callstack 0
   208  0000                     
   209                           	psect	rparam
   210  0000                     
   211                           	psect	idloc
   212                           
   213                           ;Config register IDLOC0 @ 0x200000
   214                           ;	unspecified, using default values
   215  200000                     	org	2097152
   216  200000  FF                 	db	255
   217                           
   218                           ;Config register IDLOC1 @ 0x200001
   219                           ;	unspecified, using default values
   220  200001                     	org	2097153
   221  200001  FF                 	db	255
   222                           
   223                           ;Config register IDLOC2 @ 0x200002
   224                           ;	unspecified, using default values
   225  200002                     	org	2097154
   226  200002  FF                 	db	255
   227                           
   228                           ;Config register IDLOC3 @ 0x200003
   229                           ;	unspecified, using default values
   230  200003                     	org	2097155
   231  200003  FF                 	db	255
   232                           
   233                           ;Config register IDLOC4 @ 0x200004
   234                           ;	unspecified, using default values
   235  200004                     	org	2097156
   236  200004  FF                 	db	255
   237                           
   238                           ;Config register IDLOC5 @ 0x200005
   239                           ;	unspecified, using default values
   240  200005                     	org	2097157
   241  200005  FF                 	db	255
   242                           
   243                           ;Config register IDLOC6 @ 0x200006
   244                           ;	unspecified, using default values
   245  200006                     	org	2097158
   246  200006  FF                 	db	255
   247                           
   248                           ;Config register IDLOC7 @ 0x200007
   249                           ;	unspecified, using default values
   250  200007                     	org	2097159
   251  200007  FF                 	db	255
   252                           
   253                           	psect	config
   254                           
   255                           ;Config register CONFIG1L @ 0x300000
   256                           ;	unspecified, using default values
   257                           ;	PLL Prescaler Selection bits
   258                           ;	PLLDIV = 0x0, unprogrammed default
   259                           ;	System Clock Postscaler Selection bits
   260                           ;	CPUDIV = 0x0, unprogrammed default
   261                           ;	USB Clock Selection bit (used in Full-Speed USB mode only; UCFG:FSEN = 1)
   262                           ;	USBDIV = 0x0, unprogrammed default
   263  300000                     	org	3145728
   264  300000  00                 	db	0
   265                           
   266                           ;Config register CONFIG1H @ 0x300001
   267                           ;	Oscillator Selection bits
   268                           ;	FOSC = HS, HS oscillator (HS)
   269                           ;	Fail-Safe Clock Monitor Enable bit
   270                           ;	FCMEN = 0x0, unprogrammed default
   271                           ;	Internal/External Oscillator Switchover bit
   272                           ;	IESO = 0x0, unprogrammed default
   273  300001                     	org	3145729
   274  300001  0C                 	db	12
   275                           
   276                           ;Config register CONFIG2L @ 0x300002
   277                           ;	unspecified, using default values
   278                           ;	Power-up Timer Enable bit
   279                           ;	PWRT = 0x1, unprogrammed default
   280                           ;	Brown-out Reset Enable bits
   281                           ;	BOR = 0x3, unprogrammed default
   282                           ;	Brown-out Reset Voltage bits
   283                           ;	BORV = 0x3, unprogrammed default
   284                           ;	USB Voltage Regulator Enable bit
   285                           ;	VREGEN = 0x0, unprogrammed default
   286  300002                     	org	3145730
   287  300002  1F                 	db	31
   288                           
   289                           ;Config register CONFIG2H @ 0x300003
   290                           ;	unspecified, using default values
   291                           ;	Watchdog Timer Enable bit
   292                           ;	WDT = 0x1, unprogrammed default
   293                           ;	Watchdog Timer Postscale Select bits
   294                           ;	WDTPS = 0xF, unprogrammed default
   295  300003                     	org	3145731
   296  300003  1F                 	db	31
   297                           
   298                           ; Padding undefined space
   299  300004                     	org	3145732
   300  300004  FF                 	db	255
   301                           
   302                           ;Config register CONFIG3H @ 0x300005
   303                           ;	unspecified, using default values
   304                           ;	CCP2 MUX bit
   305                           ;	CCP2MX = 0x1, unprogrammed default
   306                           ;	PORTB A/D Enable bit
   307                           ;	PBADEN = 0x1, unprogrammed default
   308                           ;	Low-Power Timer 1 Oscillator Enable bit
   309                           ;	LPT1OSC = 0x0, unprogrammed default
   310                           ;	MCLR Pin Enable bit
   311                           ;	MCLRE = 0x1, unprogrammed default
   312  300005                     	org	3145733
   313  300005  83                 	db	131
   314                           
   315                           ;Config register CONFIG4L @ 0x300006
   316                           ;	unspecified, using default values
   317                           ;	Stack Full/Underflow Reset Enable bit
   318                           ;	STVREN = 0x1, unprogrammed default
   319                           ;	Single-Supply ICSP Enable bit
   320                           ;	LVP = 0x1, unprogrammed default
   321                           ;	Dedicated In-Circuit Debug/Programming Port (ICPORT) Enable bit
   322                           ;	ICPRT = 0x0, unprogrammed default
   323                           ;	Extended Instruction Set Enable bit
   324                           ;	XINST = 0x0, unprogrammed default
   325                           ;	Background Debugger Enable bit
   326                           ;	DEBUG = 0x1, unprogrammed default
   327  300006                     	org	3145734
   328  300006  85                 	db	133
   329                           
   330                           ; Padding undefined space
   331  300007                     	org	3145735
   332  300007  FF                 	db	255
   333                           
   334                           ;Config register CONFIG5L @ 0x300008
   335                           ;	unspecified, using default values
   336                           ;	Code Protection bit
   337                           ;	CP0 = 0x1, unprogrammed default
   338                           ;	Code Protection bit
   339                           ;	CP1 = 0x1, unprogrammed default
   340                           ;	Code Protection bit
   341                           ;	CP2 = 0x1, unprogrammed default
   342                           ;	Code Protection bit
   343                           ;	CP3 = 0x1, unprogrammed default
   344  300008                     	org	3145736
   345  300008  0F                 	db	15
   346                           
   347                           ;Config register CONFIG5H @ 0x300009
   348                           ;	unspecified, using default values
   349                           ;	Boot Block Code Protection bit
   350                           ;	CPB = 0x1, unprogrammed default
   351                           ;	Data EEPROM Code Protection bit
   352                           ;	CPD = 0x1, unprogrammed default
   353  300009                     	org	3145737
   354  300009  C0                 	db	192
   355                           
   356                           ;Config register CONFIG6L @ 0x30000A
   357                           ;	unspecified, using default values
   358                           ;	Write Protection bit
   359                           ;	WRT0 = 0x1, unprogrammed default
   360                           ;	Write Protection bit
   361                           ;	WRT1 = 0x1, unprogrammed default
   362                           ;	Write Protection bit
   363                           ;	WRT2 = 0x1, unprogrammed default
   364                           ;	Write Protection bit
   365                           ;	WRT3 = 0x1, unprogrammed default
   366  30000A                     	org	3145738
   367  30000A  0F                 	db	15
   368                           
   369                           ;Config register CONFIG6H @ 0x30000B
   370                           ;	unspecified, using default values
   371                           ;	Configuration Register Write Protection bit
   372                           ;	WRTC = 0x1, unprogrammed default
   373                           ;	Boot Block Write Protection bit
   374                           ;	WRTB = 0x1, unprogrammed default
   375                           ;	Data EEPROM Write Protection bit
   376                           ;	WRTD = 0x1, unprogrammed default
   377  30000B                     	org	3145739
   378  30000B  E0                 	db	224
   379                           
   380                           ;Config register CONFIG7L @ 0x30000C
   381                           ;	unspecified, using default values
   382                           ;	Table Read Protection bit
   383                           ;	EBTR0 = 0x1, unprogrammed default
   384                           ;	Table Read Protection bit
   385                           ;	EBTR1 = 0x1, unprogrammed default
   386                           ;	Table Read Protection bit
   387                           ;	EBTR2 = 0x1, unprogrammed default
   388                           ;	Table Read Protection bit
   389                           ;	EBTR3 = 0x1, unprogrammed default
   390  30000C                     	org	3145740
   391  30000C  0F                 	db	15
   392                           
   393                           ;Config register CONFIG7H @ 0x30000D
   394                           ;	unspecified, using default values
   395                           ;	Boot Block Table Read Protection bit
   396                           ;	EBTRB = 0x1, unprogrammed default
   397  30000D                     	org	3145741
   398  30000D  40                 	db	64
   399                           tosu	equ	0xFFF
   400                           tosh	equ	0xFFE
   401                           tosl	equ	0xFFD
   402                           stkptr	equ	0xFFC
   403                           pclatu	equ	0xFFB
   404                           pclath	equ	0xFFA
   405                           pcl	equ	0xFF9
   406                           tblptru	equ	0xFF8
   407                           tblptrh	equ	0xFF7
   408                           tblptrl	equ	0xFF6
   409                           tablat	equ	0xFF5
   410                           prodh	equ	0xFF4
   411                           prodl	equ	0xFF3
   412                           indf0	equ	0xFEF
   413                           postinc0	equ	0xFEE
   414                           postdec0	equ	0xFED
   415                           preinc0	equ	0xFEC
   416                           plusw0	equ	0xFEB
   417                           fsr0h	equ	0xFEA
   418                           fsr0l	equ	0xFE9
   419                           wreg	equ	0xFE8
   420                           indf1	equ	0xFE7
   421                           postinc1	equ	0xFE6
   422                           postdec1	equ	0xFE5
   423                           preinc1	equ	0xFE4
   424                           plusw1	equ	0xFE3
   425                           fsr1h	equ	0xFE2
   426                           fsr1l	equ	0xFE1
   427                           bsr	equ	0xFE0
   428                           indf2	equ	0xFDF
   429                           postinc2	equ	0xFDE
   430                           postdec2	equ	0xFDD
   431                           preinc2	equ	0xFDC
   432                           plusw2	equ	0xFDB
   433                           fsr2h	equ	0xFDA
   434                           fsr2l	equ	0xFD9
   435                           status	equ	0xFD8

Data Sizes:
    Strings     0
    Constant    0
    Data        0
    BSS         0
    Persistent  0
    Stack       0

Auto Spaces:
    Space          Size  Autos    Used
    COMRAM           95      4       4
    BANK0           160      0       0
    BANK1           256      0       0
    BANK2           256      0       0
    BANK3           256      0       0
    BANK4           256      0       0
    BANK5           256      0       0
    BANK6           256      0       0
    BANK7           256      0       0

Pointer List with Targets:

    None.

Critical Paths under _main in COMRAM

    None.

Critical Paths under _main in BANK0

    None.

Critical Paths under _main in BANK1

    None.

Critical Paths under _main in BANK2

    None.

Critical Paths under _main in BANK3

    None.

Critical Paths under _main in BANK4

    None.

Critical Paths under _main in BANK5

    None.

Critical Paths under _main in BANK6

    None.

Critical Paths under _main in BANK7

    None.

Call Graph Tables:

 ---------------------------------------------------------------------------------
 (Depth) Function   	        Calls       Base Space   Used Autos Params    Refs
 ---------------------------------------------------------------------------------
 (0) _main                                                 4     4      0      30
                                              0 COMRAM     4     4      0
 ---------------------------------------------------------------------------------
 Estimated maximum stack depth 0
 ---------------------------------------------------------------------------------

 Call Graph Graphs:

 _main (ROOT)

 Address spaces:
Name               Size   Autos  Total    Cost      Usage
BITCOMRAM           5F      0       0       0        0.0%
EEDATA             100      0       0       0        0.0%
NULL                 0      0       0       0        0.0%
CODE                 0      0       0       0        0.0%
COMRAM              5F      4       4       1        4.2%
STACK                0      0       0       2        0.0%
DATA                 0      0       0       3        0.0%
BITBANK0            A0      0       0       4        0.0%
BANK0               A0      0       0       5        0.0%
BITBANK1           100      0       0       6        0.0%
BANK1              100      0       0       7        0.0%
BITBANK2           100      0       0       8        0.0%
BANK2              100      0       0       9        0.0%
BITBANK3           100      0       0      10        0.0%
BANK3              100      0       0      11        0.0%
BITBANK4           100      0       0      12        0.0%
BANK4              100      0       0      13        0.0%
BITBANK5           100      0       0      14        0.0%
BANK5              100      0       0      15        0.0%
BITBANK6           100      0       0      16        0.0%
BANK6              100      0       0      17        0.0%
BITBANK7           100      0       0      18        0.0%
BANK7              100      0       0      19        0.0%
ABS                  0      0       0      20        0.0%
BIGRAM             7FF      0       0      21        0.0%
BITSFR               0      0       0     200        0.0%
SFR                  0      0       0     200        0.0%


Microchip Technology PIC18 Macro Assembler V2.32 build 20210201212658 
Symbol Table                                                                                   Thu Oct 03 12:43:15 2024

                     l14 7F8A                       u10 7FCA                       u11 7FC6  
                     u27 7F92                       u37 7FA2                       u47 7FD4  
                     u57 7FEC                      l710 7FE0                      l702 7F8C  
                    l704 7F9A                      l706 7FAA                      l708 7FCA  
                    l694 7F7C                      l696 7F80                      _RB0 007C08  
                    _RB1 007C09                      wreg 000FE8                     _main 7F7C  
                   start 0000             ___param_bank 000000                    ?_main 0001  
                  _TRISB 000F93                    main@i 0003                    status 000FD8  
        __initialization 7F76             __end_of_main 8000                   ??_main 0001  
          __activetblptr 000000                   isa$std 000001               __accesstop 0060  
__end_of__initialization 7F76            ___rparam_used 000001           __pcstackCOMRAM 0001  
                __Hparam 0000                  __Lparam 0000                  __pcinit 7F76  
                __ramtop 0800                  __ptext0 7F7C     end_of_initialization 7F76  
    start_initialization 7F76                 __Hrparam 0000                 __Lrparam 0000  
          __size_of_main 0084                 isa$xinst 000000  
