

Microchip Technology PIC18 LITE Macro Assembler V1.35 build -356382666 
                                                                                               Tue Oct 08 10:40:58 2024

Microchip Technology Omniscient Code Generator v1.35 (Free mode) build 201507080246
     1                           	processor	18F4550
     2                           	fnconf	rparam,??,?,0
     3                           	opt	pw 120
     4                           	opt	lm
     5                           	psect	cinit,global,reloc=2,class=CODE,delta=1
     6                           	psect	bssCOMRAM,global,class=COMRAM,space=1,delta=1
     7                           	psect	cstackCOMRAM,global,class=COMRAM,space=1,delta=1
     8                           	psect	text0,global,reloc=2,class=CODE,delta=1
     9                           	psect	intcode,global,reloc=2,class=CODE,delta=1
    10                           	psect	intcode_body,global,reloc=2,class=CODE,delta=1
    11                           	psect	intsave_regs,global,class=BIGRAM,space=1,delta=1
    12                           	psect	rparam,global,class=COMRAM,space=1,delta=1
    13                           	psect	temp,global,ovrld,common,class=COMRAM,space=1,delta=1
    14  0000                     _INTCON2bits	set	4081
    15  0000                     _INTCONbits	set	4082
    16  0000                     _LATD	set	3980
    17  0000                     _RCONbits	set	4048
    18  0000                     _TRISBbits	set	3987
    19  0000                     _TRISD	set	3989
    20                           
    21                           ; #config settings
    22  0000                     
    23                           	psect	cinit
    24  0000B4                     __pcinit:
    25                           	opt stack 0
    26  0000B4                     start_initialization:
    27                           	opt stack 0
    28  0000B4                     __initialization:
    29                           	opt stack 0
    30                           
    31                           ; Clear objects allocated to COMRAM (1 bytes)
    32  0000B4  6A0F               	clrf	__pbssCOMRAM& (0+255),c
    33  0000B6                     end_of_initialization:
    34                           	opt stack 0
    35  0000B6                     __end_of__initialization:
    36                           	opt stack 0
    37  0000B6  9010               	bcf	int$flags,0,c	;clear compiler interrupt flag (level 1)
    38  0000B8  9210               	bcf	int$flags,1,c	;clear compiler interrupt flag (level 2)
    39  0000BA  0100               	movlb	0
    40  0000BC  EF50  F000         	goto	_main	;jump to C main() function
    41                           
    42                           	psect	bssCOMRAM
    43  00000F                     __pbssCOMRAM:
    44                           	opt stack 0
    45  00000F                     _i:
    46                           	opt stack 0
    47  00000F                     	ds	1
    48                           
    49                           	psect	cstackCOMRAM
    50  000001                     __pcstackCOMRAM:
    51                           	opt stack 0
    52  000001                     ??_INT_EXT_0:
    53                           
    54                           ; 0 bytes @ 0x0
    55  000001                     	ds	14
    56  00000F                     
    57                           ; 0 bytes @ 0xE
    58 ;;
    59 ;;Main: autosize = 0, tempsize = 0, incstack = 0, save=0
    60 ;;
    61 ;; *************** function _main *****************
    62 ;; Defined at:
    63 ;;		line 10 in file "interrupciones.c"
    64 ;; Parameters:    Size  Location     Type
    65 ;;		None
    66 ;; Auto vars:     Size  Location     Type
    67 ;;		None
    68 ;; Return value:  Size  Location     Type
    69 ;;		None               void
    70 ;; Registers used:
    71 ;;		wreg, status,2
    72 ;; Tracked objects:
    73 ;;		On entry : 0/0
    74 ;;		On exit  : 0/0
    75 ;;		Unchanged: 0/0
    76 ;; Data sizes:     COMRAM   BANK0   BANK1   BANK2   BANK3   BANK4   BANK5   BANK6   BANK7
    77 ;;      Params:         0       0       0       0       0       0       0       0       0
    78 ;;      Locals:         0       0       0       0       0       0       0       0       0
    79 ;;      Temps:          0       0       0       0       0       0       0       0       0
    80 ;;      Totals:         0       0       0       0       0       0       0       0       0
    81 ;;Total ram usage:        0 bytes
    82 ;; Hardware stack levels required when called:    1
    83 ;; This function calls:
    84 ;;		Nothing
    85 ;; This function is called by:
    86 ;;		Startup code after reset
    87 ;; This function uses a non-reentrant model
    88 ;;
    89                           
    90                           	psect	text0
    91  0000A0                     __ptext0:
    92                           	opt stack 0
    93  0000A0                     _main:
    94                           	opt stack 30
    95                           
    96                           ;interrupciones.c: 11: TRISD = 0x00;
    97                           
    98                           ;incstack = 0
    99  0000A0  0E00               	movlw	0
   100  0000A2  6E95               	movwf	3989,c	;volatile
   101                           
   102                           ;interrupciones.c: 12: TRISBbits.TRISB0 = 1;
   103  0000A4  8093               	bsf	3987,0,c	;volatile
   104                           
   105                           ;interrupciones.c: 13: INTCONbits.INT0IE = 1;
   106  0000A6  88F2               	bsf	intcon,4,c	;volatile
   107                           
   108                           ;interrupciones.c: 14: INTCON2bits.INTEDG0 = 0;
   109  0000A8  9CF1               	bcf	intcon2,6,c	;volatile
   110                           
   111                           ;interrupciones.c: 15: INTCONbits.INT0IF = 0;
   112  0000AA  92F2               	bcf	intcon,1,c	;volatile
   113                           
   114                           ;interrupciones.c: 16: RCONbits.IPEN = 0;
   115  0000AC  9ED0               	bcf	4048,7,c	;volatile
   116                           
   117                           ;interrupciones.c: 17: INTCONbits.PEIE = 1;
   118  0000AE  8CF2               	bsf	intcon,6,c	;volatile
   119                           
   120                           ;interrupciones.c: 18: INTCONbits.GIE = 1;
   121  0000B0  8EF2               	bsf	intcon,7,c	;volatile
   122  0000B2  D7FF               	goto	l18
   123  0000B4                     __end_of_main:
   124                           	opt stack 0
   125                           intcon	equ	0xFF2
   126                           intcon2	equ	0xFF1
   127                           
   128 ;; *************** function _INT_EXT_0 *****************
   129 ;; Defined at:
   130 ;;		line 23 in file "interrupciones.c"
   131 ;; Parameters:    Size  Location     Type
   132 ;;		None
   133 ;; Auto vars:     Size  Location     Type
   134 ;;		None
   135 ;; Return value:  Size  Location     Type
   136 ;;		None               void
   137 ;; Registers used:
   138 ;;		wreg, status,2, status,0
   139 ;; Tracked objects:
   140 ;;		On entry : 0/0
   141 ;;		On exit  : 0/0
   142 ;;		Unchanged: 0/0
   143 ;; Data sizes:     COMRAM   BANK0   BANK1   BANK2   BANK3   BANK4   BANK5   BANK6   BANK7
   144 ;;      Params:         0       0       0       0       0       0       0       0       0
   145 ;;      Locals:         0       0       0       0       0       0       0       0       0
   146 ;;      Temps:         14       0       0       0       0       0       0       0       0
   147 ;;      Totals:        14       0       0       0       0       0       0       0       0
   148 ;;Total ram usage:       14 bytes
   149 ;; Hardware stack levels used:    1
   150 ;; This function calls:
   151 ;;		Nothing
   152 ;; This function is called by:
   153 ;;		Interrupt level 2
   154 ;; This function uses a non-reentrant model
   155 ;;
   156                           
   157                           	psect	intcode
   158  000008                     __pintcode:
   159                           	opt stack 0
   160  000008                     _INT_EXT_0:
   161                           	opt stack 30
   162                           
   163                           ;incstack = 0
   164  000008  8210               	bsf	btemp,1,c	;set compiler interrupt flag (level 2)
   165  00000A  CFFA F001          	movff	pclath,??_INT_EXT_0
   166  00000E  CFFB F002          	movff	pclatu,??_INT_EXT_0+1
   167  000012  ED0D  F000         	call	int_func,f	;refresh shadow registers
   168                           pclatu	equ	0xFFB
   169                           pclath	equ	0xFFA
   170                           intcon	equ	0xFF2
   171                           intcon2	equ	0xFF1
   172                           
   173                           	psect	intcode_body
   174  00001A                     __pintcode_body:
   175                           	opt stack 30
   176  00001A                     int_func:
   177                           	opt stack 30
   178  00001A  0006               	pop		; remove dummy address from shadow register refresh
   179  00001C  CFE9 F003          	movff	fsr0l,??_INT_EXT_0+2
   180  000020  CFEA F004          	movff	fsr0h,??_INT_EXT_0+3
   181  000024  CFE1 F005          	movff	fsr1l,??_INT_EXT_0+4
   182  000028  CFE2 F006          	movff	fsr1h,??_INT_EXT_0+5
   183  00002C  CFD9 F007          	movff	fsr2l,??_INT_EXT_0+6
   184  000030  CFDA F008          	movff	fsr2h,??_INT_EXT_0+7
   185  000034  CFF3 F009          	movff	prodl,??_INT_EXT_0+8
   186  000038  CFF4 F00A          	movff	prodh,??_INT_EXT_0+9
   187  00003C  CFF6 F00B          	movff	tblptrl,??_INT_EXT_0+10
   188  000040  CFF7 F00C          	movff	tblptrh,??_INT_EXT_0+11
   189  000044  CFF8 F00D          	movff	tblptru,??_INT_EXT_0+12
   190  000048  CFF5 F00E          	movff	tablat,??_INT_EXT_0+13
   191                           
   192                           ;interrupciones.c: 24: if (INTCONbits.INT0IF) {
   193  00004C  A2F2               	btfss	intcon,1,c	;volatile
   194  00004E  D00A               	goto	i2l25
   195                           
   196                           ;interrupciones.c: 25: INTCONbits.INT0IF = 0;
   197  000050  92F2               	bcf	intcon,1,c	;volatile
   198                           
   199                           ;interrupciones.c: 26: if (++i == 16) {
   200  000052  2A0F               	incf	_i,f,c
   201  000054  0E10               	movlw	16
   202  000056  180F               	xorwf	_i,w,c
   203  000058  A4D8               	btfss	status,2,c
   204  00005A  D002               	goto	i2l647
   205                           
   206                           ;interrupciones.c: 27: i = 0;
   207  00005C  0E00               	movlw	0
   208  00005E  6E0F               	movwf	_i,c
   209  000060                     i2l647:
   210                           
   211                           ;interrupciones.c: 28: }
   212                           ;interrupciones.c: 29: LATD = i;
   213  000060  C00F  FF8C         	movff	_i,3980	;volatile
   214  000064                     i2l25:
   215  000064  C00E  FFF5         	movff	??_INT_EXT_0+13,tablat
   216  000068  C00D  FFF8         	movff	??_INT_EXT_0+12,tblptru
   217  00006C  C00C  FFF7         	movff	??_INT_EXT_0+11,tblptrh
   218  000070  C00B  FFF6         	movff	??_INT_EXT_0+10,tblptrl
   219  000074  C00A  FFF4         	movff	??_INT_EXT_0+9,prodh
   220  000078  C009  FFF3         	movff	??_INT_EXT_0+8,prodl
   221  00007C  C008  FFDA         	movff	??_INT_EXT_0+7,fsr2h
   222  000080  C007  FFD9         	movff	??_INT_EXT_0+6,fsr2l
   223  000084  C006  FFE2         	movff	??_INT_EXT_0+5,fsr1h
   224  000088  C005  FFE1         	movff	??_INT_EXT_0+4,fsr1l
   225  00008C  C004  FFEA         	movff	??_INT_EXT_0+3,fsr0h
   226  000090  C003  FFE9         	movff	??_INT_EXT_0+2,fsr0l
   227  000094  C002  FFFB         	movff	??_INT_EXT_0+1,pclatu
   228  000098  C001  FFFA         	movff	??_INT_EXT_0,pclath
   229  00009C  9210               	bcf	btemp,1,c	;clear compiler interrupt flag (level 2)
   230  00009E  0011               	retfie		f
   231  0000A0                     __end_of_INT_EXT_0:
   232                           	opt stack 0
   233  0000                     pclatu	equ	0xFFB
   234                           pclath	equ	0xFFA
   235                           tblptru	equ	0xFF8
   236                           tblptrh	equ	0xFF7
   237                           tblptrl	equ	0xFF6
   238                           tablat	equ	0xFF5
   239                           prodh	equ	0xFF4
   240                           prodl	equ	0xFF3
   241                           intcon	equ	0xFF2
   242                           intcon2	equ	0xFF1
   243                           fsr0h	equ	0xFEA
   244                           fsr0l	equ	0xFE9
   245                           fsr1h	equ	0xFE2
   246                           fsr1l	equ	0xFE1
   247                           fsr2h	equ	0xFDA
   248                           fsr2l	equ	0xFD9
   249                           status	equ	0xFD8
   250                           pclatu	equ	0xFFB
   251                           pclath	equ	0xFFA
   252                           tblptru	equ	0xFF8
   253                           tblptrh	equ	0xFF7
   254                           tblptrl	equ	0xFF6
   255                           tablat	equ	0xFF5
   256                           prodh	equ	0xFF4
   257                           prodl	equ	0xFF3
   258                           intcon	equ	0xFF2
   259                           intcon2	equ	0xFF1
   260                           fsr0h	equ	0xFEA
   261                           fsr0l	equ	0xFE9
   262                           fsr1h	equ	0xFE2
   263                           fsr1l	equ	0xFE1
   264                           fsr2h	equ	0xFDA
   265                           fsr2l	equ	0xFD9
   266                           status	equ	0xFD8
   267                           
   268                           	psect	rparam
   269  0000                     pclatu	equ	0xFFB
   270                           pclath	equ	0xFFA
   271                           tblptru	equ	0xFF8
   272                           tblptrh	equ	0xFF7
   273                           tblptrl	equ	0xFF6
   274                           tablat	equ	0xFF5
   275                           prodh	equ	0xFF4
   276                           prodl	equ	0xFF3
   277                           intcon	equ	0xFF2
   278                           intcon2	equ	0xFF1
   279                           fsr0h	equ	0xFEA
   280                           fsr0l	equ	0xFE9
   281                           fsr1h	equ	0xFE2
   282                           fsr1l	equ	0xFE1
   283                           fsr2h	equ	0xFDA
   284                           fsr2l	equ	0xFD9
   285                           status	equ	0xFD8
   286                           
   287                           	psect	temp
   288  000010                     btemp:
   289                           	opt stack 0
   290  000010                     	ds	1
   291  0000                     int$flags	set	btemp
   292                           pclatu	equ	0xFFB
   293                           pclath	equ	0xFFA
   294                           tblptru	equ	0xFF8
   295                           tblptrh	equ	0xFF7
   296                           tblptrl	equ	0xFF6
   297                           tablat	equ	0xFF5
   298                           prodh	equ	0xFF4
   299                           prodl	equ	0xFF3
   300                           intcon	equ	0xFF2
   301                           intcon2	equ	0xFF1
   302                           fsr0h	equ	0xFEA
   303                           fsr0l	equ	0xFE9
   304                           fsr1h	equ	0xFE2
   305                           fsr1l	equ	0xFE1
   306                           fsr2h	equ	0xFDA
   307                           fsr2l	equ	0xFD9
   308                           status	equ	0xFD8


Data Sizes:
    Strings     0
    Constant    0
    Data        0
    BSS         1
    Persistent  0
    Stack       0

Auto Spaces:
    Space          Size  Autos    Used
    COMRAM           94     14      15
    BANK0           160      0       0
    BANK1           256      0       0
    BANK2           256      0       0
    BANK3           256      0       0
    BANK4           256      0       0
    BANK5           256      0       0
    BANK6           256      0       0
    BANK7           256      0       0

Pointer List with Targets:

    None.

Critical Paths under _main in COMRAM

    None.

Critical Paths under _INT_EXT_0 in COMRAM

    None.

Critical Paths under _main in BANK0

    None.

Critical Paths under _INT_EXT_0 in BANK0

    None.

Critical Paths under _main in BANK1

    None.

Critical Paths under _INT_EXT_0 in BANK1

    None.

Critical Paths under _main in BANK2

    None.

Critical Paths under _INT_EXT_0 in BANK2

    None.

Critical Paths under _main in BANK3

    None.

Critical Paths under _INT_EXT_0 in BANK3

    None.

Critical Paths under _main in BANK4

    None.

Critical Paths under _INT_EXT_0 in BANK4

    None.

Critical Paths under _main in BANK5

    None.

Critical Paths under _INT_EXT_0 in BANK5

    None.

Critical Paths under _main in BANK6

    None.

Critical Paths under _INT_EXT_0 in BANK6

    None.

Critical Paths under _main in BANK7

    None.

Critical Paths under _INT_EXT_0 in BANK7

    None.

Call Graph Tables:

 ---------------------------------------------------------------------------------
 (Depth) Function   	        Calls       Base Space   Used Autos Params    Refs
 ---------------------------------------------------------------------------------
 (0) _main                                                 0     0      0       0
 ---------------------------------------------------------------------------------
 Estimated maximum stack depth 0
 ---------------------------------------------------------------------------------
 (Depth) Function   	        Calls       Base Space   Used Autos Params    Refs
 ---------------------------------------------------------------------------------
 (1) _INT_EXT_0                                           14    14      0       0
                                              0 COMRAM    14    14      0
 ---------------------------------------------------------------------------------
 Estimated maximum stack depth 1
 ---------------------------------------------------------------------------------

 Call Graph Graphs:

 _main (ROOT)

 _INT_EXT_0 (ROOT)

 Address spaces:
Name               Size   Autos  Total    Cost      Usage
BIGRAM             7FF      0       0      21        0.0%
EEDATA             100      0       0       0        0.0%
BITBANK7           100      0       0      18        0.0%
BANK7              100      0       0      19        0.0%
BITBANK6           100      0       0      16        0.0%
BANK6              100      0       0      17        0.0%
BITBANK5           100      0       0      14        0.0%
BANK5              100      0       0      15        0.0%
BITBANK4           100      0       0      12        0.0%
BANK4              100      0       0      13        0.0%
BITBANK3           100      0       0      10        0.0%
BANK3              100      0       0      11        0.0%
BITBANK2           100      0       0       8        0.0%
BANK2              100      0       0       9        0.0%
BITBANK1           100      0       0       6        0.0%
BANK1              100      0       0       7        0.0%
BITBANK0            A0      0       0       4        0.0%
BANK0               A0      0       0       5        0.0%
BITCOMRAM           5E      0       0       0        0.0%
COMRAM              5E      E       F       1       16.0%
BITSFR               0      0       0      40        0.0%
SFR                  0      0       0      40        0.0%
STACK                0      0       0       2        0.0%
NULL                 0      0       0       0        0.0%
ABS                  0      0       F      20        0.0%
DATA                 0      0       F       3        0.0%
CODE                 0      0       0       0        0.0%


Microchip Technology PIC18 Macro Assembler V1.35 build -356382666 
Symbol Table                                                                                   Tue Oct 08 10:40:58 2024

                      _i 000F                       l18 00B2              __CFG_BORV$3 000000  
           __CFG_CP0$OFF 000000             __CFG_CP1$OFF 000000             __CFG_CP2$OFF 000000  
           __CFG_CP3$OFF 000000             __CFG_CPB$OFF 000000             __CFG_CPD$OFF 000000  
           __CFG_BOR$OFF 000000             __CFG_FOSC$HS 000000             __CFG_LVP$OFF 000000  
           __CFG_WDT$OFF 000000                     _LATD 000F8C                     i2l25 0064  
           __CFG_PWRT$ON 000000                     _main 00A0                     fsr0h 000FEA  
                   fsr1h 000FE2                     fsr0l 000FE9                     fsr2h 000FDA  
                   fsr1l 000FE1                     fsr2l 000FD9                     btemp 0010  
                   pclat 000FFA                     prodh 000FF4                     prodl 000FF3  
                   start 0016            __CFG_IESO$OFF 000000             ___param_bank 000010  
     __size_of_INT_EXT_0 0098            __CFG_PLLDIV$1 000000           __CFG_CCP2MX$ON 000000  
                  ?_main 0001                    i2l647 0060            __CFG_USBDIV$1 000000  
                  _TRISD 000F95            __CFG_WRT0$OFF 000000            __CFG_WRT1$OFF 000000  
          __CFG_WRT2$OFF 000000            __CFG_WRT3$OFF 000000           __CFG_EBTR0$OFF 000000  
         __CFG_FCMEN$OFF 000000           __CFG_EBTR1$OFF 000000           __CFG_EBTR2$OFF 000000  
         __CFG_EBTR3$OFF 000000            __CFG_WRTB$OFF 000000            __CFG_WRTC$OFF 000000  
          __CFG_WRTD$OFF 000000           __CFG_EBTRB$OFF 000000                    tablat 000FF5  
                  status 000FD8           __CFG_ICPRT$OFF 000000           __CFG_MCLRE$OFF 000000  
        __initialization 00B4             __end_of_main 00B4                   ??_main 000F  
          __activetblptr 000000        __end_of_INT_EXT_0 00A0           __CFG_XINST$OFF 000000  
         __CFG_STVREN$ON 000000                   tblptrh 000FF7                   tblptrl 000FF6  
                 tblptru 000FF8               __accesstop 0060  __end_of__initialization 00B6  
        __CFG_PBADEN$OFF 000000            ___rparam_used 000001           __pcstackCOMRAM 0001  
        __CFG_VREGEN$OFF 000000                  __Hparam 0000                  __Lparam 0000  
                __pcinit 00B4                  __ramtop 0800                  __ptext0 00A0  
         __pintcode_body 001A     end_of_initialization 00B6                  int_func 001A  
              _INT_EXT_0 0008                _TRISBbits 000F93               ?_INT_EXT_0 0001  
    start_initialization 00B4         __CFG_LPT1OSC$OFF 000000              __pbssCOMRAM 000F  
            ??_INT_EXT_0 0001                __pintcode 0008                 _RCONbits 000FD0  
       __CFG_WDTPS$32768 000000              _INTCON2bits 000FF1                 __Hrparam 0000  
               __Lrparam 0000            __size_of_main 0014                 int$flags 0010  
  __CFG_CPUDIV$OSC1_PLL2 000000               _INTCONbits 000FF2                 intlevel2 0000  
