

Microchip Technology PIC18 LITE Macro Assembler V1.35 build -356382666 
                                                                                               Mon Aug 15 12:37:00 2022

Microchip Technology Omniscient Code Generator v1.35 (Free mode) build 201507080246
     1                           	processor	18F4550
     2                           	fnconf	rparam,??,?,0
     3                           	opt	pw 120
     4                           	opt	lm
     5                           	psect	cinit,global,reloc=2,class=CODE,delta=1
     6                           	psect	cstackCOMRAM,global,class=COMRAM,space=1,delta=1
     7                           	psect	text0,global,reloc=2,class=CODE,delta=1
     8                           	psect	intsave_regs,global,class=BIGRAM,space=1,delta=1
     9                           	psect	rparam,global,class=COMRAM,space=1,delta=1
    10  0000                     _ADCON1	set	4033
    11  0000                     _LATBbits	set	3978
    12  0000                     _PORTBbits	set	3969
    13  0000                     _TRISBbits	set	3987
    14                           
    15                           ; #config settings
    16  0000                     
    17                           	psect	cinit
    18  007FC6                     __pcinit:
    19                           	opt stack 0
    20  007FC6                     start_initialization:
    21                           	opt stack 0
    22  007FC6                     __initialization:
    23                           	opt stack 0
    24  007FC6                     end_of_initialization:
    25                           	opt stack 0
    26  007FC6                     __end_of__initialization:
    27                           	opt stack 0
    28  007FC6  0100               	movlb	0
    29  007FC8  EFE6  F03F         	goto	_main	;jump to C main() function
    30                           
    31                           	psect	cstackCOMRAM
    32  000001                     __pcstackCOMRAM:
    33                           	opt stack 0
    34  000001                     ??_main:
    35                           
    36                           ; 0 bytes @ 0x0
    37  000001                     	ds	1
    38                           
    39 ;;
    40 ;;Main: autosize = 0, tempsize = 1, incstack = 0, save=0
    41 ;;
    42 ;; *************** function _main *****************
    43 ;; Defined at:
    44 ;;		line 23 in file "main_parpadeo.c"
    45 ;; Parameters:    Size  Location     Type
    46 ;;		None
    47 ;; Auto vars:     Size  Location     Type
    48 ;;		None
    49 ;; Return value:  Size  Location     Type
    50 ;;		None               void
    51 ;; Registers used:
    52 ;;		wreg, status,2
    53 ;; Tracked objects:
    54 ;;		On entry : 0/0
    55 ;;		On exit  : 0/0
    56 ;;		Unchanged: 0/0
    57 ;; Data sizes:     COMRAM   BANK0   BANK1   BANK2   BANK3   BANK4   BANK5   BANK6   BANK7
    58 ;;      Params:         0       0       0       0       0       0       0       0       0
    59 ;;      Locals:         0       0       0       0       0       0       0       0       0
    60 ;;      Temps:          1       0       0       0       0       0       0       0       0
    61 ;;      Totals:         1       0       0       0       0       0       0       0       0
    62 ;;Total ram usage:        1 bytes
    63 ;; This function calls:
    64 ;;		Nothing
    65 ;; This function is called by:
    66 ;;		Startup code after reset
    67 ;; This function uses a non-reentrant model
    68 ;;
    69                           
    70                           	psect	text0
    71  007FCC                     __ptext0:
    72                           	opt stack 0
    73  007FCC                     _main:
    74                           	opt stack 31
    75                           
    76                           ;main_parpadeo.c: 27: ADCON1 = 0b1111111;
    77                           
    78                           ;incstack = 0
    79  007FCC  0E7F               	movlw	127
    80  007FCE  6EC1               	movwf	4033,c	;volatile
    81                           
    82                           ;main_parpadeo.c: 29: TRISBbits.RB0 = 0;
    83  007FD0  9093               	bcf	3987,0,c	;volatile
    84                           
    85                           ;main_parpadeo.c: 30: TRISBbits.RB1 = 1;
    86  007FD2  8293               	bsf	3987,1,c	;volatile
    87                           
    88                           ;main_parpadeo.c: 32: if (PORTBbits.RB1 == 1)
    89  007FD4  A281               	btfss	3969,1,c	;volatile
    90  007FD6  D009               	goto	l13
    91                           
    92                           ;main_parpadeo.c: 33: {
    93                           ;main_parpadeo.c: 34: LATBbits.LATB0 = 1;
    94  007FD8  808A               	bsf	3978,0,c	;volatile
    95                           
    96                           ;main_parpadeo.c: 35: _delay((unsigned long)((35)*(20000000/4000.0)));
    97  007FDA  0EE4               	movlw	228
    98  007FDC  6E01               	movwf	??_main& (0+255),c
    99  007FDE  0E44               	movlw	68
   100  007FE0                     u27:
   101  007FE0  2EE8               	decfsz	wreg,f,c
   102  007FE2  D7FE               	goto	u27
   103  007FE4  2E01               	decfsz	??_main& (0+255),f,c
   104  007FE6  D7FC               	goto	u27
   105  007FE8  D008               	goto	L1
   106  007FEA                     l13:
   107                           
   108                           ;main_parpadeo.c: 37: else
   109                           ;main_parpadeo.c: 38: {
   110                           ;main_parpadeo.c: 39: LATBbits.LATB0 = 0;
   111  007FEA  908A               	bcf	3978,0,c	;volatile
   112                           
   113                           ;main_parpadeo.c: 40: _delay((unsigned long)((35)*(20000000/4000.0)));
   114  007FEC  0EE4               	movlw	228
   115  007FEE  6E01               	movwf	??_main& (0+255),c
   116  007FF0  0E44               	movlw	68
   117  007FF2                     u37:
   118  007FF2  2EE8               	decfsz	wreg,f,c
   119  007FF4  D7FE               	goto	u37
   120  007FF6  2E01               	decfsz	??_main& (0+255),f,c
   121  007FF8  D7FC               	goto	u37
   122  007FFA                     L1:
   123  007FFA  D000               	nop2	
   124                           
   125                           ;main_parpadeo.c: 41: }
   126                           ;main_parpadeo.c: 45: return;
   127  007FFC  EF00  F000         	goto	start
   128  008000                     __end_of_main:
   129                           	opt stack 0
   130  0000                     wreg	equ	0xFE8
   131                           wreg	equ	0xFE8
   132                           
   133                           	psect	rparam
   134  0000                     wreg	equ	0xFE8


Data Sizes:
    Strings     0
    Constant    0
    Data        0
    BSS         0
    Persistent  0
    Stack       0

Auto Spaces:
    Space          Size  Autos    Used
    COMRAM           95      1       1
    BANK0           160      0       0
    BANK1           256      0       0
    BANK2           256      0       0
    BANK3           256      0       0
    BANK4           256      0       0
    BANK5           256      0       0
    BANK6           256      0       0
    BANK7           256      0       0

Pointer List with Targets:

    None.

Critical Paths under _main in COMRAM

    None.

Critical Paths under _main in BANK0

    None.

Critical Paths under _main in BANK1

    None.

Critical Paths under _main in BANK2

    None.

Critical Paths under _main in BANK3

    None.

Critical Paths under _main in BANK4

    None.

Critical Paths under _main in BANK5

    None.

Critical Paths under _main in BANK6

    None.

Critical Paths under _main in BANK7

    None.

Call Graph Tables:

 ---------------------------------------------------------------------------------
 (Depth) Function   	        Calls       Base Space   Used Autos Params    Refs
 ---------------------------------------------------------------------------------
 (0) _main                                                 1     1      0       0
                                              0 COMRAM     1     1      0
 ---------------------------------------------------------------------------------
 Estimated maximum stack depth 0
 ---------------------------------------------------------------------------------

 Call Graph Graphs:

 _main (ROOT)

 Address spaces:
Name               Size   Autos  Total    Cost      Usage
BITCOMRAM           5F      0       0       0        0.0%
EEDATA             100      0       0       0        0.0%
NULL                 0      0       0       0        0.0%
CODE                 0      0       0       0        0.0%
COMRAM              5F      1       1       1        1.1%
STACK                0      0       0       2        0.0%
DATA                 0      0       0       3        0.0%
BITBANK0            A0      0       0       4        0.0%
BANK0               A0      0       0       5        0.0%
BITBANK1           100      0       0       6        0.0%
BANK1              100      0       0       7        0.0%
BITBANK2           100      0       0       8        0.0%
BANK2              100      0       0       9        0.0%
BITBANK3           100      0       0      10        0.0%
BANK3              100      0       0      11        0.0%
BITBANK4           100      0       0      12        0.0%
BANK4              100      0       0      13        0.0%
BITBANK5           100      0       0      14        0.0%
BANK5              100      0       0      15        0.0%
BITBANK6           100      0       0      16        0.0%
BANK6              100      0       0      17        0.0%
BITBANK7           100      0       0      18        0.0%
BANK7              100      0       0      19        0.0%
ABS                  0      0       0      20        0.0%
BIGRAM             7FF      0       0      21        0.0%
BITSFR               0      0       0      40        0.0%
SFR                  0      0       0      40        0.0%


Microchip Technology PIC18 Macro Assembler V1.35 build -356382666 
Symbol Table                                                                                   Mon Aug 15 12:37:00 2022

                     l13 7FEA                       u27 7FE0                       u37 7FF2  
            __CFG_WDT$ON 000000             __CFG_CPD$OFF 000000                      wreg 000FE8  
           __CFG_FOSC$HS 000000             __CFG_LVP$OFF 000000                     _main 7FCC  
                   start 0000             ___param_bank 000010                    ?_main 0001  
          __CFG_PWRT$OFF 000000          __initialization 7FC6             __end_of_main 8000  
                 ??_main 0001            __activetblptr 000000                   _ADCON1 000FC1  
             __accesstop 0060  __end_of__initialization 7FC6            ___rparam_used 000001  
         __pcstackCOMRAM 0001                  __Hparam 0000                  __Lparam 0000  
                __pcinit 7FC6                  __ramtop 0800                  __ptext0 7FCC  
   end_of_initialization 7FC6                _PORTBbits 000F81                _TRISBbits 000F93  
    start_initialization 7FC6                 _LATBbits 000F8A                 __Hrparam 0000  
               __Lrparam 0000            __size_of_main 0034  
