

Microchip Technology PIC18 LITE Macro Assembler V1.35 build -356382666 
                                                                                               Thu Jul 21 18:01:16 2022

Microchip Technology Omniscient Code Generator v1.35 (Free mode) build 201507080246
     1                           	processor	18F4550
     2                           	fnconf	rparam,??,?,0
     3                           	opt	pw 120
     4                           	opt	lm
     5                           	psect	smallconst,global,reloc=2,class=SMALLCONST,delta=1
     6                           	psect	cinit,global,reloc=2,class=CODE,delta=1
     7                           	psect	cstackCOMRAM,global,class=COMRAM,space=1,delta=1
     8                           	psect	text0,global,reloc=2,class=CODE,delta=1
     9                           	psect	text1,global,reloc=2,class=CODE,delta=1
    10                           	psect	text2,global,reloc=2,class=CODE,delta=1
    11                           	psect	text3,global,reloc=2,class=CODE,delta=1
    12                           	psect	text4,global,reloc=2,class=CODE,delta=1
    13                           	psect	text5,global,reloc=2,class=CODE,delta=1
    14                           	psect	text6,global,reloc=2,class=CODE,delta=1
    15                           	psect	text7,global,reloc=2,class=CODE,delta=1
    16                           	psect	text8,global,reloc=2,class=CODE,delta=1
    17                           	psect	text9,global,reloc=2,class=CODE,delta=1
    18                           	psect	text10,global,reloc=2,class=CODE,delta=1
    19                           	psect	text11,global,reloc=2,class=CODE,delta=1
    20                           	psect	text12,global,reloc=2,class=CODE,delta=1
    21                           	psect	text13,global,reloc=2,class=CODE,delta=1
    22                           	psect	intsave_regs,global,class=BIGRAM,space=1,delta=1
    23                           	psect	rparam,global,class=COMRAM,space=1,delta=1
    24  0000                     _EEADR	set	4009
    25  0000                     _EECON1bits	set	4006
    26  0000                     _EECON2	set	4007
    27  0000                     _EEDATA	set	4008
    28  0000                     _INTCONbits	set	4082
    29  0000                     _LATBbits	set	3978
    30  0000                     _LATDbits	set	3980
    31  0000                     _PORTB	set	3969
    32  0000                     _PORTDbits	set	3971
    33  0000                     _TRISAbits	set	3986
    34  0000                     _TRISB	set	3987
    35  0000                     _TRISBbits	set	3987
    36  0000                     _TRISD	set	3989
    37                           
    38                           	psect	smallconst
    39  000800                     __psmallconst:
    40                           	opt stack 0
    41  000800  00                 	db	0
    42  000801                     STR_1:
    43  000801  43                 	db	67	;'C'
    44  000802  6F                 	db	111	;'o'
    45  000803  72                 	db	114	;'r'
    46  000804  72                 	db	114	;'r'
    47  000805  65                 	db	101	;'e'
    48  000806  63                 	db	99	;'c'
    49  000807  74                 	db	116	;'t'
    50  000808  6F                 	db	111	;'o'
    51  000809  00                 	db	0
    52                           
    53                           ; #config settings
    54  00080A  00                 	db	0	; dummy byte at the end
    55  0000                     
    56                           	psect	cinit
    57  000BD2                     __pcinit:
    58                           	opt stack 0
    59  000BD2                     start_initialization:
    60                           	opt stack 0
    61  000BD2                     __initialization:
    62                           	opt stack 0
    63  000BD2                     end_of_initialization:
    64                           	opt stack 0
    65  000BD2                     __end_of__initialization:
    66                           	opt stack 0
    67  000BD2  0E00               	movlw	low (__Lsmallconst shr (0+16))
    68  000BD4  6EF8               	movwf	tblptru,c
    69  000BD6  0E08               	movlw	high __Lsmallconst
    70  000BD8  6EF7               	movwf	tblptrh,c
    71  000BDA  0100               	movlb	0
    72  000BDC  EF06  F004         	goto	_main	;jump to C main() function
    73                           tblptru	equ	0xFF8
    74                           tblptrh	equ	0xFF7
    75                           
    76                           	psect	cstackCOMRAM
    77  000001                     __pcstackCOMRAM:
    78                           	opt stack 0
    79  000001                     ??_Delay10KTCYx:
    80  000001                     escribir_eeprom@dato:
    81                           	opt stack 0
    82  000001                     leer_eeprom@direccion:
    83                           	opt stack 0
    84  000001                     Delay10TCYx@unit:
    85                           	opt stack 0
    86  000001                     Delay1KTCYx@unit:
    87                           	opt stack 0
    88                           
    89                           ; 1 bytes @ 0x0
    90  000001                     	ds	1
    91  000002                     ??_SetDDRamAddr:
    92  000002                     escribir_eeprom@direccion:
    93                           	opt stack 0
    94  000002                     WriteCmdXLCD@cmd:
    95                           	opt stack 0
    96  000002                     WriteDataXLCD@data:
    97                           	opt stack 0
    98  000002                     Delay10KTCYx@unit:
    99                           	opt stack 0
   100                           
   101                           ; 1 bytes @ 0x1
   102  000002                     	ds	1
   103  000003                     putsXLCD@buffer:
   104                           	opt stack 0
   105                           
   106                           ; 2 bytes @ 0x2
   107  000003                     	ds	2
   108  000005                     SetDDRamAddr@DDaddr:
   109                           	opt stack 0
   110                           
   111                           ; 1 bytes @ 0x4
   112  000005                     	ds	1
   113  000006                     OpenXLCD@lcdtype:
   114                           	opt stack 0
   115                           
   116                           ; 1 bytes @ 0x5
   117  000006                     	ds	1
   118  000007                     ??_main:
   119                           
   120                           ; 0 bytes @ 0x6
   121  000007                     	ds	1
   122  000008                     main@dato:
   123                           	opt stack 0
   124                           
   125                           ; 1 bytes @ 0x7
   126  000008                     	ds	1
   127  000009                     main@tecla:
   128                           	opt stack 0
   129                           
   130                           ; 1 bytes @ 0x8
   131  000009                     	ds	1
   132                           tblptru	equ	0xFF8
   133                           tblptrh	equ	0xFF7
   134                           
   135 ;;
   136 ;;Main: autosize = 0, tempsize = 1, incstack = 0, save=0
   137 ;;
   138 ;; *************** function _main *****************
   139 ;; Defined at:
   140 ;;		line 52 in file "main_usuario.c"
   141 ;; Parameters:    Size  Location     Type
   142 ;;		None
   143 ;; Auto vars:     Size  Location     Type
   144 ;;  tecla           1    8[COMRAM] unsigned char 
   145 ;;  dato            1    7[COMRAM] unsigned char 
   146 ;; Return value:  Size  Location     Type
   147 ;;		None               void
   148 ;; Registers used:
   149 ;;		wreg, status,2, status,0, tblptrl, tblptrh, tblptru, cstack
   150 ;; Tracked objects:
   151 ;;		On entry : 0/0
   152 ;;		On exit  : 0/0
   153 ;;		Unchanged: 0/0
   154 ;; Data sizes:     COMRAM   BANK0   BANK1   BANK2   BANK3   BANK4   BANK5   BANK6   BANK7
   155 ;;      Params:         0       0       0       0       0       0       0       0       0
   156 ;;      Locals:         2       0       0       0       0       0       0       0       0
   157 ;;      Temps:          1       0       0       0       0       0       0       0       0
   158 ;;      Totals:         3       0       0       0       0       0       0       0       0
   159 ;;Total ram usage:        3 bytes
   160 ;; Hardware stack levels required when called:    4
   161 ;; This function calls:
   162 ;;		_BusyXLCD
   163 ;;		_OpenXLCD
   164 ;;		_SetDDRamAddr
   165 ;;		_WriteCmdXLCD
   166 ;;		_WriteDataXLCD
   167 ;;		_escribir_eeprom
   168 ;;		_leer_eeprom
   169 ;;		_putsXLCD
   170 ;; This function is called by:
   171 ;;		Startup code after reset
   172 ;; This function uses a non-reentrant model
   173 ;;
   174                           
   175                           	psect	text0
   176  00080C                     __ptext0:
   177                           	opt stack 0
   178  00080C                     _main:
   179                           	opt stack 27
   180                           
   181                           ;main_usuario.c: 55: OpenXLCD(0b00101100 & 0b00111000);
   182                           
   183                           ;incstack = 0
   184  00080C  0E28               	movlw	40
   185  00080E  ECCA  F004         	call	_OpenXLCD
   186  000812                     l1212:
   187  000812  EC83  F005         	call	_BusyXLCD	;wreg free
   188  000816  0900               	iorlw	0
   189  000818  A4D8               	btfss	status,2,c
   190  00081A  D7FB               	goto	l1212
   191                           
   192                           ;main_usuario.c: 59: WriteCmdXLCD(0x06);
   193  00081C  0E06               	movlw	6
   194  00081E  EC64  F005         	call	_WriteCmdXLCD
   195                           
   196                           ;main_usuario.c: 61: WriteCmdXLCD(0x0C);
   197  000822  0E0C               	movlw	12
   198  000824  EC64  F005         	call	_WriteCmdXLCD
   199                           
   200                           ;main_usuario.c: 64: char dato;
   201                           ;main_usuario.c: 65: char tecla;
   202                           ;main_usuario.c: 66: TRISB = 0;
   203  000828  0E00               	movlw	0
   204  00082A  6E93               	movwf	3987,c	;volatile
   205                           
   206                           ;main_usuario.c: 67: TRISD = 0b11110000;
   207  00082C  0EF0               	movlw	240
   208  00082E  6E95               	movwf	3989,c	;volatile
   209                           
   210                           ;main_usuario.c: 68: TRISAbits.RA0=0;
   211  000830  9092               	bcf	3986,0,c	;volatile
   212                           
   213                           ;main_usuario.c: 72: escribir_eeprom(0, '7');
   214  000832  0E37               	movlw	55
   215  000834  6E01               	movwf	escribir_eeprom@dato,c
   216  000836  0E00               	movlw	0
   217  000838  ECBA  F005         	call	_escribir_eeprom
   218                           
   219                           ;main_usuario.c: 73: dato = leer_eeprom(0);
   220  00083C  0E00               	movlw	0
   221  00083E  ECF0  F005         	call	_leer_eeprom
   222  000842  6E08               	movwf	main@dato,c
   223  000844                     l1226:
   224                           
   225                           ;main_usuario.c: 80: LATDbits.LD0= 1;
   226  000844  808C               	bsf	3980,0,c	;volatile
   227                           
   228                           ;main_usuario.c: 81: LATDbits.LD1= 0;
   229  000846  928C               	bcf	3980,1,c	;volatile
   230                           
   231                           ;main_usuario.c: 82: LATDbits.LD2= 0;
   232  000848  948C               	bcf	3980,2,c	;volatile
   233                           
   234                           ;main_usuario.c: 83: LATDbits.LD3= 0;
   235  00084A  968C               	bcf	3980,3,c	;volatile
   236                           
   237                           ;main_usuario.c: 84: if(PORTDbits.RD4 == 1)
   238  00084C  A883               	btfss	3971,4,c	;volatile
   239  00084E  D005               	goto	l1240
   240                           
   241                           ;main_usuario.c: 85: {
   242                           ;main_usuario.c: 86: WriteDataXLCD('7');
   243  000850  0E37               	movlw	55
   244  000852  EC45  F005         	call	_WriteDataXLCD
   245                           
   246                           ;main_usuario.c: 87: tecla = '7';
   247  000856  0E37               	movlw	55
   248  000858  6E09               	movwf	main@tecla,c
   249  00085A                     l1240:
   250                           
   251                           ;main_usuario.c: 88: }
   252                           ;main_usuario.c: 89: if(PORTDbits.RD5 == 1)
   253  00085A  AA83               	btfss	3971,5,c	;volatile
   254  00085C  D003               	goto	l1244
   255                           
   256                           ;main_usuario.c: 90: {
   257                           ;main_usuario.c: 91: WriteDataXLCD('8');
   258  00085E  0E38               	movlw	56
   259  000860  EC45  F005         	call	_WriteDataXLCD
   260  000864                     l1244:
   261                           
   262                           ;main_usuario.c: 92: }
   263                           ;main_usuario.c: 93: if(PORTDbits.RD6 == 1)
   264  000864  AC83               	btfss	3971,6,c	;volatile
   265  000866  D003               	goto	l1248
   266                           
   267                           ;main_usuario.c: 94: {
   268                           ;main_usuario.c: 95: WriteDataXLCD('9');
   269  000868  0E39               	movlw	57
   270  00086A  EC45  F005         	call	_WriteDataXLCD
   271  00086E                     l1248:
   272                           
   273                           ;main_usuario.c: 96: }
   274                           ;main_usuario.c: 97: if(PORTDbits.RD7 == 1)
   275  00086E  AE83               	btfss	3971,7,c	;volatile
   276  000870  D003               	goto	l1252
   277                           
   278                           ;main_usuario.c: 98: {
   279                           ;main_usuario.c: 99: WriteDataXLCD('/');
   280  000872  0E2F               	movlw	47
   281  000874  EC45  F005         	call	_WriteDataXLCD
   282  000878                     l1252:
   283                           
   284                           ;main_usuario.c: 100: }
   285                           ;main_usuario.c: 101: _delay((unsigned long)((10)*(20000000/4000.0)));
   286  000878  0E41               	movlw	65
   287  00087A  6E07               	movwf	??_main& (0+255),c
   288  00087C  0EEE               	movlw	238
   289  00087E                     u547:
   290  00087E  2EE8               	decfsz	wreg,f,c
   291  000880  D7FE               	goto	u547
   292  000882  2E07               	decfsz	??_main& (0+255),f,c
   293  000884  D7FC               	goto	u547
   294  000886  D000               	nop2	
   295                           
   296                           ;main_usuario.c: 108: LATDbits.LD0= 0;
   297  000888  908C               	bcf	3980,0,c	;volatile
   298                           
   299                           ;main_usuario.c: 109: LATDbits.LD1= 1;
   300  00088A  828C               	bsf	3980,1,c	;volatile
   301                           
   302                           ;main_usuario.c: 110: LATDbits.LD2= 0;
   303  00088C  948C               	bcf	3980,2,c	;volatile
   304                           
   305                           ;main_usuario.c: 111: LATDbits.LD3= 0;
   306  00088E  968C               	bcf	3980,3,c	;volatile
   307                           
   308                           ;main_usuario.c: 112: _delay((unsigned long)((10)*(20000000/4000.0)));
   309  000890  0E41               	movlw	65
   310  000892  6E07               	movwf	??_main& (0+255),c
   311  000894  0EEE               	movlw	238
   312  000896                     u557:
   313  000896  2EE8               	decfsz	wreg,f,c
   314  000898  D7FE               	goto	u557
   315  00089A  2E07               	decfsz	??_main& (0+255),f,c
   316  00089C  D7FC               	goto	u557
   317  00089E  D000               	nop2	
   318                           
   319                           ;main_usuario.c: 113: if(PORTDbits.RD4 == 1)
   320  0008A0  A883               	btfss	3971,4,c	;volatile
   321  0008A2  D003               	goto	l1268
   322                           
   323                           ;main_usuario.c: 114: {
   324                           ;main_usuario.c: 115: WriteDataXLCD('4');
   325  0008A4  0E34               	movlw	52
   326  0008A6  EC45  F005         	call	_WriteDataXLCD
   327  0008AA                     l1268:
   328                           
   329                           ;main_usuario.c: 116: }
   330                           ;main_usuario.c: 117: if(PORTDbits.RD5 == 1)
   331  0008AA  AA83               	btfss	3971,5,c	;volatile
   332  0008AC  D003               	goto	l1272
   333                           
   334                           ;main_usuario.c: 118: {
   335                           ;main_usuario.c: 119: WriteDataXLCD('5');
   336  0008AE  0E35               	movlw	53
   337  0008B0  EC45  F005         	call	_WriteDataXLCD
   338  0008B4                     l1272:
   339                           
   340                           ;main_usuario.c: 120: }
   341                           ;main_usuario.c: 121: if(PORTDbits.RD6 == 1)
   342  0008B4  AC83               	btfss	3971,6,c	;volatile
   343  0008B6  D003               	goto	l1276
   344                           
   345                           ;main_usuario.c: 122: {
   346                           ;main_usuario.c: 123: WriteDataXLCD('6');
   347  0008B8  0E36               	movlw	54
   348  0008BA  EC45  F005         	call	_WriteDataXLCD
   349  0008BE                     l1276:
   350                           
   351                           ;main_usuario.c: 124: }
   352                           ;main_usuario.c: 125: if(PORTDbits.RD7 == 1)
   353  0008BE  AE83               	btfss	3971,7,c	;volatile
   354  0008C0  D003               	goto	l1280
   355                           
   356                           ;main_usuario.c: 126: {
   357                           ;main_usuario.c: 127: WriteDataXLCD('X');
   358  0008C2  0E58               	movlw	88
   359  0008C4  EC45  F005         	call	_WriteDataXLCD
   360  0008C8                     l1280:
   361                           
   362                           ;main_usuario.c: 128: }
   363                           ;main_usuario.c: 129: _delay((unsigned long)((10)*(20000000/4000.0)));
   364  0008C8  0E41               	movlw	65
   365  0008CA  6E07               	movwf	??_main& (0+255),c
   366  0008CC  0EEE               	movlw	238
   367  0008CE                     u567:
   368  0008CE  2EE8               	decfsz	wreg,f,c
   369  0008D0  D7FE               	goto	u567
   370  0008D2  2E07               	decfsz	??_main& (0+255),f,c
   371  0008D4  D7FC               	goto	u567
   372  0008D6  D000               	nop2	
   373                           
   374                           ;main_usuario.c: 133: LATDbits.LD0= 0;
   375  0008D8  908C               	bcf	3980,0,c	;volatile
   376                           
   377                           ;main_usuario.c: 134: LATDbits.LD1= 0;
   378  0008DA  928C               	bcf	3980,1,c	;volatile
   379                           
   380                           ;main_usuario.c: 135: LATDbits.LD2= 1;
   381  0008DC  848C               	bsf	3980,2,c	;volatile
   382                           
   383                           ;main_usuario.c: 136: LATDbits.LD3= 0;
   384  0008DE  968C               	bcf	3980,3,c	;volatile
   385                           
   386                           ;main_usuario.c: 137: _delay((unsigned long)((10)*(20000000/4000.0)));
   387  0008E0  0E41               	movlw	65
   388  0008E2  6E07               	movwf	??_main& (0+255),c
   389  0008E4  0EEE               	movlw	238
   390  0008E6                     u577:
   391  0008E6  2EE8               	decfsz	wreg,f,c
   392  0008E8  D7FE               	goto	u577
   393  0008EA  2E07               	decfsz	??_main& (0+255),f,c
   394  0008EC  D7FC               	goto	u577
   395  0008EE  D000               	nop2	
   396                           
   397                           ;main_usuario.c: 138: if(PORTDbits.RD4 == 1)
   398  0008F0  A883               	btfss	3971,4,c	;volatile
   399  0008F2  D003               	goto	l1296
   400                           
   401                           ;main_usuario.c: 139: {
   402                           ;main_usuario.c: 140: WriteDataXLCD('1');
   403  0008F4  0E31               	movlw	49
   404  0008F6  EC45  F005         	call	_WriteDataXLCD
   405  0008FA                     l1296:
   406                           
   407                           ;main_usuario.c: 141: }
   408                           ;main_usuario.c: 142: if(PORTDbits.RD5 == 1)
   409  0008FA  AA83               	btfss	3971,5,c	;volatile
   410  0008FC  D003               	goto	l1300
   411                           
   412                           ;main_usuario.c: 143: {
   413                           ;main_usuario.c: 144: WriteDataXLCD('2');
   414  0008FE  0E32               	movlw	50
   415  000900  EC45  F005         	call	_WriteDataXLCD
   416  000904                     l1300:
   417                           
   418                           ;main_usuario.c: 145: }
   419                           ;main_usuario.c: 146: if(PORTDbits.RD6 == 1)
   420  000904  AC83               	btfss	3971,6,c	;volatile
   421  000906  D003               	goto	l1304
   422                           
   423                           ;main_usuario.c: 147: {
   424                           ;main_usuario.c: 148: WriteDataXLCD('3');
   425  000908  0E33               	movlw	51
   426  00090A  EC45  F005         	call	_WriteDataXLCD
   427  00090E                     l1304:
   428                           
   429                           ;main_usuario.c: 149: }
   430                           ;main_usuario.c: 150: if(PORTDbits.RD7 == 1)
   431  00090E  AE83               	btfss	3971,7,c	;volatile
   432  000910  D003               	goto	l1308
   433                           
   434                           ;main_usuario.c: 151: {
   435                           ;main_usuario.c: 152: WriteDataXLCD('-');
   436  000912  0E2D               	movlw	45
   437  000914  EC45  F005         	call	_WriteDataXLCD
   438  000918                     l1308:
   439                           
   440                           ;main_usuario.c: 153: }
   441                           ;main_usuario.c: 154: _delay((unsigned long)((10)*(20000000/4000.0)));
   442  000918  0E41               	movlw	65
   443  00091A  6E07               	movwf	??_main& (0+255),c
   444  00091C  0EEE               	movlw	238
   445  00091E                     u587:
   446  00091E  2EE8               	decfsz	wreg,f,c
   447  000920  D7FE               	goto	u587
   448  000922  2E07               	decfsz	??_main& (0+255),f,c
   449  000924  D7FC               	goto	u587
   450  000926  D000               	nop2	
   451                           
   452                           ;main_usuario.c: 158: LATDbits.LD0= 0;
   453  000928  908C               	bcf	3980,0,c	;volatile
   454                           
   455                           ;main_usuario.c: 159: LATDbits.LD1= 0;
   456  00092A  928C               	bcf	3980,1,c	;volatile
   457                           
   458                           ;main_usuario.c: 160: LATDbits.LD2= 0;
   459  00092C  948C               	bcf	3980,2,c	;volatile
   460                           
   461                           ;main_usuario.c: 161: LATDbits.LD3= 1;
   462  00092E  868C               	bsf	3980,3,c	;volatile
   463                           
   464                           ;main_usuario.c: 162: _delay((unsigned long)((10)*(20000000/4000.0)));
   465  000930  0E41               	movlw	65
   466  000932  6E07               	movwf	??_main& (0+255),c
   467  000934  0EEE               	movlw	238
   468  000936                     u597:
   469  000936  2EE8               	decfsz	wreg,f,c
   470  000938  D7FE               	goto	u597
   471  00093A  2E07               	decfsz	??_main& (0+255),f,c
   472  00093C  D7FC               	goto	u597
   473  00093E  D000               	nop2	
   474                           
   475                           ;main_usuario.c: 163: if(PORTDbits.RD4 == 1)
   476  000940  A883               	btfss	3971,4,c	;volatile
   477  000942  D003               	goto	l1324
   478                           
   479                           ;main_usuario.c: 164: {
   480                           ;main_usuario.c: 165: WriteDataXLCD('O');
   481  000944  0E4F               	movlw	79
   482  000946  EC45  F005         	call	_WriteDataXLCD
   483  00094A                     l1324:
   484                           
   485                           ;main_usuario.c: 166: }
   486                           ;main_usuario.c: 167: if(PORTDbits.RD5 == 1)
   487  00094A  AA83               	btfss	3971,5,c	;volatile
   488  00094C  D003               	goto	l1328
   489                           
   490                           ;main_usuario.c: 168: {
   491                           ;main_usuario.c: 169: WriteDataXLCD('0');
   492  00094E  0E30               	movlw	48
   493  000950  EC45  F005         	call	_WriteDataXLCD
   494  000954                     l1328:
   495                           
   496                           ;main_usuario.c: 170: }
   497                           ;main_usuario.c: 171: if(PORTDbits.RD6 == 1)
   498  000954  AC83               	btfss	3971,6,c	;volatile
   499  000956  D003               	goto	l1332
   500                           
   501                           ;main_usuario.c: 172: {
   502                           ;main_usuario.c: 173: WriteDataXLCD('=');
   503  000958  0E3D               	movlw	61
   504  00095A  EC45  F005         	call	_WriteDataXLCD
   505  00095E                     l1332:
   506                           
   507                           ;main_usuario.c: 174: }
   508                           ;main_usuario.c: 175: if(PORTDbits.RD7 == 1)
   509  00095E  AE83               	btfss	3971,7,c	;volatile
   510  000960  D003               	goto	l1336
   511                           
   512                           ;main_usuario.c: 176: {
   513                           ;main_usuario.c: 177: WriteDataXLCD('+');
   514  000962  0E2B               	movlw	43
   515  000964  EC45  F005         	call	_WriteDataXLCD
   516  000968                     l1336:
   517                           
   518                           ;main_usuario.c: 178: }
   519                           ;main_usuario.c: 179: _delay((unsigned long)((10)*(20000000/4000.0)));
   520  000968  0E41               	movlw	65
   521  00096A  6E07               	movwf	??_main& (0+255),c
   522  00096C  0EEE               	movlw	238
   523  00096E                     u607:
   524  00096E  2EE8               	decfsz	wreg,f,c
   525  000970  D7FE               	goto	u607
   526  000972  2E07               	decfsz	??_main& (0+255),f,c
   527  000974  D7FC               	goto	u607
   528  000976  D000               	nop2	
   529                           
   530                           ;main_usuario.c: 181: if (dato==tecla)
   531  000978  5009               	movf	main@tecla,w,c
   532  00097A  1808               	xorwf	main@dato,w,c
   533  00097C  A4D8               	btfss	status,2,c
   534  00097E  D762               	goto	l1226
   535                           
   536                           ;main_usuario.c: 182: {
   537                           ;main_usuario.c: 183: SetDDRamAddr(0x00);
   538  000980  0E00               	movlw	0
   539  000982  EC1C  F005         	call	_SetDDRamAddr
   540                           
   541                           ;main_usuario.c: 184: putsXLCD("Correcto");
   542  000986  0E01               	movlw	low STR_1
   543  000988  6E03               	movwf	putsXLCD@buffer,c
   544  00098A  0E08               	movlw	high STR_1
   545  00098C  6E04               	movwf	putsXLCD@buffer+1,c
   546  00098E  ECA0  F005         	call	_putsXLCD	;wreg free
   547                           
   548                           ;main_usuario.c: 185: }
   549                           ;main_usuario.c: 187: }while(1);
   550  000992  D758               	goto	l1226
   551  000994                     __end_of_main:
   552                           	opt stack 0
   553                           tblptru	equ	0xFF8
   554                           tblptrh	equ	0xFF7
   555                           wreg	equ	0xFE8
   556                           status	equ	0xFD8
   557                           
   558 ;; *************** function _putsXLCD *****************
   559 ;; Defined at:
   560 ;;		line 16 in file "C:\Program Files (x86)\Microchip\xc8\v1.35\sources\pic18\plib\XLCD\putsxlcd.c"
   561 ;; Parameters:    Size  Location     Type
   562 ;;  buffer          2    2[COMRAM] PTR unsigned char 
   563 ;;		 -> STR_1(9), 
   564 ;; Auto vars:     Size  Location     Type
   565 ;;		None
   566 ;; Return value:  Size  Location     Type
   567 ;;		None               void
   568 ;; Registers used:
   569 ;;		wreg, status,2, status,0, tblptrl, tblptrh, tblptru, cstack
   570 ;; Tracked objects:
   571 ;;		On entry : 0/0
   572 ;;		On exit  : 0/0
   573 ;;		Unchanged: 0/0
   574 ;; Data sizes:     COMRAM   BANK0   BANK1   BANK2   BANK3   BANK4   BANK5   BANK6   BANK7
   575 ;;      Params:         2       0       0       0       0       0       0       0       0
   576 ;;      Locals:         0       0       0       0       0       0       0       0       0
   577 ;;      Temps:          0       0       0       0       0       0       0       0       0
   578 ;;      Totals:         2       0       0       0       0       0       0       0       0
   579 ;;Total ram usage:        2 bytes
   580 ;; Hardware stack levels used:    1
   581 ;; Hardware stack levels required when called:    3
   582 ;; This function calls:
   583 ;;		_BusyXLCD
   584 ;;		_WriteDataXLCD
   585 ;; This function is called by:
   586 ;;		_main
   587 ;; This function uses a non-reentrant model
   588 ;;
   589                           
   590                           	psect	text1
   591  000B40                     __ptext1:
   592                           	opt stack 0
   593  000B40                     _putsXLCD:
   594                           	opt stack 27
   595                           
   596                           ;incstack = 0
   597  000B40  D00F               	goto	l1208
   598  000B42                     l1202:
   599  000B42  EC83  F005         	call	_BusyXLCD	;wreg free
   600  000B46  0900               	iorlw	0
   601  000B48  A4D8               	btfss	status,2,c
   602  000B4A  D7FB               	goto	l1202
   603  000B4C  C003  FFF6         	movff	putsXLCD@buffer,tblptrl
   604  000B50  C004  FFF7         	movff	putsXLCD@buffer+1,tblptrh
   605  000B54                     	if	0	;tblptru may be non-zero
   606  000B54                     	endif
   607  000B54                     	if	0	;tblptru may be non-zero
   608  000B54                     	endif
   609  000B54  0008               	tblrd		*
   610  000B56  50F5               	movf	tablat,w,c
   611  000B58  EC45  F005         	call	_WriteDataXLCD
   612  000B5C  4A03               	infsnz	putsXLCD@buffer,f,c
   613  000B5E  2A04               	incf	putsXLCD@buffer+1,f,c
   614  000B60                     l1208:
   615  000B60  C003  FFF6         	movff	putsXLCD@buffer,tblptrl
   616  000B64  C004  FFF7         	movff	putsXLCD@buffer+1,tblptrh
   617  000B68                     	if	0	;tblptru may be non-zero
   618  000B68                     	endif
   619  000B68                     	if	0	;tblptru may be non-zero
   620  000B68                     	endif
   621  000B68  0008               	tblrd		*
   622  000B6A  50F5               	movf	tablat,w,c
   623  000B6C  0900               	iorlw	0
   624  000B6E  B4D8               	btfsc	status,2,c
   625  000B70  0012               	return	
   626  000B72  D7E7               	goto	l1202
   627  000B74                     __end_of_putsXLCD:
   628                           	opt stack 0
   629                           tblptru	equ	0xFF8
   630                           tblptrh	equ	0xFF7
   631                           tblptrl	equ	0xFF6
   632                           tablat	equ	0xFF5
   633                           wreg	equ	0xFE8
   634                           status	equ	0xFD8
   635                           
   636 ;; *************** function _WriteDataXLCD *****************
   637 ;; Defined at:
   638 ;;		line 16 in file "C:\Program Files (x86)\Microchip\xc8\v1.35\sources\pic18\plib\XLCD\writdata.c"
   639 ;; Parameters:    Size  Location     Type
   640 ;;  data            1    wreg     unsigned char 
   641 ;; Auto vars:     Size  Location     Type
   642 ;;  data            1    1[COMRAM] unsigned char 
   643 ;; Return value:  Size  Location     Type
   644 ;;		None               void
   645 ;; Registers used:
   646 ;;		wreg, status,2, status,0, cstack
   647 ;; Tracked objects:
   648 ;;		On entry : 0/0
   649 ;;		On exit  : 0/0
   650 ;;		Unchanged: 0/0
   651 ;; Data sizes:     COMRAM   BANK0   BANK1   BANK2   BANK3   BANK4   BANK5   BANK6   BANK7
   652 ;;      Params:         0       0       0       0       0       0       0       0       0
   653 ;;      Locals:         1       0       0       0       0       0       0       0       0
   654 ;;      Temps:          0       0       0       0       0       0       0       0       0
   655 ;;      Totals:         1       0       0       0       0       0       0       0       0
   656 ;;Total ram usage:        1 bytes
   657 ;; Hardware stack levels used:    1
   658 ;; Hardware stack levels required when called:    2
   659 ;; This function calls:
   660 ;;		_DelayFor18TCY
   661 ;; This function is called by:
   662 ;;		_main
   663 ;;		_putsXLCD
   664 ;; This function uses a non-reentrant model
   665 ;;
   666                           
   667                           	psect	text2
   668  000A8A                     __ptext2:
   669                           	opt stack 0
   670  000A8A                     _WriteDataXLCD:
   671                           	opt stack 27
   672                           
   673                           ;incstack = 0
   674                           ;WriteDataXLCD@data stored from wreg
   675  000A8A  6E02               	movwf	WriteDataXLCD@data,c
   676  000A8C  0EF0               	movlw	240
   677  000A8E  1693               	andwf	3987,f,c	;volatile
   678  000A90  0EF0               	movlw	240
   679  000A92  1681               	andwf	3969,f,c	;volatile
   680  000A94  3802               	swapf	WriteDataXLCD@data,w,c
   681  000A96  0B0F               	andlw	15
   682  000A98  0B0F               	andlw	15
   683  000A9A  1281               	iorwf	3969,f,c	;volatile
   684  000A9C  8A8A               	bsf	3978,5,c	;volatile
   685  000A9E  9C8A               	bcf	3978,6,c	;volatile
   686  000AA0  ECFB  F005         	call	_DelayFor18TCY	;wreg free
   687  000AA4  888A               	bsf	3978,4,c	;volatile
   688  000AA6  ECFB  F005         	call	_DelayFor18TCY	;wreg free
   689  000AAA  988A               	bcf	3978,4,c	;volatile
   690  000AAC  0EF0               	movlw	240
   691  000AAE  1681               	andwf	3969,f,c	;volatile
   692  000AB0  5002               	movf	WriteDataXLCD@data,w,c
   693  000AB2  0B0F               	andlw	15
   694  000AB4  1281               	iorwf	3969,f,c	;volatile
   695  000AB6  ECFB  F005         	call	_DelayFor18TCY	;wreg free
   696  000ABA  888A               	bsf	3978,4,c	;volatile
   697  000ABC  ECFB  F005         	call	_DelayFor18TCY	;wreg free
   698  000AC0  988A               	bcf	3978,4,c	;volatile
   699  000AC2  0E0F               	movlw	15
   700  000AC4  1293               	iorwf	3987,f,c	;volatile
   701  000AC6  0012               	return	
   702  000AC8                     __end_of_WriteDataXLCD:
   703                           	opt stack 0
   704                           tblptru	equ	0xFF8
   705                           tblptrh	equ	0xFF7
   706                           tblptrl	equ	0xFF6
   707                           tablat	equ	0xFF5
   708                           wreg	equ	0xFE8
   709                           status	equ	0xFD8
   710                           
   711 ;; *************** function _leer_eeprom *****************
   712 ;; Defined at:
   713 ;;		line 44 in file "main_usuario.c"
   714 ;; Parameters:    Size  Location     Type
   715 ;;  direccion       1    wreg     unsigned char 
   716 ;; Auto vars:     Size  Location     Type
   717 ;;  direccion       1    0[COMRAM] unsigned char 
   718 ;; Return value:  Size  Location     Type
   719 ;;                  1    wreg      unsigned char 
   720 ;; Registers used:
   721 ;;		wreg, status,2
   722 ;; Tracked objects:
   723 ;;		On entry : 0/0
   724 ;;		On exit  : 0/0
   725 ;;		Unchanged: 0/0
   726 ;; Data sizes:     COMRAM   BANK0   BANK1   BANK2   BANK3   BANK4   BANK5   BANK6   BANK7
   727 ;;      Params:         0       0       0       0       0       0       0       0       0
   728 ;;      Locals:         1       0       0       0       0       0       0       0       0
   729 ;;      Temps:          0       0       0       0       0       0       0       0       0
   730 ;;      Totals:         1       0       0       0       0       0       0       0       0
   731 ;;Total ram usage:        1 bytes
   732 ;; Hardware stack levels used:    1
   733 ;; This function calls:
   734 ;;		Nothing
   735 ;; This function is called by:
   736 ;;		_main
   737 ;; This function uses a non-reentrant model
   738 ;;
   739                           
   740                           	psect	text3
   741  000BE0                     __ptext3:
   742                           	opt stack 0
   743  000BE0                     _leer_eeprom:
   744                           	opt stack 30
   745                           
   746                           ;incstack = 0
   747                           ;leer_eeprom@direccion stored from wreg
   748  000BE0  6E01               	movwf	leer_eeprom@direccion,c
   749                           
   750                           ;main_usuario.c: 45: EEADR=direccion;
   751  000BE2  C001  FFA9         	movff	leer_eeprom@direccion,4009	;volatile
   752                           
   753                           ;main_usuario.c: 46: EECON1bits.EEPGD=0;
   754  000BE6  9EA6               	bcf	4006,7,c	;volatile
   755                           
   756                           ;main_usuario.c: 47: EECON1bits.RD=1;
   757  000BE8  80A6               	bsf	4006,0,c	;volatile
   758                           
   759                           ;main_usuario.c: 48: return EEDATA;
   760  000BEA  50A8               	movf	4008,w,c	;volatile
   761  000BEC  0012               	return	
   762  000BEE                     __end_of_leer_eeprom:
   763                           	opt stack 0
   764                           tblptru	equ	0xFF8
   765                           tblptrh	equ	0xFF7
   766                           tblptrl	equ	0xFF6
   767                           tablat	equ	0xFF5
   768                           wreg	equ	0xFE8
   769                           status	equ	0xFD8
   770                           
   771 ;; *************** function _escribir_eeprom *****************
   772 ;; Defined at:
   773 ;;		line 28 in file "main_usuario.c"
   774 ;; Parameters:    Size  Location     Type
   775 ;;  direccion       1    wreg     unsigned char 
   776 ;;  dato            1    0[COMRAM] unsigned char 
   777 ;; Auto vars:     Size  Location     Type
   778 ;;  direccion       1    1[COMRAM] unsigned char 
   779 ;; Return value:  Size  Location     Type
   780 ;;		None               void
   781 ;; Registers used:
   782 ;;		wreg, status,2
   783 ;; Tracked objects:
   784 ;;		On entry : 0/0
   785 ;;		On exit  : 0/0
   786 ;;		Unchanged: 0/0
   787 ;; Data sizes:     COMRAM   BANK0   BANK1   BANK2   BANK3   BANK4   BANK5   BANK6   BANK7
   788 ;;      Params:         1       0       0       0       0       0       0       0       0
   789 ;;      Locals:         1       0       0       0       0       0       0       0       0
   790 ;;      Temps:          0       0       0       0       0       0       0       0       0
   791 ;;      Totals:         2       0       0       0       0       0       0       0       0
   792 ;;Total ram usage:        2 bytes
   793 ;; Hardware stack levels used:    1
   794 ;; This function calls:
   795 ;;		Nothing
   796 ;; This function is called by:
   797 ;;		_main
   798 ;; This function uses a non-reentrant model
   799 ;;
   800                           
   801                           	psect	text4
   802  000B74                     __ptext4:
   803                           	opt stack 0
   804  000B74                     _escribir_eeprom:
   805                           	opt stack 30
   806                           
   807                           ;incstack = 0
   808                           ;escribir_eeprom@direccion stored from wreg
   809  000B74  6E02               	movwf	escribir_eeprom@direccion,c
   810  000B76                     l41:
   811  000B76  B2A6               	btfsc	4006,1,c	;volatile
   812  000B78  D7FE               	goto	l41
   813                           
   814                           ;main_usuario.c: 31: EEADR=direccion;
   815  000B7A  C002  FFA9         	movff	escribir_eeprom@direccion,4009	;volatile
   816                           
   817                           ;main_usuario.c: 32: EEDATA=dato;
   818  000B7E  C001  FFA8         	movff	escribir_eeprom@dato,4008	;volatile
   819                           
   820                           ;main_usuario.c: 33: EECON1bits.EEPGD=0;
   821  000B82  9EA6               	bcf	4006,7,c	;volatile
   822                           
   823                           ;main_usuario.c: 34: EECON1bits.WREN=1;
   824  000B84  84A6               	bsf	4006,2,c	;volatile
   825                           
   826                           ;main_usuario.c: 35: INTCONbits.GIE=0;
   827  000B86  9EF2               	bcf	intcon,7,c	;volatile
   828                           
   829                           ;main_usuario.c: 36: EECON2=0x55;
   830  000B88  0E55               	movlw	85
   831  000B8A  6EA7               	movwf	4007,c	;volatile
   832                           
   833                           ;main_usuario.c: 37: EECON2=0xaa;
   834  000B8C  0EAA               	movlw	170
   835  000B8E  6EA7               	movwf	4007,c	;volatile
   836                           
   837                           ;main_usuario.c: 38: EECON1bits.WR=1;
   838  000B90  82A6               	bsf	4006,1,c	;volatile
   839                           
   840                           ;main_usuario.c: 39: INTCONbits.GIE=1;
   841  000B92  8EF2               	bsf	intcon,7,c	;volatile
   842                           
   843                           ;main_usuario.c: 40: EECON1bits.WREN=0;
   844  000B94  94A6               	bcf	4006,2,c	;volatile
   845  000B96                     l44:
   846  000B96  A2A6               	btfss	4006,1,c	;volatile
   847  000B98  0012               	return	
   848  000B9A  D7FD               	goto	l44
   849  000B9C                     __end_of_escribir_eeprom:
   850                           	opt stack 0
   851                           tblptru	equ	0xFF8
   852                           tblptrh	equ	0xFF7
   853                           tblptrl	equ	0xFF6
   854                           tablat	equ	0xFF5
   855                           intcon	equ	0xFF2
   856                           wreg	equ	0xFE8
   857                           status	equ	0xFD8
   858                           
   859 ;; *************** function _OpenXLCD *****************
   860 ;; Defined at:
   861 ;;		line 19 in file "C:\Program Files (x86)\Microchip\xc8\v1.35\sources\pic18\plib\XLCD\openxlcd.c"
   862 ;; Parameters:    Size  Location     Type
   863 ;;  lcdtype         1    wreg     unsigned char 
   864 ;; Auto vars:     Size  Location     Type
   865 ;;  lcdtype         1    5[COMRAM] unsigned char 
   866 ;; Return value:  Size  Location     Type
   867 ;;		None               void
   868 ;; Registers used:
   869 ;;		wreg, status,2, status,0, cstack
   870 ;; Tracked objects:
   871 ;;		On entry : 0/0
   872 ;;		On exit  : 0/0
   873 ;;		Unchanged: 0/0
   874 ;; Data sizes:     COMRAM   BANK0   BANK1   BANK2   BANK3   BANK4   BANK5   BANK6   BANK7
   875 ;;      Params:         0       0       0       0       0       0       0       0       0
   876 ;;      Locals:         1       0       0       0       0       0       0       0       0
   877 ;;      Temps:          0       0       0       0       0       0       0       0       0
   878 ;;      Totals:         1       0       0       0       0       0       0       0       0
   879 ;;Total ram usage:        1 bytes
   880 ;; Hardware stack levels used:    1
   881 ;; Hardware stack levels required when called:    3
   882 ;; This function calls:
   883 ;;		_BusyXLCD
   884 ;;		_Delay10KTCYx
   885 ;;		_DelayPORXLCD
   886 ;;		_SetDDRamAddr
   887 ;;		_WriteCmdXLCD
   888 ;; This function is called by:
   889 ;;		_main
   890 ;; This function uses a non-reentrant model
   891 ;;
   892                           
   893                           	psect	text5
   894  000994                     __ptext5:
   895                           	opt stack 0
   896  000994                     _OpenXLCD:
   897                           	opt stack 27
   898                           
   899                           ;incstack = 0
   900                           ;OpenXLCD@lcdtype stored from wreg
   901  000994  6E06               	movwf	OpenXLCD@lcdtype,c
   902  000996  0EF0               	movlw	240
   903  000998  1681               	andwf	3969,f,c	;volatile
   904  00099A  0EF0               	movlw	240
   905  00099C  1693               	andwf	3987,f,c	;volatile
   906  00099E  9C93               	bcf	3987,6,c	;volatile
   907  0009A0  9A93               	bcf	3987,5,c	;volatile
   908  0009A2  9893               	bcf	3987,4,c	;volatile
   909  0009A4  9C8A               	bcf	3978,6,c	;volatile
   910  0009A6  9A8A               	bcf	3978,5,c	;volatile
   911  0009A8  988A               	bcf	3978,4,c	;volatile
   912  0009AA  ECF7  F005         	call	_DelayPORXLCD	;wreg free
   913  0009AE  0E30               	movlw	48
   914  0009B0  EC64  F005         	call	_WriteCmdXLCD
   915  0009B4  0E05               	movlw	5
   916  0009B6  ECCE  F005         	call	_Delay10KTCYx
   917  0009BA  0E30               	movlw	48
   918  0009BC  EC64  F005         	call	_WriteCmdXLCD
   919  0009C0  0E01               	movlw	1
   920  0009C2  ECCE  F005         	call	_Delay10KTCYx
   921  0009C6  0E32               	movlw	50
   922  0009C8  EC64  F005         	call	_WriteCmdXLCD
   923  0009CC                     l1002:
   924  0009CC  EC83  F005         	call	_BusyXLCD	;wreg free
   925  0009D0  0900               	iorlw	0
   926  0009D2  A4D8               	btfss	status,2,c
   927  0009D4  D7FB               	goto	l1002
   928  0009D6                     l1004:
   929  0009D6  EC83  F005         	call	_BusyXLCD	;wreg free
   930  0009DA  0900               	iorlw	0
   931  0009DC  A4D8               	btfss	status,2,c
   932  0009DE  D7FB               	goto	l1004
   933  0009E0  5006               	movf	OpenXLCD@lcdtype,w,c
   934  0009E2  EC64  F005         	call	_WriteCmdXLCD
   935  0009E6                     l1008:
   936  0009E6  EC83  F005         	call	_BusyXLCD	;wreg free
   937  0009EA  0900               	iorlw	0
   938  0009EC  A4D8               	btfss	status,2,c
   939  0009EE  D7FB               	goto	l1008
   940  0009F0  0E08               	movlw	8
   941  0009F2  EC64  F005         	call	_WriteCmdXLCD
   942  0009F6                     l1012:
   943  0009F6  EC83  F005         	call	_BusyXLCD	;wreg free
   944  0009FA  0900               	iorlw	0
   945  0009FC  A4D8               	btfss	status,2,c
   946  0009FE  D7FB               	goto	l1012
   947  000A00  0E0F               	movlw	15
   948  000A02  EC64  F005         	call	_WriteCmdXLCD
   949  000A06                     l1016:
   950  000A06  EC83  F005         	call	_BusyXLCD	;wreg free
   951  000A0A  0900               	iorlw	0
   952  000A0C  A4D8               	btfss	status,2,c
   953  000A0E  D7FB               	goto	l1016
   954  000A10  0E01               	movlw	1
   955  000A12  EC64  F005         	call	_WriteCmdXLCD
   956  000A16                     l1020:
   957  000A16  EC83  F005         	call	_BusyXLCD	;wreg free
   958  000A1A  0900               	iorlw	0
   959  000A1C  A4D8               	btfss	status,2,c
   960  000A1E  D7FB               	goto	l1020
   961  000A20  0E04               	movlw	4
   962  000A22  EC64  F005         	call	_WriteCmdXLCD
   963  000A26                     l1024:
   964  000A26  EC83  F005         	call	_BusyXLCD	;wreg free
   965  000A2A  0900               	iorlw	0
   966  000A2C  A4D8               	btfss	status,2,c
   967  000A2E  D7FB               	goto	l1024
   968  000A30  0E80               	movlw	128
   969  000A32  EC1C  F005         	call	_SetDDRamAddr
   970  000A36  0012               	return	
   971  000A38                     __end_of_OpenXLCD:
   972                           	opt stack 0
   973                           tblptru	equ	0xFF8
   974                           tblptrh	equ	0xFF7
   975                           tblptrl	equ	0xFF6
   976                           tablat	equ	0xFF5
   977                           intcon	equ	0xFF2
   978                           wreg	equ	0xFE8
   979                           status	equ	0xFD8
   980                           
   981 ;; *************** function _WriteCmdXLCD *****************
   982 ;; Defined at:
   983 ;;		line 13 in file "C:\Program Files (x86)\Microchip\xc8\v1.35\sources\pic18\plib\XLCD\wcmdxlcd.c"
   984 ;; Parameters:    Size  Location     Type
   985 ;;  cmd             1    wreg     unsigned char 
   986 ;; Auto vars:     Size  Location     Type
   987 ;;  cmd             1    1[COMRAM] unsigned char 
   988 ;; Return value:  Size  Location     Type
   989 ;;		None               void
   990 ;; Registers used:
   991 ;;		wreg, status,2, status,0, cstack
   992 ;; Tracked objects:
   993 ;;		On entry : 0/0
   994 ;;		On exit  : 0/0
   995 ;;		Unchanged: 0/0
   996 ;; Data sizes:     COMRAM   BANK0   BANK1   BANK2   BANK3   BANK4   BANK5   BANK6   BANK7
   997 ;;      Params:         0       0       0       0       0       0       0       0       0
   998 ;;      Locals:         1       0       0       0       0       0       0       0       0
   999 ;;      Temps:          0       0       0       0       0       0       0       0       0
  1000 ;;      Totals:         1       0       0       0       0       0       0       0       0
  1001 ;;Total ram usage:        1 bytes
  1002 ;; Hardware stack levels used:    1
  1003 ;; Hardware stack levels required when called:    2
  1004 ;; This function calls:
  1005 ;;		_DelayFor18TCY
  1006 ;; This function is called by:
  1007 ;;		_main
  1008 ;;		_OpenXLCD
  1009 ;; This function uses a non-reentrant model
  1010 ;;
  1011                           
  1012                           	psect	text6
  1013  000AC8                     __ptext6:
  1014                           	opt stack 0
  1015  000AC8                     _WriteCmdXLCD:
  1016                           	opt stack 28
  1017                           
  1018                           ;incstack = 0
  1019                           ;WriteCmdXLCD@cmd stored from wreg
  1020  000AC8  6E02               	movwf	WriteCmdXLCD@cmd,c
  1021  000ACA  0EF0               	movlw	240
  1022  000ACC  1693               	andwf	3987,f,c	;volatile
  1023  000ACE  0EF0               	movlw	240
  1024  000AD0  1681               	andwf	3969,f,c	;volatile
  1025  000AD2  3802               	swapf	WriteCmdXLCD@cmd,w,c
  1026  000AD4  0B0F               	andlw	15
  1027  000AD6  0B0F               	andlw	15
  1028  000AD8  1281               	iorwf	3969,f,c	;volatile
  1029  000ADA  9C8A               	bcf	3978,6,c	;volatile
  1030  000ADC  9A8A               	bcf	3978,5,c	;volatile
  1031  000ADE  ECFB  F005         	call	_DelayFor18TCY	;wreg free
  1032  000AE2  888A               	bsf	3978,4,c	;volatile
  1033  000AE4  ECFB  F005         	call	_DelayFor18TCY	;wreg free
  1034  000AE8  988A               	bcf	3978,4,c	;volatile
  1035  000AEA  0EF0               	movlw	240
  1036  000AEC  1681               	andwf	3969,f,c	;volatile
  1037  000AEE  5002               	movf	WriteCmdXLCD@cmd,w,c
  1038  000AF0  0B0F               	andlw	15
  1039  000AF2  1281               	iorwf	3969,f,c	;volatile
  1040  000AF4  ECFB  F005         	call	_DelayFor18TCY	;wreg free
  1041  000AF8  888A               	bsf	3978,4,c	;volatile
  1042  000AFA  ECFB  F005         	call	_DelayFor18TCY	;wreg free
  1043  000AFE  988A               	bcf	3978,4,c	;volatile
  1044  000B00  0E0F               	movlw	15
  1045  000B02  1293               	iorwf	3987,f,c	;volatile
  1046  000B04  0012               	return	
  1047  000B06                     __end_of_WriteCmdXLCD:
  1048                           	opt stack 0
  1049                           tblptru	equ	0xFF8
  1050                           tblptrh	equ	0xFF7
  1051                           tblptrl	equ	0xFF6
  1052                           tablat	equ	0xFF5
  1053                           intcon	equ	0xFF2
  1054                           wreg	equ	0xFE8
  1055                           status	equ	0xFD8
  1056                           
  1057 ;; *************** function _SetDDRamAddr *****************
  1058 ;; Defined at:
  1059 ;;		line 13 in file "C:\Program Files (x86)\Microchip\xc8\v1.35\sources\pic18\plib\XLCD\setddram.c"
  1060 ;; Parameters:    Size  Location     Type
  1061 ;;  DDaddr          1    wreg     unsigned char 
  1062 ;; Auto vars:     Size  Location     Type
  1063 ;;  DDaddr          1    4[COMRAM] unsigned char 
  1064 ;; Return value:  Size  Location     Type
  1065 ;;		None               void
  1066 ;; Registers used:
  1067 ;;		wreg, status,2, status,0, cstack
  1068 ;; Tracked objects:
  1069 ;;		On entry : 0/0
  1070 ;;		On exit  : 0/0
  1071 ;;		Unchanged: 0/0
  1072 ;; Data sizes:     COMRAM   BANK0   BANK1   BANK2   BANK3   BANK4   BANK5   BANK6   BANK7
  1073 ;;      Params:         0       0       0       0       0       0       0       0       0
  1074 ;;      Locals:         1       0       0       0       0       0       0       0       0
  1075 ;;      Temps:          3       0       0       0       0       0       0       0       0
  1076 ;;      Totals:         4       0       0       0       0       0       0       0       0
  1077 ;;Total ram usage:        4 bytes
  1078 ;; Hardware stack levels used:    1
  1079 ;; Hardware stack levels required when called:    2
  1080 ;; This function calls:
  1081 ;;		_DelayFor18TCY
  1082 ;; This function is called by:
  1083 ;;		_main
  1084 ;;		_OpenXLCD
  1085 ;; This function uses a non-reentrant model
  1086 ;;
  1087                           
  1088                           	psect	text7
  1089  000A38                     __ptext7:
  1090                           	opt stack 0
  1091  000A38                     _SetDDRamAddr:
  1092                           	opt stack 28
  1093                           
  1094                           ;incstack = 0
  1095                           ;SetDDRamAddr@DDaddr stored from wreg
  1096  000A38  6E05               	movwf	SetDDRamAddr@DDaddr,c
  1097  000A3A  0EF0               	movlw	240
  1098  000A3C  1693               	andwf	3987,f,c	;volatile
  1099  000A3E  0EF0               	movlw	240
  1100  000A40  1681               	andwf	3969,f,c	;volatile
  1101  000A42  5005               	movf	SetDDRamAddr@DDaddr,w,c
  1102  000A44  6E02               	movwf	??_SetDDRamAddr& (0+255),c
  1103  000A46  6A03               	clrf	(??_SetDDRamAddr+1)& (0+255),c
  1104  000A48  8E02               	bsf	??_SetDDRamAddr,7,c
  1105  000A4A  0E04               	movlw	4
  1106  000A4C  6E04               	movwf	(??_SetDDRamAddr+2)& (0+255),c
  1107  000A4E                     u25:
  1108  000A4E  3403               	rlcf	??_SetDDRamAddr+1,w,c
  1109  000A50  3203               	rrcf	??_SetDDRamAddr+1,f,c
  1110  000A52  3202               	rrcf	??_SetDDRamAddr,f,c
  1111  000A54  2E04               	decfsz	(??_SetDDRamAddr+2)& (0+255),f,c
  1112  000A56  D7FB               	goto	u25
  1113  000A58  5002               	movf	??_SetDDRamAddr,w,c
  1114  000A5A  0B0F               	andlw	15
  1115  000A5C  1281               	iorwf	3969,f,c	;volatile
  1116  000A5E  9C8A               	bcf	3978,6,c	;volatile
  1117  000A60  9A8A               	bcf	3978,5,c	;volatile
  1118  000A62  ECFB  F005         	call	_DelayFor18TCY	;wreg free
  1119  000A66  888A               	bsf	3978,4,c	;volatile
  1120  000A68  ECFB  F005         	call	_DelayFor18TCY	;wreg free
  1121  000A6C  988A               	bcf	3978,4,c	;volatile
  1122  000A6E  0EF0               	movlw	240
  1123  000A70  1681               	andwf	3969,f,c	;volatile
  1124  000A72  5005               	movf	SetDDRamAddr@DDaddr,w,c
  1125  000A74  0B0F               	andlw	15
  1126  000A76  1281               	iorwf	3969,f,c	;volatile
  1127  000A78  ECFB  F005         	call	_DelayFor18TCY	;wreg free
  1128  000A7C  888A               	bsf	3978,4,c	;volatile
  1129  000A7E  ECFB  F005         	call	_DelayFor18TCY	;wreg free
  1130  000A82  988A               	bcf	3978,4,c	;volatile
  1131  000A84  0E0F               	movlw	15
  1132  000A86  1293               	iorwf	3987,f,c	;volatile
  1133  000A88  0012               	return	
  1134  000A8A                     __end_of_SetDDRamAddr:
  1135                           	opt stack 0
  1136                           tblptru	equ	0xFF8
  1137                           tblptrh	equ	0xFF7
  1138                           tblptrl	equ	0xFF6
  1139                           tablat	equ	0xFF5
  1140                           intcon	equ	0xFF2
  1141                           wreg	equ	0xFE8
  1142                           status	equ	0xFD8
  1143                           
  1144 ;; *************** function _DelayPORXLCD *****************
  1145 ;; Defined at:
  1146 ;;		line 200 in file "main_usuario.c"
  1147 ;; Parameters:    Size  Location     Type
  1148 ;;		None
  1149 ;; Auto vars:     Size  Location     Type
  1150 ;;		None
  1151 ;; Return value:  Size  Location     Type
  1152 ;;		None               void
  1153 ;; Registers used:
  1154 ;;		wreg, cstack
  1155 ;; Tracked objects:
  1156 ;;		On entry : 0/0
  1157 ;;		On exit  : 0/0
  1158 ;;		Unchanged: 0/0
  1159 ;; Data sizes:     COMRAM   BANK0   BANK1   BANK2   BANK3   BANK4   BANK5   BANK6   BANK7
  1160 ;;      Params:         0       0       0       0       0       0       0       0       0
  1161 ;;      Locals:         0       0       0       0       0       0       0       0       0
  1162 ;;      Temps:          0       0       0       0       0       0       0       0       0
  1163 ;;      Totals:         0       0       0       0       0       0       0       0       0
  1164 ;;Total ram usage:        0 bytes
  1165 ;; Hardware stack levels used:    1
  1166 ;; Hardware stack levels required when called:    1
  1167 ;; This function calls:
  1168 ;;		_Delay1KTCYx
  1169 ;; This function is called by:
  1170 ;;		_OpenXLCD
  1171 ;; This function uses a non-reentrant model
  1172 ;;
  1173                           
  1174                           	psect	text8
  1175  000BEE                     __ptext8:
  1176                           	opt stack 0
  1177  000BEE                     _DelayPORXLCD:
  1178                           	opt stack 28
  1179                           
  1180                           ;main_usuario.c: 202: Delay1KTCYx(75);
  1181                           
  1182                           ;incstack = 0
  1183  000BEE  0E4B               	movlw	75
  1184  000BF0  ECD9  F005         	call	_Delay1KTCYx
  1185  000BF4  0012               	return	
  1186  000BF6                     __end_of_DelayPORXLCD:
  1187                           	opt stack 0
  1188                           tblptru	equ	0xFF8
  1189                           tblptrh	equ	0xFF7
  1190                           tblptrl	equ	0xFF6
  1191                           tablat	equ	0xFF5
  1192                           intcon	equ	0xFF2
  1193                           wreg	equ	0xFE8
  1194                           status	equ	0xFD8
  1195                           
  1196 ;; *************** function _Delay1KTCYx *****************
  1197 ;; Defined at:
  1198 ;;		line 8 in file "C:\Program Files (x86)\Microchip\xc8\v1.35\sources\pic18\d1ktcyx.c"
  1199 ;; Parameters:    Size  Location     Type
  1200 ;;  unit            1    wreg     unsigned char 
  1201 ;; Auto vars:     Size  Location     Type
  1202 ;;  unit            1    0[COMRAM] unsigned char 
  1203 ;; Return value:  Size  Location     Type
  1204 ;;		None               void
  1205 ;; Registers used:
  1206 ;;		wreg
  1207 ;; Tracked objects:
  1208 ;;		On entry : 0/0
  1209 ;;		On exit  : 0/0
  1210 ;;		Unchanged: 0/0
  1211 ;; Data sizes:     COMRAM   BANK0   BANK1   BANK2   BANK3   BANK4   BANK5   BANK6   BANK7
  1212 ;;      Params:         0       0       0       0       0       0       0       0       0
  1213 ;;      Locals:         1       0       0       0       0       0       0       0       0
  1214 ;;      Temps:          0       0       0       0       0       0       0       0       0
  1215 ;;      Totals:         1       0       0       0       0       0       0       0       0
  1216 ;;Total ram usage:        1 bytes
  1217 ;; Hardware stack levels used:    1
  1218 ;; This function calls:
  1219 ;;		Nothing
  1220 ;; This function is called by:
  1221 ;;		_DelayPORXLCD
  1222 ;;		_DelayXLCD
  1223 ;; This function uses a non-reentrant model
  1224 ;;
  1225                           
  1226                           	psect	text9
  1227  000BB2                     __ptext9:
  1228                           	opt stack 0
  1229  000BB2                     _Delay1KTCYx:
  1230                           	opt stack 28
  1231                           
  1232                           ;incstack = 0
  1233                           ;Delay1KTCYx@unit stored from wreg
  1234  000BB2  6E01               	movwf	Delay1KTCYx@unit,c
  1235  000BB4  0EFA               	movlw	250
  1236  000BB6                     u617:
  1237  000BB6  F000               	nop	
  1238  000BB8  2EE8               	decfsz	wreg,f,c
  1239  000BBA  D7FD               	goto	u617
  1240  000BBC  2E01               	decfsz	Delay1KTCYx@unit,f,c
  1241  000BBE  D7FA               	goto	l824
  1242  000BC0  0012               	return	
  1243  000BC2                     __end_of_Delay1KTCYx:
  1244                           	opt stack 0
  1245                           tblptru	equ	0xFF8
  1246                           tblptrh	equ	0xFF7
  1247                           tblptrl	equ	0xFF6
  1248                           tablat	equ	0xFF5
  1249                           intcon	equ	0xFF2
  1250                           wreg	equ	0xFE8
  1251                           status	equ	0xFD8
  1252                           
  1253 ;; *************** function _Delay10KTCYx *****************
  1254 ;; Defined at:
  1255 ;;		line 8 in file "C:\Program Files (x86)\Microchip\xc8\v1.35\sources\pic18\d10ktcyx.c"
  1256 ;; Parameters:    Size  Location     Type
  1257 ;;  unit            1    wreg     unsigned char 
  1258 ;; Auto vars:     Size  Location     Type
  1259 ;;  unit            1    1[COMRAM] unsigned char 
  1260 ;; Return value:  Size  Location     Type
  1261 ;;		None               void
  1262 ;; Registers used:
  1263 ;;		wreg
  1264 ;; Tracked objects:
  1265 ;;		On entry : 0/0
  1266 ;;		On exit  : 0/0
  1267 ;;		Unchanged: 0/0
  1268 ;; Data sizes:     COMRAM   BANK0   BANK1   BANK2   BANK3   BANK4   BANK5   BANK6   BANK7
  1269 ;;      Params:         0       0       0       0       0       0       0       0       0
  1270 ;;      Locals:         1       0       0       0       0       0       0       0       0
  1271 ;;      Temps:          1       0       0       0       0       0       0       0       0
  1272 ;;      Totals:         2       0       0       0       0       0       0       0       0
  1273 ;;Total ram usage:        2 bytes
  1274 ;; Hardware stack levels used:    1
  1275 ;; This function calls:
  1276 ;;		Nothing
  1277 ;; This function is called by:
  1278 ;;		_OpenXLCD
  1279 ;; This function uses a non-reentrant model
  1280 ;;
  1281                           
  1282                           	psect	text10
  1283  000B9C                     __ptext10:
  1284                           	opt stack 0
  1285  000B9C                     _Delay10KTCYx:
  1286                           	opt stack 29
  1287                           
  1288                           ;incstack = 0
  1289                           ;Delay10KTCYx@unit stored from wreg
  1290  000B9C  6E02               	movwf	Delay10KTCYx@unit,c
  1291  000B9E  0E0D               	movlw	13
  1292  000BA0  6E01               	movwf	??_Delay10KTCYx& (0+255),c
  1293  000BA2  0EFC               	movlw	252
  1294  000BA4                     u627:
  1295  000BA4  2EE8               	decfsz	wreg,f,c
  1296  000BA6  D7FE               	goto	u627
  1297  000BA8  2E01               	decfsz	??_Delay10KTCYx& (0+255),f,c
  1298  000BAA  D7FC               	goto	u627
  1299  000BAC  2E02               	decfsz	Delay10KTCYx@unit,f,c
  1300  000BAE  D7F7               	goto	l940
  1301  000BB0  0012               	return	
  1302  000BB2                     __end_of_Delay10KTCYx:
  1303                           	opt stack 0
  1304                           tblptru	equ	0xFF8
  1305                           tblptrh	equ	0xFF7
  1306                           tblptrl	equ	0xFF6
  1307                           tablat	equ	0xFF5
  1308                           intcon	equ	0xFF2
  1309                           wreg	equ	0xFE8
  1310                           status	equ	0xFD8
  1311                           
  1312 ;; *************** function _BusyXLCD *****************
  1313 ;; Defined at:
  1314 ;;		line 11 in file "C:\Program Files (x86)\Microchip\xc8\v1.35\sources\pic18\plib\XLCD\busyxlcd.c"
  1315 ;; Parameters:    Size  Location     Type
  1316 ;;		None
  1317 ;; Auto vars:     Size  Location     Type
  1318 ;;		None
  1319 ;; Return value:  Size  Location     Type
  1320 ;;                  1    wreg      unsigned char 
  1321 ;; Registers used:
  1322 ;;		wreg, cstack
  1323 ;; Tracked objects:
  1324 ;;		On entry : 0/0
  1325 ;;		On exit  : 0/0
  1326 ;;		Unchanged: 0/0
  1327 ;; Data sizes:     COMRAM   BANK0   BANK1   BANK2   BANK3   BANK4   BANK5   BANK6   BANK7
  1328 ;;      Params:         0       0       0       0       0       0       0       0       0
  1329 ;;      Locals:         0       0       0       0       0       0       0       0       0
  1330 ;;      Temps:          0       0       0       0       0       0       0       0       0
  1331 ;;      Totals:         0       0       0       0       0       0       0       0       0
  1332 ;;Total ram usage:        0 bytes
  1333 ;; Hardware stack levels used:    1
  1334 ;; Hardware stack levels required when called:    2
  1335 ;; This function calls:
  1336 ;;		_DelayFor18TCY
  1337 ;; This function is called by:
  1338 ;;		_main
  1339 ;;		_OpenXLCD
  1340 ;;		_putsXLCD
  1341 ;; This function uses a non-reentrant model
  1342 ;;
  1343                           
  1344                           	psect	text11
  1345  000B06                     __ptext11:
  1346                           	opt stack 0
  1347  000B06                     _BusyXLCD:
  1348                           	opt stack 27
  1349                           
  1350                           ;incstack = 0
  1351  000B06  8C8A               	bsf	3978,6,c	;volatile
  1352  000B08  9A8A               	bcf	3978,5,c	;volatile
  1353  000B0A  ECFB  F005         	call	_DelayFor18TCY	;wreg free
  1354  000B0E  888A               	bsf	3978,4,c	;volatile
  1355  000B10  ECFB  F005         	call	_DelayFor18TCY	;wreg free
  1356  000B14  A681               	btfss	3969,3,c	;volatile
  1357  000B16  D00A               	goto	l93
  1358  000B18  988A               	bcf	3978,4,c	;volatile
  1359  000B1A  ECFB  F005         	call	_DelayFor18TCY	;wreg free
  1360  000B1E  888A               	bsf	3978,4,c	;volatile
  1361  000B20  ECFB  F005         	call	_DelayFor18TCY	;wreg free
  1362  000B24  988A               	bcf	3978,4,c	;volatile
  1363  000B26  9C8A               	bcf	3978,6,c	;volatile
  1364  000B28  0E01               	movlw	1
  1365  000B2A  0012               	return	
  1366  000B2C                     l93:
  1367  000B2C  988A               	bcf	3978,4,c	;volatile
  1368  000B2E  ECFB  F005         	call	_DelayFor18TCY	;wreg free
  1369  000B32  888A               	bsf	3978,4,c	;volatile
  1370  000B34  ECFB  F005         	call	_DelayFor18TCY	;wreg free
  1371  000B38  988A               	bcf	3978,4,c	;volatile
  1372  000B3A  9C8A               	bcf	3978,6,c	;volatile
  1373  000B3C  0E00               	movlw	0
  1374  000B3E  0012               	return	
  1375  000B40                     __end_of_BusyXLCD:
  1376                           	opt stack 0
  1377                           tblptru	equ	0xFF8
  1378                           tblptrh	equ	0xFF7
  1379                           tblptrl	equ	0xFF6
  1380                           tablat	equ	0xFF5
  1381                           intcon	equ	0xFF2
  1382                           wreg	equ	0xFE8
  1383                           status	equ	0xFD8
  1384                           
  1385 ;; *************** function _DelayFor18TCY *****************
  1386 ;; Defined at:
  1387 ;;		line 195 in file "main_usuario.c"
  1388 ;; Parameters:    Size  Location     Type
  1389 ;;		None
  1390 ;; Auto vars:     Size  Location     Type
  1391 ;;		None
  1392 ;; Return value:  Size  Location     Type
  1393 ;;		None               void
  1394 ;; Registers used:
  1395 ;;		wreg, cstack
  1396 ;; Tracked objects:
  1397 ;;		On entry : 0/0
  1398 ;;		On exit  : 0/0
  1399 ;;		Unchanged: 0/0
  1400 ;; Data sizes:     COMRAM   BANK0   BANK1   BANK2   BANK3   BANK4   BANK5   BANK6   BANK7
  1401 ;;      Params:         0       0       0       0       0       0       0       0       0
  1402 ;;      Locals:         0       0       0       0       0       0       0       0       0
  1403 ;;      Temps:          0       0       0       0       0       0       0       0       0
  1404 ;;      Totals:         0       0       0       0       0       0       0       0       0
  1405 ;;Total ram usage:        0 bytes
  1406 ;; Hardware stack levels used:    1
  1407 ;; Hardware stack levels required when called:    1
  1408 ;; This function calls:
  1409 ;;		_Delay10TCYx
  1410 ;; This function is called by:
  1411 ;;		_BusyXLCD
  1412 ;;		_SetDDRamAddr
  1413 ;;		_WriteCmdXLCD
  1414 ;;		_WriteDataXLCD
  1415 ;; This function uses a non-reentrant model
  1416 ;;
  1417                           
  1418                           	psect	text12
  1419  000BF6                     __ptext12:
  1420                           	opt stack 0
  1421  000BF6                     _DelayFor18TCY:
  1422                           	opt stack 27
  1423                           
  1424                           ;main_usuario.c: 197: Delay10TCYx(120);
  1425                           
  1426                           ;incstack = 0
  1427  000BF6  0E78               	movlw	120
  1428  000BF8  ECE1  F005         	call	_Delay10TCYx
  1429  000BFC  0012               	return		;funcret
  1430  000BFE                     __end_of_DelayFor18TCY:
  1431                           	opt stack 0
  1432                           tblptru	equ	0xFF8
  1433                           tblptrh	equ	0xFF7
  1434                           tblptrl	equ	0xFF6
  1435                           tablat	equ	0xFF5
  1436                           intcon	equ	0xFF2
  1437                           wreg	equ	0xFE8
  1438                           status	equ	0xFD8
  1439                           
  1440 ;; *************** function _Delay10TCYx *****************
  1441 ;; Defined at:
  1442 ;;		line 8 in file "C:\Program Files (x86)\Microchip\xc8\v1.35\sources\pic18\d10tcyx.c"
  1443 ;; Parameters:    Size  Location     Type
  1444 ;;  unit            1    wreg     unsigned char 
  1445 ;; Auto vars:     Size  Location     Type
  1446 ;;  unit            1    0[COMRAM] unsigned char 
  1447 ;; Return value:  Size  Location     Type
  1448 ;;		None               void
  1449 ;; Registers used:
  1450 ;;		wreg
  1451 ;; Tracked objects:
  1452 ;;		On entry : 0/0
  1453 ;;		On exit  : 0/0
  1454 ;;		Unchanged: 0/0
  1455 ;; Data sizes:     COMRAM   BANK0   BANK1   BANK2   BANK3   BANK4   BANK5   BANK6   BANK7
  1456 ;;      Params:         0       0       0       0       0       0       0       0       0
  1457 ;;      Locals:         1       0       0       0       0       0       0       0       0
  1458 ;;      Temps:          0       0       0       0       0       0       0       0       0
  1459 ;;      Totals:         1       0       0       0       0       0       0       0       0
  1460 ;;Total ram usage:        1 bytes
  1461 ;; Hardware stack levels used:    1
  1462 ;; This function calls:
  1463 ;;		Nothing
  1464 ;; This function is called by:
  1465 ;;		_DelayFor18TCY
  1466 ;; This function uses a non-reentrant model
  1467 ;;
  1468                           
  1469                           	psect	text13
  1470  000BC2                     __ptext13:
  1471                           	opt stack 0
  1472  000BC2                     _Delay10TCYx:
  1473                           	opt stack 27
  1474                           
  1475                           ;incstack = 0
  1476                           ;Delay10TCYx@unit stored from wreg
  1477  000BC2  6E01               	movwf	Delay10TCYx@unit,c
  1478  000BC4  0E03               	movlw	3
  1479  000BC6                     u637:
  1480  000BC6  2EE8               	decfsz	wreg,f,c
  1481  000BC8  D7FE               	goto	u637
  1482  000BCA  F000               	nop	
  1483  000BCC  2E01               	decfsz	Delay10TCYx@unit,f,c
  1484  000BCE  D7FA               	goto	l818
  1485  000BD0  0012               	return	
  1486  000BD2                     __end_of_Delay10TCYx:
  1487                           	opt stack 0
  1488                           tblptru	equ	0xFF8
  1489                           tblptrh	equ	0xFF7
  1490                           tblptrl	equ	0xFF6
  1491                           tablat	equ	0xFF5
  1492                           intcon	equ	0xFF2
  1493                           wreg	equ	0xFE8
  1494                           status	equ	0xFD8
  1495                           tblptru	equ	0xFF8
  1496                           tblptrh	equ	0xFF7
  1497                           tblptrl	equ	0xFF6
  1498                           tablat	equ	0xFF5
  1499                           intcon	equ	0xFF2
  1500                           wreg	equ	0xFE8
  1501                           status	equ	0xFD8
  1502                           
  1503                           	psect	rparam
  1504  0000                     tblptru	equ	0xFF8
  1505                           tblptrh	equ	0xFF7
  1506                           tblptrl	equ	0xFF6
  1507                           tablat	equ	0xFF5
  1508                           intcon	equ	0xFF2
  1509                           wreg	equ	0xFE8
  1510                           status	equ	0xFD8


Data Sizes:
    Strings     9
    Constant    0
    Data        0
    BSS         0
    Persistent  0
    Stack       0

Auto Spaces:
    Space          Size  Autos    Used
    COMRAM           95      9       9
    BANK0           160      0       0
    BANK1           256      0       0
    BANK2           256      0       0
    BANK3           256      0       0
    BANK4           256      0       0
    BANK5           256      0       0
    BANK6           256      0       0
    BANK7           256      0       0

Pointer List with Targets:

    putsXLCD@buffer	PTR unsigned char  size(2) Largest target is 9
		 -> STR_1(CODE[9]), 


Critical Paths under _main in COMRAM

    _main->_OpenXLCD
    _putsXLCD->_WriteDataXLCD
    _OpenXLCD->_SetDDRamAddr
    _DelayPORXLCD->_Delay1KTCYx
    _DelayFor18TCY->_Delay10TCYx

Critical Paths under _main in BANK0

    None.

Critical Paths under _main in BANK1

    None.

Critical Paths under _main in BANK2

    None.

Critical Paths under _main in BANK3

    None.

Critical Paths under _main in BANK4

    None.

Critical Paths under _main in BANK5

    None.

Critical Paths under _main in BANK6

    None.

Critical Paths under _main in BANK7

    None.

Call Graph Tables:

 ---------------------------------------------------------------------------------
 (Depth) Function   	        Calls       Base Space   Used Autos Params    Refs
 ---------------------------------------------------------------------------------
 (0) _main                                                 3     3      0     638
                                              6 COMRAM     3     3      0
                           _BusyXLCD
                           _OpenXLCD
                       _SetDDRamAddr
                       _WriteCmdXLCD
                      _WriteDataXLCD
                    _escribir_eeprom
                        _leer_eeprom
                           _putsXLCD
 ---------------------------------------------------------------------------------
 (1) _putsXLCD                                             2     0      2     169
                                              2 COMRAM     2     0      2
                           _BusyXLCD
                      _WriteDataXLCD
 ---------------------------------------------------------------------------------
 (2) _WriteDataXLCD                                        1     1      0      45
                                              1 COMRAM     1     1      0
                      _DelayFor18TCY
 ---------------------------------------------------------------------------------
 (1) _leer_eeprom                                          1     1      0      15
                                              0 COMRAM     1     1      0
 ---------------------------------------------------------------------------------
 (1) _escribir_eeprom                                      2     1      1     108
                                              0 COMRAM     2     1      1
 ---------------------------------------------------------------------------------
 (1) _OpenXLCD                                             1     1      0     150
                                              5 COMRAM     1     1      0
                           _BusyXLCD
                       _Delay10KTCYx
                       _DelayPORXLCD
                       _SetDDRamAddr
                       _WriteCmdXLCD
 ---------------------------------------------------------------------------------
 (1) _WriteCmdXLCD                                         1     1      0      45
                                              1 COMRAM     1     1      0
                      _DelayFor18TCY
 ---------------------------------------------------------------------------------
 (1) _SetDDRamAddr                                         4     4      0      45
                                              1 COMRAM     4     4      0
                      _DelayFor18TCY
 ---------------------------------------------------------------------------------
 (2) _DelayPORXLCD                                         0     0      0      15
                        _Delay1KTCYx
 ---------------------------------------------------------------------------------
 (3) _Delay1KTCYx                                          1     1      0      15
                                              0 COMRAM     1     1      0
 ---------------------------------------------------------------------------------
 (2) _Delay10KTCYx                                         2     2      0      15
                                              0 COMRAM     2     2      0
 ---------------------------------------------------------------------------------
 (2) _BusyXLCD                                             0     0      0      15
                      _DelayFor18TCY
 ---------------------------------------------------------------------------------
 (3) _DelayFor18TCY                                        0     0      0      15
                        _Delay10TCYx
 ---------------------------------------------------------------------------------
 (4) _Delay10TCYx                                          1     1      0      15
                                              0 COMRAM     1     1      0
 ---------------------------------------------------------------------------------
 Estimated maximum stack depth 4
 ---------------------------------------------------------------------------------

 Call Graph Graphs:

 _main (ROOT)
   _BusyXLCD
     _DelayFor18TCY
       _Delay10TCYx
   _OpenXLCD
     _BusyXLCD
       _DelayFor18TCY
         _Delay10TCYx
     _Delay10KTCYx
     _DelayPORXLCD
       _Delay1KTCYx
     _SetDDRamAddr
       _DelayFor18TCY
         _Delay10TCYx
     _WriteCmdXLCD
       _DelayFor18TCY
         _Delay10TCYx
   _SetDDRamAddr
     _DelayFor18TCY
       _Delay10TCYx
   _WriteCmdXLCD
     _DelayFor18TCY
       _Delay10TCYx
   _WriteDataXLCD
     _DelayFor18TCY
       _Delay10TCYx
   _escribir_eeprom
   _leer_eeprom
   _putsXLCD
     _BusyXLCD
       _DelayFor18TCY
         _Delay10TCYx
     _WriteDataXLCD
       _DelayFor18TCY
         _Delay10TCYx

 Address spaces:
Name               Size   Autos  Total    Cost      Usage
BITCOMRAM           5F      0       0       0        0.0%
EEDATA             100      0       0       0        0.0%
NULL                 0      0       0       0        0.0%
CODE                 0      0       0       0        0.0%
COMRAM              5F      9       9       1        9.5%
STACK                0      0       0       2        0.0%
DATA                 0      0       0       3        0.0%
BITBANK0            A0      0       0       4        0.0%
BANK0               A0      0       0       5        0.0%
BITBANK1           100      0       0       6        0.0%
BANK1              100      0       0       7        0.0%
BITBANK2           100      0       0       8        0.0%
BANK2              100      0       0       9        0.0%
BITBANK3           100      0       0      10        0.0%
BANK3              100      0       0      11        0.0%
BITBANK4           100      0       0      12        0.0%
BANK4              100      0       0      13        0.0%
BITBANK5           100      0       0      14        0.0%
BANK5              100      0       0      15        0.0%
BITBANK6           100      0       0      16        0.0%
BANK6              100      0       0      17        0.0%
BITBANK7           100      0       0      18        0.0%
BANK7              100      0       0      19        0.0%
ABS                  0      0       0      20        0.0%
BIGRAM             7FF      0       0      21        0.0%
BITSFR               0      0       0      40        0.0%
SFR                  0      0       0      40        0.0%


Microchip Technology PIC18 Macro Assembler V1.35 build -356382666 
Symbol Table                                                                                   Thu Jul 21 18:01:16 2022

                      l41 0B76                        l44 0B96                        l93 0B2C  
                      u25 0A4E                       l824 0BB4                       l818 0BC4  
                     l940 0B9E                       u607 096E                       u617 0BB6  
                     u627 0BA4                       u547 087E                       u637 0BC6  
                     u557 0896                       u567 08CE                       u577 08E6  
                     u587 091E                       u597 0936              __CFG_BOR$OFF 000000  
   __size_of_WriteCmdXLCD 003E                       wreg 000FE8              __CFG_LVP$OFF 000000  
            __CFG_WDT$OFF 000000                      l1002 09CC                      l1020 0A16  
                    l1012 09F6                      l1004 09D6                      l1024 0A26  
                    l1016 0A06                      l1008 09E6                      l1202 0B42  
                    l1300 0904                      l1212 0812                      l1208 0B60  
                    l1304 090E                      l1240 085A                      l1226 0844  
                    l1332 095E                      l1324 094A                      l1308 0918  
                    l1252 0878                      l1244 0864                      l1336 0968  
                    l1328 0954                      l1280 08C8                      l1272 08B4  
                    l1248 086E                      l1276 08BE                      l1268 08AA  
                    l1296 08FA              ?_leer_eeprom 0001                      STR_1 0801  
                    _main 080C    __size_of_WriteDataXLCD 003E  __size_of_escribir_eeprom 0028  
                    start 0000             __CFG_IESO$OFF 000000             __CFG_MCLRE$ON 000000  
            ___param_bank 000010               _Delay10TCYx 0BC2              _WriteCmdXLCD 0AC8  
             _Delay1KTCYx 0BB2             __CFG_PLLDIV$5 000000             ?_SetDDRamAddr 0001  
                   ?_main 0001                     _EEADR 000FA9                     _PORTB 000F81  
           __CFG_USBDIV$2 000000                     _TRISB 000F93                     _TRISD 000F95  
   __size_of_Delay10KTCYx 0016             __CFG_PWRT$OFF 000000            __CFG_FCMEN$OFF 000000  
                   tablat 000FF5                     status 000FD8            __CFG_ICPRT$OFF 000000  
         __initialization 0BD2              __end_of_main 0994          __end_of_BusyXLCD 0B40  
            _Delay10KTCYx 0B9C     __size_of_DelayPORXLCD 0008            ??_SetDDRamAddr 0002  
        __end_of_OpenXLCD 0A38                    ??_main 0007             __activetblptr 000001  
           _WriteDataXLCD 0A8A                    _EEDATA 000FA8                    _EECON2 000FA7  
            _DelayPORXLCD 0BEE            __CFG_XINST$OFF 000000            __CFG_STVREN$ON 000000  
       ??_escribir_eeprom 0002            ?_WriteDataXLCD 0001              __mediumconst 0000  
                  tblptrh 000FF7                    tblptrl 000FF6                    tblptru 000FF8  
        __end_of_putsXLCD 0B74                __accesstop 0060   __end_of__initialization 0BD2  
         __CFG_PBADEN$OFF 000000      __size_of_leer_eeprom 000E  escribir_eeprom@direccion 0002  
           ___rparam_used 000001            __pcstackCOMRAM 0001    __size_of_DelayFor18TCY 0008  
               ?_BusyXLCD 0001           WriteCmdXLCD@cmd 0002      __end_of_SetDDRamAddr 0A8A  
               ?_OpenXLCD 0001         WriteDataXLCD@data 0002              ?_Delay10TCYx 0001  
         ??_WriteDataXLCD 0002              ?_Delay1KTCYx 0001                ??_BusyXLCD 0002  
         __CFG_VREGEN$OFF 000000                ??_OpenXLCD 0006                   __Hparam 0000  
                 __Lparam 0000             _DelayFor18TCY 0BF6                 ?_putsXLCD 0003  
            __psmallconst 0800                   __pcinit 0BD2           Delay10TCYx@unit 0001  
                 __ramtop 0800                   __ptext0 080C                   __ptext1 0B40  
                 __ptext2 0A8A                   __ptext3 0BE0                   __ptext4 0B74  
                 __ptext5 0994                   __ptext6 0AC8                   __ptext7 0A38  
                 __ptext8 0BEE                   __ptext9 0BB2      end_of_initialization 0BD2  
         _escribir_eeprom 0B74            ?_DelayFor18TCY 0001                ??_putsXLCD 0005  
               _PORTDbits 000F83                 _TRISAbits 000F92                 _TRISBbits 000F93  
   __size_of_SetDDRamAddr 0052      __size_of_Delay10TCYx 0010              _SetDDRamAddr 0A38  
    __size_of_Delay1KTCYx 0010        SetDDRamAddr@DDaddr 0005       start_initialization 0BD2  
 __end_of_escribir_eeprom 0B9C             ??_leer_eeprom 0001         __size_of_BusyXLCD 003A  
         ??_DelayFor18TCY 0002         __size_of_OpenXLCD 00A4             ?_WriteCmdXLCD 0001  
        __CFG_LPT1OSC$OFF 000000           Delay1KTCYx@unit 0001       __end_of_leer_eeprom 0BEE  
          putsXLCD@buffer 0003            ??_WriteCmdXLCD 0002             ?_Delay10KTCYx 0001  
       __size_of_putsXLCD 0034     __end_of_WriteDataXLCD 0AC8               __smallconst 0800  
        ?_escribir_eeprom 0001                  _LATBbits 000F8A                  _LATDbits 000F8C  
           ?_DelayPORXLCD 0001           OpenXLCD@lcdtype 0006          __CFG_WDTPS$32768 000000  
          ??_Delay10KTCYx 0001                 main@tecla 0009          Delay10KTCYx@unit 0002  
             _leer_eeprom 0BE0                  _BusyXLCD 0B06       escribir_eeprom@dato 0001  
          ??_DelayPORXLCD 0002                _EECON1bits 000FA6                  _OpenXLCD 0994  
                __Hrparam 0000                  __Lrparam 0000              __Lsmallconst 0800  
                __ptext10 0B9C                  __ptext11 0B06                  __ptext12 0BF6  
                __ptext13 0BC2      __end_of_WriteCmdXLCD 0B06             __size_of_main 0188  
           ??_Delay10TCYx 0001                  _putsXLCD 0B40             ??_Delay1KTCYx 0001  
                main@dato 0008     __CFG_CPUDIV$OSC1_PLL2 000000                _INTCONbits 000FF2  
    __end_of_Delay10KTCYx 0BB2     __end_of_DelayFor18TCY 0BFE       __end_of_Delay10TCYx 0BD2  
    __end_of_DelayPORXLCD 0BF6       __end_of_Delay1KTCYx 0BC2        __CFG_FOSC$HSPLL_HS 000000  
    leer_eeprom@direccion 0001  
