

Microchip Technology PIC18 LITE Macro Assembler V1.35 build -356382666 
                                                                                               Thu Nov 03 14:57:58 2022

Microchip Technology Omniscient Code Generator v1.35 (Free mode) build 201507080246
     1                           	processor	18F4550
     2                           	fnconf	rparam,??,?,0
     3                           	opt	pw 120
     4                           	opt	lm
     5                           	psect	cinit,global,reloc=2,class=CODE,delta=1
     6                           	psect	cstackCOMRAM,global,class=COMRAM,space=1,delta=1
     7                           	psect	text0,global,reloc=2,class=CODE,delta=1
     8                           	psect	text1,global,reloc=2,class=CODE,delta=1
     9                           	psect	text2,global,reloc=2,class=CODE,delta=1
    10                           	psect	text3,global,reloc=2,class=CODE,delta=1
    11                           	psect	text4,global,reloc=2,class=CODE,delta=1
    12                           	psect	text5,global,reloc=2,class=CODE,delta=1
    13                           	psect	text6,global,reloc=2,class=CODE,delta=1
    14                           	psect	text7,global,reloc=2,class=CODE,delta=1
    15                           	psect	intsave_regs,global,class=BIGRAM,space=1,delta=1
    16                           	psect	rparam,global,class=COMRAM,space=1,delta=1
    17  0000                     _BAUDCONbits	set	4024
    18  0000                     _OSCCON	set	4051
    19  0000                     _PORTDbits	set	3971
    20  0000                     _RCREG	set	4014
    21  0000                     _RCSTA	set	4011
    22  0000                     _RCSTAbits	set	4011
    23  0000                     _SPBRG	set	4015
    24  0000                     _TRISCbits	set	3988
    25  0000                     _TRISDbits	set	3989
    26  0000                     _TXSTAbits	set	4012
    27  0000                     _CREN	set	32092
    28  0000                     _RCIF	set	31989
    29                           
    30                           ; #config settings
    31                           
    32                           	psect	cinit
    33  007A88                     __pcinit:
    34                           	opt stack 0
    35  007A88                     start_initialization:
    36                           	opt stack 0
    37  007A88                     __initialization:
    38                           	opt stack 0
    39  007A88                     end_of_initialization:
    40                           	opt stack 0
    41  007A88                     __end_of__initialization:
    42                           	opt stack 0
    43  007A88  0100               	movlb	0
    44  007A8A  EF50  F03D         	goto	_main	;jump to C main() function
    45                           
    46                           	psect	cstackCOMRAM
    47  000001                     __pcstackCOMRAM:
    48                           	opt stack 0
    49  000001                     ?___ftpack:
    50                           	opt stack 0
    51  000001                     ?___fttol:
    52                           	opt stack 0
    53  000001                     ___ftpack@arg:
    54                           	opt stack 0
    55  000001                     ___fttol@f1:
    56                           	opt stack 0
    57                           
    58                           ; 3 bytes @ 0x0
    59  000001                     	ds	3
    60  000004                     ___ftpack@exp:
    61                           	opt stack 0
    62                           
    63                           ; 1 bytes @ 0x3
    64  000004                     	ds	1
    65  000005                     ??___fttol:
    66  000005                     ___ftpack@sign:
    67                           	opt stack 0
    68                           
    69                           ; 1 bytes @ 0x4
    70  000005                     	ds	1
    71  000006                     ??___ftpack:
    72                           
    73                           ; 0 bytes @ 0x5
    74  000006                     	ds	3
    75  000009                     ?___altoft:
    76                           	opt stack 0
    77  000009                     ___altoft@c:
    78                           	opt stack 0
    79                           
    80                           ; 4 bytes @ 0x8
    81  000009                     	ds	1
    82  00000A                     ___fttol@sign1:
    83                           	opt stack 0
    84                           
    85                           ; 1 bytes @ 0x9
    86  00000A                     	ds	1
    87  00000B                     ___fttol@lval:
    88                           	opt stack 0
    89                           
    90                           ; 4 bytes @ 0xA
    91  00000B                     	ds	2
    92  00000D                     ??___altoft:
    93                           
    94                           ; 0 bytes @ 0xC
    95  00000D                     	ds	2
    96  00000F                     ___fttol@exp1:
    97                           	opt stack 0
    98                           
    99                           ; 1 bytes @ 0xE
   100  00000F                     	ds	2
   101  000011                     ___altoft@exp:
   102                           	opt stack 0
   103                           
   104                           ; 1 bytes @ 0x10
   105  000011                     	ds	1
   106  000012                     ___altoft@sign:
   107                           	opt stack 0
   108                           
   109                           ; 1 bytes @ 0x11
   110  000012                     	ds	1
   111  000013                     ?___ftdiv:
   112                           	opt stack 0
   113  000013                     ___ftdiv@f1:
   114                           	opt stack 0
   115                           
   116                           ; 3 bytes @ 0x12
   117  000013                     	ds	3
   118  000016                     ___ftdiv@f2:
   119                           	opt stack 0
   120                           
   121                           ; 3 bytes @ 0x15
   122  000016                     	ds	3
   123  000019                     ??___ftdiv:
   124                           
   125                           ; 0 bytes @ 0x18
   126  000019                     	ds	3
   127  00001C                     ___ftdiv@cntr:
   128                           	opt stack 0
   129                           
   130                           ; 1 bytes @ 0x1B
   131  00001C                     	ds	1
   132  00001D                     ___ftdiv@f3:
   133                           	opt stack 0
   134                           
   135                           ; 3 bytes @ 0x1C
   136  00001D                     	ds	3
   137  000020                     ___ftdiv@exp:
   138                           	opt stack 0
   139                           
   140                           ; 1 bytes @ 0x1F
   141  000020                     	ds	1
   142  000021                     ___ftdiv@sign:
   143                           	opt stack 0
   144                           
   145                           ; 1 bytes @ 0x20
   146  000021                     	ds	1
   147  000022                     ?___ftadd:
   148                           	opt stack 0
   149  000022                     ___ftadd@f1:
   150                           	opt stack 0
   151                           
   152                           ; 3 bytes @ 0x21
   153  000022                     	ds	3
   154  000025                     ___ftadd@f2:
   155                           	opt stack 0
   156                           
   157                           ; 3 bytes @ 0x24
   158  000025                     	ds	3
   159  000028                     ??___ftadd:
   160                           
   161                           ; 0 bytes @ 0x27
   162  000028                     	ds	3
   163  00002B                     ___ftadd@sign:
   164                           	opt stack 0
   165                           
   166                           ; 1 bytes @ 0x2A
   167  00002B                     	ds	1
   168  00002C                     ___ftadd@exp2:
   169                           	opt stack 0
   170                           
   171                           ; 1 bytes @ 0x2B
   172  00002C                     	ds	1
   173  00002D                     ___ftadd@exp1:
   174                           	opt stack 0
   175                           
   176                           ; 1 bytes @ 0x2C
   177  00002D                     	ds	1
   178  00002E                     UART_Initial@baud_rate:
   179                           	opt stack 0
   180                           
   181                           ; 4 bytes @ 0x2D
   182  00002E                     	ds	4
   183  000032                     UART_Initial@bps:
   184                           	opt stack 0
   185                           
   186                           ; 3 bytes @ 0x31
   187  000032                     	ds	3
   188  000035                     main@data:
   189                           	opt stack 0
   190                           
   191                           ; 1 bytes @ 0x34
   192  000035                     	ds	1
   193                           
   194 ;;
   195 ;;Main: autosize = 0, tempsize = 0, incstack = 0, save=0
   196 ;;
   197 ;; *************** function _main *****************
   198 ;; Defined at:
   199 ;;		line 41 in file "main_slave.c"
   200 ;; Parameters:    Size  Location     Type
   201 ;;		None
   202 ;; Auto vars:     Size  Location     Type
   203 ;;  data            1   52[COMRAM] unsigned char 
   204 ;; Return value:  Size  Location     Type
   205 ;;		None               void
   206 ;; Registers used:
   207 ;;		wreg, status,2, status,0, cstack
   208 ;; Tracked objects:
   209 ;;		On entry : 0/0
   210 ;;		On exit  : 0/0
   211 ;;		Unchanged: 0/0
   212 ;; Data sizes:     COMRAM   BANK0   BANK1   BANK2   BANK3   BANK4   BANK5   BANK6   BANK7
   213 ;;      Params:         0       0       0       0       0       0       0       0       0
   214 ;;      Locals:         1       0       0       0       0       0       0       0       0
   215 ;;      Temps:          0       0       0       0       0       0       0       0       0
   216 ;;      Totals:         1       0       0       0       0       0       0       0       0
   217 ;;Total ram usage:        1 bytes
   218 ;; Hardware stack levels required when called:    3
   219 ;; This function calls:
   220 ;;		_UART_Initial
   221 ;;		_USART_Read
   222 ;; This function is called by:
   223 ;;		Startup code after reset
   224 ;; This function uses a non-reentrant model
   225 ;;
   226                           
   227                           	psect	text0
   228  007AA0                     __ptext0:
   229                           	opt stack 0
   230  007AA0                     _main:
   231                           	opt stack 28
   232                           
   233                           ;main_slave.c: 43: char data;
   234                           ;main_slave.c: 44: OSCCON=0x72;
   235                           
   236                           ;incstack = 0
   237  007AA0  0E72               	movlw	114
   238  007AA2  6ED3               	movwf	4051,c	;volatile
   239                           
   240                           ;main_slave.c: 45: TRISDbits.RD0=0;
   241  007AA4  9095               	bcf	3989,0,c	;volatile
   242                           
   243                           ;main_slave.c: 46: PORTDbits.RD0=0;
   244  007AA6  9083               	bcf	3971,0,c	;volatile
   245                           
   246                           ;main_slave.c: 47: UART_Initial(9600);
   247  007AA8  0E80               	movlw	128
   248  007AAA  6E2E               	movwf	UART_Initial@baud_rate,c
   249  007AAC  0E25               	movlw	37
   250  007AAE  6E2F               	movwf	UART_Initial@baud_rate+1,c
   251  007AB0  0E00               	movlw	0
   252  007AB2  6E30               	movwf	UART_Initial@baud_rate+2,c
   253  007AB4  0E00               	movlw	0
   254  007AB6  6E31               	movwf	UART_Initial@baud_rate+3,c
   255  007AB8  ECA5  F03D         	call	_UART_Initial	;wreg free
   256  007ABC                     l1174:
   257                           
   258                           ;main_slave.c: 49: {
   259                           ;main_slave.c: 50: data=USART_Read();
   260  007ABC  EC47  F03D         	call	_USART_Read	;wreg free
   261  007AC0  6E35               	movwf	main@data,c
   262                           
   263                           ;main_slave.c: 51: if(data=='A')
   264  007AC2  0E41               	movlw	65
   265  007AC4  1835               	xorwf	main@data,w,c
   266  007AC6  A4D8               	btfss	status,2,c
   267  007AC8  D002               	goto	l48
   268                           
   269                           ;main_slave.c: 52: PORTDbits.RD0=1;
   270  007ACA  8083               	bsf	3971,0,c	;volatile
   271  007ACC  D7F7               	goto	l1174
   272  007ACE                     l48:
   273                           
   274                           ;main_slave.c: 53: else
   275                           ;main_slave.c: 54: PORTDbits.RD0=0;
   276  007ACE  9083               	bcf	3971,0,c	;volatile
   277  007AD0  D7F5               	goto	l1174
   278  007AD2                     __end_of_main:
   279                           	opt stack 0
   280                           status	equ	0xFD8
   281                           
   282 ;; *************** function _USART_Read *****************
   283 ;; Defined at:
   284 ;;		line 30 in file "main_slave.c"
   285 ;; Parameters:    Size  Location     Type
   286 ;;		None
   287 ;; Auto vars:     Size  Location     Type
   288 ;;		None
   289 ;; Return value:  Size  Location     Type
   290 ;;                  1    wreg      unsigned char 
   291 ;; Registers used:
   292 ;;		wreg, status,2
   293 ;; Tracked objects:
   294 ;;		On entry : 0/0
   295 ;;		On exit  : 0/0
   296 ;;		Unchanged: 0/0
   297 ;; Data sizes:     COMRAM   BANK0   BANK1   BANK2   BANK3   BANK4   BANK5   BANK6   BANK7
   298 ;;      Params:         0       0       0       0       0       0       0       0       0
   299 ;;      Locals:         0       0       0       0       0       0       0       0       0
   300 ;;      Temps:          0       0       0       0       0       0       0       0       0
   301 ;;      Totals:         0       0       0       0       0       0       0       0       0
   302 ;;Total ram usage:        0 bytes
   303 ;; Hardware stack levels used:    1
   304 ;; This function calls:
   305 ;;		Nothing
   306 ;; This function is called by:
   307 ;;		_main
   308 ;; This function uses a non-reentrant model
   309 ;;
   310                           
   311                           	psect	text1
   312  007A8E                     __ptext1:
   313                           	opt stack 0
   314  007A8E                     _USART_Read:
   315                           	opt stack 30
   316  007A8E                     l40:
   317  007A8E  AA9E               	btfss	3998,5,c	;volatile
   318  007A90  D7FE               	goto	l40
   319                           
   320                           ;main_slave.c: 33: if(RCSTAbits.OERR)
   321  007A92  A2AB               	btfss	4011,1,c	;volatile
   322  007A94  D003               	goto	l902
   323                           
   324                           ;main_slave.c: 34: {
   325                           ;main_slave.c: 35: CREN = 0;
   326  007A96  98AB               	bcf	4011,4,c	;volatile
   327                           
   328                           ;main_slave.c: 36: __nop();
   329  007A98  F000               	nop	
   330                           
   331                           ;main_slave.c: 37: CREN=1;
   332  007A9A  88AB               	bsf	4011,4,c	;volatile
   333  007A9C                     l902:
   334                           
   335                           ;main_slave.c: 38: }
   336                           ;main_slave.c: 39: return(RCREG);
   337  007A9C  50AE               	movf	4014,w,c	;volatile
   338  007A9E  0012               	return	
   339  007AA0                     __end_of_USART_Read:
   340                           	opt stack 0
   341                           status	equ	0xFD8
   342                           
   343 ;; *************** function _UART_Initial *****************
   344 ;; Defined at:
   345 ;;		line 13 in file "main_slave.c"
   346 ;; Parameters:    Size  Location     Type
   347 ;;  baud_rate       4   45[COMRAM] long 
   348 ;; Auto vars:     Size  Location     Type
   349 ;;  bps             3   49[COMRAM] float 
   350 ;; Return value:  Size  Location     Type
   351 ;;		None               void
   352 ;; Registers used:
   353 ;;		wreg, status,2, status,0, cstack
   354 ;; Tracked objects:
   355 ;;		On entry : 0/0
   356 ;;		On exit  : 0/0
   357 ;;		Unchanged: 0/0
   358 ;; Data sizes:     COMRAM   BANK0   BANK1   BANK2   BANK3   BANK4   BANK5   BANK6   BANK7
   359 ;;      Params:         4       0       0       0       0       0       0       0       0
   360 ;;      Locals:         3       0       0       0       0       0       0       0       0
   361 ;;      Temps:          0       0       0       0       0       0       0       0       0
   362 ;;      Totals:         7       0       0       0       0       0       0       0       0
   363 ;;Total ram usage:        7 bytes
   364 ;; Hardware stack levels used:    1
   365 ;; Hardware stack levels required when called:    2
   366 ;; This function calls:
   367 ;;		___altoft
   368 ;;		___ftadd
   369 ;;		___ftdiv
   370 ;;		___fttol
   371 ;; This function is called by:
   372 ;;		_main
   373 ;; This function uses a non-reentrant model
   374 ;;
   375                           
   376                           	psect	text2
   377  007B4A                     __ptext2:
   378                           	opt stack 0
   379  007B4A                     _UART_Initial:
   380                           	opt stack 28
   381                           
   382                           ;main_slave.c: 15: float bps;
   383                           ;main_slave.c: 16: TRISCbits.RC6=1;
   384                           
   385                           ;incstack = 0
   386  007B4A  8C94               	bsf	3988,6,c	;volatile
   387                           
   388                           ;main_slave.c: 17: TRISCbits.RC7=1;
   389  007B4C  8E94               	bsf	3988,7,c	;volatile
   390                           
   391                           ;main_slave.c: 18: bps = (( (float) (8000000/64) / (float) baud_rate) - 1);
   392  007B4E  C02E  F009         	movff	UART_Initial@baud_rate,___altoft@c
   393  007B52  C02F  F00A         	movff	UART_Initial@baud_rate+1,___altoft@c+1
   394  007B56  C030  F00B         	movff	UART_Initial@baud_rate+2,___altoft@c+2
   395  007B5A  C031  F00C         	movff	UART_Initial@baud_rate+3,___altoft@c+3
   396  007B5E  EC69  F03D         	call	___altoft	;wreg free
   397  007B62  C009  F016         	movff	?___altoft,___ftdiv@f2
   398  007B66  C00A  F017         	movff	?___altoft+1,___ftdiv@f2+1
   399  007B6A  C00B  F018         	movff	?___altoft+2,___ftdiv@f2+2
   400  007B6E  0E24               	movlw	36
   401  007B70  6E13               	movwf	___ftdiv@f1,c
   402  007B72  0EF4               	movlw	244
   403  007B74  6E14               	movwf	___ftdiv@f1+1,c
   404  007B76  0E47               	movlw	71
   405  007B78  6E15               	movwf	___ftdiv@f1+2,c
   406  007B7A  EC3D  F03E         	call	___ftdiv	;wreg free
   407  007B7E  C013  F022         	movff	?___ftdiv,___ftadd@f1
   408  007B82  C014  F023         	movff	?___ftdiv+1,___ftadd@f1+1
   409  007B86  C015  F024         	movff	?___ftdiv+2,___ftadd@f1+2
   410  007B8A  0E00               	movlw	0
   411  007B8C  6E25               	movwf	___ftadd@f2,c
   412  007B8E  0E80               	movlw	128
   413  007B90  6E26               	movwf	___ftadd@f2+1,c
   414  007B92  0EBF               	movlw	191
   415  007B94  6E27               	movwf	___ftadd@f2+2,c
   416  007B96  EC2A  F03F         	call	___ftadd	;wreg free
   417  007B9A  C022  F032         	movff	?___ftadd,UART_Initial@bps
   418  007B9E  C023  F033         	movff	?___ftadd+1,UART_Initial@bps+1
   419  007BA2  C024  F034         	movff	?___ftadd+2,UART_Initial@bps+2
   420                           
   421                           ;main_slave.c: 19: SPBRG=(int)bps;
   422  007BA6  C032  F001         	movff	UART_Initial@bps,___fttol@f1
   423  007BAA  C033  F002         	movff	UART_Initial@bps+1,___fttol@f1+1
   424  007BAE  C034  F003         	movff	UART_Initial@bps+2,___fttol@f1+2
   425  007BB2  ECB0  F03E         	call	___fttol	;wreg free
   426  007BB6  5001               	movf	?___fttol,w,c
   427  007BB8  6EAF               	movwf	4015,c	;volatile
   428                           
   429                           ;main_slave.c: 20: TXSTAbits.CSRC = 0;
   430  007BBA  9EAC               	bcf	4012,7,c	;volatile
   431                           
   432                           ;main_slave.c: 21: TXSTAbits.TX9 = 0;
   433  007BBC  9CAC               	bcf	4012,6,c	;volatile
   434                           
   435                           ;main_slave.c: 22: TXSTAbits.TXEN = 1;
   436  007BBE  8AAC               	bsf	4012,5,c	;volatile
   437                           
   438                           ;main_slave.c: 23: TXSTAbits.SYNC = 0;
   439  007BC0  98AC               	bcf	4012,4,c	;volatile
   440                           
   441                           ;main_slave.c: 24: TXSTAbits.BRGH = 0;
   442  007BC2  94AC               	bcf	4012,2,c	;volatile
   443                           
   444                           ;main_slave.c: 25: BAUDCONbits.BRG16 = 0;
   445  007BC4  96B8               	bcf	4024,3,c	;volatile
   446                           
   447                           ;main_slave.c: 26: RCSTA = 0x90;
   448  007BC6  0E90               	movlw	144
   449  007BC8  6EAB               	movwf	4011,c	;volatile
   450  007BCA  0012               	return		;funcret
   451  007BCC                     __end_of_UART_Initial:
   452                           	opt stack 0
   453                           status	equ	0xFD8
   454                           
   455 ;; *************** function ___fttol *****************
   456 ;; Defined at:
   457 ;;		line 44 in file "C:\Program Files (x86)\Microchip\xc8\v1.35\sources\common\fttol.c"
   458 ;; Parameters:    Size  Location     Type
   459 ;;  f1              3    0[COMRAM] float 
   460 ;; Auto vars:     Size  Location     Type
   461 ;;  lval            4   10[COMRAM] unsigned long 
   462 ;;  exp1            1   14[COMRAM] unsigned char 
   463 ;;  sign1           1    9[COMRAM] unsigned char 
   464 ;; Return value:  Size  Location     Type
   465 ;;                  4    0[COMRAM] long 
   466 ;; Registers used:
   467 ;;		wreg, status,2, status,0
   468 ;; Tracked objects:
   469 ;;		On entry : 0/0
   470 ;;		On exit  : 0/0
   471 ;;		Unchanged: 0/0
   472 ;; Data sizes:     COMRAM   BANK0   BANK1   BANK2   BANK3   BANK4   BANK5   BANK6   BANK7
   473 ;;      Params:         4       0       0       0       0       0       0       0       0
   474 ;;      Locals:         6       0       0       0       0       0       0       0       0
   475 ;;      Temps:          5       0       0       0       0       0       0       0       0
   476 ;;      Totals:        15       0       0       0       0       0       0       0       0
   477 ;;Total ram usage:       15 bytes
   478 ;; Hardware stack levels used:    1
   479 ;; This function calls:
   480 ;;		Nothing
   481 ;; This function is called by:
   482 ;;		_UART_Initial
   483 ;; This function uses a non-reentrant model
   484 ;;
   485                           
   486                           	psect	text3
   487  007D60                     __ptext3:
   488                           	opt stack 0
   489  007D60                     ___fttol:
   490                           	opt stack 29
   491                           
   492                           ;incstack = 0
   493  007D60  C003  F005         	movff	___fttol@f1+2,??___fttol
   494  007D64  6A06               	clrf	(??___fttol+1)& (0+255),c
   495  007D66  6A07               	clrf	(??___fttol+2)& (0+255),c
   496  007D68  3402               	rlcf	___fttol@f1+1,w,c
   497  007D6A  3605               	rlcf	??___fttol& (0+255),f,c
   498  007D6C  E301               	bnc	u871
   499  007D6E  8006               	bsf	(??___fttol+1)& (0+255),0,c
   500  007D70                     u871:
   501  007D70  5005               	movf	??___fttol,w,c
   502  007D72  6E0F               	movwf	___fttol@exp1,c
   503  007D74  500F               	movf	___fttol@exp1,w,c
   504  007D76  A4D8               	btfss	status,2,c
   505  007D78  D009               	goto	l1108
   506  007D7A  0E00               	movlw	0
   507  007D7C  6E01               	movwf	?___fttol,c
   508  007D7E  0E00               	movlw	0
   509  007D80  6E02               	movwf	?___fttol+1,c
   510  007D82  0E00               	movlw	0
   511  007D84  6E03               	movwf	?___fttol+2,c
   512  007D86  0E00               	movlw	0
   513  007D88  6E04               	movwf	?___fttol+3,c
   514  007D8A  0012               	return	
   515  007D8C                     l1108:
   516  007D8C  0E17               	movlw	23
   517  007D8E  6E05               	movwf	??___fttol& (0+255),c
   518  007D90  C001  F006         	movff	___fttol@f1,??___fttol+1
   519  007D94  C002  F007         	movff	___fttol@f1+1,??___fttol+2
   520  007D98  C003  F008         	movff	___fttol@f1+2,??___fttol+3
   521  007D9C  2805               	incf	??___fttol,w,c
   522  007D9E  6E09               	movwf	(??___fttol+4)& (0+255),c
   523  007DA0  D004               	goto	u890
   524  007DA2                     u895:
   525  007DA2  90D8               	bcf	status,0,c
   526  007DA4  3208               	rrcf	??___fttol+3,f,c
   527  007DA6  3207               	rrcf	??___fttol+2,f,c
   528  007DA8  3206               	rrcf	??___fttol+1,f,c
   529  007DAA                     u890:
   530  007DAA  2E09               	decfsz	(??___fttol+4)& (0+255),f,c
   531  007DAC  D7FA               	goto	u895
   532  007DAE  5006               	movf	??___fttol+1,w,c
   533  007DB0  6E0A               	movwf	___fttol@sign1,c
   534  007DB2  8E02               	bsf	___fttol@f1+1,7,c
   535  007DB4  0EFF               	movlw	255
   536  007DB6  1601               	andwf	___fttol@f1,f,c
   537  007DB8  0EFF               	movlw	255
   538  007DBA  1602               	andwf	___fttol@f1+1,f,c
   539  007DBC  0E00               	movlw	0
   540  007DBE  1603               	andwf	___fttol@f1+2,f,c
   541  007DC0  5001               	movf	___fttol@f1,w,c
   542  007DC2  6E0B               	movwf	___fttol@lval,c
   543  007DC4  5002               	movf	___fttol@f1+1,w,c
   544  007DC6  6E0C               	movwf	___fttol@lval+1,c
   545  007DC8  5003               	movf	___fttol@f1+2,w,c
   546  007DCA  6E0D               	movwf	___fttol@lval+2,c
   547  007DCC  6A0E               	clrf	___fttol@lval+3,c
   548  007DCE  0E8E               	movlw	142
   549  007DD0  5E0F               	subwf	___fttol@exp1,f,c
   550  007DD2  AE0F               	btfss	___fttol@exp1,7,c
   551  007DD4  D016               	goto	l1130
   552  007DD6  500F               	movf	___fttol@exp1,w,c
   553  007DD8  0A80               	xorlw	128
   554  007DDA  0F8F               	addlw	143
   555  007DDC  B0D8               	btfsc	status,0,c
   556  007DDE  D009               	goto	l1126
   557  007DE0  0E00               	movlw	0
   558  007DE2  6E01               	movwf	?___fttol,c
   559  007DE4  0E00               	movlw	0
   560  007DE6  6E02               	movwf	?___fttol+1,c
   561  007DE8  0E00               	movlw	0
   562  007DEA  6E03               	movwf	?___fttol+2,c
   563  007DEC  0E00               	movlw	0
   564  007DEE  6E04               	movwf	?___fttol+3,c
   565  007DF0  0012               	return	
   566  007DF2                     l1126:
   567  007DF2  90D8               	bcf	status,0,c
   568  007DF4  320E               	rrcf	___fttol@lval+3,f,c
   569  007DF6  320D               	rrcf	___fttol@lval+2,f,c
   570  007DF8  320C               	rrcf	___fttol@lval+1,f,c
   571  007DFA  320B               	rrcf	___fttol@lval,f,c
   572  007DFC  3E0F               	incfsz	___fttol@exp1,f,c
   573  007DFE  D7F9               	goto	l1126
   574  007E00  D015               	goto	l1140
   575  007E02                     l1130:
   576  007E02  0E17               	movlw	23
   577  007E04  640F               	cpfsgt	___fttol@exp1,c
   578  007E06  D00F               	goto	l1138
   579  007E08  0E00               	movlw	0
   580  007E0A  6E01               	movwf	?___fttol,c
   581  007E0C  0E00               	movlw	0
   582  007E0E  6E02               	movwf	?___fttol+1,c
   583  007E10  0E00               	movlw	0
   584  007E12  6E03               	movwf	?___fttol+2,c
   585  007E14  0E00               	movlw	0
   586  007E16  6E04               	movwf	?___fttol+3,c
   587  007E18  0012               	return	
   588  007E1A                     l1136:
   589  007E1A  90D8               	bcf	status,0,c
   590  007E1C  360B               	rlcf	___fttol@lval,f,c
   591  007E1E  360C               	rlcf	___fttol@lval+1,f,c
   592  007E20  360D               	rlcf	___fttol@lval+2,f,c
   593  007E22  360E               	rlcf	___fttol@lval+3,f,c
   594  007E24  060F               	decf	___fttol@exp1,f,c
   595  007E26                     l1138:
   596  007E26  500F               	movf	___fttol@exp1,w,c
   597  007E28  A4D8               	btfss	status,2,c
   598  007E2A  D7F7               	goto	l1136
   599  007E2C                     l1140:
   600  007E2C  500A               	movf	___fttol@sign1,w,c
   601  007E2E  B4D8               	btfsc	status,2,c
   602  007E30  D008               	goto	l1144
   603  007E32  1E0E               	comf	___fttol@lval+3,f,c
   604  007E34  1E0D               	comf	___fttol@lval+2,f,c
   605  007E36  1E0C               	comf	___fttol@lval+1,f,c
   606  007E38  6C0B               	negf	___fttol@lval,c
   607  007E3A  0E00               	movlw	0
   608  007E3C  220C               	addwfc	___fttol@lval+1,f,c
   609  007E3E  220D               	addwfc	___fttol@lval+2,f,c
   610  007E40  220E               	addwfc	___fttol@lval+3,f,c
   611  007E42                     l1144:
   612  007E42  C00B  F001         	movff	___fttol@lval,?___fttol
   613  007E46  C00C  F002         	movff	___fttol@lval+1,?___fttol+1
   614  007E4A  C00D  F003         	movff	___fttol@lval+2,?___fttol+2
   615  007E4E  C00E  F004         	movff	___fttol@lval+3,?___fttol+3
   616  007E52  0012               	return	
   617  007E54                     __end_of___fttol:
   618                           	opt stack 0
   619                           status	equ	0xFD8
   620                           
   621 ;; *************** function ___ftdiv *****************
   622 ;; Defined at:
   623 ;;		line 54 in file "C:\Program Files (x86)\Microchip\xc8\v1.35\sources\common\ftdiv.c"
   624 ;; Parameters:    Size  Location     Type
   625 ;;  f1              3   18[COMRAM] float 
   626 ;;  f2              3   21[COMRAM] float 
   627 ;; Auto vars:     Size  Location     Type
   628 ;;  f3              3   28[COMRAM] float 
   629 ;;  sign            1   32[COMRAM] unsigned char 
   630 ;;  exp             1   31[COMRAM] unsigned char 
   631 ;;  cntr            1   27[COMRAM] unsigned char 
   632 ;; Return value:  Size  Location     Type
   633 ;;                  3   18[COMRAM] float 
   634 ;; Registers used:
   635 ;;		wreg, status,2, status,0, cstack
   636 ;; Tracked objects:
   637 ;;		On entry : 0/0
   638 ;;		On exit  : 0/0
   639 ;;		Unchanged: 0/0
   640 ;; Data sizes:     COMRAM   BANK0   BANK1   BANK2   BANK3   BANK4   BANK5   BANK6   BANK7
   641 ;;      Params:         6       0       0       0       0       0       0       0       0
   642 ;;      Locals:         6       0       0       0       0       0       0       0       0
   643 ;;      Temps:          3       0       0       0       0       0       0       0       0
   644 ;;      Totals:        15       0       0       0       0       0       0       0       0
   645 ;;Total ram usage:       15 bytes
   646 ;; Hardware stack levels used:    1
   647 ;; Hardware stack levels required when called:    1
   648 ;; This function calls:
   649 ;;		___ftpack
   650 ;; This function is called by:
   651 ;;		_UART_Initial
   652 ;; This function uses a non-reentrant model
   653 ;;
   654                           
   655                           	psect	text4
   656  007C7A                     __ptext4:
   657                           	opt stack 0
   658  007C7A                     ___ftdiv:
   659                           	opt stack 28
   660                           
   661                           ;incstack = 0
   662  007C7A  C015  F019         	movff	___ftdiv@f1+2,??___ftdiv
   663  007C7E  6A1A               	clrf	(??___ftdiv+1)& (0+255),c
   664  007C80  6A1B               	clrf	(??___ftdiv+2)& (0+255),c
   665  007C82  3414               	rlcf	___ftdiv@f1+1,w,c
   666  007C84  3619               	rlcf	??___ftdiv& (0+255),f,c
   667  007C86  E301               	bnc	u821
   668  007C88  801A               	bsf	(??___ftdiv+1)& (0+255),0,c
   669  007C8A                     u821:
   670  007C8A  5019               	movf	??___ftdiv,w,c
   671  007C8C  6E20               	movwf	___ftdiv@exp,c
   672  007C8E  5020               	movf	___ftdiv@exp,w,c
   673  007C90  A4D8               	btfss	status,2,c
   674  007C92  D007               	goto	l1062
   675  007C94  0E00               	movlw	0
   676  007C96  6E13               	movwf	?___ftdiv,c
   677  007C98  0E00               	movlw	0
   678  007C9A  6E14               	movwf	?___ftdiv+1,c
   679  007C9C  0E00               	movlw	0
   680  007C9E  6E15               	movwf	?___ftdiv+2,c
   681  007CA0  0012               	return	
   682  007CA2                     l1062:
   683  007CA2  C018  F019         	movff	___ftdiv@f2+2,??___ftdiv
   684  007CA6  6A1A               	clrf	(??___ftdiv+1)& (0+255),c
   685  007CA8  6A1B               	clrf	(??___ftdiv+2)& (0+255),c
   686  007CAA  3417               	rlcf	___ftdiv@f2+1,w,c
   687  007CAC  3619               	rlcf	??___ftdiv& (0+255),f,c
   688  007CAE  E301               	bnc	u841
   689  007CB0  801A               	bsf	(??___ftdiv+1)& (0+255),0,c
   690  007CB2                     u841:
   691  007CB2  5019               	movf	??___ftdiv,w,c
   692  007CB4  6E21               	movwf	___ftdiv@sign,c
   693  007CB6  5021               	movf	___ftdiv@sign,w,c
   694  007CB8  A4D8               	btfss	status,2,c
   695  007CBA  D007               	goto	l1068
   696  007CBC  0E00               	movlw	0
   697  007CBE  6E13               	movwf	?___ftdiv,c
   698  007CC0  0E00               	movlw	0
   699  007CC2  6E14               	movwf	?___ftdiv+1,c
   700  007CC4  0E00               	movlw	0
   701  007CC6  6E15               	movwf	?___ftdiv+2,c
   702  007CC8  0012               	return	
   703  007CCA                     l1068:
   704  007CCA  0E00               	movlw	0
   705  007CCC  6E1D               	movwf	___ftdiv@f3,c
   706  007CCE  0E00               	movlw	0
   707  007CD0  6E1E               	movwf	___ftdiv@f3+1,c
   708  007CD2  0E00               	movlw	0
   709  007CD4  6E1F               	movwf	___ftdiv@f3+2,c
   710  007CD6  5021               	movf	___ftdiv@sign,w,c
   711  007CD8  0F89               	addlw	137
   712  007CDA  5E20               	subwf	___ftdiv@exp,f,c
   713  007CDC  C015  F021         	movff	___ftdiv@f1+2,___ftdiv@sign
   714  007CE0  5018               	movf	___ftdiv@f2+2,w,c
   715  007CE2  1A21               	xorwf	___ftdiv@sign,f,c
   716  007CE4  0E80               	movlw	128
   717  007CE6  1621               	andwf	___ftdiv@sign,f,c
   718  007CE8  8E14               	bsf	___ftdiv@f1+1,7,c
   719  007CEA  0EFF               	movlw	255
   720  007CEC  1613               	andwf	___ftdiv@f1,f,c
   721  007CEE  0EFF               	movlw	255
   722  007CF0  1614               	andwf	___ftdiv@f1+1,f,c
   723  007CF2  0E00               	movlw	0
   724  007CF4  1615               	andwf	___ftdiv@f1+2,f,c
   725  007CF6  8E17               	bsf	___ftdiv@f2+1,7,c
   726  007CF8  0EFF               	movlw	255
   727  007CFA  1616               	andwf	___ftdiv@f2,f,c
   728  007CFC  0EFF               	movlw	255
   729  007CFE  1617               	andwf	___ftdiv@f2+1,f,c
   730  007D00  0E00               	movlw	0
   731  007D02  1618               	andwf	___ftdiv@f2+2,f,c
   732  007D04  0E18               	movlw	24
   733  007D06  6E1C               	movwf	___ftdiv@cntr,c
   734  007D08                     l1088:
   735  007D08  90D8               	bcf	status,0,c
   736  007D0A  361D               	rlcf	___ftdiv@f3,f,c
   737  007D0C  361E               	rlcf	___ftdiv@f3+1,f,c
   738  007D0E  361F               	rlcf	___ftdiv@f3+2,f,c
   739  007D10  5016               	movf	___ftdiv@f2,w,c
   740  007D12  5C13               	subwf	___ftdiv@f1,w,c
   741  007D14  5017               	movf	___ftdiv@f2+1,w,c
   742  007D16  5814               	subwfb	___ftdiv@f1+1,w,c
   743  007D18  5018               	movf	___ftdiv@f2+2,w,c
   744  007D1A  5815               	subwfb	___ftdiv@f1+2,w,c
   745  007D1C  A0D8               	btfss	status,0,c
   746  007D1E  D007               	goto	l335
   747  007D20  5016               	movf	___ftdiv@f2,w,c
   748  007D22  5E13               	subwf	___ftdiv@f1,f,c
   749  007D24  5017               	movf	___ftdiv@f2+1,w,c
   750  007D26  5A14               	subwfb	___ftdiv@f1+1,f,c
   751  007D28  5018               	movf	___ftdiv@f2+2,w,c
   752  007D2A  5A15               	subwfb	___ftdiv@f1+2,f,c
   753  007D2C  801D               	bsf	___ftdiv@f3,0,c
   754  007D2E                     l335:
   755  007D2E  90D8               	bcf	status,0,c
   756  007D30  3613               	rlcf	___ftdiv@f1,f,c
   757  007D32  3614               	rlcf	___ftdiv@f1+1,f,c
   758  007D34  3615               	rlcf	___ftdiv@f1+2,f,c
   759  007D36  2E1C               	decfsz	___ftdiv@cntr,f,c
   760  007D38  D7E7               	goto	l1088
   761  007D3A  C01D  F001         	movff	___ftdiv@f3,___ftpack@arg
   762  007D3E  C01E  F002         	movff	___ftdiv@f3+1,___ftpack@arg+1
   763  007D42  C01F  F003         	movff	___ftdiv@f3+2,___ftpack@arg+2
   764  007D46  C020  F004         	movff	___ftdiv@exp,___ftpack@exp
   765  007D4A  C021  F005         	movff	___ftdiv@sign,___ftpack@sign
   766  007D4E  ECE6  F03D         	call	___ftpack	;wreg free
   767  007D52  C001  F013         	movff	?___ftpack,?___ftdiv
   768  007D56  C002  F014         	movff	?___ftpack+1,?___ftdiv+1
   769  007D5A  C003  F015         	movff	?___ftpack+2,?___ftdiv+2
   770  007D5E  0012               	return	
   771  007D60                     __end_of___ftdiv:
   772                           	opt stack 0
   773                           status	equ	0xFD8
   774                           
   775 ;; *************** function ___ftadd *****************
   776 ;; Defined at:
   777 ;;		line 86 in file "C:\Program Files (x86)\Microchip\xc8\v1.35\sources\common\ftadd.c"
   778 ;; Parameters:    Size  Location     Type
   779 ;;  f1              3   33[COMRAM] float 
   780 ;;  f2              3   36[COMRAM] float 
   781 ;; Auto vars:     Size  Location     Type
   782 ;;  exp1            1   44[COMRAM] unsigned char 
   783 ;;  exp2            1   43[COMRAM] unsigned char 
   784 ;;  sign            1   42[COMRAM] unsigned char 
   785 ;; Return value:  Size  Location     Type
   786 ;;                  3   33[COMRAM] float 
   787 ;; Registers used:
   788 ;;		wreg, status,2, status,0, cstack
   789 ;; Tracked objects:
   790 ;;		On entry : 0/0
   791 ;;		On exit  : 0/0
   792 ;;		Unchanged: 0/0
   793 ;; Data sizes:     COMRAM   BANK0   BANK1   BANK2   BANK3   BANK4   BANK5   BANK6   BANK7
   794 ;;      Params:         6       0       0       0       0       0       0       0       0
   795 ;;      Locals:         3       0       0       0       0       0       0       0       0
   796 ;;      Temps:          3       0       0       0       0       0       0       0       0
   797 ;;      Totals:        12       0       0       0       0       0       0       0       0
   798 ;;Total ram usage:       12 bytes
   799 ;; Hardware stack levels used:    1
   800 ;; Hardware stack levels required when called:    1
   801 ;; This function calls:
   802 ;;		___ftpack
   803 ;; This function is called by:
   804 ;;		_UART_Initial
   805 ;; This function uses a non-reentrant model
   806 ;;
   807                           
   808                           	psect	text5
   809  007E54                     __ptext5:
   810                           	opt stack 0
   811  007E54                     ___ftadd:
   812                           	opt stack 28
   813                           
   814                           ;incstack = 0
   815  007E54  C024  F028         	movff	___ftadd@f1+2,??___ftadd
   816  007E58  6A29               	clrf	(??___ftadd+1)& (0+255),c
   817  007E5A  6A2A               	clrf	(??___ftadd+2)& (0+255),c
   818  007E5C  3423               	rlcf	___ftadd@f1+1,w,c
   819  007E5E  3628               	rlcf	??___ftadd& (0+255),f,c
   820  007E60  E301               	bnc	u611
   821  007E62  8029               	bsf	(??___ftadd+1)& (0+255),0,c
   822  007E64                     u611:
   823  007E64  5028               	movf	??___ftadd,w,c
   824  007E66  6E2D               	movwf	___ftadd@exp1,c
   825  007E68  C027  F028         	movff	___ftadd@f2+2,??___ftadd
   826  007E6C  6A29               	clrf	(??___ftadd+1)& (0+255),c
   827  007E6E  6A2A               	clrf	(??___ftadd+2)& (0+255),c
   828  007E70  3426               	rlcf	___ftadd@f2+1,w,c
   829  007E72  3628               	rlcf	??___ftadd& (0+255),f,c
   830  007E74  E301               	bnc	u621
   831  007E76  8029               	bsf	(??___ftadd+1)& (0+255),0,c
   832  007E78                     u621:
   833  007E78  5028               	movf	??___ftadd,w,c
   834  007E7A  6E2C               	movwf	___ftadd@exp2,c
   835  007E7C  502D               	movf	___ftadd@exp1,w,c
   836  007E7E  B4D8               	btfsc	status,2,c
   837  007E80  D00B               	goto	l300
   838  007E82  502C               	movf	___ftadd@exp2,w,c
   839  007E84  5C2D               	subwf	___ftadd@exp1,w,c
   840  007E86  B0D8               	btfsc	status,0,c
   841  007E88  D00E               	goto	l994
   842  007E8A  502D               	movf	___ftadd@exp1,w,c
   843  007E8C  0800               	sublw	0
   844  007E8E  242C               	addwf	___ftadd@exp2,w,c
   845  007E90  6E28               	movwf	??___ftadd& (0+255),c
   846  007E92  0E18               	movlw	24
   847  007E94  6428               	cpfsgt	??___ftadd,c
   848  007E96  D007               	goto	l994
   849  007E98                     l300:
   850  007E98  C025  F022         	movff	___ftadd@f2,?___ftadd
   851  007E9C  C026  F023         	movff	___ftadd@f2+1,?___ftadd+1
   852  007EA0  C027  F024         	movff	___ftadd@f2+2,?___ftadd+2
   853  007EA4  0012               	return	
   854  007EA6                     l994:
   855  007EA6  502C               	movf	___ftadd@exp2,w,c
   856  007EA8  B4D8               	btfsc	status,2,c
   857  007EAA  D00B               	goto	l304
   858  007EAC  502D               	movf	___ftadd@exp1,w,c
   859  007EAE  5C2C               	subwf	___ftadd@exp2,w,c
   860  007EB0  B0D8               	btfsc	status,0,c
   861  007EB2  D00E               	goto	l1000
   862  007EB4  502C               	movf	___ftadd@exp2,w,c
   863  007EB6  0800               	sublw	0
   864  007EB8  242D               	addwf	___ftadd@exp1,w,c
   865  007EBA  6E28               	movwf	??___ftadd& (0+255),c
   866  007EBC  0E18               	movlw	24
   867  007EBE  6428               	cpfsgt	??___ftadd,c
   868  007EC0  D007               	goto	l1000
   869  007EC2                     l304:
   870  007EC2  C022  F022         	movff	___ftadd@f1,?___ftadd
   871  007EC6  C023  F023         	movff	___ftadd@f1+1,?___ftadd+1
   872  007ECA  C024  F024         	movff	___ftadd@f1+2,?___ftadd+2
   873  007ECE  0012               	return	
   874  007ED0                     l1000:
   875  007ED0  0E06               	movlw	6
   876  007ED2  6E2B               	movwf	___ftadd@sign,c
   877  007ED4  BE24               	btfsc	___ftadd@f1+2,7,c
   878  007ED6  8E2B               	bsf	___ftadd@sign,7,c
   879  007ED8  BE27               	btfsc	___ftadd@f2+2,7,c
   880  007EDA  8C2B               	bsf	___ftadd@sign,6,c
   881  007EDC  8E23               	bsf	___ftadd@f1+1,7,c
   882  007EDE  0EFF               	movlw	255
   883  007EE0  1622               	andwf	___ftadd@f1,f,c
   884  007EE2  0EFF               	movlw	255
   885  007EE4  1623               	andwf	___ftadd@f1+1,f,c
   886  007EE6  0E00               	movlw	0
   887  007EE8  1624               	andwf	___ftadd@f1+2,f,c
   888  007EEA  8E26               	bsf	___ftadd@f2+1,7,c
   889  007EEC  0EFF               	movlw	255
   890  007EEE  1625               	andwf	___ftadd@f2,f,c
   891  007EF0  0EFF               	movlw	255
   892  007EF2  1626               	andwf	___ftadd@f2+1,f,c
   893  007EF4  0E00               	movlw	0
   894  007EF6  1627               	andwf	___ftadd@f2+2,f,c
   895  007EF8  502C               	movf	___ftadd@exp2,w,c
   896  007EFA  5C2D               	subwf	___ftadd@exp1,w,c
   897  007EFC  B0D8               	btfsc	status,0,c
   898  007EFE  D01B               	goto	l1026
   899  007F00                     l1016:
   900  007F00  90D8               	bcf	status,0,c
   901  007F02  3625               	rlcf	___ftadd@f2,f,c
   902  007F04  3626               	rlcf	___ftadd@f2+1,f,c
   903  007F06  3627               	rlcf	___ftadd@f2+2,f,c
   904  007F08  062C               	decf	___ftadd@exp2,f,c
   905  007F0A  502D               	movf	___ftadd@exp1,w,c
   906  007F0C  182C               	xorwf	___ftadd@exp2,w,c
   907  007F0E  B4D8               	btfsc	status,2,c
   908  007F10  D00D               	goto	l1024
   909  007F12  062B               	decf	___ftadd@sign,f,c
   910  007F14  C02B  F028         	movff	___ftadd@sign,??___ftadd
   911  007F18  0E07               	movlw	7
   912  007F1A  1628               	andwf	??___ftadd,f,c
   913  007F1C  B4D8               	btfsc	status,2,c
   914  007F1E  D006               	goto	l1024
   915  007F20  D7EF               	goto	l1016
   916  007F22                     l1022:
   917  007F22  90D8               	bcf	status,0,c
   918  007F24  3224               	rrcf	___ftadd@f1+2,f,c
   919  007F26  3223               	rrcf	___ftadd@f1+1,f,c
   920  007F28  3222               	rrcf	___ftadd@f1,f,c
   921  007F2A  2A2D               	incf	___ftadd@exp1,f,c
   922  007F2C                     l1024:
   923  007F2C  502C               	movf	___ftadd@exp2,w,c
   924  007F2E  182D               	xorwf	___ftadd@exp1,w,c
   925  007F30  B4D8               	btfsc	status,2,c
   926  007F32  D01F               	goto	l315
   927  007F34  D7F6               	goto	l1022
   928  007F36                     l1026:
   929  007F36  502D               	movf	___ftadd@exp1,w,c
   930  007F38  5C2C               	subwf	___ftadd@exp2,w,c
   931  007F3A  B0D8               	btfsc	status,0,c
   932  007F3C  D01A               	goto	l315
   933  007F3E                     l1028:
   934  007F3E  90D8               	bcf	status,0,c
   935  007F40  3622               	rlcf	___ftadd@f1,f,c
   936  007F42  3623               	rlcf	___ftadd@f1+1,f,c
   937  007F44  3624               	rlcf	___ftadd@f1+2,f,c
   938  007F46  062D               	decf	___ftadd@exp1,f,c
   939  007F48  502D               	movf	___ftadd@exp1,w,c
   940  007F4A  182C               	xorwf	___ftadd@exp2,w,c
   941  007F4C  B4D8               	btfsc	status,2,c
   942  007F4E  D00D               	goto	l1036
   943  007F50  062B               	decf	___ftadd@sign,f,c
   944  007F52  C02B  F028         	movff	___ftadd@sign,??___ftadd
   945  007F56  0E07               	movlw	7
   946  007F58  1628               	andwf	??___ftadd,f,c
   947  007F5A  B4D8               	btfsc	status,2,c
   948  007F5C  D006               	goto	l1036
   949  007F5E  D7EF               	goto	l1028
   950  007F60                     l1034:
   951  007F60  90D8               	bcf	status,0,c
   952  007F62  3227               	rrcf	___ftadd@f2+2,f,c
   953  007F64  3226               	rrcf	___ftadd@f2+1,f,c
   954  007F66  3225               	rrcf	___ftadd@f2,f,c
   955  007F68  2A2C               	incf	___ftadd@exp2,f,c
   956  007F6A                     l1036:
   957  007F6A  502C               	movf	___ftadd@exp2,w,c
   958  007F6C  182D               	xorwf	___ftadd@exp1,w,c
   959  007F6E  A4D8               	btfss	status,2,c
   960  007F70  D7F7               	goto	l1034
   961  007F72                     l315:
   962  007F72  AE2B               	btfss	___ftadd@sign,7,c
   963  007F74  D00C               	goto	l324
   964  007F76  0EFF               	movlw	255
   965  007F78  1A22               	xorwf	___ftadd@f1,f,c
   966  007F7A  0EFF               	movlw	255
   967  007F7C  1A23               	xorwf	___ftadd@f1+1,f,c
   968  007F7E  0EFF               	movlw	255
   969  007F80  1A24               	xorwf	___ftadd@f1+2,f,c
   970  007F82  0E01               	movlw	1
   971  007F84  2622               	addwf	___ftadd@f1,f,c
   972  007F86  0E00               	movlw	0
   973  007F88  2223               	addwfc	___ftadd@f1+1,f,c
   974  007F8A  0E00               	movlw	0
   975  007F8C  2224               	addwfc	___ftadd@f1+2,f,c
   976  007F8E                     l324:
   977  007F8E  AC2B               	btfss	___ftadd@sign,6,c
   978  007F90  D00C               	goto	l1042
   979  007F92  0EFF               	movlw	255
   980  007F94  1A25               	xorwf	___ftadd@f2,f,c
   981  007F96  0EFF               	movlw	255
   982  007F98  1A26               	xorwf	___ftadd@f2+1,f,c
   983  007F9A  0EFF               	movlw	255
   984  007F9C  1A27               	xorwf	___ftadd@f2+2,f,c
   985  007F9E  0E01               	movlw	1
   986  007FA0  2625               	addwf	___ftadd@f2,f,c
   987  007FA2  0E00               	movlw	0
   988  007FA4  2226               	addwfc	___ftadd@f2+1,f,c
   989  007FA6  0E00               	movlw	0
   990  007FA8  2227               	addwfc	___ftadd@f2+2,f,c
   991  007FAA                     l1042:
   992  007FAA  0E00               	movlw	0
   993  007FAC  6E2B               	movwf	___ftadd@sign,c
   994  007FAE  5022               	movf	___ftadd@f1,w,c
   995  007FB0  2625               	addwf	___ftadd@f2,f,c
   996  007FB2  5023               	movf	___ftadd@f1+1,w,c
   997  007FB4  2226               	addwfc	___ftadd@f2+1,f,c
   998  007FB6  5024               	movf	___ftadd@f1+2,w,c
   999  007FB8  2227               	addwfc	___ftadd@f2+2,f,c
  1000  007FBA  AE27               	btfss	___ftadd@f2+2,7,c
  1001  007FBC  D00E               	goto	l1052
  1002  007FBE  0EFF               	movlw	255
  1003  007FC0  1A25               	xorwf	___ftadd@f2,f,c
  1004  007FC2  0EFF               	movlw	255
  1005  007FC4  1A26               	xorwf	___ftadd@f2+1,f,c
  1006  007FC6  0EFF               	movlw	255
  1007  007FC8  1A27               	xorwf	___ftadd@f2+2,f,c
  1008  007FCA  0E01               	movlw	1
  1009  007FCC  2625               	addwf	___ftadd@f2,f,c
  1010  007FCE  0E00               	movlw	0
  1011  007FD0  2226               	addwfc	___ftadd@f2+1,f,c
  1012  007FD2  0E00               	movlw	0
  1013  007FD4  2227               	addwfc	___ftadd@f2+2,f,c
  1014  007FD6  0E01               	movlw	1
  1015  007FD8  6E2B               	movwf	___ftadd@sign,c
  1016  007FDA                     l1052:
  1017  007FDA  C025  F001         	movff	___ftadd@f2,___ftpack@arg
  1018  007FDE  C026  F002         	movff	___ftadd@f2+1,___ftpack@arg+1
  1019  007FE2  C027  F003         	movff	___ftadd@f2+2,___ftpack@arg+2
  1020  007FE6  C02D  F004         	movff	___ftadd@exp1,___ftpack@exp
  1021  007FEA  C02B  F005         	movff	___ftadd@sign,___ftpack@sign
  1022  007FEE  ECE6  F03D         	call	___ftpack	;wreg free
  1023  007FF2  C001  F022         	movff	?___ftpack,?___ftadd
  1024  007FF6  C002  F023         	movff	?___ftpack+1,?___ftadd+1
  1025  007FFA  C003  F024         	movff	?___ftpack+2,?___ftadd+2
  1026  007FFE  0012               	return	
  1027  008000                     __end_of___ftadd:
  1028                           	opt stack 0
  1029                           status	equ	0xFD8
  1030                           
  1031 ;; *************** function ___altoft *****************
  1032 ;; Defined at:
  1033 ;;		line 42 in file "C:\Program Files (x86)\Microchip\xc8\v1.35\sources\common\altoft.c"
  1034 ;; Parameters:    Size  Location     Type
  1035 ;;  c               4    8[COMRAM] long 
  1036 ;; Auto vars:     Size  Location     Type
  1037 ;;  sign            1   17[COMRAM] unsigned char 
  1038 ;;  exp             1   16[COMRAM] unsigned char 
  1039 ;; Return value:  Size  Location     Type
  1040 ;;                  3    8[COMRAM] float 
  1041 ;; Registers used:
  1042 ;;		wreg, status,2, status,0, cstack
  1043 ;; Tracked objects:
  1044 ;;		On entry : 0/0
  1045 ;;		On exit  : 0/0
  1046 ;;		Unchanged: 0/0
  1047 ;; Data sizes:     COMRAM   BANK0   BANK1   BANK2   BANK3   BANK4   BANK5   BANK6   BANK7
  1048 ;;      Params:         4       0       0       0       0       0       0       0       0
  1049 ;;      Locals:         2       0       0       0       0       0       0       0       0
  1050 ;;      Temps:          4       0       0       0       0       0       0       0       0
  1051 ;;      Totals:        10       0       0       0       0       0       0       0       0
  1052 ;;Total ram usage:       10 bytes
  1053 ;; Hardware stack levels used:    1
  1054 ;; Hardware stack levels required when called:    1
  1055 ;; This function calls:
  1056 ;;		___ftpack
  1057 ;; This function is called by:
  1058 ;;		_UART_Initial
  1059 ;; This function uses a non-reentrant model
  1060 ;;
  1061                           
  1062                           	psect	text6
  1063  007AD2                     __ptext6:
  1064                           	opt stack 0
  1065  007AD2                     ___altoft:
  1066                           	opt stack 28
  1067                           
  1068                           ;incstack = 0
  1069  007AD2  0E00               	movlw	0
  1070  007AD4  6E12               	movwf	___altoft@sign,c
  1071  007AD6  0E8E               	movlw	142
  1072  007AD8  6E11               	movwf	___altoft@exp,c
  1073  007ADA  AE0C               	btfss	___altoft@c+3,7,c
  1074  007ADC  D011               	goto	l980
  1075  007ADE  1E0C               	comf	___altoft@c+3,f,c
  1076  007AE0  1E0B               	comf	___altoft@c+2,f,c
  1077  007AE2  1E0A               	comf	___altoft@c+1,f,c
  1078  007AE4  6C09               	negf	___altoft@c,c
  1079  007AE6  0E00               	movlw	0
  1080  007AE8  220A               	addwfc	___altoft@c+1,f,c
  1081  007AEA  220B               	addwfc	___altoft@c+2,f,c
  1082  007AEC  220C               	addwfc	___altoft@c+3,f,c
  1083  007AEE  0E01               	movlw	1
  1084  007AF0  6E12               	movwf	___altoft@sign,c
  1085  007AF2  D006               	goto	l980
  1086  007AF4                     l978:
  1087  007AF4  90D8               	bcf	status,0,c
  1088  007AF6  320C               	rrcf	___altoft@c+3,f,c
  1089  007AF8  320B               	rrcf	___altoft@c+2,f,c
  1090  007AFA  320A               	rrcf	___altoft@c+1,f,c
  1091  007AFC  3209               	rrcf	___altoft@c,f,c
  1092  007AFE  2A11               	incf	___altoft@exp,f,c
  1093  007B00                     l980:
  1094  007B00  0E00               	movlw	0
  1095  007B02  1409               	andwf	___altoft@c,w,c
  1096  007B04  6E0D               	movwf	??___altoft& (0+255),c
  1097  007B06  0E00               	movlw	0
  1098  007B08  140A               	andwf	___altoft@c+1,w,c
  1099  007B0A  6E0E               	movwf	(??___altoft+1)& (0+255),c
  1100  007B0C  0E00               	movlw	0
  1101  007B0E  140B               	andwf	___altoft@c+2,w,c
  1102  007B10  6E0F               	movwf	(??___altoft+2)& (0+255),c
  1103  007B12  0EFF               	movlw	255
  1104  007B14  140C               	andwf	___altoft@c+3,w,c
  1105  007B16  6E10               	movwf	(??___altoft+3)& (0+255),c
  1106  007B18  500D               	movf	??___altoft,w,c
  1107  007B1A  100E               	iorwf	??___altoft+1,w,c
  1108  007B1C  100F               	iorwf	??___altoft+2,w,c
  1109  007B1E  1010               	iorwf	??___altoft+3,w,c
  1110  007B20  A4D8               	btfss	status,2,c
  1111  007B22  D7E8               	goto	l978
  1112  007B24  C009  F001         	movff	___altoft@c,___ftpack@arg
  1113  007B28  C00A  F002         	movff	___altoft@c+1,___ftpack@arg+1
  1114  007B2C  C00B  F003         	movff	___altoft@c+2,___ftpack@arg+2
  1115  007B30  C011  F004         	movff	___altoft@exp,___ftpack@exp
  1116  007B34  C012  F005         	movff	___altoft@sign,___ftpack@sign
  1117  007B38  ECE6  F03D         	call	___ftpack	;wreg free
  1118  007B3C  C001  F009         	movff	?___ftpack,?___altoft
  1119  007B40  C002  F00A         	movff	?___ftpack+1,?___altoft+1
  1120  007B44  C003  F00B         	movff	?___ftpack+2,?___altoft+2
  1121  007B48  0012               	return	
  1122  007B4A                     __end_of___altoft:
  1123                           	opt stack 0
  1124                           status	equ	0xFD8
  1125                           
  1126 ;; *************** function ___ftpack *****************
  1127 ;; Defined at:
  1128 ;;		line 62 in file "C:\Program Files (x86)\Microchip\xc8\v1.35\sources\common\float.c"
  1129 ;; Parameters:    Size  Location     Type
  1130 ;;  arg             3    0[COMRAM] unsigned um
  1131 ;;  exp             1    3[COMRAM] unsigned char 
  1132 ;;  sign            1    4[COMRAM] unsigned char 
  1133 ;; Auto vars:     Size  Location     Type
  1134 ;;		None
  1135 ;; Return value:  Size  Location     Type
  1136 ;;                  3    0[COMRAM] float 
  1137 ;; Registers used:
  1138 ;;		wreg, status,2, status,0
  1139 ;; Tracked objects:
  1140 ;;		On entry : 0/0
  1141 ;;		On exit  : 0/0
  1142 ;;		Unchanged: 0/0
  1143 ;; Data sizes:     COMRAM   BANK0   BANK1   BANK2   BANK3   BANK4   BANK5   BANK6   BANK7
  1144 ;;      Params:         5       0       0       0       0       0       0       0       0
  1145 ;;      Locals:         0       0       0       0       0       0       0       0       0
  1146 ;;      Temps:          3       0       0       0       0       0       0       0       0
  1147 ;;      Totals:         8       0       0       0       0       0       0       0       0
  1148 ;;Total ram usage:        8 bytes
  1149 ;; Hardware stack levels used:    1
  1150 ;; This function calls:
  1151 ;;		Nothing
  1152 ;; This function is called by:
  1153 ;;		___altoft
  1154 ;;		___ftadd
  1155 ;;		___ftdiv
  1156 ;; This function uses a non-reentrant model
  1157 ;;
  1158                           
  1159                           	psect	text7
  1160  007BCC                     __ptext7:
  1161                           	opt stack 0
  1162  007BCC                     ___ftpack:
  1163                           	opt stack 28
  1164                           
  1165                           ;incstack = 0
  1166  007BCC  5004               	movf	___ftpack@exp,w,c
  1167  007BCE  B4D8               	btfsc	status,2,c
  1168  007BD0  D005               	goto	l938
  1169  007BD2  5001               	movf	___ftpack@arg,w,c
  1170  007BD4  1002               	iorwf	___ftpack@arg+1,w,c
  1171  007BD6  1003               	iorwf	___ftpack@arg+2,w,c
  1172  007BD8  A4D8               	btfss	status,2,c
  1173  007BDA  D00C               	goto	l944
  1174  007BDC                     l938:
  1175  007BDC  0E00               	movlw	0
  1176  007BDE  6E01               	movwf	?___ftpack,c
  1177  007BE0  0E00               	movlw	0
  1178  007BE2  6E02               	movwf	?___ftpack+1,c
  1179  007BE4  0E00               	movlw	0
  1180  007BE6  6E03               	movwf	?___ftpack+2,c
  1181  007BE8  0012               	return	
  1182  007BEA                     l942:
  1183  007BEA  2A04               	incf	___ftpack@exp,f,c
  1184  007BEC  90D8               	bcf	status,0,c
  1185  007BEE  3203               	rrcf	___ftpack@arg+2,f,c
  1186  007BF0  3202               	rrcf	___ftpack@arg+1,f,c
  1187  007BF2  3201               	rrcf	___ftpack@arg,f,c
  1188  007BF4                     l944:
  1189  007BF4  0E00               	movlw	0
  1190  007BF6  1401               	andwf	___ftpack@arg,w,c
  1191  007BF8  6E06               	movwf	??___ftpack& (0+255),c
  1192  007BFA  0E00               	movlw	0
  1193  007BFC  1402               	andwf	___ftpack@arg+1,w,c
  1194  007BFE  6E07               	movwf	(??___ftpack+1)& (0+255),c
  1195  007C00  0EFE               	movlw	254
  1196  007C02  1403               	andwf	___ftpack@arg+2,w,c
  1197  007C04  6E08               	movwf	(??___ftpack+2)& (0+255),c
  1198  007C06  5006               	movf	??___ftpack,w,c
  1199  007C08  1007               	iorwf	??___ftpack+1,w,c
  1200  007C0A  1008               	iorwf	??___ftpack+2,w,c
  1201  007C0C  B4D8               	btfsc	status,2,c
  1202  007C0E  D00C               	goto	l950
  1203  007C10  D7EC               	goto	l942
  1204  007C12                     l946:
  1205  007C12  2A04               	incf	___ftpack@exp,f,c
  1206  007C14  0E01               	movlw	1
  1207  007C16  2601               	addwf	___ftpack@arg,f,c
  1208  007C18  0E00               	movlw	0
  1209  007C1A  2202               	addwfc	___ftpack@arg+1,f,c
  1210  007C1C  0E00               	movlw	0
  1211  007C1E  2203               	addwfc	___ftpack@arg+2,f,c
  1212  007C20  90D8               	bcf	status,0,c
  1213  007C22  3203               	rrcf	___ftpack@arg+2,f,c
  1214  007C24  3202               	rrcf	___ftpack@arg+1,f,c
  1215  007C26  3201               	rrcf	___ftpack@arg,f,c
  1216  007C28                     l950:
  1217  007C28  0E00               	movlw	0
  1218  007C2A  1401               	andwf	___ftpack@arg,w,c
  1219  007C2C  6E06               	movwf	??___ftpack& (0+255),c
  1220  007C2E  0E00               	movlw	0
  1221  007C30  1402               	andwf	___ftpack@arg+1,w,c
  1222  007C32  6E07               	movwf	(??___ftpack+1)& (0+255),c
  1223  007C34  0EFF               	movlw	255
  1224  007C36  1403               	andwf	___ftpack@arg+2,w,c
  1225  007C38  6E08               	movwf	(??___ftpack+2)& (0+255),c
  1226  007C3A  5006               	movf	??___ftpack,w,c
  1227  007C3C  1007               	iorwf	??___ftpack+1,w,c
  1228  007C3E  1008               	iorwf	??___ftpack+2,w,c
  1229  007C40  B4D8               	btfsc	status,2,c
  1230  007C42  D006               	goto	l954
  1231  007C44  D7E6               	goto	l946
  1232  007C46                     l952:
  1233  007C46  0604               	decf	___ftpack@exp,f,c
  1234  007C48  90D8               	bcf	status,0,c
  1235  007C4A  3601               	rlcf	___ftpack@arg,f,c
  1236  007C4C  3602               	rlcf	___ftpack@arg+1,f,c
  1237  007C4E  3603               	rlcf	___ftpack@arg+2,f,c
  1238  007C50                     l954:
  1239  007C50  BE02               	btfsc	___ftpack@arg+1,7,c
  1240  007C52  D003               	goto	l277
  1241  007C54  0E02               	movlw	2
  1242  007C56  6004               	cpfslt	___ftpack@exp,c
  1243  007C58  D7F6               	goto	l952
  1244  007C5A                     l277:
  1245  007C5A  A004               	btfss	___ftpack@exp,0,c
  1246  007C5C  9E02               	bcf	___ftpack@arg+1,7,c
  1247  007C5E  90D8               	bcf	status,0,c
  1248  007C60  3204               	rrcf	___ftpack@exp,f,c
  1249  007C62  5004               	movf	___ftpack@exp,w,c
  1250  007C64  1203               	iorwf	___ftpack@arg+2,f,c
  1251  007C66  5005               	movf	___ftpack@sign,w,c
  1252  007C68  A4D8               	btfss	status,2,c
  1253  007C6A  8E03               	bsf	___ftpack@arg+2,7,c
  1254  007C6C  C001  F001         	movff	___ftpack@arg,?___ftpack
  1255  007C70  C002  F002         	movff	___ftpack@arg+1,?___ftpack+1
  1256  007C74  C003  F003         	movff	___ftpack@arg+2,?___ftpack+2
  1257  007C78  0012               	return	
  1258  007C7A                     __end_of___ftpack:
  1259                           	opt stack 0
  1260  0000                     status	equ	0xFD8
  1261                           status	equ	0xFD8
  1262                           
  1263                           	psect	rparam
  1264  0000                     status	equ	0xFD8


Data Sizes:
    Strings     0
    Constant    0
    Data        0
    BSS         0
    Persistent  0
    Stack       0

Auto Spaces:
    Space          Size  Autos    Used
    COMRAM           95     53      53
    BANK0           160      0       0
    BANK1           256      0       0
    BANK2           256      0       0
    BANK3           256      0       0
    BANK4           256      0       0
    BANK5           256      0       0
    BANK6           256      0       0
    BANK7           256      0       0

Pointer List with Targets:

    None.

Critical Paths under _main in COMRAM

    _main->_UART_Initial
    _UART_Initial->___ftadd
    ___ftdiv->___altoft
    ___ftadd->___ftdiv
    ___altoft->___ftpack

Critical Paths under _main in BANK0

    None.

Critical Paths under _main in BANK1

    None.

Critical Paths under _main in BANK2

    None.

Critical Paths under _main in BANK3

    None.

Critical Paths under _main in BANK4

    None.

Critical Paths under _main in BANK5

    None.

Critical Paths under _main in BANK6

    None.

Critical Paths under _main in BANK7

    None.

Call Graph Tables:

 ---------------------------------------------------------------------------------
 (Depth) Function   	        Calls       Base Space   Used Autos Params    Refs
 ---------------------------------------------------------------------------------
 (0) _main                                                 1     1      0    8425
                                             52 COMRAM     1     1      0
                       _UART_Initial
                         _USART_Read
 ---------------------------------------------------------------------------------
 (1) _USART_Read                                           0     0      0       0
 ---------------------------------------------------------------------------------
 (1) _UART_Initial                                         7     3      4    8402
                                             45 COMRAM     7     3      4
                           ___altoft
                            ___ftadd
                            ___ftdiv
                            ___fttol
 ---------------------------------------------------------------------------------
 (2) ___fttol                                             15    11      4     316
                                              0 COMRAM    15    11      4
 ---------------------------------------------------------------------------------
 (2) ___ftdiv                                             15     9      6    2541
                                             18 COMRAM    15     9      6
                           ___altoft (ARG)
                           ___ftpack
 ---------------------------------------------------------------------------------
 (2) ___ftadd                                             12     6      6    3203
                                             33 COMRAM    12     6      6
                           ___altoft (ARG)
                            ___ftdiv (ARG)
                           ___ftpack
 ---------------------------------------------------------------------------------
 (2) ___altoft                                            10     6      4    2233
                                              8 COMRAM    10     6      4
                           ___ftpack
 ---------------------------------------------------------------------------------
 (3) ___ftpack                                             8     3      5    2031
                                              0 COMRAM     8     3      5
 ---------------------------------------------------------------------------------
 Estimated maximum stack depth 3
 ---------------------------------------------------------------------------------

 Call Graph Graphs:

 _main (ROOT)
   _UART_Initial
     ___altoft
       ___ftpack
     ___ftadd
       ___altoft (ARG)
         ___ftpack
       ___ftdiv (ARG)
         ___altoft (ARG)
           ___ftpack
         ___ftpack (ARG)
       ___ftpack (ARG)
     ___ftdiv
       ___altoft (ARG)
         ___ftpack
       ___ftpack (ARG)
     ___fttol
   _USART_Read

 Address spaces:
Name               Size   Autos  Total    Cost      Usage
BITCOMRAM           5F      0       0       0        0.0%
EEDATA             100      0       0       0        0.0%
NULL                 0      0       0       0        0.0%
CODE                 0      0       0       0        0.0%
COMRAM              5F     35      35       1       55.8%
STACK                0      0       0       2        0.0%
DATA                 0      0       0       3        0.0%
BITBANK0            A0      0       0       4        0.0%
BANK0               A0      0       0       5        0.0%
BITBANK1           100      0       0       6        0.0%
BANK1              100      0       0       7        0.0%
BITBANK2           100      0       0       8        0.0%
BANK2              100      0       0       9        0.0%
BITBANK3           100      0       0      10        0.0%
BANK3              100      0       0      11        0.0%
BITBANK4           100      0       0      12        0.0%
BANK4              100      0       0      13        0.0%
BITBANK5           100      0       0      14        0.0%
BANK5              100      0       0      15        0.0%
BITBANK6           100      0       0      16        0.0%
BANK6              100      0       0      17        0.0%
BITBANK7           100      0       0      18        0.0%
BANK7              100      0       0      19        0.0%
ABS                  0      0       0      20        0.0%
BIGRAM             7FF      0       0      21        0.0%
BITSFR               0      0       0      40        0.0%
SFR                  0      0       0      40        0.0%


Microchip Technology PIC18 Macro Assembler V1.35 build -356382666 
Symbol Table                                                                                   Thu Nov 03 14:57:58 2022

           ___altoft@exp 0011            ___altoft@sign 0012                       l40 7A8E  
                     l48 7ACE             ___ftadd@exp1 002D             ___ftadd@exp2 002C  
           ___ftadd@sign 002B                      l300 7E98                      l304 7EC2  
                    l315 7F72                      l324 7F8E                      l335 7D2E  
                    l277 7C5A                      l902 7A9C                      l950 7C28  
                    l942 7BEA                      l952 7C46                      l944 7BF4  
                    l954 7C50                      l946 7C12                      l938 7BDC  
                    l980 7B00                      l978 7AF4                      l994 7EA6  
                    u611 7E64                      u621 7E78                      u821 7C8A  
                    u841 7CB2                      u871 7D70                      u890 7DAA  
                    u895 7DA2             ___ftdiv@cntr 001C             ___ftdiv@sign 0021  
                   l1000 7ED0                     l1022 7F22                     l1024 7F2C  
                   l1016 7F00                     l1042 7FAA                     l1034 7F60  
                   l1026 7F36                     l1130 7E02                     l1052 7FDA  
                   l1036 7F6A                     l1028 7F3E                     l1140 7E2C  
                   l1108 7D8C                     l1062 7CA2                     l1126 7DF2  
                   l1144 7E42                     l1136 7E1A                     l1138 7E26  
                   l1068 7CCA                     l1174 7ABC                     l1088 7D08  
                   _CREN 007D5C                     _RCIF 007CF5                     _main 7AA0  
           ___ftpack@arg 0001             ___ftpack@exp 0004                     start 0000  
           ___param_bank 000010             ___fttol@exp1 000F             ___fttol@lval 000B  
                  ?_main 0001          __end_of___ftadd 8000          __end_of___ftdiv 7D60  
        __end_of___fttol 7E54                    _RCREG 000FAE                    _RCSTA 000FAB  
                  _SPBRG 000FAF            ___ftpack@sign 0005                    status 000FD8  
            ?_USART_Read 0001          __initialization 7A88             __end_of_main 7AD2  
                 ??_main 0035            ___fttol@sign1 000A            __activetblptr 000000  
       __end_of___altoft 7B4A         __end_of___ftpack 7C7A                   _OSCCON 000FD3  
              ??___ftadd 0028                ??___ftdiv 0019                ??___fttol 0005  
    __size_of_USART_Read 0012               __accesstop 0060  __end_of__initialization 7A88  
             ___altoft@c 0009               ___ftadd@f1 0022               ___ftadd@f2 0025  
          ___rparam_used 000001               ___ftdiv@f1 0013               ___ftdiv@f2 0016  
             ___ftdiv@f3 001D               ___fttol@f1 0001           __pcstackCOMRAM 0001  
              ?___altoft 0009                ?___ftpack 0001            ?_UART_Initial 002E  
           ??_USART_Read 0001                  __Hparam 0000                  __Lparam 0000  
                ___ftadd 7E54                  ___ftdiv 7C7A                  ___fttol 7D60  
             ??___altoft 000D                  __pcinit 7A88               ??___ftpack 0006  
                __ramtop 0800                  __ptext0 7AA0                  __ptext1 7A8E  
                __ptext2 7B4A                  __ptext3 7D60                  __ptext4 7C7A  
                __ptext5 7E54                  __ptext6 7AD2                  __ptext7 7BCC  
  UART_Initial@baud_rate 002E       __end_of_USART_Read 7AA0     end_of_initialization 7A88  
         ??_UART_Initial 0032                _RCSTAbits 000FAB                _PORTDbits 000F83  
              _TRISCbits 000F94                _TRISDbits 000F95              ___ftdiv@exp 0020  
              _TXSTAbits 000FAC              _BAUDCONbits 000FB8      start_initialization 7A88  
   __end_of_UART_Initial 7BCC        __size_of___altoft 0078        __size_of___ftpack 00AE  
               ?___ftadd 0022                 ?___ftdiv 0013                 ?___fttol 0001  
        UART_Initial@bps 0032                 __Hrparam 0000                 __Lrparam 0000  
  __size_of_UART_Initial 0082         __size_of___ftadd 01AC         __size_of___ftdiv 00E6  
               ___altoft 7AD2         __size_of___fttol 00F4                 ___ftpack 7BCC  
           _UART_Initial 7B4A            __size_of_main 0032                 main@data 0035  
             _USART_Read 7A8E  
