

Microchip Technology PIC18 LITE Macro Assembler V1.35 build -356382666 
                                                                                               Mon May 16 18:12:38 2022

Microchip Technology Omniscient Code Generator v1.35 (Free mode) build 201507080246
     1                           	processor	18F4550
     2                           	fnconf	rparam,??,?,0
     3                           	opt	pw 120
     4                           	opt	lm
     5                           	psect	cinit,global,reloc=2,class=CODE,delta=1
     6                           	psect	cstackCOMRAM,global,class=COMRAM,space=1,delta=1
     7                           	psect	text0,global,reloc=2,class=CODE,delta=1
     8                           	psect	intsave_regs,global,class=BIGRAM,space=1,delta=1
     9                           	psect	rparam,global,class=COMRAM,space=1,delta=1
    10  0000                     _PORTB	set	3969
    11  0000                     _PORTC	set	3970
    12  0000                     _TRISB0	set	31896
    13  0000                     _TRISC0	set	31904
    14                           
    15                           ; #config settings
    16  0000                     
    17                           	psect	cinit
    18  007FE0                     __pcinit:
    19                           	opt stack 0
    20  007FE0                     start_initialization:
    21                           	opt stack 0
    22  007FE0                     __initialization:
    23                           	opt stack 0
    24  007FE0                     end_of_initialization:
    25                           	opt stack 0
    26  007FE0                     __end_of__initialization:
    27                           	opt stack 0
    28  007FE0  0100               	movlb	0
    29  007FE2  EFF3  F03F         	goto	_main	;jump to C main() function
    30                           
    31                           	psect	cstackCOMRAM
    32  000000                     __pcstackCOMRAM:
    33                           	opt stack 0
    34  000000                     
    35                           ; 2 bytes @ 0x0
    36 ;;
    37 ;;Main: autosize = 0, tempsize = 0, incstack = 0, save=0
    38 ;;
    39 ;; *************** function _main *****************
    40 ;; Defined at:
    41 ;;		line 15 in file "main_push_led.c"
    42 ;; Parameters:    Size  Location     Type
    43 ;;		None
    44 ;; Auto vars:     Size  Location     Type
    45 ;;		None
    46 ;; Return value:  Size  Location     Type
    47 ;;                  2   10[None  ] int 
    48 ;; Registers used:
    49 ;;		wreg, status,2, status,0
    50 ;; Tracked objects:
    51 ;;		On entry : 0/0
    52 ;;		On exit  : 0/0
    53 ;;		Unchanged: 0/0
    54 ;; Data sizes:     COMRAM   BANK0   BANK1   BANK2   BANK3   BANK4   BANK5   BANK6   BANK7
    55 ;;      Params:         0       0       0       0       0       0       0       0       0
    56 ;;      Locals:         0       0       0       0       0       0       0       0       0
    57 ;;      Temps:          0       0       0       0       0       0       0       0       0
    58 ;;      Totals:         0       0       0       0       0       0       0       0       0
    59 ;;Total ram usage:        0 bytes
    60 ;; This function calls:
    61 ;;		Nothing
    62 ;; This function is called by:
    63 ;;		Startup code after reset
    64 ;; This function uses a non-reentrant model
    65 ;;
    66                           
    67                           	psect	text0
    68  007FE6                     __ptext0:
    69                           	opt stack 0
    70  007FE6                     _main:
    71                           	opt stack 31
    72                           
    73                           ;main_push_led.c: 17: TRISB0 = 0;
    74                           
    75                           ;incstack = 0
    76  007FE6  9093               	bcf	3987,0,c	;volatile
    77                           
    78                           ;main_push_led.c: 18: TRISC0 = 1;
    79  007FE8  8094               	bsf	3988,0,c	;volatile
    80                           
    81                           ;main_push_led.c: 20: PORTB = 0b00000000;
    82  007FEA  0E00               	movlw	0
    83  007FEC  6E81               	movwf	3969,c	;volatile
    84                           
    85                           ;main_push_led.c: 22: if(PORTC==0b00000001)
    86  007FEE  0482               	decf	3970,w,c	;volatile
    87  007FF0  A4D8               	btfss	status,2,c
    88  007FF2  D002               	goto	l619
    89                           
    90                           ;main_push_led.c: 23: {
    91                           ;main_push_led.c: 24: PORTB = 0b00000001;
    92  007FF4  0E01               	movlw	1
    93  007FF6  D001               	goto	L1
    94  007FF8                     l619:
    95                           
    96                           ;main_push_led.c: 26: else
    97                           ;main_push_led.c: 27: {
    98                           ;main_push_led.c: 28: PORTB = 0b00000000;
    99  007FF8  0E00               	movlw	0
   100  007FFA                     L1:
   101  007FFA  6E81               	movwf	3969,c	;volatile
   102                           
   103                           ;main_push_led.c: 29: }
   104                           ;main_push_led.c: 31: return 0;
   105                           ;	Return value of _main is never used
   106  007FFC  EF00  F000         	goto	start
   107  008000                     __end_of_main:
   108                           	opt stack 0
   109  0000                     status	equ	0xFD8
   110                           status	equ	0xFD8
   111                           
   112                           	psect	rparam
   113  0000                     status	equ	0xFD8


Data Sizes:
    Strings     0
    Constant    0
    Data        0
    BSS         0
    Persistent  0
    Stack       0

Auto Spaces:
    Space          Size  Autos    Used
    COMRAM           95      0       0
    BANK0           160      0       0
    BANK1           256      0       0
    BANK2           256      0       0
    BANK3           256      0       0
    BANK4           256      0       0
    BANK5           256      0       0
    BANK6           256      0       0
    BANK7           256      0       0

Pointer List with Targets:

    None.

Critical Paths under _main in COMRAM

    None.

Critical Paths under _main in BANK0

    None.

Critical Paths under _main in BANK1

    None.

Critical Paths under _main in BANK2

    None.

Critical Paths under _main in BANK3

    None.

Critical Paths under _main in BANK4

    None.

Critical Paths under _main in BANK5

    None.

Critical Paths under _main in BANK6

    None.

Critical Paths under _main in BANK7

    None.

Call Graph Tables:

 ---------------------------------------------------------------------------------
 (Depth) Function   	        Calls       Base Space   Used Autos Params    Refs
 ---------------------------------------------------------------------------------
 (0) _main                                                 0     0      0       0
 ---------------------------------------------------------------------------------
 Estimated maximum stack depth 0
 ---------------------------------------------------------------------------------

 Call Graph Graphs:

 _main (ROOT)

 Address spaces:
Name               Size   Autos  Total    Cost      Usage
BITCOMRAM           5F      0       0       0        0.0%
EEDATA             100      0       0       0        0.0%
NULL                 0      0       0       0        0.0%
CODE                 0      0       0       0        0.0%
COMRAM              5F      0       0       1        0.0%
STACK                0      0       0       2        0.0%
DATA                 0      0       0       3        0.0%
BITBANK0            A0      0       0       4        0.0%
BANK0               A0      0       0       5        0.0%
BITBANK1           100      0       0       6        0.0%
BANK1              100      0       0       7        0.0%
BITBANK2           100      0       0       8        0.0%
BANK2              100      0       0       9        0.0%
BITBANK3           100      0       0      10        0.0%
BANK3              100      0       0      11        0.0%
BITBANK4           100      0       0      12        0.0%
BANK4              100      0       0      13        0.0%
BITBANK5           100      0       0      14        0.0%
BANK5              100      0       0      15        0.0%
BITBANK6           100      0       0      16        0.0%
BANK6              100      0       0      17        0.0%
BITBANK7           100      0       0      18        0.0%
BANK7              100      0       0      19        0.0%
ABS                  0      0       0      20        0.0%
BIGRAM             7FF      0       0      21        0.0%
BITSFR               0      0       0      40        0.0%
SFR                  0      0       0      40        0.0%


Microchip Technology PIC18 Macro Assembler V1.35 build -356382666 
Symbol Table                                                                                   Mon May 16 18:12:38 2022

            __CFG_WDT$ON 000000                      l619 7FF8             __CFG_CPD$OFF 000000  
           __CFG_FOSC$HS 000000             __CFG_LVP$OFF 000000                     _main 7FE6  
                   start 0000             ___param_bank 000010                    ?_main 0000  
                  _PORTB 000F81                    _PORTC 000F82            __CFG_PWRT$OFF 000000  
                  status 000FD8          __initialization 7FE0             __end_of_main 8000  
                 ??_main 0000            __activetblptr 000000                   _TRISB0 007C98  
                 _TRISC0 007CA0               __accesstop 0060  __end_of__initialization 7FE0  
          ___rparam_used 000001           __pcstackCOMRAM 0000                  __Hparam 0000  
                __Lparam 0000                  __pcinit 7FE0                  __ramtop 0800  
                __ptext0 7FE6     end_of_initialization 7FE0      start_initialization 7FE0  
               __Hrparam 0000                 __Lrparam 0000            __size_of_main 001A  
